clang -Wall -std=gnu99 -O2 -I. -DUSE_GCU -DUSE_TRANSPARENCY -DHAVE_MKSTEMP -DPRIVATE_USER_PATH=\"~/Library/Preferences\" -DUSE_PRIVATE_PATHS -DALLOW_WIZARD -DNCURSES_OPAQUE=0 -Wno-error=implicit-function-declaration -Wno-error=implicit-int -Wno-error=int-conversion -Wno-error=incompatible-function-pointer-types -Wno-error=incompatible-pointer-types -Wno-error=return-type -isysroot /Applications/Xcode.app/Contents/Developer/Platforms/MacOSX.platform/Developer/SDKs/MacOSX.sdk -arch arm64 -DDEFAULT_CONFIG_PATH=\"./lib\" -DDEFAULT_LIB_PATH=\"./lib\" -DDEFAULT_DATA_PATH=\"./lib/data\" -c -o attack.o attack.c
attack.c:774:23: warning: variable 'o_ptr' set but not used [-Wunused-but-set-variable]
  774 |         object_type *j_ptr, *o_ptr;
      |                              ^
1 warning generated.
clang -Wall -std=gnu99 -O2 -I. -DUSE_GCU -DUSE_TRANSPARENCY -DHAVE_MKSTEMP -DPRIVATE_USER_PATH=\"~/Library/Preferences\" -DUSE_PRIVATE_PATHS -DALLOW_WIZARD -DNCURSES_OPAQUE=0 -Wno-error=implicit-function-declaration -Wno-error=implicit-int -Wno-error=int-conversion -Wno-error=incompatible-function-pointer-types -Wno-error=incompatible-pointer-types -Wno-error=return-type -isysroot /Applications/Xcode.app/Contents/Developer/Platforms/MacOSX.platform/Developer/SDKs/MacOSX.sdk -arch arm64 -DDEFAULT_CONFIG_PATH=\"./lib\" -DDEFAULT_LIB_PATH=\"./lib\" -DDEFAULT_DATA_PATH=\"./lib/data\" -c -o birth.o birth.c
birth.c:279:15: warning: unused variable 'min_value' [-Wunused-variable]
  279 |         int h, i, j, min_value, max_value;
      |                      ^~~~~~~~~
birth.c:279:26: warning: unused variable 'max_value' [-Wunused-variable]
  279 |         int h, i, j, min_value, max_value;
      |                                 ^~~~~~~~~
birth.c:1044:43: warning: braces around scalar initializer [-Wbraced-scalar-init]
 1044 |         birther prev = { 0, 0, 0, 0, 0, 0, 0, 0, {0}, "" };
      |                                                  ^~~
birth.c:1044:48: warning: incompatible pointer to integer conversion initializing 's16b' (aka 'short') with an expression of type 'char[1]' [-Wint-conversion]
 1044 |         birther prev = { 0, 0, 0, 0, 0, 0, 0, 0, {0}, "" };
      |                                                       ^~
birth.c:1044:40: warning: suggest braces around initialization of subobject [-Wmissing-braces]
 1044 |         birther prev = { 0, 0, 0, 0, 0, 0, 0, 0, {0}, "" };
      |                                               ^~~~~~~~~~
      |                                               {         }
birth.c:1051:53: warning: braces around scalar initializer [-Wbraced-scalar-init]
 1051 |         birther quickstart_prev = {0, 0, 0, 0, 0, 0, 0, 0, {0}, "" };
      |                                                            ^~~
birth.c:1051:58: warning: incompatible pointer to integer conversion initializing 's16b' (aka 'short') with an expression of type 'char[1]' [-Wint-conversion]
 1051 |         birther quickstart_prev = {0, 0, 0, 0, 0, 0, 0, 0, {0}, "" };
      |                                                                 ^~
birth.c:1051:50: warning: suggest braces around initialization of subobject [-Wmissing-braces]
 1051 |         birther quickstart_prev = {0, 0, 0, 0, 0, 0, 0, 0, {0}, "" };
      |                                                         ^~~~~~~~~~
      |                                                         {         }
8 warnings generated.
clang -Wall -std=gnu99 -O2 -I. -DUSE_GCU -DUSE_TRANSPARENCY -DHAVE_MKSTEMP -DPRIVATE_USER_PATH=\"~/Library/Preferences\" -DUSE_PRIVATE_PATHS -DALLOW_WIZARD -DNCURSES_OPAQUE=0 -Wno-error=implicit-function-declaration -Wno-error=implicit-int -Wno-error=int-conversion -Wno-error=incompatible-function-pointer-types -Wno-error=incompatible-pointer-types -Wno-error=return-type -isysroot /Applications/Xcode.app/Contents/Developer/Platforms/MacOSX.platform/Developer/SDKs/MacOSX.sdk -arch arm64 -DDEFAULT_CONFIG_PATH=\"./lib\" -DDEFAULT_LIB_PATH=\"./lib\" -DDEFAULT_DATA_PATH=\"./lib/data\" -c -o button.o button.c
clang -Wall -std=gnu99 -O2 -I. -DUSE_GCU -DUSE_TRANSPARENCY -DHAVE_MKSTEMP -DPRIVATE_USER_PATH=\"~/Library/Preferences\" -DUSE_PRIVATE_PATHS -DALLOW_WIZARD -DNCURSES_OPAQUE=0 -Wno-error=implicit-function-declaration -Wno-error=implicit-int -Wno-error=int-conversion -Wno-error=incompatible-function-pointer-types -Wno-error=incompatible-pointer-types -Wno-error=return-type -isysroot /Applications/Xcode.app/Contents/Developer/Platforms/MacOSX.platform/Developer/SDKs/MacOSX.sdk -arch arm64 -DDEFAULT_CONFIG_PATH=\"./lib\" -DDEFAULT_LIB_PATH=\"./lib\" -DDEFAULT_DATA_PATH=\"./lib/data\" -c -o cave.o cave.c
cave.c:619:7: warning: logical not is only applied to the left hand side of this bitwise operator [-Wlogical-not-parentheses]
  619 |         if (!cave_info2[y][x] & CAVE2_DTRAP) return FALSE; 
      |             ^                 ~
cave.c:619:7: note: add parentheses after the '!' to evaluate the bitwise operator first
  619 |         if (!cave_info2[y][x] & CAVE2_DTRAP) return FALSE; 
      |             ^                              
      |              (                             )
cave.c:619:7: note: add parentheses around left hand side expression to silence this warning
  619 |         if (!cave_info2[y][x] & CAVE2_DTRAP) return FALSE; 
      |             ^
      |             (                )
cave.c:622:41: warning: logical not is only applied to the left hand side of this bitwise operator [-Wlogical-not-parentheses]
  622 |         if (in_bounds_fully(y + 1, x    ) && (!cave_info2[y + 1][x    ] & CAVE2_DTRAP)) return TRUE; 
      |                                               ^                         ~
cave.c:622:41: note: add parentheses after the '!' to evaluate the bitwise operator first
  622 |         if (in_bounds_fully(y + 1, x    ) && (!cave_info2[y + 1][x    ] & CAVE2_DTRAP)) return TRUE; 
      |                                               ^                                      
      |                                                (                                     )
cave.c:622:41: note: add parentheses around left hand side expression to silence this warning
  622 |         if (in_bounds_fully(y + 1, x    ) && (!cave_info2[y + 1][x    ] & CAVE2_DTRAP)) return TRUE; 
      |                                               ^
      |                                               (                        )
cave.c:623:41: warning: logical not is only applied to the left hand side of this bitwise operator [-Wlogical-not-parentheses]
  623 |         if (in_bounds_fully(y    , x + 1) && (!cave_info2[y    ][x + 1] & CAVE2_DTRAP)) return TRUE; 
      |                                               ^                         ~
cave.c:623:41: note: add parentheses after the '!' to evaluate the bitwise operator first
  623 |         if (in_bounds_fully(y    , x + 1) && (!cave_info2[y    ][x + 1] & CAVE2_DTRAP)) return TRUE; 
      |                                               ^                                      
      |                                                (                                     )
cave.c:623:41: note: add parentheses around left hand side expression to silence this warning
  623 |         if (in_bounds_fully(y    , x + 1) && (!cave_info2[y    ][x + 1] & CAVE2_DTRAP)) return TRUE; 
      |                                               ^
      |                                               (                        )
cave.c:624:41: warning: logical not is only applied to the left hand side of this bitwise operator [-Wlogical-not-parentheses]
  624 |         if (in_bounds_fully(y - 1, x    ) && (!cave_info2[y - 1][x    ] & CAVE2_DTRAP)) return TRUE; 
      |                                               ^                         ~
cave.c:624:41: note: add parentheses after the '!' to evaluate the bitwise operator first
  624 |         if (in_bounds_fully(y - 1, x    ) && (!cave_info2[y - 1][x    ] & CAVE2_DTRAP)) return TRUE; 
      |                                               ^                                      
      |                                                (                                     )
cave.c:624:41: note: add parentheses around left hand side expression to silence this warning
  624 |         if (in_bounds_fully(y - 1, x    ) && (!cave_info2[y - 1][x    ] & CAVE2_DTRAP)) return TRUE; 
      |                                               ^
      |                                               (                        )
cave.c:625:41: warning: logical not is only applied to the left hand side of this bitwise operator [-Wlogical-not-parentheses]
  625 |         if (in_bounds_fully(y    , x - 1) && (!cave_info2[y    ][x - 1] & CAVE2_DTRAP)) return TRUE; 
      |                                               ^                         ~
cave.c:625:41: note: add parentheses after the '!' to evaluate the bitwise operator first
  625 |         if (in_bounds_fully(y    , x - 1) && (!cave_info2[y    ][x - 1] & CAVE2_DTRAP)) return TRUE; 
      |                                               ^                                      
      |                                                (                                     )
cave.c:625:41: note: add parentheses around left hand side expression to silence this warning
  625 |         if (in_bounds_fully(y    , x - 1) && (!cave_info2[y    ][x - 1] & CAVE2_DTRAP)) return TRUE; 
      |                                               ^
      |                                               (                        )
cave.c:926:13: warning: variable 'info2' set but not used [-Wunused-but-set-variable]
  926 |         byte info, info2;
      |                    ^
6 warnings generated.
clang -Wall -std=gnu99 -O2 -I. -DUSE_GCU -DUSE_TRANSPARENCY -DHAVE_MKSTEMP -DPRIVATE_USER_PATH=\"~/Library/Preferences\" -DUSE_PRIVATE_PATHS -DALLOW_WIZARD -DNCURSES_OPAQUE=0 -Wno-error=implicit-function-declaration -Wno-error=implicit-int -Wno-error=int-conversion -Wno-error=incompatible-function-pointer-types -Wno-error=incompatible-pointer-types -Wno-error=return-type -isysroot /Applications/Xcode.app/Contents/Developer/Platforms/MacOSX.platform/Developer/SDKs/MacOSX.sdk -arch arm64 -DDEFAULT_CONFIG_PATH=\"./lib\" -DDEFAULT_LIB_PATH=\"./lib\" -DDEFAULT_DATA_PATH=\"./lib/data\" -c -o cmd0.o cmd0.c
cmd0.c:565:16: warning: variable 'evt' set but not used [-Wunused-but-set-variable]
  565 |         ui_event_data evt;
      |                       ^
1 warning generated.
clang -Wall -std=gnu99 -O2 -I. -DUSE_GCU -DUSE_TRANSPARENCY -DHAVE_MKSTEMP -DPRIVATE_USER_PATH=\"~/Library/Preferences\" -DUSE_PRIVATE_PATHS -DALLOW_WIZARD -DNCURSES_OPAQUE=0 -Wno-error=implicit-function-declaration -Wno-error=implicit-int -Wno-error=int-conversion -Wno-error=incompatible-function-pointer-types -Wno-error=incompatible-pointer-types -Wno-error=return-type -isysroot /Applications/Xcode.app/Contents/Developer/Platforms/MacOSX.platform/Developer/SDKs/MacOSX.sdk -arch arm64 -DDEFAULT_CONFIG_PATH=\"./lib\" -DDEFAULT_LIB_PATH=\"./lib\" -DDEFAULT_DATA_PATH=\"./lib/data\" -c -o cmd1.o cmd1.c
clang -Wall -std=gnu99 -O2 -I. -DUSE_GCU -DUSE_TRANSPARENCY -DHAVE_MKSTEMP -DPRIVATE_USER_PATH=\"~/Library/Preferences\" -DUSE_PRIVATE_PATHS -DALLOW_WIZARD -DNCURSES_OPAQUE=0 -Wno-error=implicit-function-declaration -Wno-error=implicit-int -Wno-error=int-conversion -Wno-error=incompatible-function-pointer-types -Wno-error=incompatible-pointer-types -Wno-error=return-type -isysroot /Applications/Xcode.app/Contents/Developer/Platforms/MacOSX.platform/Developer/SDKs/MacOSX.sdk -arch arm64 -DDEFAULT_CONFIG_PATH=\"./lib\" -DDEFAULT_LIB_PATH=\"./lib\" -DDEFAULT_DATA_PATH=\"./lib/data\" -c -o cmd2.o cmd2.c
clang -Wall -std=gnu99 -O2 -I. -DUSE_GCU -DUSE_TRANSPARENCY -DHAVE_MKSTEMP -DPRIVATE_USER_PATH=\"~/Library/Preferences\" -DUSE_PRIVATE_PATHS -DALLOW_WIZARD -DNCURSES_OPAQUE=0 -Wno-error=implicit-function-declaration -Wno-error=implicit-int -Wno-error=int-conversion -Wno-error=incompatible-function-pointer-types -Wno-error=incompatible-pointer-types -Wno-error=return-type -isysroot /Applications/Xcode.app/Contents/Developer/Platforms/MacOSX.platform/Developer/SDKs/MacOSX.sdk -arch arm64 -DDEFAULT_CONFIG_PATH=\"./lib\" -DDEFAULT_LIB_PATH=\"./lib\" -DDEFAULT_DATA_PATH=\"./lib/data\" -c -o cmd3.o cmd3.c
clang -Wall -std=gnu99 -O2 -I. -DUSE_GCU -DUSE_TRANSPARENCY -DHAVE_MKSTEMP -DPRIVATE_USER_PATH=\"~/Library/Preferences\" -DUSE_PRIVATE_PATHS -DALLOW_WIZARD -DNCURSES_OPAQUE=0 -Wno-error=implicit-function-declaration -Wno-error=implicit-int -Wno-error=int-conversion -Wno-error=incompatible-function-pointer-types -Wno-error=incompatible-pointer-types -Wno-error=return-type -isysroot /Applications/Xcode.app/Contents/Developer/Platforms/MacOSX.platform/Developer/SDKs/MacOSX.sdk -arch arm64 -DDEFAULT_CONFIG_PATH=\"./lib\" -DDEFAULT_LIB_PATH=\"./lib\" -DDEFAULT_DATA_PATH=\"./lib/data\" -c -o cmd4.o cmd4.c
cmd4.c:576:13: warning: cast to smaller integer type 'int' from 'void *' [-Wvoid-pointer-to-int-cast]
  576 |         int page = (int)vpage;
      |                    ^~~~~~~~~~
1 warning generated.
clang -Wall -std=gnu99 -O2 -I. -DUSE_GCU -DUSE_TRANSPARENCY -DHAVE_MKSTEMP -DPRIVATE_USER_PATH=\"~/Library/Preferences\" -DUSE_PRIVATE_PATHS -DALLOW_WIZARD -DNCURSES_OPAQUE=0 -Wno-error=implicit-function-declaration -Wno-error=implicit-int -Wno-error=int-conversion -Wno-error=incompatible-function-pointer-types -Wno-error=incompatible-pointer-types -Wno-error=return-type -isysroot /Applications/Xcode.app/Contents/Developer/Platforms/MacOSX.platform/Developer/SDKs/MacOSX.sdk -arch arm64 -DDEFAULT_CONFIG_PATH=\"./lib\" -DDEFAULT_LIB_PATH=\"./lib\" -DDEFAULT_DATA_PATH=\"./lib/data\" -c -o cmd5.o cmd5.c
cmd5.c:735:8: warning: unused variable 'e' [-Wunused-variable]
  735 |                         int e = s_ptr->sexp;
      |                             ^
1 warning generated.
clang -Wall -std=gnu99 -O2 -I. -DUSE_GCU -DUSE_TRANSPARENCY -DHAVE_MKSTEMP -DPRIVATE_USER_PATH=\"~/Library/Preferences\" -DUSE_PRIVATE_PATHS -DALLOW_WIZARD -DNCURSES_OPAQUE=0 -Wno-error=implicit-function-declaration -Wno-error=implicit-int -Wno-error=int-conversion -Wno-error=incompatible-function-pointer-types -Wno-error=incompatible-pointer-types -Wno-error=return-type -isysroot /Applications/Xcode.app/Contents/Developer/Platforms/MacOSX.platform/Developer/SDKs/MacOSX.sdk -arch arm64 -DDEFAULT_CONFIG_PATH=\"./lib\" -DDEFAULT_LIB_PATH=\"./lib\" -DDEFAULT_DATA_PATH=\"./lib/data\" -c -o cmd-know.o cmd-know.c
cmd-know.c:599:9: warning: case value not in enumerated type 'ui_event_type' [-Wswitch]
  599 |                         case ESCAPE:
      |                              ^
./h-basic.h:281:16: note: expanded from macro 'ESCAPE'
  281 | #define ESCAPE  '\033'
      |                 ^
cmd-know.c:1975:20: warning: cast to smaller integer type 'int' from 'void *' [-Wvoid-pointer-to-int-cast]
 1975 |         store_knowledge = (int)obj;
      |                           ^~~~~~~~
2 warnings generated.
clang -Wall -std=gnu99 -O2 -I. -DUSE_GCU -DUSE_TRANSPARENCY -DHAVE_MKSTEMP -DPRIVATE_USER_PATH=\"~/Library/Preferences\" -DUSE_PRIVATE_PATHS -DALLOW_WIZARD -DNCURSES_OPAQUE=0 -Wno-error=implicit-function-declaration -Wno-error=implicit-int -Wno-error=int-conversion -Wno-error=incompatible-function-pointer-types -Wno-error=incompatible-pointer-types -Wno-error=return-type -isysroot /Applications/Xcode.app/Contents/Developer/Platforms/MacOSX.platform/Developer/SDKs/MacOSX.sdk -arch arm64 -DDEFAULT_CONFIG_PATH=\"./lib\" -DDEFAULT_LIB_PATH=\"./lib\" -DDEFAULT_DATA_PATH=\"./lib/data\" -c -o cmd-obj.o cmd-obj.c
clang -Wall -std=gnu99 -O2 -I. -DUSE_GCU -DUSE_TRANSPARENCY -DHAVE_MKSTEMP -DPRIVATE_USER_PATH=\"~/Library/Preferences\" -DUSE_PRIVATE_PATHS -DALLOW_WIZARD -DNCURSES_OPAQUE=0 -Wno-error=implicit-function-declaration -Wno-error=implicit-int -Wno-error=int-conversion -Wno-error=incompatible-function-pointer-types -Wno-error=incompatible-pointer-types -Wno-error=return-type -isysroot /Applications/Xcode.app/Contents/Developer/Platforms/MacOSX.platform/Developer/SDKs/MacOSX.sdk -arch arm64 -DDEFAULT_CONFIG_PATH=\"./lib\" -DDEFAULT_LIB_PATH=\"./lib\" -DDEFAULT_DATA_PATH=\"./lib/data\" -c -o death.o death.c
clang -Wall -std=gnu99 -O2 -I. -DUSE_GCU -DUSE_TRANSPARENCY -DHAVE_MKSTEMP -DPRIVATE_USER_PATH=\"~/Library/Preferences\" -DUSE_PRIVATE_PATHS -DALLOW_WIZARD -DNCURSES_OPAQUE=0 -Wno-error=implicit-function-declaration -Wno-error=implicit-int -Wno-error=int-conversion -Wno-error=incompatible-function-pointer-types -Wno-error=incompatible-pointer-types -Wno-error=return-type -isysroot /Applications/Xcode.app/Contents/Developer/Platforms/MacOSX.platform/Developer/SDKs/MacOSX.sdk -arch arm64 -DDEFAULT_CONFIG_PATH=\"./lib\" -DDEFAULT_LIB_PATH=\"./lib\" -DDEFAULT_DATA_PATH=\"./lib/data\" -c -o debug.o debug.c
clang -Wall -std=gnu99 -O2 -I. -DUSE_GCU -DUSE_TRANSPARENCY -DHAVE_MKSTEMP -DPRIVATE_USER_PATH=\"~/Library/Preferences\" -DUSE_PRIVATE_PATHS -DALLOW_WIZARD -DNCURSES_OPAQUE=0 -Wno-error=implicit-function-declaration -Wno-error=implicit-int -Wno-error=int-conversion -Wno-error=incompatible-function-pointer-types -Wno-error=incompatible-pointer-types -Wno-error=return-type -isysroot /Applications/Xcode.app/Contents/Developer/Platforms/MacOSX.platform/Developer/SDKs/MacOSX.sdk -arch arm64 -DDEFAULT_CONFIG_PATH=\"./lib\" -DDEFAULT_LIB_PATH=\"./lib\" -DDEFAULT_DATA_PATH=\"./lib/data\" -c -o dungeon.o dungeon.c
dungeon.c:295:15: warning: variable 'k_ptr' set but not used [-Wunused-but-set-variable]
  295 |         object_kind *k_ptr;
      |                      ^
dungeon.c:1648:7: warning: variable 'existing_dead_save' set but not used [-Wunused-but-set-variable]
 1648 |         bool existing_dead_save = FALSE;
      |              ^
2 warnings generated.
clang -Wall -std=gnu99 -O2 -I. -DUSE_GCU -DUSE_TRANSPARENCY -DHAVE_MKSTEMP -DPRIVATE_USER_PATH=\"~/Library/Preferences\" -DUSE_PRIVATE_PATHS -DALLOW_WIZARD -DNCURSES_OPAQUE=0 -Wno-error=implicit-function-declaration -Wno-error=implicit-int -Wno-error=int-conversion -Wno-error=incompatible-function-pointer-types -Wno-error=incompatible-pointer-types -Wno-error=return-type -isysroot /Applications/Xcode.app/Contents/Developer/Platforms/MacOSX.platform/Developer/SDKs/MacOSX.sdk -arch arm64 -DDEFAULT_CONFIG_PATH=\"./lib\" -DDEFAULT_LIB_PATH=\"./lib\" -DDEFAULT_DATA_PATH=\"./lib/data\" -c -o effects.o effects.c
clang -Wall -std=gnu99 -O2 -I. -DUSE_GCU -DUSE_TRANSPARENCY -DHAVE_MKSTEMP -DPRIVATE_USER_PATH=\"~/Library/Preferences\" -DUSE_PRIVATE_PATHS -DALLOW_WIZARD -DNCURSES_OPAQUE=0 -Wno-error=implicit-function-declaration -Wno-error=implicit-int -Wno-error=int-conversion -Wno-error=incompatible-function-pointer-types -Wno-error=incompatible-pointer-types -Wno-error=return-type -isysroot /Applications/Xcode.app/Contents/Developer/Platforms/MacOSX.platform/Developer/SDKs/MacOSX.sdk -arch arm64 -DDEFAULT_CONFIG_PATH=\"./lib\" -DDEFAULT_LIB_PATH=\"./lib\" -DDEFAULT_DATA_PATH=\"./lib/data\" -c -o files.o files.c
clang -Wall -std=gnu99 -O2 -I. -DUSE_GCU -DUSE_TRANSPARENCY -DHAVE_MKSTEMP -DPRIVATE_USER_PATH=\"~/Library/Preferences\" -DUSE_PRIVATE_PATHS -DALLOW_WIZARD -DNCURSES_OPAQUE=0 -Wno-error=implicit-function-declaration -Wno-error=implicit-int -Wno-error=int-conversion -Wno-error=incompatible-function-pointer-types -Wno-error=incompatible-pointer-types -Wno-error=return-type -isysroot /Applications/Xcode.app/Contents/Developer/Platforms/MacOSX.platform/Developer/SDKs/MacOSX.sdk -arch arm64 -DDEFAULT_CONFIG_PATH=\"./lib\" -DDEFAULT_LIB_PATH=\"./lib\" -DDEFAULT_DATA_PATH=\"./lib/data\" -c -o game-cmd.o game-cmd.c
game-cmd.c:62:47: warning: incompatible function pointer types initializing 'cmd_handler_fn' (aka 'void (*)(enum cmd_code, cmd_arg *)') with an expression of type 'void (void)' [-Wincompatible-function-pointer-types]
   62 |         { CMD_CHOOSE_CLASS, { arg_CHOICE, arg_END }, do_cmd_choose_class, FALSE, 0 },
      |                                                      ^~~~~~~~~~~~~~~~~~~
1 warning generated.
clang -Wall -std=gnu99 -O2 -I. -DUSE_GCU -DUSE_TRANSPARENCY -DHAVE_MKSTEMP -DPRIVATE_USER_PATH=\"~/Library/Preferences\" -DUSE_PRIVATE_PATHS -DALLOW_WIZARD -DNCURSES_OPAQUE=0 -Wno-error=implicit-function-declaration -Wno-error=implicit-int -Wno-error=int-conversion -Wno-error=incompatible-function-pointer-types -Wno-error=incompatible-pointer-types -Wno-error=return-type -isysroot /Applications/Xcode.app/Contents/Developer/Platforms/MacOSX.platform/Developer/SDKs/MacOSX.sdk -arch arm64 -DDEFAULT_CONFIG_PATH=\"./lib\" -DDEFAULT_LIB_PATH=\"./lib\" -DDEFAULT_DATA_PATH=\"./lib/data\" -c -o game-event.o game-event.c
clang -Wall -std=gnu99 -O2 -I. -DUSE_GCU -DUSE_TRANSPARENCY -DHAVE_MKSTEMP -DPRIVATE_USER_PATH=\"~/Library/Preferences\" -DUSE_PRIVATE_PATHS -DALLOW_WIZARD -DNCURSES_OPAQUE=0 -Wno-error=implicit-function-declaration -Wno-error=implicit-int -Wno-error=int-conversion -Wno-error=incompatible-function-pointer-types -Wno-error=incompatible-pointer-types -Wno-error=return-type -isysroot /Applications/Xcode.app/Contents/Developer/Platforms/MacOSX.platform/Developer/SDKs/MacOSX.sdk -arch arm64 -DDEFAULT_CONFIG_PATH=\"./lib\" -DDEFAULT_LIB_PATH=\"./lib\" -DDEFAULT_DATA_PATH=\"./lib/data\" -c -o generate.o generate.c
clang -Wall -std=gnu99 -O2 -I. -DUSE_GCU -DUSE_TRANSPARENCY -DHAVE_MKSTEMP -DPRIVATE_USER_PATH=\"~/Library/Preferences\" -DUSE_PRIVATE_PATHS -DALLOW_WIZARD -DNCURSES_OPAQUE=0 -Wno-error=implicit-function-declaration -Wno-error=implicit-int -Wno-error=int-conversion -Wno-error=incompatible-function-pointer-types -Wno-error=incompatible-pointer-types -Wno-error=return-type -isysroot /Applications/Xcode.app/Contents/Developer/Platforms/MacOSX.platform/Developer/SDKs/MacOSX.sdk -arch arm64 -DDEFAULT_CONFIG_PATH=\"./lib\" -DDEFAULT_LIB_PATH=\"./lib\" -DDEFAULT_DATA_PATH=\"./lib/data\" -c -o history.o history.c
clang -Wall -std=gnu99 -O2 -I. -DUSE_GCU -DUSE_TRANSPARENCY -DHAVE_MKSTEMP -DPRIVATE_USER_PATH=\"~/Library/Preferences\" -DUSE_PRIVATE_PATHS -DALLOW_WIZARD -DNCURSES_OPAQUE=0 -Wno-error=implicit-function-declaration -Wno-error=implicit-int -Wno-error=int-conversion -Wno-error=incompatible-function-pointer-types -Wno-error=incompatible-pointer-types -Wno-error=return-type -isysroot /Applications/Xcode.app/Contents/Developer/Platforms/MacOSX.platform/Developer/SDKs/MacOSX.sdk -arch arm64 -DDEFAULT_CONFIG_PATH=\"./lib\" -DDEFAULT_LIB_PATH=\"./lib\" -DDEFAULT_DATA_PATH=\"./lib/data\" -c -o init1.o init1.c
clang -Wall -std=gnu99 -O2 -I. -DUSE_GCU -DUSE_TRANSPARENCY -DHAVE_MKSTEMP -DPRIVATE_USER_PATH=\"~/Library/Preferences\" -DUSE_PRIVATE_PATHS -DALLOW_WIZARD -DNCURSES_OPAQUE=0 -Wno-error=implicit-function-declaration -Wno-error=implicit-int -Wno-error=int-conversion -Wno-error=incompatible-function-pointer-types -Wno-error=incompatible-pointer-types -Wno-error=return-type -isysroot /Applications/Xcode.app/Contents/Developer/Platforms/MacOSX.platform/Developer/SDKs/MacOSX.sdk -arch arm64 -DDEFAULT_CONFIG_PATH=\"./lib\" -DDEFAULT_LIB_PATH=\"./lib\" -DDEFAULT_DATA_PATH=\"./lib/data\" -c -o init2.o init2.c
clang -Wall -std=gnu99 -O2 -I. -DUSE_GCU -DUSE_TRANSPARENCY -DHAVE_MKSTEMP -DPRIVATE_USER_PATH=\"~/Library/Preferences\" -DUSE_PRIVATE_PATHS -DALLOW_WIZARD -DNCURSES_OPAQUE=0 -Wno-error=implicit-function-declaration -Wno-error=implicit-int -Wno-error=int-conversion -Wno-error=incompatible-function-pointer-types -Wno-error=incompatible-pointer-types -Wno-error=return-type -isysroot /Applications/Xcode.app/Contents/Developer/Platforms/MacOSX.platform/Developer/SDKs/MacOSX.sdk -arch arm64 -DDEFAULT_CONFIG_PATH=\"./lib\" -DDEFAULT_LIB_PATH=\"./lib\" -DDEFAULT_DATA_PATH=\"./lib/data\" -c -o load.o load.c
clang -Wall -std=gnu99 -O2 -I. -DUSE_GCU -DUSE_TRANSPARENCY -DHAVE_MKSTEMP -DPRIVATE_USER_PATH=\"~/Library/Preferences\" -DUSE_PRIVATE_PATHS -DALLOW_WIZARD -DNCURSES_OPAQUE=0 -Wno-error=implicit-function-declaration -Wno-error=implicit-int -Wno-error=int-conversion -Wno-error=incompatible-function-pointer-types -Wno-error=incompatible-pointer-types -Wno-error=return-type -isysroot /Applications/Xcode.app/Contents/Developer/Platforms/MacOSX.platform/Developer/SDKs/MacOSX.sdk -arch arm64 -DDEFAULT_CONFIG_PATH=\"./lib\" -DDEFAULT_LIB_PATH=\"./lib\" -DDEFAULT_DATA_PATH=\"./lib/data\" -c -o load-old.o load-old.c
load-old.c:847:10: warning: incompatible pointer types passing 'byte *' (aka 'unsigned char *') to parameter of type 's32b *' (aka 'int *') [-Wincompatible-pointer-types]
  847 |         rd_s32b(&dummy);
      |                 ^~~~~~
load-old.c:123:27: note: passing argument to parameter 'ip' here
  123 | static void rd_s32b(s32b *ip)
      |                           ^
load-old.c:848:10: warning: incompatible pointer types passing 'byte *' (aka 'unsigned char *') to parameter of type 's32b *' (aka 'int *') [-Wincompatible-pointer-types]
  848 |         rd_s32b(&dummy);
      |                 ^~~~~~
load-old.c:123:27: note: passing argument to parameter 'ip' here
  123 | static void rd_s32b(s32b *ip)
      |                           ^
load-old.c:849:10: warning: incompatible pointer types passing 'byte *' (aka 'unsigned char *') to parameter of type 'u16b *' (aka 'unsigned short *') [-Wincompatible-pointer-types]
  849 |         rd_u16b(&dummy);
      |                 ^~~~~~
load-old.c:104:27: note: passing argument to parameter 'ip' here
  104 | static void rd_u16b(u16b *ip)
      |                           ^
load-old.c:851:10: warning: incompatible pointer types passing 'byte *' (aka 'unsigned char *') to parameter of type 's16b *' (aka 'short *') [-Wincompatible-pointer-types]
  851 |         rd_s16b(&dummy);
      |                 ^~~~~~
load-old.c:110:27: note: passing argument to parameter 'ip' here
  110 | static void rd_s16b(s16b *ip)
      |                           ^
load-old.c:860:10: warning: incompatible pointer types passing 'byte *' (aka 'unsigned char *') to parameter of type 's16b *' (aka 'short *') [-Wincompatible-pointer-types]
  860 |         rd_s16b(&dummy);
      |                 ^~~~~~
load-old.c:110:27: note: passing argument to parameter 'ip' here
  110 | static void rd_s16b(s16b *ip)
      |                           ^
load-old.c:864:10: warning: incompatible pointer types passing 'byte *' (aka 'unsigned char *') to parameter of type 's16b *' (aka 'short *') [-Wincompatible-pointer-types]
  864 |         rd_s16b(&dummy);
      |                 ^~~~~~
load-old.c:110:27: note: passing argument to parameter 'ip' here
  110 | static void rd_s16b(s16b *ip)
      |                           ^
load-old.c:868:10: warning: incompatible pointer types passing 'byte *' (aka 'unsigned char *') to parameter of type 's16b *' (aka 'short *') [-Wincompatible-pointer-types]
  868 |         rd_s16b(&dummy);
      |                 ^~~~~~
load-old.c:110:27: note: passing argument to parameter 'ip' here
  110 | static void rd_s16b(s16b *ip)
      |                           ^
load-old.c:1045:11: warning: incompatible pointer types passing 'byte *' (aka 'unsigned char *') to parameter of type 's16b *' (aka 'short *') [-Wincompatible-pointer-types]
 1045 |                 rd_s16b(&dummy);
      |                         ^~~~~~
load-old.c:110:27: note: passing argument to parameter 'ip' here
  110 | static void rd_s16b(s16b *ip)
      |                           ^
8 warnings generated.
clang -Wall -std=gnu99 -O2 -I. -DUSE_GCU -DUSE_TRANSPARENCY -DHAVE_MKSTEMP -DPRIVATE_USER_PATH=\"~/Library/Preferences\" -DUSE_PRIVATE_PATHS -DALLOW_WIZARD -DNCURSES_OPAQUE=0 -Wno-error=implicit-function-declaration -Wno-error=implicit-int -Wno-error=int-conversion -Wno-error=incompatible-function-pointer-types -Wno-error=incompatible-pointer-types -Wno-error=return-type -isysroot /Applications/Xcode.app/Contents/Developer/Platforms/MacOSX.platform/Developer/SDKs/MacOSX.sdk -arch arm64 -DDEFAULT_CONFIG_PATH=\"./lib\" -DDEFAULT_LIB_PATH=\"./lib\" -DDEFAULT_DATA_PATH=\"./lib/data\" -c -o option.o option.c
clang -Wall -std=gnu99 -O2 -I. -DUSE_GCU -DUSE_TRANSPARENCY -DHAVE_MKSTEMP -DPRIVATE_USER_PATH=\"~/Library/Preferences\" -DUSE_PRIVATE_PATHS -DALLOW_WIZARD -DNCURSES_OPAQUE=0 -Wno-error=implicit-function-declaration -Wno-error=implicit-int -Wno-error=int-conversion -Wno-error=incompatible-function-pointer-types -Wno-error=incompatible-pointer-types -Wno-error=return-type -isysroot /Applications/Xcode.app/Contents/Developer/Platforms/MacOSX.platform/Developer/SDKs/MacOSX.sdk -arch arm64 -DDEFAULT_CONFIG_PATH=\"./lib\" -DDEFAULT_LIB_PATH=\"./lib\" -DDEFAULT_DATA_PATH=\"./lib/data\" -c -o randname.o randname.c
clang -Wall -std=gnu99 -O2 -I. -DUSE_GCU -DUSE_TRANSPARENCY -DHAVE_MKSTEMP -DPRIVATE_USER_PATH=\"~/Library/Preferences\" -DUSE_PRIVATE_PATHS -DALLOW_WIZARD -DNCURSES_OPAQUE=0 -Wno-error=implicit-function-declaration -Wno-error=implicit-int -Wno-error=int-conversion -Wno-error=incompatible-function-pointer-types -Wno-error=incompatible-pointer-types -Wno-error=return-type -isysroot /Applications/Xcode.app/Contents/Developer/Platforms/MacOSX.platform/Developer/SDKs/MacOSX.sdk -arch arm64 -DDEFAULT_CONFIG_PATH=\"./lib\" -DDEFAULT_LIB_PATH=\"./lib\" -DDEFAULT_DATA_PATH=\"./lib/data\" -c -o pathfind.o pathfind.c
pathfind.c:703:6: warning: variable 'check_dir' set but not used [-Wunused-but-set-variable]
  703 |         int check_dir = 0;
      |             ^
1 warning generated.
clang -Wall -std=gnu99 -O2 -I. -DUSE_GCU -DUSE_TRANSPARENCY -DHAVE_MKSTEMP -DPRIVATE_USER_PATH=\"~/Library/Preferences\" -DUSE_PRIVATE_PATHS -DALLOW_WIZARD -DNCURSES_OPAQUE=0 -Wno-error=implicit-function-declaration -Wno-error=implicit-int -Wno-error=int-conversion -Wno-error=incompatible-function-pointer-types -Wno-error=incompatible-pointer-types -Wno-error=return-type -isysroot /Applications/Xcode.app/Contents/Developer/Platforms/MacOSX.platform/Developer/SDKs/MacOSX.sdk -arch arm64 -DDEFAULT_CONFIG_PATH=\"./lib\" -DDEFAULT_LIB_PATH=\"./lib\" -DDEFAULT_DATA_PATH=\"./lib/data\" -c -o prefs.o prefs.c
clang -Wall -std=gnu99 -O2 -I. -DUSE_GCU -DUSE_TRANSPARENCY -DHAVE_MKSTEMP -DPRIVATE_USER_PATH=\"~/Library/Preferences\" -DUSE_PRIVATE_PATHS -DALLOW_WIZARD -DNCURSES_OPAQUE=0 -Wno-error=implicit-function-declaration -Wno-error=implicit-int -Wno-error=int-conversion -Wno-error=incompatible-function-pointer-types -Wno-error=incompatible-pointer-types -Wno-error=return-type -isysroot /Applications/Xcode.app/Contents/Developer/Platforms/MacOSX.platform/Developer/SDKs/MacOSX.sdk -arch arm64 -DDEFAULT_CONFIG_PATH=\"./lib\" -DDEFAULT_LIB_PATH=\"./lib\" -DDEFAULT_DATA_PATH=\"./lib/data\" -c -o score.o score.c
clang -Wall -std=gnu99 -O2 -I. -DUSE_GCU -DUSE_TRANSPARENCY -DHAVE_MKSTEMP -DPRIVATE_USER_PATH=\"~/Library/Preferences\" -DUSE_PRIVATE_PATHS -DALLOW_WIZARD -DNCURSES_OPAQUE=0 -Wno-error=implicit-function-declaration -Wno-error=implicit-int -Wno-error=int-conversion -Wno-error=incompatible-function-pointer-types -Wno-error=incompatible-pointer-types -Wno-error=return-type -isysroot /Applications/Xcode.app/Contents/Developer/Platforms/MacOSX.platform/Developer/SDKs/MacOSX.sdk -arch arm64 -DDEFAULT_CONFIG_PATH=\"./lib\" -DDEFAULT_LIB_PATH=\"./lib\" -DDEFAULT_DATA_PATH=\"./lib/data\" -c -o signals.o signals.c
clang -Wall -std=gnu99 -O2 -I. -DUSE_GCU -DUSE_TRANSPARENCY -DHAVE_MKSTEMP -DPRIVATE_USER_PATH=\"~/Library/Preferences\" -DUSE_PRIVATE_PATHS -DALLOW_WIZARD -DNCURSES_OPAQUE=0 -Wno-error=implicit-function-declaration -Wno-error=implicit-int -Wno-error=int-conversion -Wno-error=incompatible-function-pointer-types -Wno-error=incompatible-pointer-types -Wno-error=return-type -isysroot /Applications/Xcode.app/Contents/Developer/Platforms/MacOSX.platform/Developer/SDKs/MacOSX.sdk -arch arm64 -DDEFAULT_CONFIG_PATH=\"./lib\" -DDEFAULT_LIB_PATH=\"./lib\" -DDEFAULT_DATA_PATH=\"./lib/data\" -c -o save.o save.c
clang -Wall -std=gnu99 -O2 -I. -DUSE_GCU -DUSE_TRANSPARENCY -DHAVE_MKSTEMP -DPRIVATE_USER_PATH=\"~/Library/Preferences\" -DUSE_PRIVATE_PATHS -DALLOW_WIZARD -DNCURSES_OPAQUE=0 -Wno-error=implicit-function-declaration -Wno-error=implicit-int -Wno-error=int-conversion -Wno-error=incompatible-function-pointer-types -Wno-error=incompatible-pointer-types -Wno-error=return-type -isysroot /Applications/Xcode.app/Contents/Developer/Platforms/MacOSX.platform/Developer/SDKs/MacOSX.sdk -arch arm64 -DDEFAULT_CONFIG_PATH=\"./lib\" -DDEFAULT_LIB_PATH=\"./lib\" -DDEFAULT_DATA_PATH=\"./lib/data\" -c -o savefile.o savefile.c
savefile.c:297:34: warning: variable 'block_checksum' set but not used [-Wunused-but-set-variable]
  297 |         u32b block_version, block_size, block_checksum;
      |                                         ^
1 warning generated.
clang -Wall -std=gnu99 -O2 -I. -DUSE_GCU -DUSE_TRANSPARENCY -DHAVE_MKSTEMP -DPRIVATE_USER_PATH=\"~/Library/Preferences\" -DUSE_PRIVATE_PATHS -DALLOW_WIZARD -DNCURSES_OPAQUE=0 -Wno-error=implicit-function-declaration -Wno-error=implicit-int -Wno-error=int-conversion -Wno-error=incompatible-function-pointer-types -Wno-error=incompatible-pointer-types -Wno-error=return-type -isysroot /Applications/Xcode.app/Contents/Developer/Platforms/MacOSX.platform/Developer/SDKs/MacOSX.sdk -arch arm64 -DDEFAULT_CONFIG_PATH=\"./lib\" -DDEFAULT_LIB_PATH=\"./lib\" -DDEFAULT_DATA_PATH=\"./lib/data\" -c -o spells1.o spells1.c
spells1.c:2122:7: warning: variable 'name' set but not used [-Wunused-but-set-variable]
 2122 |         cptr name;
      |              ^
1 warning generated.
clang -Wall -std=gnu99 -O2 -I. -DUSE_GCU -DUSE_TRANSPARENCY -DHAVE_MKSTEMP -DPRIVATE_USER_PATH=\"~/Library/Preferences\" -DUSE_PRIVATE_PATHS -DALLOW_WIZARD -DNCURSES_OPAQUE=0 -Wno-error=implicit-function-declaration -Wno-error=implicit-int -Wno-error=int-conversion -Wno-error=incompatible-function-pointer-types -Wno-error=incompatible-pointer-types -Wno-error=return-type -isysroot /Applications/Xcode.app/Contents/Developer/Platforms/MacOSX.platform/Developer/SDKs/MacOSX.sdk -arch arm64 -DDEFAULT_CONFIG_PATH=\"./lib\" -DDEFAULT_LIB_PATH=\"./lib\" -DDEFAULT_DATA_PATH=\"./lib/data\" -c -o spells2.o spells2.c
clang -Wall -std=gnu99 -O2 -I. -DUSE_GCU -DUSE_TRANSPARENCY -DHAVE_MKSTEMP -DPRIVATE_USER_PATH=\"~/Library/Preferences\" -DUSE_PRIVATE_PATHS -DALLOW_WIZARD -DNCURSES_OPAQUE=0 -Wno-error=implicit-function-declaration -Wno-error=implicit-int -Wno-error=int-conversion -Wno-error=incompatible-function-pointer-types -Wno-error=incompatible-pointer-types -Wno-error=return-type -isysroot /Applications/Xcode.app/Contents/Developer/Platforms/MacOSX.platform/Developer/SDKs/MacOSX.sdk -arch arm64 -DDEFAULT_CONFIG_PATH=\"./lib\" -DDEFAULT_LIB_PATH=\"./lib\" -DDEFAULT_DATA_PATH=\"./lib/data\" -c -o squelch.o squelch.c
clang -Wall -std=gnu99 -O2 -I. -DUSE_GCU -DUSE_TRANSPARENCY -DHAVE_MKSTEMP -DPRIVATE_USER_PATH=\"~/Library/Preferences\" -DUSE_PRIVATE_PATHS -DALLOW_WIZARD -DNCURSES_OPAQUE=0 -Wno-error=implicit-function-declaration -Wno-error=implicit-int -Wno-error=int-conversion -Wno-error=incompatible-function-pointer-types -Wno-error=incompatible-pointer-types -Wno-error=return-type -isysroot /Applications/Xcode.app/Contents/Developer/Platforms/MacOSX.platform/Developer/SDKs/MacOSX.sdk -arch arm64 -DDEFAULT_CONFIG_PATH=\"./lib\" -DDEFAULT_LIB_PATH=\"./lib\" -DDEFAULT_DATA_PATH=\"./lib/data\" -c -o store.o store.c
clang -Wall -std=gnu99 -O2 -I. -DUSE_GCU -DUSE_TRANSPARENCY -DHAVE_MKSTEMP -DPRIVATE_USER_PATH=\"~/Library/Preferences\" -DUSE_PRIVATE_PATHS -DALLOW_WIZARD -DNCURSES_OPAQUE=0 -Wno-error=implicit-function-declaration -Wno-error=implicit-int -Wno-error=int-conversion -Wno-error=incompatible-function-pointer-types -Wno-error=incompatible-pointer-types -Wno-error=return-type -isysroot /Applications/Xcode.app/Contents/Developer/Platforms/MacOSX.platform/Developer/SDKs/MacOSX.sdk -arch arm64 -DDEFAULT_CONFIG_PATH=\"./lib\" -DDEFAULT_LIB_PATH=\"./lib\" -DDEFAULT_DATA_PATH=\"./lib/data\" -c -o tables.o tables.c
clang -Wall -std=gnu99 -O2 -I. -DUSE_GCU -DUSE_TRANSPARENCY -DHAVE_MKSTEMP -DPRIVATE_USER_PATH=\"~/Library/Preferences\" -DUSE_PRIVATE_PATHS -DALLOW_WIZARD -DNCURSES_OPAQUE=0 -Wno-error=implicit-function-declaration -Wno-error=implicit-int -Wno-error=int-conversion -Wno-error=incompatible-function-pointer-types -Wno-error=incompatible-pointer-types -Wno-error=return-type -isysroot /Applications/Xcode.app/Contents/Developer/Platforms/MacOSX.platform/Developer/SDKs/MacOSX.sdk -arch arm64 -DDEFAULT_CONFIG_PATH=\"./lib\" -DDEFAULT_LIB_PATH=\"./lib\" -DDEFAULT_DATA_PATH=\"./lib/data\" -c -o target.o target.c
target.c:631:7: warning: variable 'floored' set but not used [-Wunused-but-set-variable]
  631 |         bool floored;
      |              ^
1 warning generated.
clang -Wall -std=gnu99 -O2 -I. -DUSE_GCU -DUSE_TRANSPARENCY -DHAVE_MKSTEMP -DPRIVATE_USER_PATH=\"~/Library/Preferences\" -DUSE_PRIVATE_PATHS -DALLOW_WIZARD -DNCURSES_OPAQUE=0 -Wno-error=implicit-function-declaration -Wno-error=implicit-int -Wno-error=int-conversion -Wno-error=incompatible-function-pointer-types -Wno-error=incompatible-pointer-types -Wno-error=return-type -isysroot /Applications/Xcode.app/Contents/Developer/Platforms/MacOSX.platform/Developer/SDKs/MacOSX.sdk -arch arm64 -DDEFAULT_CONFIG_PATH=\"./lib\" -DDEFAULT_LIB_PATH=\"./lib\" -DDEFAULT_DATA_PATH=\"./lib/data\" -c -o trap.o trap.c
clang -Wall -std=gnu99 -O2 -I. -DUSE_GCU -DUSE_TRANSPARENCY -DHAVE_MKSTEMP -DPRIVATE_USER_PATH=\"~/Library/Preferences\" -DUSE_PRIVATE_PATHS -DALLOW_WIZARD -DNCURSES_OPAQUE=0 -Wno-error=implicit-function-declaration -Wno-error=implicit-int -Wno-error=int-conversion -Wno-error=incompatible-function-pointer-types -Wno-error=incompatible-pointer-types -Wno-error=return-type -isysroot /Applications/Xcode.app/Contents/Developer/Platforms/MacOSX.platform/Developer/SDKs/MacOSX.sdk -arch arm64 -DDEFAULT_CONFIG_PATH=\"./lib\" -DDEFAULT_LIB_PATH=\"./lib\" -DDEFAULT_DATA_PATH=\"./lib/data\" -c -o ui.o ui.c
clang -Wall -std=gnu99 -O2 -I. -DUSE_GCU -DUSE_TRANSPARENCY -DHAVE_MKSTEMP -DPRIVATE_USER_PATH=\"~/Library/Preferences\" -DUSE_PRIVATE_PATHS -DALLOW_WIZARD -DNCURSES_OPAQUE=0 -Wno-error=implicit-function-declaration -Wno-error=implicit-int -Wno-error=int-conversion -Wno-error=incompatible-function-pointer-types -Wno-error=incompatible-pointer-types -Wno-error=return-type -isysroot /Applications/Xcode.app/Contents/Developer/Platforms/MacOSX.platform/Developer/SDKs/MacOSX.sdk -arch arm64 -DDEFAULT_CONFIG_PATH=\"./lib\" -DDEFAULT_LIB_PATH=\"./lib\" -DDEFAULT_DATA_PATH=\"./lib/data\" -c -o ui-birth.o ui-birth.c
clang -Wall -std=gnu99 -O2 -I. -DUSE_GCU -DUSE_TRANSPARENCY -DHAVE_MKSTEMP -DPRIVATE_USER_PATH=\"~/Library/Preferences\" -DUSE_PRIVATE_PATHS -DALLOW_WIZARD -DNCURSES_OPAQUE=0 -Wno-error=implicit-function-declaration -Wno-error=implicit-int -Wno-error=int-conversion -Wno-error=incompatible-function-pointer-types -Wno-error=incompatible-pointer-types -Wno-error=return-type -isysroot /Applications/Xcode.app/Contents/Developer/Platforms/MacOSX.platform/Developer/SDKs/MacOSX.sdk -arch arm64 -DDEFAULT_CONFIG_PATH=\"./lib\" -DDEFAULT_LIB_PATH=\"./lib\" -DDEFAULT_DATA_PATH=\"./lib/data\" -c -o ui-event.o ui-event.c
clang -Wall -std=gnu99 -O2 -I. -DUSE_GCU -DUSE_TRANSPARENCY -DHAVE_MKSTEMP -DPRIVATE_USER_PATH=\"~/Library/Preferences\" -DUSE_PRIVATE_PATHS -DALLOW_WIZARD -DNCURSES_OPAQUE=0 -Wno-error=implicit-function-declaration -Wno-error=implicit-int -Wno-error=int-conversion -Wno-error=incompatible-function-pointer-types -Wno-error=incompatible-pointer-types -Wno-error=return-type -isysroot /Applications/Xcode.app/Contents/Developer/Platforms/MacOSX.platform/Developer/SDKs/MacOSX.sdk -arch arm64 -DDEFAULT_CONFIG_PATH=\"./lib\" -DDEFAULT_LIB_PATH=\"./lib\" -DDEFAULT_DATA_PATH=\"./lib/data\" -c -o ui-menu.o ui-menu.c
ui-menu.c:748:19: warning: passing arguments to a function without a prototype is deprecated in all versions of C and is not supported in C2x [-Wdeprecated-non-prototype]
  748 |                                         menu->refresh(menu);
      |                                                      ^
1 warning generated.
clang -Wall -std=gnu99 -O2 -I. -DUSE_GCU -DUSE_TRANSPARENCY -DHAVE_MKSTEMP -DPRIVATE_USER_PATH=\"~/Library/Preferences\" -DUSE_PRIVATE_PATHS -DALLOW_WIZARD -DNCURSES_OPAQUE=0 -Wno-error=implicit-function-declaration -Wno-error=implicit-int -Wno-error=int-conversion -Wno-error=incompatible-function-pointer-types -Wno-error=incompatible-pointer-types -Wno-error=return-type -isysroot /Applications/Xcode.app/Contents/Developer/Platforms/MacOSX.platform/Developer/SDKs/MacOSX.sdk -arch arm64 -DDEFAULT_CONFIG_PATH=\"./lib\" -DDEFAULT_LIB_PATH=\"./lib\" -DDEFAULT_DATA_PATH=\"./lib/data\" -c -o util.o util.c
clang -Wall -std=gnu99 -O2 -I. -DUSE_GCU -DUSE_TRANSPARENCY -DHAVE_MKSTEMP -DPRIVATE_USER_PATH=\"~/Library/Preferences\" -DUSE_PRIVATE_PATHS -DALLOW_WIZARD -DNCURSES_OPAQUE=0 -Wno-error=implicit-function-declaration -Wno-error=implicit-int -Wno-error=int-conversion -Wno-error=incompatible-function-pointer-types -Wno-error=incompatible-pointer-types -Wno-error=return-type -isysroot /Applications/Xcode.app/Contents/Developer/Platforms/MacOSX.platform/Developer/SDKs/MacOSX.sdk -arch arm64 -DDEFAULT_CONFIG_PATH=\"./lib\" -DDEFAULT_LIB_PATH=\"./lib\" -DDEFAULT_DATA_PATH=\"./lib/data\" -c -o variable.o variable.c
clang -Wall -std=gnu99 -O2 -I. -DUSE_GCU -DUSE_TRANSPARENCY -DHAVE_MKSTEMP -DPRIVATE_USER_PATH=\"~/Library/Preferences\" -DUSE_PRIVATE_PATHS -DALLOW_WIZARD -DNCURSES_OPAQUE=0 -Wno-error=implicit-function-declaration -Wno-error=implicit-int -Wno-error=int-conversion -Wno-error=incompatible-function-pointer-types -Wno-error=incompatible-pointer-types -Wno-error=return-type -isysroot /Applications/Xcode.app/Contents/Developer/Platforms/MacOSX.platform/Developer/SDKs/MacOSX.sdk -arch arm64 -DDEFAULT_CONFIG_PATH=\"./lib\" -DDEFAULT_LIB_PATH=\"./lib\" -DDEFAULT_DATA_PATH=\"./lib/data\" -c -o wiz-spoil.o wiz-spoil.c
clang -Wall -std=gnu99 -O2 -I. -DUSE_GCU -DUSE_TRANSPARENCY -DHAVE_MKSTEMP -DPRIVATE_USER_PATH=\"~/Library/Preferences\" -DUSE_PRIVATE_PATHS -DALLOW_WIZARD -DNCURSES_OPAQUE=0 -Wno-error=implicit-function-declaration -Wno-error=implicit-int -Wno-error=int-conversion -Wno-error=incompatible-function-pointer-types -Wno-error=incompatible-pointer-types -Wno-error=return-type -isysroot /Applications/Xcode.app/Contents/Developer/Platforms/MacOSX.platform/Developer/SDKs/MacOSX.sdk -arch arm64 -DDEFAULT_CONFIG_PATH=\"./lib\" -DDEFAULT_LIB_PATH=\"./lib\" -DDEFAULT_DATA_PATH=\"./lib/data\" -c -o wiz-stats.o wiz-stats.c
clang -Wall -std=gnu99 -O2 -I. -DUSE_GCU -DUSE_TRANSPARENCY -DHAVE_MKSTEMP -DPRIVATE_USER_PATH=\"~/Library/Preferences\" -DUSE_PRIVATE_PATHS -DALLOW_WIZARD -DNCURSES_OPAQUE=0 -Wno-error=implicit-function-declaration -Wno-error=implicit-int -Wno-error=int-conversion -Wno-error=incompatible-function-pointer-types -Wno-error=incompatible-pointer-types -Wno-error=return-type -isysroot /Applications/Xcode.app/Contents/Developer/Platforms/MacOSX.platform/Developer/SDKs/MacOSX.sdk -arch arm64 -DDEFAULT_CONFIG_PATH=\"./lib\" -DDEFAULT_LIB_PATH=\"./lib\" -DDEFAULT_DATA_PATH=\"./lib/data\" -c -o wizard.o wizard.c
clang -Wall -std=gnu99 -O2 -I. -DUSE_GCU -DUSE_TRANSPARENCY -DHAVE_MKSTEMP -DPRIVATE_USER_PATH=\"~/Library/Preferences\" -DUSE_PRIVATE_PATHS -DALLOW_WIZARD -DNCURSES_OPAQUE=0 -Wno-error=implicit-function-declaration -Wno-error=implicit-int -Wno-error=int-conversion -Wno-error=incompatible-function-pointer-types -Wno-error=incompatible-pointer-types -Wno-error=return-type -isysroot /Applications/Xcode.app/Contents/Developer/Platforms/MacOSX.platform/Developer/SDKs/MacOSX.sdk -arch arm64 -DDEFAULT_CONFIG_PATH=\"./lib\" -DDEFAULT_LIB_PATH=\"./lib\" -DDEFAULT_DATA_PATH=\"./lib/data\" -c -o x-spell.o x-spell.c
clang -Wall -std=gnu99 -O2 -I. -DUSE_GCU -DUSE_TRANSPARENCY -DHAVE_MKSTEMP -DPRIVATE_USER_PATH=\"~/Library/Preferences\" -DUSE_PRIVATE_PATHS -DALLOW_WIZARD -DNCURSES_OPAQUE=0 -Wno-error=implicit-function-declaration -Wno-error=implicit-int -Wno-error=int-conversion -Wno-error=incompatible-function-pointer-types -Wno-error=incompatible-pointer-types -Wno-error=return-type -isysroot /Applications/Xcode.app/Contents/Developer/Platforms/MacOSX.platform/Developer/SDKs/MacOSX.sdk -arch arm64 -DDEFAULT_CONFIG_PATH=\"./lib\" -DDEFAULT_LIB_PATH=\"./lib\" -DDEFAULT_DATA_PATH=\"./lib/data\" -c -o xtra2.o xtra2.c
clang -Wall -std=gnu99 -O2 -I. -DUSE_GCU -DUSE_TRANSPARENCY -DHAVE_MKSTEMP -DPRIVATE_USER_PATH=\"~/Library/Preferences\" -DUSE_PRIVATE_PATHS -DALLOW_WIZARD -DNCURSES_OPAQUE=0 -Wno-error=implicit-function-declaration -Wno-error=implicit-int -Wno-error=int-conversion -Wno-error=incompatible-function-pointer-types -Wno-error=incompatible-pointer-types -Wno-error=return-type -isysroot /Applications/Xcode.app/Contents/Developer/Platforms/MacOSX.platform/Developer/SDKs/MacOSX.sdk -arch arm64 -DDEFAULT_CONFIG_PATH=\"./lib\" -DDEFAULT_LIB_PATH=\"./lib\" -DDEFAULT_DATA_PATH=\"./lib/data\" -c -o xtra3.o xtra3.c
clang -Wall -std=gnu99 -O2 -I. -DUSE_GCU -DUSE_TRANSPARENCY -DHAVE_MKSTEMP -DPRIVATE_USER_PATH=\"~/Library/Preferences\" -DUSE_PRIVATE_PATHS -DALLOW_WIZARD -DNCURSES_OPAQUE=0 -Wno-error=implicit-function-declaration -Wno-error=implicit-int -Wno-error=int-conversion -Wno-error=incompatible-function-pointer-types -Wno-error=incompatible-pointer-types -Wno-error=return-type -isysroot /Applications/Xcode.app/Contents/Developer/Platforms/MacOSX.platform/Developer/SDKs/MacOSX.sdk -arch arm64 -DDEFAULT_CONFIG_PATH=\"./lib\" -DDEFAULT_LIB_PATH=\"./lib\" -DDEFAULT_DATA_PATH=\"./lib/data\" -c -o z-bitflag.o z-bitflag.c
clang -Wall -std=gnu99 -O2 -I. -DUSE_GCU -DUSE_TRANSPARENCY -DHAVE_MKSTEMP -DPRIVATE_USER_PATH=\"~/Library/Preferences\" -DUSE_PRIVATE_PATHS -DALLOW_WIZARD -DNCURSES_OPAQUE=0 -Wno-error=implicit-function-declaration -Wno-error=implicit-int -Wno-error=int-conversion -Wno-error=incompatible-function-pointer-types -Wno-error=incompatible-pointer-types -Wno-error=return-type -isysroot /Applications/Xcode.app/Contents/Developer/Platforms/MacOSX.platform/Developer/SDKs/MacOSX.sdk -arch arm64 -DDEFAULT_CONFIG_PATH=\"./lib\" -DDEFAULT_LIB_PATH=\"./lib\" -DDEFAULT_DATA_PATH=\"./lib/data\" -c -o z-file.o z-file.c
clang -Wall -std=gnu99 -O2 -I. -DUSE_GCU -DUSE_TRANSPARENCY -DHAVE_MKSTEMP -DPRIVATE_USER_PATH=\"~/Library/Preferences\" -DUSE_PRIVATE_PATHS -DALLOW_WIZARD -DNCURSES_OPAQUE=0 -Wno-error=implicit-function-declaration -Wno-error=implicit-int -Wno-error=int-conversion -Wno-error=incompatible-function-pointer-types -Wno-error=incompatible-pointer-types -Wno-error=return-type -isysroot /Applications/Xcode.app/Contents/Developer/Platforms/MacOSX.platform/Developer/SDKs/MacOSX.sdk -arch arm64 -DDEFAULT_CONFIG_PATH=\"./lib\" -DDEFAULT_LIB_PATH=\"./lib\" -DDEFAULT_DATA_PATH=\"./lib/data\" -c -o z-form.o z-form.c
clang -Wall -std=gnu99 -O2 -I. -DUSE_GCU -DUSE_TRANSPARENCY -DHAVE_MKSTEMP -DPRIVATE_USER_PATH=\"~/Library/Preferences\" -DUSE_PRIVATE_PATHS -DALLOW_WIZARD -DNCURSES_OPAQUE=0 -Wno-error=implicit-function-declaration -Wno-error=implicit-int -Wno-error=int-conversion -Wno-error=incompatible-function-pointer-types -Wno-error=incompatible-pointer-types -Wno-error=return-type -isysroot /Applications/Xcode.app/Contents/Developer/Platforms/MacOSX.platform/Developer/SDKs/MacOSX.sdk -arch arm64 -DDEFAULT_CONFIG_PATH=\"./lib\" -DDEFAULT_LIB_PATH=\"./lib\" -DDEFAULT_DATA_PATH=\"./lib/data\" -c -o z-msg.o z-msg.c
clang -Wall -std=gnu99 -O2 -I. -DUSE_GCU -DUSE_TRANSPARENCY -DHAVE_MKSTEMP -DPRIVATE_USER_PATH=\"~/Library/Preferences\" -DUSE_PRIVATE_PATHS -DALLOW_WIZARD -DNCURSES_OPAQUE=0 -Wno-error=implicit-function-declaration -Wno-error=implicit-int -Wno-error=int-conversion -Wno-error=incompatible-function-pointer-types -Wno-error=incompatible-pointer-types -Wno-error=return-type -isysroot /Applications/Xcode.app/Contents/Developer/Platforms/MacOSX.platform/Developer/SDKs/MacOSX.sdk -arch arm64 -DDEFAULT_CONFIG_PATH=\"./lib\" -DDEFAULT_LIB_PATH=\"./lib\" -DDEFAULT_DATA_PATH=\"./lib/data\" -c -o z-quark.o z-quark.c
clang -Wall -std=gnu99 -O2 -I. -DUSE_GCU -DUSE_TRANSPARENCY -DHAVE_MKSTEMP -DPRIVATE_USER_PATH=\"~/Library/Preferences\" -DUSE_PRIVATE_PATHS -DALLOW_WIZARD -DNCURSES_OPAQUE=0 -Wno-error=implicit-function-declaration -Wno-error=implicit-int -Wno-error=int-conversion -Wno-error=incompatible-function-pointer-types -Wno-error=incompatible-pointer-types -Wno-error=return-type -isysroot /Applications/Xcode.app/Contents/Developer/Platforms/MacOSX.platform/Developer/SDKs/MacOSX.sdk -arch arm64 -DDEFAULT_CONFIG_PATH=\"./lib\" -DDEFAULT_LIB_PATH=\"./lib\" -DDEFAULT_DATA_PATH=\"./lib/data\" -c -o z-rand.o z-rand.c
clang -Wall -std=gnu99 -O2 -I. -DUSE_GCU -DUSE_TRANSPARENCY -DHAVE_MKSTEMP -DPRIVATE_USER_PATH=\"~/Library/Preferences\" -DUSE_PRIVATE_PATHS -DALLOW_WIZARD -DNCURSES_OPAQUE=0 -Wno-error=implicit-function-declaration -Wno-error=implicit-int -Wno-error=int-conversion -Wno-error=incompatible-function-pointer-types -Wno-error=incompatible-pointer-types -Wno-error=return-type -isysroot /Applications/Xcode.app/Contents/Developer/Platforms/MacOSX.platform/Developer/SDKs/MacOSX.sdk -arch arm64 -DDEFAULT_CONFIG_PATH=\"./lib\" -DDEFAULT_LIB_PATH=\"./lib\" -DDEFAULT_DATA_PATH=\"./lib/data\" -c -o z-term.o z-term.c
clang -Wall -std=gnu99 -O2 -I. -DUSE_GCU -DUSE_TRANSPARENCY -DHAVE_MKSTEMP -DPRIVATE_USER_PATH=\"~/Library/Preferences\" -DUSE_PRIVATE_PATHS -DALLOW_WIZARD -DNCURSES_OPAQUE=0 -Wno-error=implicit-function-declaration -Wno-error=implicit-int -Wno-error=int-conversion -Wno-error=incompatible-function-pointer-types -Wno-error=incompatible-pointer-types -Wno-error=return-type -isysroot /Applications/Xcode.app/Contents/Developer/Platforms/MacOSX.platform/Developer/SDKs/MacOSX.sdk -arch arm64 -DDEFAULT_CONFIG_PATH=\"./lib\" -DDEFAULT_LIB_PATH=\"./lib\" -DDEFAULT_DATA_PATH=\"./lib/data\" -c -o z-type.o z-type.c
clang -Wall -std=gnu99 -O2 -I. -DUSE_GCU -DUSE_TRANSPARENCY -DHAVE_MKSTEMP -DPRIVATE_USER_PATH=\"~/Library/Preferences\" -DUSE_PRIVATE_PATHS -DALLOW_WIZARD -DNCURSES_OPAQUE=0 -Wno-error=implicit-function-declaration -Wno-error=implicit-int -Wno-error=int-conversion -Wno-error=incompatible-function-pointer-types -Wno-error=incompatible-pointer-types -Wno-error=return-type -isysroot /Applications/Xcode.app/Contents/Developer/Platforms/MacOSX.platform/Developer/SDKs/MacOSX.sdk -arch arm64 -DDEFAULT_CONFIG_PATH=\"./lib\" -DDEFAULT_LIB_PATH=\"./lib\" -DDEFAULT_DATA_PATH=\"./lib/data\" -c -o z-util.o z-util.c
clang -Wall -std=gnu99 -O2 -I. -DUSE_GCU -DUSE_TRANSPARENCY -DHAVE_MKSTEMP -DPRIVATE_USER_PATH=\"~/Library/Preferences\" -DUSE_PRIVATE_PATHS -DALLOW_WIZARD -DNCURSES_OPAQUE=0 -Wno-error=implicit-function-declaration -Wno-error=implicit-int -Wno-error=int-conversion -Wno-error=incompatible-function-pointer-types -Wno-error=incompatible-pointer-types -Wno-error=return-type -isysroot /Applications/Xcode.app/Contents/Developer/Platforms/MacOSX.platform/Developer/SDKs/MacOSX.sdk -arch arm64 -DDEFAULT_CONFIG_PATH=\"./lib\" -DDEFAULT_LIB_PATH=\"./lib\" -DDEFAULT_DATA_PATH=\"./lib/data\" -c -o z-virt.o z-virt.c
clang -Wall -std=gnu99 -O2 -I. -DUSE_GCU -DUSE_TRANSPARENCY -DHAVE_MKSTEMP -DPRIVATE_USER_PATH=\"~/Library/Preferences\" -DUSE_PRIVATE_PATHS -DALLOW_WIZARD -DNCURSES_OPAQUE=0 -Wno-error=implicit-function-declaration -Wno-error=implicit-int -Wno-error=int-conversion -Wno-error=incompatible-function-pointer-types -Wno-error=incompatible-pointer-types -Wno-error=return-type -isysroot /Applications/Xcode.app/Contents/Developer/Platforms/MacOSX.platform/Developer/SDKs/MacOSX.sdk -arch arm64 -DDEFAULT_CONFIG_PATH=\"./lib\" -DDEFAULT_LIB_PATH=\"./lib\" -DDEFAULT_DATA_PATH=\"./lib/data\" -c -o main.o main.c
clang -Wall -std=gnu99 -O2 -I. -DUSE_GCU -DUSE_TRANSPARENCY -DHAVE_MKSTEMP -DPRIVATE_USER_PATH=\"~/Library/Preferences\" -DUSE_PRIVATE_PATHS -DALLOW_WIZARD -DNCURSES_OPAQUE=0 -Wno-error=implicit-function-declaration -Wno-error=implicit-int -Wno-error=int-conversion -Wno-error=incompatible-function-pointer-types -Wno-error=incompatible-pointer-types -Wno-error=return-type -isysroot /Applications/Xcode.app/Contents/Developer/Platforms/MacOSX.platform/Developer/SDKs/MacOSX.sdk -arch arm64 -DDEFAULT_CONFIG_PATH=\"./lib\" -DDEFAULT_LIB_PATH=\"./lib\" -DDEFAULT_DATA_PATH=\"./lib/data\" -c -o main-gcu.o main-gcu.c
clang -Wall -std=gnu99 -O2 -I. -DUSE_GCU -DUSE_TRANSPARENCY -DHAVE_MKSTEMP -DPRIVATE_USER_PATH=\"~/Library/Preferences\" -DUSE_PRIVATE_PATHS -DALLOW_WIZARD -DNCURSES_OPAQUE=0 -Wno-error=implicit-function-declaration -Wno-error=implicit-int -Wno-error=int-conversion -Wno-error=incompatible-function-pointer-types -Wno-error=incompatible-pointer-types -Wno-error=return-type -isysroot /Applications/Xcode.app/Contents/Developer/Platforms/MacOSX.platform/Developer/SDKs/MacOSX.sdk -arch arm64 -DDEFAULT_CONFIG_PATH=\"./lib\" -DDEFAULT_LIB_PATH=\"./lib\" -DDEFAULT_DATA_PATH=\"./lib/data\" -Wl,-syslibroot,/Applications/Xcode.app/Contents/Developer/Platforms/MacOSX.platform/Developer/SDKs/MacOSX.sdk -arch arm64 -o jackband attack.o birth.o button.o cave.o cmd0.o cmd1.o cmd2.o cmd3.o cmd4.o cmd5.o cmd-know.o cmd-obj.o death.o debug.o dungeon.o effects.o files.o game-cmd.o game-event.o generate.o history.o init1.o init2.o load.o load-old.o monster/melee1.o monster/melee2.o monster/monster1.o monster/monster2.o object/identify.o object/obj-desc.o object/obj-info.o object/obj-make.o object/obj-power.o object/obj-ui.o object/obj-util.o object/randart.o option.o randname.o pathfind.o prefs.o player/calcs.o player/timed.o player/util.o score.o signals.o save.o savefile.o spells1.o spells2.o squelch.o store.o tables.o target.o trap.o ui.o ui-birth.o ui-event.o ui-menu.o util.o variable.o wiz-spoil.o wiz-stats.o wizard.o x-spell.o xtra2.o xtra3.o z-bitflag.o z-file.o z-form.o z-msg.o z-quark.o z-rand.o z-term.o z-type.o z-util.o z-virt.o main.o main-gcu.o -lncurses
Installing terminal version...
Terminal version installed as ../jackband-terminal
Run with: ./jackband-terminal
