clang -Wall -std=gnu99 -O2 -I. -DUSE_GCU -DUSE_TRANSPARENCY -DHAVE_MKSTEMP -DPRIVATE_USER_PATH=\"~/Library/Preferences\" -DUSE_PRIVATE_PATHS -DALLOW_WIZARD -DNCURSES_OPAQUE=0 -Wno-error=implicit-function-declaration -Wno-error=implicit-int -Wno-error=int-conversion -Wno-error=incompatible-function-pointer-types -Wno-error=incompatible-pointer-types -Wno-error=return-type -isysroot /Applications/Xcode.app/Contents/Developer/Platforms/MacOSX.platform/Developer/SDKs/MacOSX.sdk -arch arm64 -DDEFAULT_CONFIG_PATH=\"./lib\" -DDEFAULT_LIB_PATH=\"./lib\" -DDEFAULT_DATA_PATH=\"./lib/data\" -c -o attack.o attack.c
clang -Wall -std=gnu99 -O2 -I. -DUSE_GCU -DUSE_TRANSPARENCY -DHAVE_MKSTEMP -DPRIVATE_USER_PATH=\"~/Library/Preferences\" -DUSE_PRIVATE_PATHS -DALLOW_WIZARD -DNCURSES_OPAQUE=0 -Wno-error=implicit-function-declaration -Wno-error=implicit-int -Wno-error=int-conversion -Wno-error=incompatible-function-pointer-types -Wno-error=incompatible-pointer-types -Wno-error=return-type -isysroot /Applications/Xcode.app/Contents/Developer/Platforms/MacOSX.platform/Developer/SDKs/MacOSX.sdk -arch arm64 -DDEFAULT_CONFIG_PATH=\"./lib\" -DDEFAULT_LIB_PATH=\"./lib\" -DDEFAULT_DATA_PATH=\"./lib/data\" -c -o birth.o birth.c
clang -Wall -std=gnu99 -O2 -I. -DUSE_GCU -DUSE_TRANSPARENCY -DHAVE_MKSTEMP -DPRIVATE_USER_PATH=\"~/Library/Preferences\" -DUSE_PRIVATE_PATHS -DALLOW_WIZARD -DNCURSES_OPAQUE=0 -Wno-error=implicit-function-declaration -Wno-error=implicit-int -Wno-error=int-conversion -Wno-error=incompatible-function-pointer-types -Wno-error=incompatible-pointer-types -Wno-error=return-type -isysroot /Applications/Xcode.app/Contents/Developer/Platforms/MacOSX.platform/Developer/SDKs/MacOSX.sdk -arch arm64 -DDEFAULT_CONFIG_PATH=\"./lib\" -DDEFAULT_LIB_PATH=\"./lib\" -DDEFAULT_DATA_PATH=\"./lib/data\" -c -o bookless.o bookless.c
bookless.c:58:2: warning: suggest braces around initialization of subobject [-Wmissing-braces]
   58 |         NULL,
      |         ^~~~
      |         {   }
/Applications/Xcode.app/Contents/Developer/Toolchains/XcodeDefault.xctoolchain/usr/lib/clang/16/include/__stddef_null.h:26:14: note: expanded from macro 'NULL'
   26 | #define NULL ((void *)0)
      |              ^~~~~~~~~~~
bookless.c:115:2: warning: suggest braces around initialization of subobject [-Wmissing-braces]
  115 |         NULL,
      |         ^~~~
      |         {   }
/Applications/Xcode.app/Contents/Developer/Toolchains/XcodeDefault.xctoolchain/usr/lib/clang/16/include/__stddef_null.h:26:14: note: expanded from macro 'NULL'
   26 | #define NULL ((void *)0)
      |              ^~~~~~~~~~~
bookless.c:169:2: warning: suggest braces around initialization of subobject [-Wmissing-braces]
  169 |         NULL,
      |         ^~~~
      |         {   }
/Applications/Xcode.app/Contents/Developer/Toolchains/XcodeDefault.xctoolchain/usr/lib/clang/16/include/__stddef_null.h:26:14: note: expanded from macro 'NULL'
   26 | #define NULL ((void *)0)
      |              ^~~~~~~~~~~
bookless.c:212:2: warning: suggest braces around initialization of subobject [-Wmissing-braces]
  212 |         NULL,
      |         ^~~~
      |         {   }
/Applications/Xcode.app/Contents/Developer/Toolchains/XcodeDefault.xctoolchain/usr/lib/clang/16/include/__stddef_null.h:26:14: note: expanded from macro 'NULL'
   26 | #define NULL ((void *)0)
      |              ^~~~~~~~~~~
bookless.c:267:2: warning: suggest braces around initialization of subobject [-Wmissing-braces]
  267 |         NULL,
      |         ^~~~
      |         {   }
/Applications/Xcode.app/Contents/Developer/Toolchains/XcodeDefault.xctoolchain/usr/lib/clang/16/include/__stddef_null.h:26:14: note: expanded from macro 'NULL'
   26 | #define NULL ((void *)0)
      |              ^~~~~~~~~~~
bookless.c:319:2: warning: suggest braces around initialization of subobject [-Wmissing-braces]
  319 |         NULL,
      |         ^~~~
      |         {   }
/Applications/Xcode.app/Contents/Developer/Toolchains/XcodeDefault.xctoolchain/usr/lib/clang/16/include/__stddef_null.h:26:14: note: expanded from macro 'NULL'
   26 | #define NULL ((void *)0)
      |              ^~~~~~~~~~~
bookless.c:365:2: warning: suggest braces around initialization of subobject [-Wmissing-braces]
  365 |         NULL,
      |         ^~~~
      |         {   }
/Applications/Xcode.app/Contents/Developer/Toolchains/XcodeDefault.xctoolchain/usr/lib/clang/16/include/__stddef_null.h:26:14: note: expanded from macro 'NULL'
   26 | #define NULL ((void *)0)
      |              ^~~~~~~~~~~
bookless.c:504:17: warning: using the result of an assignment as a condition without parentheses [-Wparentheses]
  504 |         while (casting = get_com("Cast which spell? (Esc to exit)", &choice))
      |                ~~~~~~~~^~~~~~~~~~~~~~~~~~~~~~~~~~~~~~~~~~~~~~~~~~~~~~~~~~~~~
bookless.c:504:17: note: place parentheses around the assignment to silence this warning
  504 |         while (casting = get_com("Cast which spell? (Esc to exit)", &choice))
      |                        ^                                                    
      |                (                                                            )
bookless.c:504:17: note: use '==' to turn this assignment into an equality comparison
  504 |         while (casting = get_com("Cast which spell? (Esc to exit)", &choice))
      |                        ^
      |                        ==
bookless.c:522:6: warning: variable 'dir' is used uninitialized whenever '&&' condition is false [-Wsometimes-uninitialized]
  522 |         if (spell_info[A2I(choice)].needs_dir && !get_aim_dir(&dir))
      |             ^~~~~~~~~~~~~~~~~~~~~~~~~~~~~~~~~
bookless.c:525:22: note: uninitialized use occurs here
  525 |         last_bookless.dir = dir;
      |                             ^~~
bookless.c:522:6: note: remove the '&&' if its condition is always true
  522 |         if (spell_info[A2I(choice)].needs_dir && !get_aim_dir(&dir))
      |             ^~~~~~~~~~~~~~~~~~~~~~~~~~~~~~~~~~~~
bookless.c:467:9: note: initialize the variable 'dir' to silence this warning
  467 |         int dir; /* Spell direction, if applicable */
      |                ^
      |                 = 0
9 warnings generated.
clang -Wall -std=gnu99 -O2 -I. -DUSE_GCU -DUSE_TRANSPARENCY -DHAVE_MKSTEMP -DPRIVATE_USER_PATH=\"~/Library/Preferences\" -DUSE_PRIVATE_PATHS -DALLOW_WIZARD -DNCURSES_OPAQUE=0 -Wno-error=implicit-function-declaration -Wno-error=implicit-int -Wno-error=int-conversion -Wno-error=incompatible-function-pointer-types -Wno-error=incompatible-pointer-types -Wno-error=return-type -isysroot /Applications/Xcode.app/Contents/Developer/Platforms/MacOSX.platform/Developer/SDKs/MacOSX.sdk -arch arm64 -DDEFAULT_CONFIG_PATH=\"./lib\" -DDEFAULT_LIB_PATH=\"./lib\" -DDEFAULT_DATA_PATH=\"./lib/data\" -c -o button.o button.c
clang -Wall -std=gnu99 -O2 -I. -DUSE_GCU -DUSE_TRANSPARENCY -DHAVE_MKSTEMP -DPRIVATE_USER_PATH=\"~/Library/Preferences\" -DUSE_PRIVATE_PATHS -DALLOW_WIZARD -DNCURSES_OPAQUE=0 -Wno-error=implicit-function-declaration -Wno-error=implicit-int -Wno-error=int-conversion -Wno-error=incompatible-function-pointer-types -Wno-error=incompatible-pointer-types -Wno-error=return-type -isysroot /Applications/Xcode.app/Contents/Developer/Platforms/MacOSX.platform/Developer/SDKs/MacOSX.sdk -arch arm64 -DDEFAULT_CONFIG_PATH=\"./lib\" -DDEFAULT_LIB_PATH=\"./lib\" -DDEFAULT_DATA_PATH=\"./lib/data\" -c -o cave.o cave.c
cave.c:627:7: warning: logical not is only applied to the left hand side of this bitwise operator [-Wlogical-not-parentheses]
  627 |         if (!cave_info2[y][x] & CAVE2_DTRAP) return FALSE; 
      |             ^                 ~
cave.c:627:7: note: add parentheses after the '!' to evaluate the bitwise operator first
  627 |         if (!cave_info2[y][x] & CAVE2_DTRAP) return FALSE; 
      |             ^                              
      |              (                             )
cave.c:627:7: note: add parentheses around left hand side expression to silence this warning
  627 |         if (!cave_info2[y][x] & CAVE2_DTRAP) return FALSE; 
      |             ^
      |             (                )
cave.c:630:41: warning: logical not is only applied to the left hand side of this bitwise operator [-Wlogical-not-parentheses]
  630 |         if (in_bounds_fully(y + 1, x    ) && (!cave_info2[y + 1][x    ] & CAVE2_DTRAP)) return TRUE; 
      |                                               ^                         ~
cave.c:630:41: note: add parentheses after the '!' to evaluate the bitwise operator first
  630 |         if (in_bounds_fully(y + 1, x    ) && (!cave_info2[y + 1][x    ] & CAVE2_DTRAP)) return TRUE; 
      |                                               ^                                      
      |                                                (                                     )
cave.c:630:41: note: add parentheses around left hand side expression to silence this warning
  630 |         if (in_bounds_fully(y + 1, x    ) && (!cave_info2[y + 1][x    ] & CAVE2_DTRAP)) return TRUE; 
      |                                               ^
      |                                               (                        )
cave.c:631:41: warning: logical not is only applied to the left hand side of this bitwise operator [-Wlogical-not-parentheses]
  631 |         if (in_bounds_fully(y    , x + 1) && (!cave_info2[y    ][x + 1] & CAVE2_DTRAP)) return TRUE; 
      |                                               ^                         ~
cave.c:631:41: note: add parentheses after the '!' to evaluate the bitwise operator first
  631 |         if (in_bounds_fully(y    , x + 1) && (!cave_info2[y    ][x + 1] & CAVE2_DTRAP)) return TRUE; 
      |                                               ^                                      
      |                                                (                                     )
cave.c:631:41: note: add parentheses around left hand side expression to silence this warning
  631 |         if (in_bounds_fully(y    , x + 1) && (!cave_info2[y    ][x + 1] & CAVE2_DTRAP)) return TRUE; 
      |                                               ^
      |                                               (                        )
cave.c:632:41: warning: logical not is only applied to the left hand side of this bitwise operator [-Wlogical-not-parentheses]
  632 |         if (in_bounds_fully(y - 1, x    ) && (!cave_info2[y - 1][x    ] & CAVE2_DTRAP)) return TRUE; 
      |                                               ^                         ~
cave.c:632:41: note: add parentheses after the '!' to evaluate the bitwise operator first
  632 |         if (in_bounds_fully(y - 1, x    ) && (!cave_info2[y - 1][x    ] & CAVE2_DTRAP)) return TRUE; 
      |                                               ^                                      
      |                                                (                                     )
cave.c:632:41: note: add parentheses around left hand side expression to silence this warning
  632 |         if (in_bounds_fully(y - 1, x    ) && (!cave_info2[y - 1][x    ] & CAVE2_DTRAP)) return TRUE; 
      |                                               ^
      |                                               (                        )
cave.c:633:41: warning: logical not is only applied to the left hand side of this bitwise operator [-Wlogical-not-parentheses]
  633 |         if (in_bounds_fully(y    , x - 1) && (!cave_info2[y    ][x - 1] & CAVE2_DTRAP)) return TRUE; 
      |                                               ^                         ~
cave.c:633:41: note: add parentheses after the '!' to evaluate the bitwise operator first
  633 |         if (in_bounds_fully(y    , x - 1) && (!cave_info2[y    ][x - 1] & CAVE2_DTRAP)) return TRUE; 
      |                                               ^                                      
      |                                                (                                     )
cave.c:633:41: note: add parentheses around left hand side expression to silence this warning
  633 |         if (in_bounds_fully(y    , x - 1) && (!cave_info2[y    ][x - 1] & CAVE2_DTRAP)) return TRUE; 
      |                                               ^
      |                                               (                        )
cave.c:945:13: warning: variable 'info2' set but not used [-Wunused-but-set-variable]
  945 |         byte info, info2;
      |                    ^
6 warnings generated.
clang -Wall -std=gnu99 -O2 -I. -DUSE_GCU -DUSE_TRANSPARENCY -DHAVE_MKSTEMP -DPRIVATE_USER_PATH=\"~/Library/Preferences\" -DUSE_PRIVATE_PATHS -DALLOW_WIZARD -DNCURSES_OPAQUE=0 -Wno-error=implicit-function-declaration -Wno-error=implicit-int -Wno-error=int-conversion -Wno-error=incompatible-function-pointer-types -Wno-error=incompatible-pointer-types -Wno-error=return-type -isysroot /Applications/Xcode.app/Contents/Developer/Platforms/MacOSX.platform/Developer/SDKs/MacOSX.sdk -arch arm64 -DDEFAULT_CONFIG_PATH=\"./lib\" -DDEFAULT_LIB_PATH=\"./lib\" -DDEFAULT_DATA_PATH=\"./lib/data\" -c -o cmd0.o cmd0.c
clang -Wall -std=gnu99 -O2 -I. -DUSE_GCU -DUSE_TRANSPARENCY -DHAVE_MKSTEMP -DPRIVATE_USER_PATH=\"~/Library/Preferences\" -DUSE_PRIVATE_PATHS -DALLOW_WIZARD -DNCURSES_OPAQUE=0 -Wno-error=implicit-function-declaration -Wno-error=implicit-int -Wno-error=int-conversion -Wno-error=incompatible-function-pointer-types -Wno-error=incompatible-pointer-types -Wno-error=return-type -isysroot /Applications/Xcode.app/Contents/Developer/Platforms/MacOSX.platform/Developer/SDKs/MacOSX.sdk -arch arm64 -DDEFAULT_CONFIG_PATH=\"./lib\" -DDEFAULT_LIB_PATH=\"./lib\" -DDEFAULT_DATA_PATH=\"./lib/data\" -c -o cmd1.o cmd1.c
clang -Wall -std=gnu99 -O2 -I. -DUSE_GCU -DUSE_TRANSPARENCY -DHAVE_MKSTEMP -DPRIVATE_USER_PATH=\"~/Library/Preferences\" -DUSE_PRIVATE_PATHS -DALLOW_WIZARD -DNCURSES_OPAQUE=0 -Wno-error=implicit-function-declaration -Wno-error=implicit-int -Wno-error=int-conversion -Wno-error=incompatible-function-pointer-types -Wno-error=incompatible-pointer-types -Wno-error=return-type -isysroot /Applications/Xcode.app/Contents/Developer/Platforms/MacOSX.platform/Developer/SDKs/MacOSX.sdk -arch arm64 -DDEFAULT_CONFIG_PATH=\"./lib\" -DDEFAULT_LIB_PATH=\"./lib\" -DDEFAULT_DATA_PATH=\"./lib/data\" -c -o cmd2.o cmd2.c
clang -Wall -std=gnu99 -O2 -I. -DUSE_GCU -DUSE_TRANSPARENCY -DHAVE_MKSTEMP -DPRIVATE_USER_PATH=\"~/Library/Preferences\" -DUSE_PRIVATE_PATHS -DALLOW_WIZARD -DNCURSES_OPAQUE=0 -Wno-error=implicit-function-declaration -Wno-error=implicit-int -Wno-error=int-conversion -Wno-error=incompatible-function-pointer-types -Wno-error=incompatible-pointer-types -Wno-error=return-type -isysroot /Applications/Xcode.app/Contents/Developer/Platforms/MacOSX.platform/Developer/SDKs/MacOSX.sdk -arch arm64 -DDEFAULT_CONFIG_PATH=\"./lib\" -DDEFAULT_LIB_PATH=\"./lib\" -DDEFAULT_DATA_PATH=\"./lib/data\" -c -o cmd3.o cmd3.c
clang -Wall -std=gnu99 -O2 -I. -DUSE_GCU -DUSE_TRANSPARENCY -DHAVE_MKSTEMP -DPRIVATE_USER_PATH=\"~/Library/Preferences\" -DUSE_PRIVATE_PATHS -DALLOW_WIZARD -DNCURSES_OPAQUE=0 -Wno-error=implicit-function-declaration -Wno-error=implicit-int -Wno-error=int-conversion -Wno-error=incompatible-function-pointer-types -Wno-error=incompatible-pointer-types -Wno-error=return-type -isysroot /Applications/Xcode.app/Contents/Developer/Platforms/MacOSX.platform/Developer/SDKs/MacOSX.sdk -arch arm64 -DDEFAULT_CONFIG_PATH=\"./lib\" -DDEFAULT_LIB_PATH=\"./lib\" -DDEFAULT_DATA_PATH=\"./lib/data\" -c -o cmd4.o cmd4.c
clang -Wall -std=gnu99 -O2 -I. -DUSE_GCU -DUSE_TRANSPARENCY -DHAVE_MKSTEMP -DPRIVATE_USER_PATH=\"~/Library/Preferences\" -DUSE_PRIVATE_PATHS -DALLOW_WIZARD -DNCURSES_OPAQUE=0 -Wno-error=implicit-function-declaration -Wno-error=implicit-int -Wno-error=int-conversion -Wno-error=incompatible-function-pointer-types -Wno-error=incompatible-pointer-types -Wno-error=return-type -isysroot /Applications/Xcode.app/Contents/Developer/Platforms/MacOSX.platform/Developer/SDKs/MacOSX.sdk -arch arm64 -DDEFAULT_CONFIG_PATH=\"./lib\" -DDEFAULT_LIB_PATH=\"./lib\" -DDEFAULT_DATA_PATH=\"./lib/data\" -c -o cmd-misc.o cmd-misc.c
clang -Wall -std=gnu99 -O2 -I. -DUSE_GCU -DUSE_TRANSPARENCY -DHAVE_MKSTEMP -DPRIVATE_USER_PATH=\"~/Library/Preferences\" -DUSE_PRIVATE_PATHS -DALLOW_WIZARD -DNCURSES_OPAQUE=0 -Wno-error=implicit-function-declaration -Wno-error=implicit-int -Wno-error=int-conversion -Wno-error=incompatible-function-pointer-types -Wno-error=incompatible-pointer-types -Wno-error=return-type -isysroot /Applications/Xcode.app/Contents/Developer/Platforms/MacOSX.platform/Developer/SDKs/MacOSX.sdk -arch arm64 -DDEFAULT_CONFIG_PATH=\"./lib\" -DDEFAULT_LIB_PATH=\"./lib\" -DDEFAULT_DATA_PATH=\"./lib/data\" -c -o cmd-obj.o cmd-obj.c
clang -Wall -std=gnu99 -O2 -I. -DUSE_GCU -DUSE_TRANSPARENCY -DHAVE_MKSTEMP -DPRIVATE_USER_PATH=\"~/Library/Preferences\" -DUSE_PRIVATE_PATHS -DALLOW_WIZARD -DNCURSES_OPAQUE=0 -Wno-error=implicit-function-declaration -Wno-error=implicit-int -Wno-error=int-conversion -Wno-error=incompatible-function-pointer-types -Wno-error=incompatible-pointer-types -Wno-error=return-type -isysroot /Applications/Xcode.app/Contents/Developer/Platforms/MacOSX.platform/Developer/SDKs/MacOSX.sdk -arch arm64 -DDEFAULT_CONFIG_PATH=\"./lib\" -DDEFAULT_LIB_PATH=\"./lib\" -DDEFAULT_DATA_PATH=\"./lib/data\" -c -o death.o death.c
clang -Wall -std=gnu99 -O2 -I. -DUSE_GCU -DUSE_TRANSPARENCY -DHAVE_MKSTEMP -DPRIVATE_USER_PATH=\"~/Library/Preferences\" -DUSE_PRIVATE_PATHS -DALLOW_WIZARD -DNCURSES_OPAQUE=0 -Wno-error=implicit-function-declaration -Wno-error=implicit-int -Wno-error=int-conversion -Wno-error=incompatible-function-pointer-types -Wno-error=incompatible-pointer-types -Wno-error=return-type -isysroot /Applications/Xcode.app/Contents/Developer/Platforms/MacOSX.platform/Developer/SDKs/MacOSX.sdk -arch arm64 -DDEFAULT_CONFIG_PATH=\"./lib\" -DDEFAULT_LIB_PATH=\"./lib\" -DDEFAULT_DATA_PATH=\"./lib/data\" -c -o debug.o debug.c
clang -Wall -std=gnu99 -O2 -I. -DUSE_GCU -DUSE_TRANSPARENCY -DHAVE_MKSTEMP -DPRIVATE_USER_PATH=\"~/Library/Preferences\" -DUSE_PRIVATE_PATHS -DALLOW_WIZARD -DNCURSES_OPAQUE=0 -Wno-error=implicit-function-declaration -Wno-error=implicit-int -Wno-error=int-conversion -Wno-error=incompatible-function-pointer-types -Wno-error=incompatible-pointer-types -Wno-error=return-type -isysroot /Applications/Xcode.app/Contents/Developer/Platforms/MacOSX.platform/Developer/SDKs/MacOSX.sdk -arch arm64 -DDEFAULT_CONFIG_PATH=\"./lib\" -DDEFAULT_LIB_PATH=\"./lib\" -DDEFAULT_DATA_PATH=\"./lib/data\" -c -o dungeon.o dungeon.c
dungeon.c:304:15: warning: variable 'k_ptr' set but not used [-Wunused-but-set-variable]
  304 |         object_kind *k_ptr;
      |                      ^
dungeon.c:1648:7: warning: variable 'existing_dead_save' set but not used [-Wunused-but-set-variable]
 1648 |         bool existing_dead_save = FALSE;
      |              ^
2 warnings generated.
clang -Wall -std=gnu99 -O2 -I. -DUSE_GCU -DUSE_TRANSPARENCY -DHAVE_MKSTEMP -DPRIVATE_USER_PATH=\"~/Library/Preferences\" -DUSE_PRIVATE_PATHS -DALLOW_WIZARD -DNCURSES_OPAQUE=0 -Wno-error=implicit-function-declaration -Wno-error=implicit-int -Wno-error=int-conversion -Wno-error=incompatible-function-pointer-types -Wno-error=incompatible-pointer-types -Wno-error=return-type -isysroot /Applications/Xcode.app/Contents/Developer/Platforms/MacOSX.platform/Developer/SDKs/MacOSX.sdk -arch arm64 -DDEFAULT_CONFIG_PATH=\"./lib\" -DDEFAULT_LIB_PATH=\"./lib\" -DDEFAULT_DATA_PATH=\"./lib/data\" -c -o effects.o effects.c
clang -Wall -std=gnu99 -O2 -I. -DUSE_GCU -DUSE_TRANSPARENCY -DHAVE_MKSTEMP -DPRIVATE_USER_PATH=\"~/Library/Preferences\" -DUSE_PRIVATE_PATHS -DALLOW_WIZARD -DNCURSES_OPAQUE=0 -Wno-error=implicit-function-declaration -Wno-error=implicit-int -Wno-error=int-conversion -Wno-error=incompatible-function-pointer-types -Wno-error=incompatible-pointer-types -Wno-error=return-type -isysroot /Applications/Xcode.app/Contents/Developer/Platforms/MacOSX.platform/Developer/SDKs/MacOSX.sdk -arch arm64 -DDEFAULT_CONFIG_PATH=\"./lib\" -DDEFAULT_LIB_PATH=\"./lib\" -DDEFAULT_DATA_PATH=\"./lib/data\" -c -o files.o files.c
clang -Wall -std=gnu99 -O2 -I. -DUSE_GCU -DUSE_TRANSPARENCY -DHAVE_MKSTEMP -DPRIVATE_USER_PATH=\"~/Library/Preferences\" -DUSE_PRIVATE_PATHS -DALLOW_WIZARD -DNCURSES_OPAQUE=0 -Wno-error=implicit-function-declaration -Wno-error=implicit-int -Wno-error=int-conversion -Wno-error=incompatible-function-pointer-types -Wno-error=incompatible-pointer-types -Wno-error=return-type -isysroot /Applications/Xcode.app/Contents/Developer/Platforms/MacOSX.platform/Developer/SDKs/MacOSX.sdk -arch arm64 -DDEFAULT_CONFIG_PATH=\"./lib\" -DDEFAULT_LIB_PATH=\"./lib\" -DDEFAULT_DATA_PATH=\"./lib/data\" -c -o game-cmd.o game-cmd.c
clang -Wall -std=gnu99 -O2 -I. -DUSE_GCU -DUSE_TRANSPARENCY -DHAVE_MKSTEMP -DPRIVATE_USER_PATH=\"~/Library/Preferences\" -DUSE_PRIVATE_PATHS -DALLOW_WIZARD -DNCURSES_OPAQUE=0 -Wno-error=implicit-function-declaration -Wno-error=implicit-int -Wno-error=int-conversion -Wno-error=incompatible-function-pointer-types -Wno-error=incompatible-pointer-types -Wno-error=return-type -isysroot /Applications/Xcode.app/Contents/Developer/Platforms/MacOSX.platform/Developer/SDKs/MacOSX.sdk -arch arm64 -DDEFAULT_CONFIG_PATH=\"./lib\" -DDEFAULT_LIB_PATH=\"./lib\" -DDEFAULT_DATA_PATH=\"./lib/data\" -c -o game-event.o game-event.c
clang -Wall -std=gnu99 -O2 -I. -DUSE_GCU -DUSE_TRANSPARENCY -DHAVE_MKSTEMP -DPRIVATE_USER_PATH=\"~/Library/Preferences\" -DUSE_PRIVATE_PATHS -DALLOW_WIZARD -DNCURSES_OPAQUE=0 -Wno-error=implicit-function-declaration -Wno-error=implicit-int -Wno-error=int-conversion -Wno-error=incompatible-function-pointer-types -Wno-error=incompatible-pointer-types -Wno-error=return-type -isysroot /Applications/Xcode.app/Contents/Developer/Platforms/MacOSX.platform/Developer/SDKs/MacOSX.sdk -arch arm64 -DDEFAULT_CONFIG_PATH=\"./lib\" -DDEFAULT_LIB_PATH=\"./lib\" -DDEFAULT_DATA_PATH=\"./lib/data\" -c -o generate.o generate.c
clang -Wall -std=gnu99 -O2 -I. -DUSE_GCU -DUSE_TRANSPARENCY -DHAVE_MKSTEMP -DPRIVATE_USER_PATH=\"~/Library/Preferences\" -DUSE_PRIVATE_PATHS -DALLOW_WIZARD -DNCURSES_OPAQUE=0 -Wno-error=implicit-function-declaration -Wno-error=implicit-int -Wno-error=int-conversion -Wno-error=incompatible-function-pointer-types -Wno-error=incompatible-pointer-types -Wno-error=return-type -isysroot /Applications/Xcode.app/Contents/Developer/Platforms/MacOSX.platform/Developer/SDKs/MacOSX.sdk -arch arm64 -DDEFAULT_CONFIG_PATH=\"./lib\" -DDEFAULT_LIB_PATH=\"./lib\" -DDEFAULT_DATA_PATH=\"./lib/data\" -c -o history.o history.c
clang -Wall -std=gnu99 -O2 -I. -DUSE_GCU -DUSE_TRANSPARENCY -DHAVE_MKSTEMP -DPRIVATE_USER_PATH=\"~/Library/Preferences\" -DUSE_PRIVATE_PATHS -DALLOW_WIZARD -DNCURSES_OPAQUE=0 -Wno-error=implicit-function-declaration -Wno-error=implicit-int -Wno-error=int-conversion -Wno-error=incompatible-function-pointer-types -Wno-error=incompatible-pointer-types -Wno-error=return-type -isysroot /Applications/Xcode.app/Contents/Developer/Platforms/MacOSX.platform/Developer/SDKs/MacOSX.sdk -arch arm64 -DDEFAULT_CONFIG_PATH=\"./lib\" -DDEFAULT_LIB_PATH=\"./lib\" -DDEFAULT_DATA_PATH=\"./lib/data\" -c -o init2.o init2.c
clang -Wall -std=gnu99 -O2 -I. -DUSE_GCU -DUSE_TRANSPARENCY -DHAVE_MKSTEMP -DPRIVATE_USER_PATH=\"~/Library/Preferences\" -DUSE_PRIVATE_PATHS -DALLOW_WIZARD -DNCURSES_OPAQUE=0 -Wno-error=implicit-function-declaration -Wno-error=implicit-int -Wno-error=int-conversion -Wno-error=incompatible-function-pointer-types -Wno-error=incompatible-pointer-types -Wno-error=return-type -isysroot /Applications/Xcode.app/Contents/Developer/Platforms/MacOSX.platform/Developer/SDKs/MacOSX.sdk -arch arm64 -DDEFAULT_CONFIG_PATH=\"./lib\" -DDEFAULT_LIB_PATH=\"./lib\" -DDEFAULT_DATA_PATH=\"./lib/data\" -c -o load.o load.c
clang -Wall -std=gnu99 -O2 -I. -DUSE_GCU -DUSE_TRANSPARENCY -DHAVE_MKSTEMP -DPRIVATE_USER_PATH=\"~/Library/Preferences\" -DUSE_PRIVATE_PATHS -DALLOW_WIZARD -DNCURSES_OPAQUE=0 -Wno-error=implicit-function-declaration -Wno-error=implicit-int -Wno-error=int-conversion -Wno-error=incompatible-function-pointer-types -Wno-error=incompatible-pointer-types -Wno-error=return-type -isysroot /Applications/Xcode.app/Contents/Developer/Platforms/MacOSX.platform/Developer/SDKs/MacOSX.sdk -arch arm64 -DDEFAULT_CONFIG_PATH=\"./lib\" -DDEFAULT_LIB_PATH=\"./lib\" -DDEFAULT_DATA_PATH=\"./lib/data\" -c -o load-old.o load-old.c
clang -Wall -std=gnu99 -O2 -I. -DUSE_GCU -DUSE_TRANSPARENCY -DHAVE_MKSTEMP -DPRIVATE_USER_PATH=\"~/Library/Preferences\" -DUSE_PRIVATE_PATHS -DALLOW_WIZARD -DNCURSES_OPAQUE=0 -Wno-error=implicit-function-declaration -Wno-error=implicit-int -Wno-error=int-conversion -Wno-error=incompatible-function-pointer-types -Wno-error=incompatible-pointer-types -Wno-error=return-type -isysroot /Applications/Xcode.app/Contents/Developer/Platforms/MacOSX.platform/Developer/SDKs/MacOSX.sdk -arch arm64 -DDEFAULT_CONFIG_PATH=\"./lib\" -DDEFAULT_LIB_PATH=\"./lib\" -DDEFAULT_DATA_PATH=\"./lib/data\" -c -o macro.o macro.c
clang -Wall -std=gnu99 -O2 -I. -DUSE_GCU -DUSE_TRANSPARENCY -DHAVE_MKSTEMP -DPRIVATE_USER_PATH=\"~/Library/Preferences\" -DUSE_PRIVATE_PATHS -DALLOW_WIZARD -DNCURSES_OPAQUE=0 -Wno-error=implicit-function-declaration -Wno-error=implicit-int -Wno-error=int-conversion -Wno-error=incompatible-function-pointer-types -Wno-error=incompatible-pointer-types -Wno-error=return-type -isysroot /Applications/Xcode.app/Contents/Developer/Platforms/MacOSX.platform/Developer/SDKs/MacOSX.sdk -arch arm64 -DDEFAULT_CONFIG_PATH=\"./lib\" -DDEFAULT_LIB_PATH=\"./lib\" -DDEFAULT_DATA_PATH=\"./lib/data\" -c -o option.o option.c
clang -Wall -std=gnu99 -O2 -I. -DUSE_GCU -DUSE_TRANSPARENCY -DHAVE_MKSTEMP -DPRIVATE_USER_PATH=\"~/Library/Preferences\" -DUSE_PRIVATE_PATHS -DALLOW_WIZARD -DNCURSES_OPAQUE=0 -Wno-error=implicit-function-declaration -Wno-error=implicit-int -Wno-error=int-conversion -Wno-error=incompatible-function-pointer-types -Wno-error=incompatible-pointer-types -Wno-error=return-type -isysroot /Applications/Xcode.app/Contents/Developer/Platforms/MacOSX.platform/Developer/SDKs/MacOSX.sdk -arch arm64 -DDEFAULT_CONFIG_PATH=\"./lib\" -DDEFAULT_LIB_PATH=\"./lib\" -DDEFAULT_DATA_PATH=\"./lib/data\" -c -o parser.o parser.c
parser.c:228:8: warning: variable 'iline' set but not used [-Wunused-but-set-variable]
  228 |         char *iline;
      |               ^
1 warning generated.
clang -Wall -std=gnu99 -O2 -I. -DUSE_GCU -DUSE_TRANSPARENCY -DHAVE_MKSTEMP -DPRIVATE_USER_PATH=\"~/Library/Preferences\" -DUSE_PRIVATE_PATHS -DALLOW_WIZARD -DNCURSES_OPAQUE=0 -Wno-error=implicit-function-declaration -Wno-error=implicit-int -Wno-error=int-conversion -Wno-error=incompatible-function-pointer-types -Wno-error=incompatible-pointer-types -Wno-error=return-type -isysroot /Applications/Xcode.app/Contents/Developer/Platforms/MacOSX.platform/Developer/SDKs/MacOSX.sdk -arch arm64 -DDEFAULT_CONFIG_PATH=\"./lib\" -DDEFAULT_LIB_PATH=\"./lib\" -DDEFAULT_DATA_PATH=\"./lib/data\" -c -o randname.o randname.c
clang -Wall -std=gnu99 -O2 -I. -DUSE_GCU -DUSE_TRANSPARENCY -DHAVE_MKSTEMP -DPRIVATE_USER_PATH=\"~/Library/Preferences\" -DUSE_PRIVATE_PATHS -DALLOW_WIZARD -DNCURSES_OPAQUE=0 -Wno-error=implicit-function-declaration -Wno-error=implicit-int -Wno-error=int-conversion -Wno-error=incompatible-function-pointer-types -Wno-error=incompatible-pointer-types -Wno-error=return-type -isysroot /Applications/Xcode.app/Contents/Developer/Platforms/MacOSX.platform/Developer/SDKs/MacOSX.sdk -arch arm64 -DDEFAULT_CONFIG_PATH=\"./lib\" -DDEFAULT_LIB_PATH=\"./lib\" -DDEFAULT_DATA_PATH=\"./lib/data\" -c -o pathfind.o pathfind.c
pathfind.c:705:6: warning: variable 'check_dir' set but not used [-Wunused-but-set-variable]
  705 |         int check_dir = 0;
      |             ^
1 warning generated.
clang -Wall -std=gnu99 -O2 -I. -DUSE_GCU -DUSE_TRANSPARENCY -DHAVE_MKSTEMP -DPRIVATE_USER_PATH=\"~/Library/Preferences\" -DUSE_PRIVATE_PATHS -DALLOW_WIZARD -DNCURSES_OPAQUE=0 -Wno-error=implicit-function-declaration -Wno-error=implicit-int -Wno-error=int-conversion -Wno-error=incompatible-function-pointer-types -Wno-error=incompatible-pointer-types -Wno-error=return-type -isysroot /Applications/Xcode.app/Contents/Developer/Platforms/MacOSX.platform/Developer/SDKs/MacOSX.sdk -arch arm64 -DDEFAULT_CONFIG_PATH=\"./lib\" -DDEFAULT_LIB_PATH=\"./lib\" -DDEFAULT_DATA_PATH=\"./lib/data\" -c -o prefs.o prefs.c
prefs.c:1232:6: warning: variable 'line_no' set but not used [-Wunused-but-set-variable]
 1232 |         int line_no = 0;
      |             ^
1 warning generated.
clang -Wall -std=gnu99 -O2 -I. -DUSE_GCU -DUSE_TRANSPARENCY -DHAVE_MKSTEMP -DPRIVATE_USER_PATH=\"~/Library/Preferences\" -DUSE_PRIVATE_PATHS -DALLOW_WIZARD -DNCURSES_OPAQUE=0 -Wno-error=implicit-function-declaration -Wno-error=implicit-int -Wno-error=int-conversion -Wno-error=incompatible-function-pointer-types -Wno-error=incompatible-pointer-types -Wno-error=return-type -isysroot /Applications/Xcode.app/Contents/Developer/Platforms/MacOSX.platform/Developer/SDKs/MacOSX.sdk -arch arm64 -DDEFAULT_CONFIG_PATH=\"./lib\" -DDEFAULT_LIB_PATH=\"./lib\" -DDEFAULT_DATA_PATH=\"./lib/data\" -c -o score.o score.c
clang -Wall -std=gnu99 -O2 -I. -DUSE_GCU -DUSE_TRANSPARENCY -DHAVE_MKSTEMP -DPRIVATE_USER_PATH=\"~/Library/Preferences\" -DUSE_PRIVATE_PATHS -DALLOW_WIZARD -DNCURSES_OPAQUE=0 -Wno-error=implicit-function-declaration -Wno-error=implicit-int -Wno-error=int-conversion -Wno-error=incompatible-function-pointer-types -Wno-error=incompatible-pointer-types -Wno-error=return-type -isysroot /Applications/Xcode.app/Contents/Developer/Platforms/MacOSX.platform/Developer/SDKs/MacOSX.sdk -arch arm64 -DDEFAULT_CONFIG_PATH=\"./lib\" -DDEFAULT_LIB_PATH=\"./lib\" -DDEFAULT_DATA_PATH=\"./lib/data\" -c -o signals.o signals.c
clang -Wall -std=gnu99 -O2 -I. -DUSE_GCU -DUSE_TRANSPARENCY -DHAVE_MKSTEMP -DPRIVATE_USER_PATH=\"~/Library/Preferences\" -DUSE_PRIVATE_PATHS -DALLOW_WIZARD -DNCURSES_OPAQUE=0 -Wno-error=implicit-function-declaration -Wno-error=implicit-int -Wno-error=int-conversion -Wno-error=incompatible-function-pointer-types -Wno-error=incompatible-pointer-types -Wno-error=return-type -isysroot /Applications/Xcode.app/Contents/Developer/Platforms/MacOSX.platform/Developer/SDKs/MacOSX.sdk -arch arm64 -DDEFAULT_CONFIG_PATH=\"./lib\" -DDEFAULT_LIB_PATH=\"./lib\" -DDEFAULT_DATA_PATH=\"./lib/data\" -c -o save.o save.c
clang -Wall -std=gnu99 -O2 -I. -DUSE_GCU -DUSE_TRANSPARENCY -DHAVE_MKSTEMP -DPRIVATE_USER_PATH=\"~/Library/Preferences\" -DUSE_PRIVATE_PATHS -DALLOW_WIZARD -DNCURSES_OPAQUE=0 -Wno-error=implicit-function-declaration -Wno-error=implicit-int -Wno-error=int-conversion -Wno-error=incompatible-function-pointer-types -Wno-error=incompatible-pointer-types -Wno-error=return-type -isysroot /Applications/Xcode.app/Contents/Developer/Platforms/MacOSX.platform/Developer/SDKs/MacOSX.sdk -arch arm64 -DDEFAULT_CONFIG_PATH=\"./lib\" -DDEFAULT_LIB_PATH=\"./lib\" -DDEFAULT_DATA_PATH=\"./lib/data\" -c -o savefile.o savefile.c
savefile.c:296:34: warning: variable 'block_checksum' set but not used [-Wunused-but-set-variable]
  296 |         u32b block_version, block_size, block_checksum;
      |                                         ^
1 warning generated.
clang -Wall -std=gnu99 -O2 -I. -DUSE_GCU -DUSE_TRANSPARENCY -DHAVE_MKSTEMP -DPRIVATE_USER_PATH=\"~/Library/Preferences\" -DUSE_PRIVATE_PATHS -DALLOW_WIZARD -DNCURSES_OPAQUE=0 -Wno-error=implicit-function-declaration -Wno-error=implicit-int -Wno-error=int-conversion -Wno-error=incompatible-function-pointer-types -Wno-error=incompatible-pointer-types -Wno-error=return-type -isysroot /Applications/Xcode.app/Contents/Developer/Platforms/MacOSX.platform/Developer/SDKs/MacOSX.sdk -arch arm64 -DDEFAULT_CONFIG_PATH=\"./lib\" -DDEFAULT_LIB_PATH=\"./lib\" -DDEFAULT_DATA_PATH=\"./lib/data\" -c -o spells1.o spells1.c
spells1.c:1096:3: warning: call to undeclared function 'hp_player'; ISO C99 and later do not support implicit function declarations [-Wimplicit-function-declaration]
 1096 |                 hp_player(dam * (p_ptr->lev) / 50);
      |                 ^
spells1.c:2024:7: warning: variable 'name' set but not used [-Wunused-but-set-variable]
 2024 |         cptr name;
      |              ^
2 warnings generated.
clang -Wall -std=gnu99 -O2 -I. -DUSE_GCU -DUSE_TRANSPARENCY -DHAVE_MKSTEMP -DPRIVATE_USER_PATH=\"~/Library/Preferences\" -DUSE_PRIVATE_PATHS -DALLOW_WIZARD -DNCURSES_OPAQUE=0 -Wno-error=implicit-function-declaration -Wno-error=implicit-int -Wno-error=int-conversion -Wno-error=incompatible-function-pointer-types -Wno-error=incompatible-pointer-types -Wno-error=return-type -isysroot /Applications/Xcode.app/Contents/Developer/Platforms/MacOSX.platform/Developer/SDKs/MacOSX.sdk -arch arm64 -DDEFAULT_CONFIG_PATH=\"./lib\" -DDEFAULT_LIB_PATH=\"./lib\" -DDEFAULT_DATA_PATH=\"./lib/data\" -c -o spells2.o spells2.c
clang -Wall -std=gnu99 -O2 -I. -DUSE_GCU -DUSE_TRANSPARENCY -DHAVE_MKSTEMP -DPRIVATE_USER_PATH=\"~/Library/Preferences\" -DUSE_PRIVATE_PATHS -DALLOW_WIZARD -DNCURSES_OPAQUE=0 -Wno-error=implicit-function-declaration -Wno-error=implicit-int -Wno-error=int-conversion -Wno-error=incompatible-function-pointer-types -Wno-error=incompatible-pointer-types -Wno-error=return-type -isysroot /Applications/Xcode.app/Contents/Developer/Platforms/MacOSX.platform/Developer/SDKs/MacOSX.sdk -arch arm64 -DDEFAULT_CONFIG_PATH=\"./lib\" -DDEFAULT_LIB_PATH=\"./lib\" -DDEFAULT_DATA_PATH=\"./lib/data\" -c -o squelch.o squelch.c
clang -Wall -std=gnu99 -O2 -I. -DUSE_GCU -DUSE_TRANSPARENCY -DHAVE_MKSTEMP -DPRIVATE_USER_PATH=\"~/Library/Preferences\" -DUSE_PRIVATE_PATHS -DALLOW_WIZARD -DNCURSES_OPAQUE=0 -Wno-error=implicit-function-declaration -Wno-error=implicit-int -Wno-error=int-conversion -Wno-error=incompatible-function-pointer-types -Wno-error=incompatible-pointer-types -Wno-error=return-type -isysroot /Applications/Xcode.app/Contents/Developer/Platforms/MacOSX.platform/Developer/SDKs/MacOSX.sdk -arch arm64 -DDEFAULT_CONFIG_PATH=\"./lib\" -DDEFAULT_LIB_PATH=\"./lib\" -DDEFAULT_DATA_PATH=\"./lib/data\" -c -o store.o store.c
store.c:3066:24: warning: unused variable 'store_know_menu' [-Wunused-const-variable]
 3066 | static const menu_iter store_know_menu =
      |                        ^~~~~~~~~~~~~~~
1 warning generated.
clang -Wall -std=gnu99 -O2 -I. -DUSE_GCU -DUSE_TRANSPARENCY -DHAVE_MKSTEMP -DPRIVATE_USER_PATH=\"~/Library/Preferences\" -DUSE_PRIVATE_PATHS -DALLOW_WIZARD -DNCURSES_OPAQUE=0 -Wno-error=implicit-function-declaration -Wno-error=implicit-int -Wno-error=int-conversion -Wno-error=incompatible-function-pointer-types -Wno-error=incompatible-pointer-types -Wno-error=return-type -isysroot /Applications/Xcode.app/Contents/Developer/Platforms/MacOSX.platform/Developer/SDKs/MacOSX.sdk -arch arm64 -DDEFAULT_CONFIG_PATH=\"./lib\" -DDEFAULT_LIB_PATH=\"./lib\" -DDEFAULT_DATA_PATH=\"./lib/data\" -c -o tables.o tables.c
clang -Wall -std=gnu99 -O2 -I. -DUSE_GCU -DUSE_TRANSPARENCY -DHAVE_MKSTEMP -DPRIVATE_USER_PATH=\"~/Library/Preferences\" -DUSE_PRIVATE_PATHS -DALLOW_WIZARD -DNCURSES_OPAQUE=0 -Wno-error=implicit-function-declaration -Wno-error=implicit-int -Wno-error=int-conversion -Wno-error=incompatible-function-pointer-types -Wno-error=incompatible-pointer-types -Wno-error=return-type -isysroot /Applications/Xcode.app/Contents/Developer/Platforms/MacOSX.platform/Developer/SDKs/MacOSX.sdk -arch arm64 -DDEFAULT_CONFIG_PATH=\"./lib\" -DDEFAULT_LIB_PATH=\"./lib\" -DDEFAULT_DATA_PATH=\"./lib/data\" -c -o target.o target.c
target.c:613:7: warning: variable 'floored' set but not used [-Wunused-but-set-variable]
  613 |         bool floored;
      |              ^
1 warning generated.
clang -Wall -std=gnu99 -O2 -I. -DUSE_GCU -DUSE_TRANSPARENCY -DHAVE_MKSTEMP -DPRIVATE_USER_PATH=\"~/Library/Preferences\" -DUSE_PRIVATE_PATHS -DALLOW_WIZARD -DNCURSES_OPAQUE=0 -Wno-error=implicit-function-declaration -Wno-error=implicit-int -Wno-error=int-conversion -Wno-error=incompatible-function-pointer-types -Wno-error=incompatible-pointer-types -Wno-error=return-type -isysroot /Applications/Xcode.app/Contents/Developer/Platforms/MacOSX.platform/Developer/SDKs/MacOSX.sdk -arch arm64 -DDEFAULT_CONFIG_PATH=\"./lib\" -DDEFAULT_LIB_PATH=\"./lib\" -DDEFAULT_DATA_PATH=\"./lib/data\" -c -o trap.o trap.c
clang -Wall -std=gnu99 -O2 -I. -DUSE_GCU -DUSE_TRANSPARENCY -DHAVE_MKSTEMP -DPRIVATE_USER_PATH=\"~/Library/Preferences\" -DUSE_PRIVATE_PATHS -DALLOW_WIZARD -DNCURSES_OPAQUE=0 -Wno-error=implicit-function-declaration -Wno-error=implicit-int -Wno-error=int-conversion -Wno-error=incompatible-function-pointer-types -Wno-error=incompatible-pointer-types -Wno-error=return-type -isysroot /Applications/Xcode.app/Contents/Developer/Platforms/MacOSX.platform/Developer/SDKs/MacOSX.sdk -arch arm64 -DDEFAULT_CONFIG_PATH=\"./lib\" -DDEFAULT_LIB_PATH=\"./lib\" -DDEFAULT_DATA_PATH=\"./lib/data\" -c -o ui.o ui.c
clang -Wall -std=gnu99 -O2 -I. -DUSE_GCU -DUSE_TRANSPARENCY -DHAVE_MKSTEMP -DPRIVATE_USER_PATH=\"~/Library/Preferences\" -DUSE_PRIVATE_PATHS -DALLOW_WIZARD -DNCURSES_OPAQUE=0 -Wno-error=implicit-function-declaration -Wno-error=implicit-int -Wno-error=int-conversion -Wno-error=incompatible-function-pointer-types -Wno-error=incompatible-pointer-types -Wno-error=return-type -isysroot /Applications/Xcode.app/Contents/Developer/Platforms/MacOSX.platform/Developer/SDKs/MacOSX.sdk -arch arm64 -DDEFAULT_CONFIG_PATH=\"./lib\" -DDEFAULT_LIB_PATH=\"./lib\" -DDEFAULT_DATA_PATH=\"./lib/data\" -c -o ui-birth.o ui-birth.c
clang -Wall -std=gnu99 -O2 -I. -DUSE_GCU -DUSE_TRANSPARENCY -DHAVE_MKSTEMP -DPRIVATE_USER_PATH=\"~/Library/Preferences\" -DUSE_PRIVATE_PATHS -DALLOW_WIZARD -DNCURSES_OPAQUE=0 -Wno-error=implicit-function-declaration -Wno-error=implicit-int -Wno-error=int-conversion -Wno-error=incompatible-function-pointer-types -Wno-error=incompatible-pointer-types -Wno-error=return-type -isysroot /Applications/Xcode.app/Contents/Developer/Platforms/MacOSX.platform/Developer/SDKs/MacOSX.sdk -arch arm64 -DDEFAULT_CONFIG_PATH=\"./lib\" -DDEFAULT_LIB_PATH=\"./lib\" -DDEFAULT_DATA_PATH=\"./lib/data\" -c -o ui-knowledge.o ui-knowledge.c
clang -Wall -std=gnu99 -O2 -I. -DUSE_GCU -DUSE_TRANSPARENCY -DHAVE_MKSTEMP -DPRIVATE_USER_PATH=\"~/Library/Preferences\" -DUSE_PRIVATE_PATHS -DALLOW_WIZARD -DNCURSES_OPAQUE=0 -Wno-error=implicit-function-declaration -Wno-error=implicit-int -Wno-error=int-conversion -Wno-error=incompatible-function-pointer-types -Wno-error=incompatible-pointer-types -Wno-error=return-type -isysroot /Applications/Xcode.app/Contents/Developer/Platforms/MacOSX.platform/Developer/SDKs/MacOSX.sdk -arch arm64 -DDEFAULT_CONFIG_PATH=\"./lib\" -DDEFAULT_LIB_PATH=\"./lib\" -DDEFAULT_DATA_PATH=\"./lib/data\" -c -o ui-menu.o ui-menu.c
ui-menu.c:630:8: warning: variable 'ignore' set but not used [-Wunused-but-set-variable]
  630 |                 bool ignore;
      |                      ^
1 warning generated.
clang -Wall -std=gnu99 -O2 -I. -DUSE_GCU -DUSE_TRANSPARENCY -DHAVE_MKSTEMP -DPRIVATE_USER_PATH=\"~/Library/Preferences\" -DUSE_PRIVATE_PATHS -DALLOW_WIZARD -DNCURSES_OPAQUE=0 -Wno-error=implicit-function-declaration -Wno-error=implicit-int -Wno-error=int-conversion -Wno-error=incompatible-function-pointer-types -Wno-error=incompatible-pointer-types -Wno-error=return-type -isysroot /Applications/Xcode.app/Contents/Developer/Platforms/MacOSX.platform/Developer/SDKs/MacOSX.sdk -arch arm64 -DDEFAULT_CONFIG_PATH=\"./lib\" -DDEFAULT_LIB_PATH=\"./lib\" -DDEFAULT_DATA_PATH=\"./lib/data\" -c -o ui-options.o ui-options.c
ui-options.c:1293:6: warning: variable 'cursor' set but not used [-Wunused-but-set-variable]
 1293 |         int cursor;
      |             ^
1 warning generated.
clang -Wall -std=gnu99 -O2 -I. -DUSE_GCU -DUSE_TRANSPARENCY -DHAVE_MKSTEMP -DPRIVATE_USER_PATH=\"~/Library/Preferences\" -DUSE_PRIVATE_PATHS -DALLOW_WIZARD -DNCURSES_OPAQUE=0 -Wno-error=implicit-function-declaration -Wno-error=implicit-int -Wno-error=int-conversion -Wno-error=incompatible-function-pointer-types -Wno-error=incompatible-pointer-types -Wno-error=return-type -isysroot /Applications/Xcode.app/Contents/Developer/Platforms/MacOSX.platform/Developer/SDKs/MacOSX.sdk -arch arm64 -DDEFAULT_CONFIG_PATH=\"./lib\" -DDEFAULT_LIB_PATH=\"./lib\" -DDEFAULT_DATA_PATH=\"./lib/data\" -c -o util.o util.c
util.c:701:7: warning: variable 'ch' set but not used [-Wunused-but-set-variable]
  701 |         char ch;
      |              ^
1 warning generated.
clang -Wall -std=gnu99 -O2 -I. -DUSE_GCU -DUSE_TRANSPARENCY -DHAVE_MKSTEMP -DPRIVATE_USER_PATH=\"~/Library/Preferences\" -DUSE_PRIVATE_PATHS -DALLOW_WIZARD -DNCURSES_OPAQUE=0 -Wno-error=implicit-function-declaration -Wno-error=implicit-int -Wno-error=int-conversion -Wno-error=incompatible-function-pointer-types -Wno-error=incompatible-pointer-types -Wno-error=return-type -isysroot /Applications/Xcode.app/Contents/Developer/Platforms/MacOSX.platform/Developer/SDKs/MacOSX.sdk -arch arm64 -DDEFAULT_CONFIG_PATH=\"./lib\" -DDEFAULT_LIB_PATH=\"./lib\" -DDEFAULT_DATA_PATH=\"./lib/data\" -c -o variable.o variable.c
clang -Wall -std=gnu99 -O2 -I. -DUSE_GCU -DUSE_TRANSPARENCY -DHAVE_MKSTEMP -DPRIVATE_USER_PATH=\"~/Library/Preferences\" -DUSE_PRIVATE_PATHS -DALLOW_WIZARD -DNCURSES_OPAQUE=0 -Wno-error=implicit-function-declaration -Wno-error=implicit-int -Wno-error=int-conversion -Wno-error=incompatible-function-pointer-types -Wno-error=incompatible-pointer-types -Wno-error=return-type -isysroot /Applications/Xcode.app/Contents/Developer/Platforms/MacOSX.platform/Developer/SDKs/MacOSX.sdk -arch arm64 -DDEFAULT_CONFIG_PATH=\"./lib\" -DDEFAULT_LIB_PATH=\"./lib\" -DDEFAULT_DATA_PATH=\"./lib/data\" -c -o wiz-spoil.o wiz-spoil.c
clang -Wall -std=gnu99 -O2 -I. -DUSE_GCU -DUSE_TRANSPARENCY -DHAVE_MKSTEMP -DPRIVATE_USER_PATH=\"~/Library/Preferences\" -DUSE_PRIVATE_PATHS -DALLOW_WIZARD -DNCURSES_OPAQUE=0 -Wno-error=implicit-function-declaration -Wno-error=implicit-int -Wno-error=int-conversion -Wno-error=incompatible-function-pointer-types -Wno-error=incompatible-pointer-types -Wno-error=return-type -isysroot /Applications/Xcode.app/Contents/Developer/Platforms/MacOSX.platform/Developer/SDKs/MacOSX.sdk -arch arm64 -DDEFAULT_CONFIG_PATH=\"./lib\" -DDEFAULT_LIB_PATH=\"./lib\" -DDEFAULT_DATA_PATH=\"./lib/data\" -c -o wiz-stats.o wiz-stats.c
clang -Wall -std=gnu99 -O2 -I. -DUSE_GCU -DUSE_TRANSPARENCY -DHAVE_MKSTEMP -DPRIVATE_USER_PATH=\"~/Library/Preferences\" -DUSE_PRIVATE_PATHS -DALLOW_WIZARD -DNCURSES_OPAQUE=0 -Wno-error=implicit-function-declaration -Wno-error=implicit-int -Wno-error=int-conversion -Wno-error=incompatible-function-pointer-types -Wno-error=incompatible-pointer-types -Wno-error=return-type -isysroot /Applications/Xcode.app/Contents/Developer/Platforms/MacOSX.platform/Developer/SDKs/MacOSX.sdk -arch arm64 -DDEFAULT_CONFIG_PATH=\"./lib\" -DDEFAULT_LIB_PATH=\"./lib\" -DDEFAULT_DATA_PATH=\"./lib/data\" -c -o wizard.o wizard.c
clang -Wall -std=gnu99 -O2 -I. -DUSE_GCU -DUSE_TRANSPARENCY -DHAVE_MKSTEMP -DPRIVATE_USER_PATH=\"~/Library/Preferences\" -DUSE_PRIVATE_PATHS -DALLOW_WIZARD -DNCURSES_OPAQUE=0 -Wno-error=implicit-function-declaration -Wno-error=implicit-int -Wno-error=int-conversion -Wno-error=incompatible-function-pointer-types -Wno-error=incompatible-pointer-types -Wno-error=return-type -isysroot /Applications/Xcode.app/Contents/Developer/Platforms/MacOSX.platform/Developer/SDKs/MacOSX.sdk -arch arm64 -DDEFAULT_CONFIG_PATH=\"./lib\" -DDEFAULT_LIB_PATH=\"./lib\" -DDEFAULT_DATA_PATH=\"./lib/data\" -c -o x-char.o x-char.c
clang -Wall -std=gnu99 -O2 -I. -DUSE_GCU -DUSE_TRANSPARENCY -DHAVE_MKSTEMP -DPRIVATE_USER_PATH=\"~/Library/Preferences\" -DUSE_PRIVATE_PATHS -DALLOW_WIZARD -DNCURSES_OPAQUE=0 -Wno-error=implicit-function-declaration -Wno-error=implicit-int -Wno-error=int-conversion -Wno-error=incompatible-function-pointer-types -Wno-error=incompatible-pointer-types -Wno-error=return-type -isysroot /Applications/Xcode.app/Contents/Developer/Platforms/MacOSX.platform/Developer/SDKs/MacOSX.sdk -arch arm64 -DDEFAULT_CONFIG_PATH=\"./lib\" -DDEFAULT_LIB_PATH=\"./lib\" -DDEFAULT_DATA_PATH=\"./lib/data\" -c -o xtra2.o xtra2.c
clang -Wall -std=gnu99 -O2 -I. -DUSE_GCU -DUSE_TRANSPARENCY -DHAVE_MKSTEMP -DPRIVATE_USER_PATH=\"~/Library/Preferences\" -DUSE_PRIVATE_PATHS -DALLOW_WIZARD -DNCURSES_OPAQUE=0 -Wno-error=implicit-function-declaration -Wno-error=implicit-int -Wno-error=int-conversion -Wno-error=incompatible-function-pointer-types -Wno-error=incompatible-pointer-types -Wno-error=return-type -isysroot /Applications/Xcode.app/Contents/Developer/Platforms/MacOSX.platform/Developer/SDKs/MacOSX.sdk -arch arm64 -DDEFAULT_CONFIG_PATH=\"./lib\" -DDEFAULT_LIB_PATH=\"./lib\" -DDEFAULT_DATA_PATH=\"./lib/data\" -c -o xtra3.o xtra3.c
clang -Wall -std=gnu99 -O2 -I. -DUSE_GCU -DUSE_TRANSPARENCY -DHAVE_MKSTEMP -DPRIVATE_USER_PATH=\"~/Library/Preferences\" -DUSE_PRIVATE_PATHS -DALLOW_WIZARD -DNCURSES_OPAQUE=0 -Wno-error=implicit-function-declaration -Wno-error=implicit-int -Wno-error=int-conversion -Wno-error=incompatible-function-pointer-types -Wno-error=incompatible-pointer-types -Wno-error=return-type -isysroot /Applications/Xcode.app/Contents/Developer/Platforms/MacOSX.platform/Developer/SDKs/MacOSX.sdk -arch arm64 -DDEFAULT_CONFIG_PATH=\"./lib\" -DDEFAULT_LIB_PATH=\"./lib\" -DDEFAULT_DATA_PATH=\"./lib/data\" -c -o z-bitflag.o z-bitflag.c
clang -Wall -std=gnu99 -O2 -I. -DUSE_GCU -DUSE_TRANSPARENCY -DHAVE_MKSTEMP -DPRIVATE_USER_PATH=\"~/Library/Preferences\" -DUSE_PRIVATE_PATHS -DALLOW_WIZARD -DNCURSES_OPAQUE=0 -Wno-error=implicit-function-declaration -Wno-error=implicit-int -Wno-error=int-conversion -Wno-error=incompatible-function-pointer-types -Wno-error=incompatible-pointer-types -Wno-error=return-type -isysroot /Applications/Xcode.app/Contents/Developer/Platforms/MacOSX.platform/Developer/SDKs/MacOSX.sdk -arch arm64 -DDEFAULT_CONFIG_PATH=\"./lib\" -DDEFAULT_LIB_PATH=\"./lib\" -DDEFAULT_DATA_PATH=\"./lib/data\" -c -o z-file.o z-file.c
clang -Wall -std=gnu99 -O2 -I. -DUSE_GCU -DUSE_TRANSPARENCY -DHAVE_MKSTEMP -DPRIVATE_USER_PATH=\"~/Library/Preferences\" -DUSE_PRIVATE_PATHS -DALLOW_WIZARD -DNCURSES_OPAQUE=0 -Wno-error=implicit-function-declaration -Wno-error=implicit-int -Wno-error=int-conversion -Wno-error=incompatible-function-pointer-types -Wno-error=incompatible-pointer-types -Wno-error=return-type -isysroot /Applications/Xcode.app/Contents/Developer/Platforms/MacOSX.platform/Developer/SDKs/MacOSX.sdk -arch arm64 -DDEFAULT_CONFIG_PATH=\"./lib\" -DDEFAULT_LIB_PATH=\"./lib\" -DDEFAULT_DATA_PATH=\"./lib/data\" -c -o z-form.o z-form.c
clang -Wall -std=gnu99 -O2 -I. -DUSE_GCU -DUSE_TRANSPARENCY -DHAVE_MKSTEMP -DPRIVATE_USER_PATH=\"~/Library/Preferences\" -DUSE_PRIVATE_PATHS -DALLOW_WIZARD -DNCURSES_OPAQUE=0 -Wno-error=implicit-function-declaration -Wno-error=implicit-int -Wno-error=int-conversion -Wno-error=incompatible-function-pointer-types -Wno-error=incompatible-pointer-types -Wno-error=return-type -isysroot /Applications/Xcode.app/Contents/Developer/Platforms/MacOSX.platform/Developer/SDKs/MacOSX.sdk -arch arm64 -DDEFAULT_CONFIG_PATH=\"./lib\" -DDEFAULT_LIB_PATH=\"./lib\" -DDEFAULT_DATA_PATH=\"./lib/data\" -c -o z-msg.o z-msg.c
clang -Wall -std=gnu99 -O2 -I. -DUSE_GCU -DUSE_TRANSPARENCY -DHAVE_MKSTEMP -DPRIVATE_USER_PATH=\"~/Library/Preferences\" -DUSE_PRIVATE_PATHS -DALLOW_WIZARD -DNCURSES_OPAQUE=0 -Wno-error=implicit-function-declaration -Wno-error=implicit-int -Wno-error=int-conversion -Wno-error=incompatible-function-pointer-types -Wno-error=incompatible-pointer-types -Wno-error=return-type -isysroot /Applications/Xcode.app/Contents/Developer/Platforms/MacOSX.platform/Developer/SDKs/MacOSX.sdk -arch arm64 -DDEFAULT_CONFIG_PATH=\"./lib\" -DDEFAULT_LIB_PATH=\"./lib\" -DDEFAULT_DATA_PATH=\"./lib/data\" -c -o z-quark.o z-quark.c
clang -Wall -std=gnu99 -O2 -I. -DUSE_GCU -DUSE_TRANSPARENCY -DHAVE_MKSTEMP -DPRIVATE_USER_PATH=\"~/Library/Preferences\" -DUSE_PRIVATE_PATHS -DALLOW_WIZARD -DNCURSES_OPAQUE=0 -Wno-error=implicit-function-declaration -Wno-error=implicit-int -Wno-error=int-conversion -Wno-error=incompatible-function-pointer-types -Wno-error=incompatible-pointer-types -Wno-error=return-type -isysroot /Applications/Xcode.app/Contents/Developer/Platforms/MacOSX.platform/Developer/SDKs/MacOSX.sdk -arch arm64 -DDEFAULT_CONFIG_PATH=\"./lib\" -DDEFAULT_LIB_PATH=\"./lib\" -DDEFAULT_DATA_PATH=\"./lib/data\" -c -o z-rand.o z-rand.c
clang -Wall -std=gnu99 -O2 -I. -DUSE_GCU -DUSE_TRANSPARENCY -DHAVE_MKSTEMP -DPRIVATE_USER_PATH=\"~/Library/Preferences\" -DUSE_PRIVATE_PATHS -DALLOW_WIZARD -DNCURSES_OPAQUE=0 -Wno-error=implicit-function-declaration -Wno-error=implicit-int -Wno-error=int-conversion -Wno-error=incompatible-function-pointer-types -Wno-error=incompatible-pointer-types -Wno-error=return-type -isysroot /Applications/Xcode.app/Contents/Developer/Platforms/MacOSX.platform/Developer/SDKs/MacOSX.sdk -arch arm64 -DDEFAULT_CONFIG_PATH=\"./lib\" -DDEFAULT_LIB_PATH=\"./lib\" -DDEFAULT_DATA_PATH=\"./lib/data\" -c -o z-term.o z-term.c
clang -Wall -std=gnu99 -O2 -I. -DUSE_GCU -DUSE_TRANSPARENCY -DHAVE_MKSTEMP -DPRIVATE_USER_PATH=\"~/Library/Preferences\" -DUSE_PRIVATE_PATHS -DALLOW_WIZARD -DNCURSES_OPAQUE=0 -Wno-error=implicit-function-declaration -Wno-error=implicit-int -Wno-error=int-conversion -Wno-error=incompatible-function-pointer-types -Wno-error=incompatible-pointer-types -Wno-error=return-type -isysroot /Applications/Xcode.app/Contents/Developer/Platforms/MacOSX.platform/Developer/SDKs/MacOSX.sdk -arch arm64 -DDEFAULT_CONFIG_PATH=\"./lib\" -DDEFAULT_LIB_PATH=\"./lib\" -DDEFAULT_DATA_PATH=\"./lib/data\" -c -o z-type.o z-type.c
clang -Wall -std=gnu99 -O2 -I. -DUSE_GCU -DUSE_TRANSPARENCY -DHAVE_MKSTEMP -DPRIVATE_USER_PATH=\"~/Library/Preferences\" -DUSE_PRIVATE_PATHS -DALLOW_WIZARD -DNCURSES_OPAQUE=0 -Wno-error=implicit-function-declaration -Wno-error=implicit-int -Wno-error=int-conversion -Wno-error=incompatible-function-pointer-types -Wno-error=incompatible-pointer-types -Wno-error=return-type -isysroot /Applications/Xcode.app/Contents/Developer/Platforms/MacOSX.platform/Developer/SDKs/MacOSX.sdk -arch arm64 -DDEFAULT_CONFIG_PATH=\"./lib\" -DDEFAULT_LIB_PATH=\"./lib\" -DDEFAULT_DATA_PATH=\"./lib/data\" -c -o z-util.o z-util.c
clang -Wall -std=gnu99 -O2 -I. -DUSE_GCU -DUSE_TRANSPARENCY -DHAVE_MKSTEMP -DPRIVATE_USER_PATH=\"~/Library/Preferences\" -DUSE_PRIVATE_PATHS -DALLOW_WIZARD -DNCURSES_OPAQUE=0 -Wno-error=implicit-function-declaration -Wno-error=implicit-int -Wno-error=int-conversion -Wno-error=incompatible-function-pointer-types -Wno-error=incompatible-pointer-types -Wno-error=return-type -isysroot /Applications/Xcode.app/Contents/Developer/Platforms/MacOSX.platform/Developer/SDKs/MacOSX.sdk -arch arm64 -DDEFAULT_CONFIG_PATH=\"./lib\" -DDEFAULT_LIB_PATH=\"./lib\" -DDEFAULT_DATA_PATH=\"./lib/data\" -c -o z-virt.o z-virt.c
clang -Wall -std=gnu99 -O2 -I. -DUSE_GCU -DUSE_TRANSPARENCY -DHAVE_MKSTEMP -DPRIVATE_USER_PATH=\"~/Library/Preferences\" -DUSE_PRIVATE_PATHS -DALLOW_WIZARD -DNCURSES_OPAQUE=0 -Wno-error=implicit-function-declaration -Wno-error=implicit-int -Wno-error=int-conversion -Wno-error=incompatible-function-pointer-types -Wno-error=incompatible-pointer-types -Wno-error=return-type -isysroot /Applications/Xcode.app/Contents/Developer/Platforms/MacOSX.platform/Developer/SDKs/MacOSX.sdk -arch arm64 -DDEFAULT_CONFIG_PATH=\"./lib\" -DDEFAULT_LIB_PATH=\"./lib\" -DDEFAULT_DATA_PATH=\"./lib/data\" -c -o z-textblock.o z-textblock.c
clang -Wall -std=gnu99 -O2 -I. -DUSE_GCU -DUSE_TRANSPARENCY -DHAVE_MKSTEMP -DPRIVATE_USER_PATH=\"~/Library/Preferences\" -DUSE_PRIVATE_PATHS -DALLOW_WIZARD -DNCURSES_OPAQUE=0 -Wno-error=implicit-function-declaration -Wno-error=implicit-int -Wno-error=int-conversion -Wno-error=incompatible-function-pointer-types -Wno-error=incompatible-pointer-types -Wno-error=return-type -isysroot /Applications/Xcode.app/Contents/Developer/Platforms/MacOSX.platform/Developer/SDKs/MacOSX.sdk -arch arm64 -DDEFAULT_CONFIG_PATH=\"./lib\" -DDEFAULT_LIB_PATH=\"./lib\" -DDEFAULT_DATA_PATH=\"./lib/data\" -c -o main.o main.c
clang -Wall -std=gnu99 -O2 -I. -DUSE_GCU -DUSE_TRANSPARENCY -DHAVE_MKSTEMP -DPRIVATE_USER_PATH=\"~/Library/Preferences\" -DUSE_PRIVATE_PATHS -DALLOW_WIZARD -DNCURSES_OPAQUE=0 -Wno-error=implicit-function-declaration -Wno-error=implicit-int -Wno-error=int-conversion -Wno-error=incompatible-function-pointer-types -Wno-error=incompatible-pointer-types -Wno-error=return-type -isysroot /Applications/Xcode.app/Contents/Developer/Platforms/MacOSX.platform/Developer/SDKs/MacOSX.sdk -arch arm64 -DDEFAULT_CONFIG_PATH=\"./lib\" -DDEFAULT_LIB_PATH=\"./lib\" -DDEFAULT_DATA_PATH=\"./lib/data\" -c -o main-gcu.o main-gcu.c
clang -Wall -std=gnu99 -O2 -I. -DUSE_GCU -DUSE_TRANSPARENCY -DHAVE_MKSTEMP -DPRIVATE_USER_PATH=\"~/Library/Preferences\" -DUSE_PRIVATE_PATHS -DALLOW_WIZARD -DNCURSES_OPAQUE=0 -Wno-error=implicit-function-declaration -Wno-error=implicit-int -Wno-error=int-conversion -Wno-error=incompatible-function-pointer-types -Wno-error=incompatible-pointer-types -Wno-error=return-type -isysroot /Applications/Xcode.app/Contents/Developer/Platforms/MacOSX.platform/Developer/SDKs/MacOSX.sdk -arch arm64 -DDEFAULT_CONFIG_PATH=\"./lib\" -DDEFAULT_LIB_PATH=\"./lib\" -DDEFAULT_DATA_PATH=\"./lib/data\" -Wl,-syslibroot,/Applications/Xcode.app/Contents/Developer/Platforms/MacOSX.platform/Developer/SDKs/MacOSX.sdk -arch arm64 -o neoband attack.o birth.o bookless.o button.o cave.o cmd0.o cmd1.o cmd2.o cmd3.o cmd4.o cmd-misc.o cmd-obj.o death.o debug.o dungeon.o effects.o files.o game-cmd.o game-event.o generate.o history.o init2.o load.o load-old.o macro.o monster/melee1.o monster/melee2.o monster/monster1.o monster/monster2.o object/identify.o object/obj-desc.o object/obj-info.o object/obj-make.o object/obj-power.o object/obj-ui.o object/obj-util.o object/randart.o option.o parser.o randname.o pathfind.o prefs.o player/calcs.o player/player.o player/timed.o player/util.o score.o signals.o save.o savefile.o spells1.o spells2.o squelch.o store.o tables.o target.o trap.o ui.o ui-birth.o ui-knowledge.o ui-menu.o ui-options.o util.o variable.o wiz-spoil.o wiz-stats.o wizard.o x-char.o xtra2.o xtra3.o z-bitflag.o z-file.o z-form.o z-msg.o z-quark.o z-rand.o z-term.o z-type.o z-util.o z-virt.o z-textblock.o main.o main-gcu.o -lncurses
Installing terminal version...
Terminal version installed as ../neoband-terminal
Run with: ./neoband-terminal
