clang -Wall -std=gnu99 -O2 -I. -DUSE_GCU -DUSE_TRANSPARENCY -DHAVE_MKSTEMP -DPRIVATE_USER_PATH=\"~/Library/Preferences\" -DUSE_PRIVATE_PATHS -DALLOW_WIZARD -DNCURSES_OPAQUE=0 -Wno-error=implicit-function-declaration -Wno-error=implicit-int -Wno-error=int-conversion -Wno-error=incompatible-function-pointer-types -Wno-error=incompatible-pointer-types -Wno-error=return-type -isysroot /Applications/Xcode.app/Contents/Developer/Platforms/MacOSX.platform/Developer/SDKs/MacOSX.sdk -arch arm64 -c -o attack.o attack.c
clang -Wall -std=gnu99 -O2 -I. -DUSE_GCU -DUSE_TRANSPARENCY -DHAVE_MKSTEMP -DPRIVATE_USER_PATH=\"~/Library/Preferences\" -DUSE_PRIVATE_PATHS -DALLOW_WIZARD -DNCURSES_OPAQUE=0 -Wno-error=implicit-function-declaration -Wno-error=implicit-int -Wno-error=int-conversion -Wno-error=incompatible-function-pointer-types -Wno-error=incompatible-pointer-types -Wno-error=return-type -isysroot /Applications/Xcode.app/Contents/Developer/Platforms/MacOSX.platform/Developer/SDKs/MacOSX.sdk -arch arm64 -c -o birth.o birth.c
clang -Wall -std=gnu99 -O2 -I. -DUSE_GCU -DUSE_TRANSPARENCY -DHAVE_MKSTEMP -DPRIVATE_USER_PATH=\"~/Library/Preferences\" -DUSE_PRIVATE_PATHS -DALLOW_WIZARD -DNCURSES_OPAQUE=0 -Wno-error=implicit-function-declaration -Wno-error=implicit-int -Wno-error=int-conversion -Wno-error=incompatible-function-pointer-types -Wno-error=incompatible-pointer-types -Wno-error=return-type -isysroot /Applications/Xcode.app/Contents/Developer/Platforms/MacOSX.platform/Developer/SDKs/MacOSX.sdk -arch arm64 -c -o button.o button.c
clang -Wall -std=gnu99 -O2 -I. -DUSE_GCU -DUSE_TRANSPARENCY -DHAVE_MKSTEMP -DPRIVATE_USER_PATH=\"~/Library/Preferences\" -DUSE_PRIVATE_PATHS -DALLOW_WIZARD -DNCURSES_OPAQUE=0 -Wno-error=implicit-function-declaration -Wno-error=implicit-int -Wno-error=int-conversion -Wno-error=incompatible-function-pointer-types -Wno-error=incompatible-pointer-types -Wno-error=return-type -isysroot /Applications/Xcode.app/Contents/Developer/Platforms/MacOSX.platform/Developer/SDKs/MacOSX.sdk -arch arm64 -c -o cave.o cave.c
cave.c:587:7: warning: logical not is only applied to the left hand side of this bitwise operator [-Wlogical-not-parentheses]
  587 |         if (!cave_info2[y][x] & CAVE2_DTRAP) return FALSE; 
      |             ^                 ~
cave.c:587:7: note: add parentheses after the '!' to evaluate the bitwise operator first
  587 |         if (!cave_info2[y][x] & CAVE2_DTRAP) return FALSE; 
      |             ^                              
      |              (                             )
cave.c:587:7: note: add parentheses around left hand side expression to silence this warning
  587 |         if (!cave_info2[y][x] & CAVE2_DTRAP) return FALSE; 
      |             ^
      |             (                )
cave.c:590:41: warning: logical not is only applied to the left hand side of this bitwise operator [-Wlogical-not-parentheses]
  590 |         if (in_bounds_fully(y + 1, x    ) && (!cave_info2[y + 1][x    ] & CAVE2_DTRAP)) return TRUE; 
      |                                               ^                         ~
cave.c:590:41: note: add parentheses after the '!' to evaluate the bitwise operator first
  590 |         if (in_bounds_fully(y + 1, x    ) && (!cave_info2[y + 1][x    ] & CAVE2_DTRAP)) return TRUE; 
      |                                               ^                                      
      |                                                (                                     )
cave.c:590:41: note: add parentheses around left hand side expression to silence this warning
  590 |         if (in_bounds_fully(y + 1, x    ) && (!cave_info2[y + 1][x    ] & CAVE2_DTRAP)) return TRUE; 
      |                                               ^
      |                                               (                        )
cave.c:591:41: warning: logical not is only applied to the left hand side of this bitwise operator [-Wlogical-not-parentheses]
  591 |         if (in_bounds_fully(y    , x + 1) && (!cave_info2[y    ][x + 1] & CAVE2_DTRAP)) return TRUE; 
      |                                               ^                         ~
cave.c:591:41: note: add parentheses after the '!' to evaluate the bitwise operator first
  591 |         if (in_bounds_fully(y    , x + 1) && (!cave_info2[y    ][x + 1] & CAVE2_DTRAP)) return TRUE; 
      |                                               ^                                      
      |                                                (                                     )
cave.c:591:41: note: add parentheses around left hand side expression to silence this warning
  591 |         if (in_bounds_fully(y    , x + 1) && (!cave_info2[y    ][x + 1] & CAVE2_DTRAP)) return TRUE; 
      |                                               ^
      |                                               (                        )
cave.c:592:41: warning: logical not is only applied to the left hand side of this bitwise operator [-Wlogical-not-parentheses]
  592 |         if (in_bounds_fully(y - 1, x    ) && (!cave_info2[y - 1][x    ] & CAVE2_DTRAP)) return TRUE; 
      |                                               ^                         ~
cave.c:592:41: note: add parentheses after the '!' to evaluate the bitwise operator first
  592 |         if (in_bounds_fully(y - 1, x    ) && (!cave_info2[y - 1][x    ] & CAVE2_DTRAP)) return TRUE; 
      |                                               ^                                      
      |                                                (                                     )
cave.c:592:41: note: add parentheses around left hand side expression to silence this warning
  592 |         if (in_bounds_fully(y - 1, x    ) && (!cave_info2[y - 1][x    ] & CAVE2_DTRAP)) return TRUE; 
      |                                               ^
      |                                               (                        )
cave.c:593:41: warning: logical not is only applied to the left hand side of this bitwise operator [-Wlogical-not-parentheses]
  593 |         if (in_bounds_fully(y    , x - 1) && (!cave_info2[y    ][x - 1] & CAVE2_DTRAP)) return TRUE; 
      |                                               ^                         ~
cave.c:593:41: note: add parentheses after the '!' to evaluate the bitwise operator first
  593 |         if (in_bounds_fully(y    , x - 1) && (!cave_info2[y    ][x - 1] & CAVE2_DTRAP)) return TRUE; 
      |                                               ^                                      
      |                                                (                                     )
cave.c:593:41: note: add parentheses around left hand side expression to silence this warning
  593 |         if (in_bounds_fully(y    , x - 1) && (!cave_info2[y    ][x - 1] & CAVE2_DTRAP)) return TRUE; 
      |                                               ^
      |                                               (                        )
cave.c:886:13: warning: variable 'info2' set but not used [-Wunused-but-set-variable]
  886 |         byte info, info2;
      |                    ^
6 warnings generated.
clang -Wall -std=gnu99 -O2 -I. -DUSE_GCU -DUSE_TRANSPARENCY -DHAVE_MKSTEMP -DPRIVATE_USER_PATH=\"~/Library/Preferences\" -DUSE_PRIVATE_PATHS -DALLOW_WIZARD -DNCURSES_OPAQUE=0 -Wno-error=implicit-function-declaration -Wno-error=implicit-int -Wno-error=int-conversion -Wno-error=incompatible-function-pointer-types -Wno-error=incompatible-pointer-types -Wno-error=return-type -isysroot /Applications/Xcode.app/Contents/Developer/Platforms/MacOSX.platform/Developer/SDKs/MacOSX.sdk -arch arm64 -c -o cmd0.o cmd0.c
cmd0.c:554:16: warning: variable 'evt' set but not used [-Wunused-but-set-variable]
  554 |         ui_event_data evt;
      |                       ^
1 warning generated.
clang -Wall -std=gnu99 -O2 -I. -DUSE_GCU -DUSE_TRANSPARENCY -DHAVE_MKSTEMP -DPRIVATE_USER_PATH=\"~/Library/Preferences\" -DUSE_PRIVATE_PATHS -DALLOW_WIZARD -DNCURSES_OPAQUE=0 -Wno-error=implicit-function-declaration -Wno-error=implicit-int -Wno-error=int-conversion -Wno-error=incompatible-function-pointer-types -Wno-error=incompatible-pointer-types -Wno-error=return-type -isysroot /Applications/Xcode.app/Contents/Developer/Platforms/MacOSX.platform/Developer/SDKs/MacOSX.sdk -arch arm64 -c -o cmd1.o cmd1.c
clang -Wall -std=gnu99 -O2 -I. -DUSE_GCU -DUSE_TRANSPARENCY -DHAVE_MKSTEMP -DPRIVATE_USER_PATH=\"~/Library/Preferences\" -DUSE_PRIVATE_PATHS -DALLOW_WIZARD -DNCURSES_OPAQUE=0 -Wno-error=implicit-function-declaration -Wno-error=implicit-int -Wno-error=int-conversion -Wno-error=incompatible-function-pointer-types -Wno-error=incompatible-pointer-types -Wno-error=return-type -isysroot /Applications/Xcode.app/Contents/Developer/Platforms/MacOSX.platform/Developer/SDKs/MacOSX.sdk -arch arm64 -c -o cmd2.o cmd2.c
clang -Wall -std=gnu99 -O2 -I. -DUSE_GCU -DUSE_TRANSPARENCY -DHAVE_MKSTEMP -DPRIVATE_USER_PATH=\"~/Library/Preferences\" -DUSE_PRIVATE_PATHS -DALLOW_WIZARD -DNCURSES_OPAQUE=0 -Wno-error=implicit-function-declaration -Wno-error=implicit-int -Wno-error=int-conversion -Wno-error=incompatible-function-pointer-types -Wno-error=incompatible-pointer-types -Wno-error=return-type -isysroot /Applications/Xcode.app/Contents/Developer/Platforms/MacOSX.platform/Developer/SDKs/MacOSX.sdk -arch arm64 -c -o cmd3.o cmd3.c
clang -Wall -std=gnu99 -O2 -I. -DUSE_GCU -DUSE_TRANSPARENCY -DHAVE_MKSTEMP -DPRIVATE_USER_PATH=\"~/Library/Preferences\" -DUSE_PRIVATE_PATHS -DALLOW_WIZARD -DNCURSES_OPAQUE=0 -Wno-error=implicit-function-declaration -Wno-error=implicit-int -Wno-error=int-conversion -Wno-error=incompatible-function-pointer-types -Wno-error=incompatible-pointer-types -Wno-error=return-type -isysroot /Applications/Xcode.app/Contents/Developer/Platforms/MacOSX.platform/Developer/SDKs/MacOSX.sdk -arch arm64 -c -o cmd4.o cmd4.c
cmd4.c:632:9: warning: case value not in enumerated type 'ui_event_type' [-Wswitch]
  632 |                         case ESCAPE:
      |                              ^
./h-basic.h:277:16: note: expanded from macro 'ESCAPE'
  277 | #define ESCAPE  '\033'
      |                 ^
cmd4.c:2370:13: warning: cast to smaller integer type 'int' from 'void *' [-Wvoid-pointer-to-int-cast]
 2370 |         int page = (int)vpage;
      |                    ^~~~~~~~~~
2 warnings generated.
clang -Wall -std=gnu99 -O2 -I. -DUSE_GCU -DUSE_TRANSPARENCY -DHAVE_MKSTEMP -DPRIVATE_USER_PATH=\"~/Library/Preferences\" -DUSE_PRIVATE_PATHS -DALLOW_WIZARD -DNCURSES_OPAQUE=0 -Wno-error=implicit-function-declaration -Wno-error=implicit-int -Wno-error=int-conversion -Wno-error=incompatible-function-pointer-types -Wno-error=incompatible-pointer-types -Wno-error=return-type -isysroot /Applications/Xcode.app/Contents/Developer/Platforms/MacOSX.platform/Developer/SDKs/MacOSX.sdk -arch arm64 -c -o cmd5.o cmd5.c
clang -Wall -std=gnu99 -O2 -I. -DUSE_GCU -DUSE_TRANSPARENCY -DHAVE_MKSTEMP -DPRIVATE_USER_PATH=\"~/Library/Preferences\" -DUSE_PRIVATE_PATHS -DALLOW_WIZARD -DNCURSES_OPAQUE=0 -Wno-error=implicit-function-declaration -Wno-error=implicit-int -Wno-error=int-conversion -Wno-error=incompatible-function-pointer-types -Wno-error=incompatible-pointer-types -Wno-error=return-type -isysroot /Applications/Xcode.app/Contents/Developer/Platforms/MacOSX.platform/Developer/SDKs/MacOSX.sdk -arch arm64 -c -o cmd6.o cmd6.c
clang -Wall -std=gnu99 -O2 -I. -DUSE_GCU -DUSE_TRANSPARENCY -DHAVE_MKSTEMP -DPRIVATE_USER_PATH=\"~/Library/Preferences\" -DUSE_PRIVATE_PATHS -DALLOW_WIZARD -DNCURSES_OPAQUE=0 -Wno-error=implicit-function-declaration -Wno-error=implicit-int -Wno-error=int-conversion -Wno-error=incompatible-function-pointer-types -Wno-error=incompatible-pointer-types -Wno-error=return-type -isysroot /Applications/Xcode.app/Contents/Developer/Platforms/MacOSX.platform/Developer/SDKs/MacOSX.sdk -arch arm64 -c -o cmd-obj.o cmd-obj.c
clang -Wall -std=gnu99 -O2 -I. -DUSE_GCU -DUSE_TRANSPARENCY -DHAVE_MKSTEMP -DPRIVATE_USER_PATH=\"~/Library/Preferences\" -DUSE_PRIVATE_PATHS -DALLOW_WIZARD -DNCURSES_OPAQUE=0 -Wno-error=implicit-function-declaration -Wno-error=implicit-int -Wno-error=int-conversion -Wno-error=incompatible-function-pointer-types -Wno-error=incompatible-pointer-types -Wno-error=return-type -isysroot /Applications/Xcode.app/Contents/Developer/Platforms/MacOSX.platform/Developer/SDKs/MacOSX.sdk -arch arm64 -c -o crafting.o crafting.c
crafting.c:678:16: warning: variable 'evt' set but not used [-Wunused-but-set-variable]
  678 |         ui_event_data evt;
      |                       ^
crafting.c:745:16: warning: variable 'evt' set but not used [-Wunused-but-set-variable]
  745 |         ui_event_data evt;
      |                       ^
2 warnings generated.
clang -Wall -std=gnu99 -O2 -I. -DUSE_GCU -DUSE_TRANSPARENCY -DHAVE_MKSTEMP -DPRIVATE_USER_PATH=\"~/Library/Preferences\" -DUSE_PRIVATE_PATHS -DALLOW_WIZARD -DNCURSES_OPAQUE=0 -Wno-error=implicit-function-declaration -Wno-error=implicit-int -Wno-error=int-conversion -Wno-error=incompatible-function-pointer-types -Wno-error=incompatible-pointer-types -Wno-error=return-type -isysroot /Applications/Xcode.app/Contents/Developer/Platforms/MacOSX.platform/Developer/SDKs/MacOSX.sdk -arch arm64 -c -o death.o death.c
clang -Wall -std=gnu99 -O2 -I. -DUSE_GCU -DUSE_TRANSPARENCY -DHAVE_MKSTEMP -DPRIVATE_USER_PATH=\"~/Library/Preferences\" -DUSE_PRIVATE_PATHS -DALLOW_WIZARD -DNCURSES_OPAQUE=0 -Wno-error=implicit-function-declaration -Wno-error=implicit-int -Wno-error=int-conversion -Wno-error=incompatible-function-pointer-types -Wno-error=incompatible-pointer-types -Wno-error=return-type -isysroot /Applications/Xcode.app/Contents/Developer/Platforms/MacOSX.platform/Developer/SDKs/MacOSX.sdk -arch arm64 -c -o debug.o debug.c
clang -Wall -std=gnu99 -O2 -I. -DUSE_GCU -DUSE_TRANSPARENCY -DHAVE_MKSTEMP -DPRIVATE_USER_PATH=\"~/Library/Preferences\" -DUSE_PRIVATE_PATHS -DALLOW_WIZARD -DNCURSES_OPAQUE=0 -Wno-error=implicit-function-declaration -Wno-error=implicit-int -Wno-error=int-conversion -Wno-error=incompatible-function-pointer-types -Wno-error=incompatible-pointer-types -Wno-error=return-type -isysroot /Applications/Xcode.app/Contents/Developer/Platforms/MacOSX.platform/Developer/SDKs/MacOSX.sdk -arch arm64 -c -o dungeon.o dungeon.c
dungeon.c:1719:7: warning: variable 'existing_dead_save' set but not used [-Wunused-but-set-variable]
 1719 |         bool existing_dead_save = FALSE;
      |              ^
1 warning generated.
clang -Wall -std=gnu99 -O2 -I. -DUSE_GCU -DUSE_TRANSPARENCY -DHAVE_MKSTEMP -DPRIVATE_USER_PATH=\"~/Library/Preferences\" -DUSE_PRIVATE_PATHS -DALLOW_WIZARD -DNCURSES_OPAQUE=0 -Wno-error=implicit-function-declaration -Wno-error=implicit-int -Wno-error=int-conversion -Wno-error=incompatible-function-pointer-types -Wno-error=incompatible-pointer-types -Wno-error=return-type -isysroot /Applications/Xcode.app/Contents/Developer/Platforms/MacOSX.platform/Developer/SDKs/MacOSX.sdk -arch arm64 -c -o effects.o effects.c
clang -Wall -std=gnu99 -O2 -I. -DUSE_GCU -DUSE_TRANSPARENCY -DHAVE_MKSTEMP -DPRIVATE_USER_PATH=\"~/Library/Preferences\" -DUSE_PRIVATE_PATHS -DALLOW_WIZARD -DNCURSES_OPAQUE=0 -Wno-error=implicit-function-declaration -Wno-error=implicit-int -Wno-error=int-conversion -Wno-error=incompatible-function-pointer-types -Wno-error=incompatible-pointer-types -Wno-error=return-type -isysroot /Applications/Xcode.app/Contents/Developer/Platforms/MacOSX.platform/Developer/SDKs/MacOSX.sdk -arch arm64 -c -o files.o files.c
clang -Wall -std=gnu99 -O2 -I. -DUSE_GCU -DUSE_TRANSPARENCY -DHAVE_MKSTEMP -DPRIVATE_USER_PATH=\"~/Library/Preferences\" -DUSE_PRIVATE_PATHS -DALLOW_WIZARD -DNCURSES_OPAQUE=0 -Wno-error=implicit-function-declaration -Wno-error=implicit-int -Wno-error=int-conversion -Wno-error=incompatible-function-pointer-types -Wno-error=incompatible-pointer-types -Wno-error=return-type -isysroot /Applications/Xcode.app/Contents/Developer/Platforms/MacOSX.platform/Developer/SDKs/MacOSX.sdk -arch arm64 -c -o game-cmd.o game-cmd.c
clang -Wall -std=gnu99 -O2 -I. -DUSE_GCU -DUSE_TRANSPARENCY -DHAVE_MKSTEMP -DPRIVATE_USER_PATH=\"~/Library/Preferences\" -DUSE_PRIVATE_PATHS -DALLOW_WIZARD -DNCURSES_OPAQUE=0 -Wno-error=implicit-function-declaration -Wno-error=implicit-int -Wno-error=int-conversion -Wno-error=incompatible-function-pointer-types -Wno-error=incompatible-pointer-types -Wno-error=return-type -isysroot /Applications/Xcode.app/Contents/Developer/Platforms/MacOSX.platform/Developer/SDKs/MacOSX.sdk -arch arm64 -c -o game-event.o game-event.c
clang -Wall -std=gnu99 -O2 -I. -DUSE_GCU -DUSE_TRANSPARENCY -DHAVE_MKSTEMP -DPRIVATE_USER_PATH=\"~/Library/Preferences\" -DUSE_PRIVATE_PATHS -DALLOW_WIZARD -DNCURSES_OPAQUE=0 -Wno-error=implicit-function-declaration -Wno-error=implicit-int -Wno-error=int-conversion -Wno-error=incompatible-function-pointer-types -Wno-error=incompatible-pointer-types -Wno-error=return-type -isysroot /Applications/Xcode.app/Contents/Developer/Platforms/MacOSX.platform/Developer/SDKs/MacOSX.sdk -arch arm64 -c -o generate.o generate.c
clang -Wall -std=gnu99 -O2 -I. -DUSE_GCU -DUSE_TRANSPARENCY -DHAVE_MKSTEMP -DPRIVATE_USER_PATH=\"~/Library/Preferences\" -DUSE_PRIVATE_PATHS -DALLOW_WIZARD -DNCURSES_OPAQUE=0 -Wno-error=implicit-function-declaration -Wno-error=implicit-int -Wno-error=int-conversion -Wno-error=incompatible-function-pointer-types -Wno-error=incompatible-pointer-types -Wno-error=return-type -isysroot /Applications/Xcode.app/Contents/Developer/Platforms/MacOSX.platform/Developer/SDKs/MacOSX.sdk -arch arm64 -c -o history.o history.c
clang -Wall -std=gnu99 -O2 -I. -DUSE_GCU -DUSE_TRANSPARENCY -DHAVE_MKSTEMP -DPRIVATE_USER_PATH=\"~/Library/Preferences\" -DUSE_PRIVATE_PATHS -DALLOW_WIZARD -DNCURSES_OPAQUE=0 -Wno-error=implicit-function-declaration -Wno-error=implicit-int -Wno-error=int-conversion -Wno-error=incompatible-function-pointer-types -Wno-error=incompatible-pointer-types -Wno-error=return-type -isysroot /Applications/Xcode.app/Contents/Developer/Platforms/MacOSX.platform/Developer/SDKs/MacOSX.sdk -arch arm64 -c -o init1.o init1.c
clang -Wall -std=gnu99 -O2 -I. -DUSE_GCU -DUSE_TRANSPARENCY -DHAVE_MKSTEMP -DPRIVATE_USER_PATH=\"~/Library/Preferences\" -DUSE_PRIVATE_PATHS -DALLOW_WIZARD -DNCURSES_OPAQUE=0 -Wno-error=implicit-function-declaration -Wno-error=implicit-int -Wno-error=int-conversion -Wno-error=incompatible-function-pointer-types -Wno-error=incompatible-pointer-types -Wno-error=return-type -isysroot /Applications/Xcode.app/Contents/Developer/Platforms/MacOSX.platform/Developer/SDKs/MacOSX.sdk -arch arm64 -c -o init2.o init2.c
clang -Wall -std=gnu99 -O2 -I. -DUSE_GCU -DUSE_TRANSPARENCY -DHAVE_MKSTEMP -DPRIVATE_USER_PATH=\"~/Library/Preferences\" -DUSE_PRIVATE_PATHS -DALLOW_WIZARD -DNCURSES_OPAQUE=0 -Wno-error=implicit-function-declaration -Wno-error=implicit-int -Wno-error=int-conversion -Wno-error=incompatible-function-pointer-types -Wno-error=incompatible-pointer-types -Wno-error=return-type -isysroot /Applications/Xcode.app/Contents/Developer/Platforms/MacOSX.platform/Developer/SDKs/MacOSX.sdk -arch arm64 -c -o load.o load.c
clang -Wall -std=gnu99 -O2 -I. -DUSE_GCU -DUSE_TRANSPARENCY -DHAVE_MKSTEMP -DPRIVATE_USER_PATH=\"~/Library/Preferences\" -DUSE_PRIVATE_PATHS -DALLOW_WIZARD -DNCURSES_OPAQUE=0 -Wno-error=implicit-function-declaration -Wno-error=implicit-int -Wno-error=int-conversion -Wno-error=incompatible-function-pointer-types -Wno-error=incompatible-pointer-types -Wno-error=return-type -isysroot /Applications/Xcode.app/Contents/Developer/Platforms/MacOSX.platform/Developer/SDKs/MacOSX.sdk -arch arm64 -c -o option.o option.c
clang -Wall -std=gnu99 -O2 -I. -DUSE_GCU -DUSE_TRANSPARENCY -DHAVE_MKSTEMP -DPRIVATE_USER_PATH=\"~/Library/Preferences\" -DUSE_PRIVATE_PATHS -DALLOW_WIZARD -DNCURSES_OPAQUE=0 -Wno-error=implicit-function-declaration -Wno-error=implicit-int -Wno-error=int-conversion -Wno-error=incompatible-function-pointer-types -Wno-error=incompatible-pointer-types -Wno-error=return-type -isysroot /Applications/Xcode.app/Contents/Developer/Platforms/MacOSX.platform/Developer/SDKs/MacOSX.sdk -arch arm64 -c -o randname.o randname.c
clang -Wall -std=gnu99 -O2 -I. -DUSE_GCU -DUSE_TRANSPARENCY -DHAVE_MKSTEMP -DPRIVATE_USER_PATH=\"~/Library/Preferences\" -DUSE_PRIVATE_PATHS -DALLOW_WIZARD -DNCURSES_OPAQUE=0 -Wno-error=implicit-function-declaration -Wno-error=implicit-int -Wno-error=int-conversion -Wno-error=incompatible-function-pointer-types -Wno-error=incompatible-pointer-types -Wno-error=return-type -isysroot /Applications/Xcode.app/Contents/Developer/Platforms/MacOSX.platform/Developer/SDKs/MacOSX.sdk -arch arm64 -c -o pathfind.o pathfind.c
pathfind.c:710:6: warning: variable 'check_dir' set but not used [-Wunused-but-set-variable]
  710 |         int check_dir = 0;
      |             ^
1 warning generated.
clang -Wall -std=gnu99 -O2 -I. -DUSE_GCU -DUSE_TRANSPARENCY -DHAVE_MKSTEMP -DPRIVATE_USER_PATH=\"~/Library/Preferences\" -DUSE_PRIVATE_PATHS -DALLOW_WIZARD -DNCURSES_OPAQUE=0 -Wno-error=implicit-function-declaration -Wno-error=implicit-int -Wno-error=int-conversion -Wno-error=incompatible-function-pointer-types -Wno-error=incompatible-pointer-types -Wno-error=return-type -isysroot /Applications/Xcode.app/Contents/Developer/Platforms/MacOSX.platform/Developer/SDKs/MacOSX.sdk -arch arm64 -c -o score.o score.c
clang -Wall -std=gnu99 -O2 -I. -DUSE_GCU -DUSE_TRANSPARENCY -DHAVE_MKSTEMP -DPRIVATE_USER_PATH=\"~/Library/Preferences\" -DUSE_PRIVATE_PATHS -DALLOW_WIZARD -DNCURSES_OPAQUE=0 -Wno-error=implicit-function-declaration -Wno-error=implicit-int -Wno-error=int-conversion -Wno-error=incompatible-function-pointer-types -Wno-error=incompatible-pointer-types -Wno-error=return-type -isysroot /Applications/Xcode.app/Contents/Developer/Platforms/MacOSX.platform/Developer/SDKs/MacOSX.sdk -arch arm64 -c -o signals.o signals.c
clang -Wall -std=gnu99 -O2 -I. -DUSE_GCU -DUSE_TRANSPARENCY -DHAVE_MKSTEMP -DPRIVATE_USER_PATH=\"~/Library/Preferences\" -DUSE_PRIVATE_PATHS -DALLOW_WIZARD -DNCURSES_OPAQUE=0 -Wno-error=implicit-function-declaration -Wno-error=implicit-int -Wno-error=int-conversion -Wno-error=incompatible-function-pointer-types -Wno-error=incompatible-pointer-types -Wno-error=return-type -isysroot /Applications/Xcode.app/Contents/Developer/Platforms/MacOSX.platform/Developer/SDKs/MacOSX.sdk -arch arm64 -c -o save.o save.c
clang -Wall -std=gnu99 -O2 -I. -DUSE_GCU -DUSE_TRANSPARENCY -DHAVE_MKSTEMP -DPRIVATE_USER_PATH=\"~/Library/Preferences\" -DUSE_PRIVATE_PATHS -DALLOW_WIZARD -DNCURSES_OPAQUE=0 -Wno-error=implicit-function-declaration -Wno-error=implicit-int -Wno-error=int-conversion -Wno-error=incompatible-function-pointer-types -Wno-error=incompatible-pointer-types -Wno-error=return-type -isysroot /Applications/Xcode.app/Contents/Developer/Platforms/MacOSX.platform/Developer/SDKs/MacOSX.sdk -arch arm64 -c -o spells1.o spells1.c
spells1.c:2163:7: warning: variable 'name' set but not used [-Wunused-but-set-variable]
 2163 |         cptr name;
      |              ^
1 warning generated.
clang -Wall -std=gnu99 -O2 -I. -DUSE_GCU -DUSE_TRANSPARENCY -DHAVE_MKSTEMP -DPRIVATE_USER_PATH=\"~/Library/Preferences\" -DUSE_PRIVATE_PATHS -DALLOW_WIZARD -DNCURSES_OPAQUE=0 -Wno-error=implicit-function-declaration -Wno-error=implicit-int -Wno-error=int-conversion -Wno-error=incompatible-function-pointer-types -Wno-error=incompatible-pointer-types -Wno-error=return-type -isysroot /Applications/Xcode.app/Contents/Developer/Platforms/MacOSX.platform/Developer/SDKs/MacOSX.sdk -arch arm64 -c -o spells2.o spells2.c
clang -Wall -std=gnu99 -O2 -I. -DUSE_GCU -DUSE_TRANSPARENCY -DHAVE_MKSTEMP -DPRIVATE_USER_PATH=\"~/Library/Preferences\" -DUSE_PRIVATE_PATHS -DALLOW_WIZARD -DNCURSES_OPAQUE=0 -Wno-error=implicit-function-declaration -Wno-error=implicit-int -Wno-error=int-conversion -Wno-error=incompatible-function-pointer-types -Wno-error=incompatible-pointer-types -Wno-error=return-type -isysroot /Applications/Xcode.app/Contents/Developer/Platforms/MacOSX.platform/Developer/SDKs/MacOSX.sdk -arch arm64 -c -o squelch.o squelch.c
clang -Wall -std=gnu99 -O2 -I. -DUSE_GCU -DUSE_TRANSPARENCY -DHAVE_MKSTEMP -DPRIVATE_USER_PATH=\"~/Library/Preferences\" -DUSE_PRIVATE_PATHS -DALLOW_WIZARD -DNCURSES_OPAQUE=0 -Wno-error=implicit-function-declaration -Wno-error=implicit-int -Wno-error=int-conversion -Wno-error=incompatible-function-pointer-types -Wno-error=incompatible-pointer-types -Wno-error=return-type -isysroot /Applications/Xcode.app/Contents/Developer/Platforms/MacOSX.platform/Developer/SDKs/MacOSX.sdk -arch arm64 -c -o store.o store.c
clang -Wall -std=gnu99 -O2 -I. -DUSE_GCU -DUSE_TRANSPARENCY -DHAVE_MKSTEMP -DPRIVATE_USER_PATH=\"~/Library/Preferences\" -DUSE_PRIVATE_PATHS -DALLOW_WIZARD -DNCURSES_OPAQUE=0 -Wno-error=implicit-function-declaration -Wno-error=implicit-int -Wno-error=int-conversion -Wno-error=incompatible-function-pointer-types -Wno-error=incompatible-pointer-types -Wno-error=return-type -isysroot /Applications/Xcode.app/Contents/Developer/Platforms/MacOSX.platform/Developer/SDKs/MacOSX.sdk -arch arm64 -c -o tables.o tables.c
clang -Wall -std=gnu99 -O2 -I. -DUSE_GCU -DUSE_TRANSPARENCY -DHAVE_MKSTEMP -DPRIVATE_USER_PATH=\"~/Library/Preferences\" -DUSE_PRIVATE_PATHS -DALLOW_WIZARD -DNCURSES_OPAQUE=0 -Wno-error=implicit-function-declaration -Wno-error=implicit-int -Wno-error=int-conversion -Wno-error=incompatible-function-pointer-types -Wno-error=incompatible-pointer-types -Wno-error=return-type -isysroot /Applications/Xcode.app/Contents/Developer/Platforms/MacOSX.platform/Developer/SDKs/MacOSX.sdk -arch arm64 -c -o target.o target.c
target.c:488:7: warning: variable 'floored' set but not used [-Wunused-but-set-variable]
  488 |         bool floored;
      |              ^
1 warning generated.
clang -Wall -std=gnu99 -O2 -I. -DUSE_GCU -DUSE_TRANSPARENCY -DHAVE_MKSTEMP -DPRIVATE_USER_PATH=\"~/Library/Preferences\" -DUSE_PRIVATE_PATHS -DALLOW_WIZARD -DNCURSES_OPAQUE=0 -Wno-error=implicit-function-declaration -Wno-error=implicit-int -Wno-error=int-conversion -Wno-error=incompatible-function-pointer-types -Wno-error=incompatible-pointer-types -Wno-error=return-type -isysroot /Applications/Xcode.app/Contents/Developer/Platforms/MacOSX.platform/Developer/SDKs/MacOSX.sdk -arch arm64 -c -o trap.o trap.c
clang -Wall -std=gnu99 -O2 -I. -DUSE_GCU -DUSE_TRANSPARENCY -DHAVE_MKSTEMP -DPRIVATE_USER_PATH=\"~/Library/Preferences\" -DUSE_PRIVATE_PATHS -DALLOW_WIZARD -DNCURSES_OPAQUE=0 -Wno-error=implicit-function-declaration -Wno-error=implicit-int -Wno-error=int-conversion -Wno-error=incompatible-function-pointer-types -Wno-error=incompatible-pointer-types -Wno-error=return-type -isysroot /Applications/Xcode.app/Contents/Developer/Platforms/MacOSX.platform/Developer/SDKs/MacOSX.sdk -arch arm64 -c -o ui.o ui.c
clang -Wall -std=gnu99 -O2 -I. -DUSE_GCU -DUSE_TRANSPARENCY -DHAVE_MKSTEMP -DPRIVATE_USER_PATH=\"~/Library/Preferences\" -DUSE_PRIVATE_PATHS -DALLOW_WIZARD -DNCURSES_OPAQUE=0 -Wno-error=implicit-function-declaration -Wno-error=implicit-int -Wno-error=int-conversion -Wno-error=incompatible-function-pointer-types -Wno-error=incompatible-pointer-types -Wno-error=return-type -isysroot /Applications/Xcode.app/Contents/Developer/Platforms/MacOSX.platform/Developer/SDKs/MacOSX.sdk -arch arm64 -c -o ui-birth.o ui-birth.c
clang -Wall -std=gnu99 -O2 -I. -DUSE_GCU -DUSE_TRANSPARENCY -DHAVE_MKSTEMP -DPRIVATE_USER_PATH=\"~/Library/Preferences\" -DUSE_PRIVATE_PATHS -DALLOW_WIZARD -DNCURSES_OPAQUE=0 -Wno-error=implicit-function-declaration -Wno-error=implicit-int -Wno-error=int-conversion -Wno-error=incompatible-function-pointer-types -Wno-error=incompatible-pointer-types -Wno-error=return-type -isysroot /Applications/Xcode.app/Contents/Developer/Platforms/MacOSX.platform/Developer/SDKs/MacOSX.sdk -arch arm64 -c -o ui-event.o ui-event.c
clang -Wall -std=gnu99 -O2 -I. -DUSE_GCU -DUSE_TRANSPARENCY -DHAVE_MKSTEMP -DPRIVATE_USER_PATH=\"~/Library/Preferences\" -DUSE_PRIVATE_PATHS -DALLOW_WIZARD -DNCURSES_OPAQUE=0 -Wno-error=implicit-function-declaration -Wno-error=implicit-int -Wno-error=int-conversion -Wno-error=incompatible-function-pointer-types -Wno-error=incompatible-pointer-types -Wno-error=return-type -isysroot /Applications/Xcode.app/Contents/Developer/Platforms/MacOSX.platform/Developer/SDKs/MacOSX.sdk -arch arm64 -c -o ui-menu.o ui-menu.c
ui-menu.c:401:6: warning: logical not is only applied to the left hand side of this comparison [-Wlogical-not-parentheses]
  401 |         if (!cmd == '\xff' && (!menu->cmd_keys || !strchr(menu->cmd_keys, cmd)))
      |             ^    ~~
ui-menu.c:401:6: note: add parentheses after the '!' to evaluate the comparison first
  401 |         if (!cmd == '\xff' && (!menu->cmd_keys || !strchr(menu->cmd_keys, cmd)))
      |             ^
      |              (            )
ui-menu.c:401:6: note: add parentheses around left hand side expression to silence this warning
  401 |         if (!cmd == '\xff' && (!menu->cmd_keys || !strchr(menu->cmd_keys, cmd)))
      |             ^
      |             (   )
ui-menu.c:401:11: warning: result of comparison of constant -1 with boolean expression is always false [-Wtautological-constant-out-of-range-compare]
  401 |         if (!cmd == '\xff' && (!menu->cmd_keys || !strchr(menu->cmd_keys, cmd)))
      |             ~~~~ ^  ~~~~~~
ui-menu.c:747:19: warning: passing arguments to a function without a prototype is deprecated in all versions of C and is not supported in C2x [-Wdeprecated-non-prototype]
  747 |                                         menu->refresh(menu);
      |                                                      ^
3 warnings generated.
clang -Wall -std=gnu99 -O2 -I. -DUSE_GCU -DUSE_TRANSPARENCY -DHAVE_MKSTEMP -DPRIVATE_USER_PATH=\"~/Library/Preferences\" -DUSE_PRIVATE_PATHS -DALLOW_WIZARD -DNCURSES_OPAQUE=0 -Wno-error=implicit-function-declaration -Wno-error=implicit-int -Wno-error=int-conversion -Wno-error=incompatible-function-pointer-types -Wno-error=incompatible-pointer-types -Wno-error=return-type -isysroot /Applications/Xcode.app/Contents/Developer/Platforms/MacOSX.platform/Developer/SDKs/MacOSX.sdk -arch arm64 -c -o util.o util.c
clang -Wall -std=gnu99 -O2 -I. -DUSE_GCU -DUSE_TRANSPARENCY -DHAVE_MKSTEMP -DPRIVATE_USER_PATH=\"~/Library/Preferences\" -DUSE_PRIVATE_PATHS -DALLOW_WIZARD -DNCURSES_OPAQUE=0 -Wno-error=implicit-function-declaration -Wno-error=implicit-int -Wno-error=int-conversion -Wno-error=incompatible-function-pointer-types -Wno-error=incompatible-pointer-types -Wno-error=return-type -isysroot /Applications/Xcode.app/Contents/Developer/Platforms/MacOSX.platform/Developer/SDKs/MacOSX.sdk -arch arm64 -c -o variable.o variable.c
clang -Wall -std=gnu99 -O2 -I. -DUSE_GCU -DUSE_TRANSPARENCY -DHAVE_MKSTEMP -DPRIVATE_USER_PATH=\"~/Library/Preferences\" -DUSE_PRIVATE_PATHS -DALLOW_WIZARD -DNCURSES_OPAQUE=0 -Wno-error=implicit-function-declaration -Wno-error=implicit-int -Wno-error=int-conversion -Wno-error=incompatible-function-pointer-types -Wno-error=incompatible-pointer-types -Wno-error=return-type -isysroot /Applications/Xcode.app/Contents/Developer/Platforms/MacOSX.platform/Developer/SDKs/MacOSX.sdk -arch arm64 -c -o wiz-spoil.o wiz-spoil.c
clang -Wall -std=gnu99 -O2 -I. -DUSE_GCU -DUSE_TRANSPARENCY -DHAVE_MKSTEMP -DPRIVATE_USER_PATH=\"~/Library/Preferences\" -DUSE_PRIVATE_PATHS -DALLOW_WIZARD -DNCURSES_OPAQUE=0 -Wno-error=implicit-function-declaration -Wno-error=implicit-int -Wno-error=int-conversion -Wno-error=incompatible-function-pointer-types -Wno-error=incompatible-pointer-types -Wno-error=return-type -isysroot /Applications/Xcode.app/Contents/Developer/Platforms/MacOSX.platform/Developer/SDKs/MacOSX.sdk -arch arm64 -c -o wiz-stats.o wiz-stats.c
clang -Wall -std=gnu99 -O2 -I. -DUSE_GCU -DUSE_TRANSPARENCY -DHAVE_MKSTEMP -DPRIVATE_USER_PATH=\"~/Library/Preferences\" -DUSE_PRIVATE_PATHS -DALLOW_WIZARD -DNCURSES_OPAQUE=0 -Wno-error=implicit-function-declaration -Wno-error=implicit-int -Wno-error=int-conversion -Wno-error=incompatible-function-pointer-types -Wno-error=incompatible-pointer-types -Wno-error=return-type -isysroot /Applications/Xcode.app/Contents/Developer/Platforms/MacOSX.platform/Developer/SDKs/MacOSX.sdk -arch arm64 -c -o wizard.o wizard.c
clang -Wall -std=gnu99 -O2 -I. -DUSE_GCU -DUSE_TRANSPARENCY -DHAVE_MKSTEMP -DPRIVATE_USER_PATH=\"~/Library/Preferences\" -DUSE_PRIVATE_PATHS -DALLOW_WIZARD -DNCURSES_OPAQUE=0 -Wno-error=implicit-function-declaration -Wno-error=implicit-int -Wno-error=int-conversion -Wno-error=incompatible-function-pointer-types -Wno-error=incompatible-pointer-types -Wno-error=return-type -isysroot /Applications/Xcode.app/Contents/Developer/Platforms/MacOSX.platform/Developer/SDKs/MacOSX.sdk -arch arm64 -c -o x-spell.o x-spell.c
clang -Wall -std=gnu99 -O2 -I. -DUSE_GCU -DUSE_TRANSPARENCY -DHAVE_MKSTEMP -DPRIVATE_USER_PATH=\"~/Library/Preferences\" -DUSE_PRIVATE_PATHS -DALLOW_WIZARD -DNCURSES_OPAQUE=0 -Wno-error=implicit-function-declaration -Wno-error=implicit-int -Wno-error=int-conversion -Wno-error=incompatible-function-pointer-types -Wno-error=incompatible-pointer-types -Wno-error=return-type -isysroot /Applications/Xcode.app/Contents/Developer/Platforms/MacOSX.platform/Developer/SDKs/MacOSX.sdk -arch arm64 -c -o xtra2.o xtra2.c
clang -Wall -std=gnu99 -O2 -I. -DUSE_GCU -DUSE_TRANSPARENCY -DHAVE_MKSTEMP -DPRIVATE_USER_PATH=\"~/Library/Preferences\" -DUSE_PRIVATE_PATHS -DALLOW_WIZARD -DNCURSES_OPAQUE=0 -Wno-error=implicit-function-declaration -Wno-error=implicit-int -Wno-error=int-conversion -Wno-error=incompatible-function-pointer-types -Wno-error=incompatible-pointer-types -Wno-error=return-type -isysroot /Applications/Xcode.app/Contents/Developer/Platforms/MacOSX.platform/Developer/SDKs/MacOSX.sdk -arch arm64 -c -o xtra3.o xtra3.c
xtra3.c:367:8: warning: logical not is only applied to the left hand side of this comparison [-Wlogical-not-parentheses]
  367 |                     (!mon_list[p_ptr->health_who].hp < 0))
      |                      ^                               ~
xtra3.c:367:8: note: add parentheses after the '!' to evaluate the comparison first
  367 |                     (!mon_list[p_ptr->health_who].hp < 0))
      |                      ^                                  
      |                       (                                 )
xtra3.c:367:8: note: add parentheses around left hand side expression to silence this warning
  367 |                     (!mon_list[p_ptr->health_who].hp < 0))
      |                      ^
      |                      (                              )
xtra3.c:367:40: warning: result of comparison of constant 0 with boolean expression is always false [-Wtautological-constant-compare]
  367 |                     (!mon_list[p_ptr->health_who].hp < 0))
      |                      ~~~~~~~~~~~~~~~~~~~~~~~~~~~~~~~ ^ ~
xtra3.c:437:8: warning: logical not is only applied to the left hand side of this comparison [-Wlogical-not-parentheses]
  437 |                     (!mon_list[p_ptr->health_who].hp < 0)) /* Dead (?) */
      |                      ^                               ~
xtra3.c:437:8: note: add parentheses after the '!' to evaluate the comparison first
  437 |                     (!mon_list[p_ptr->health_who].hp < 0)) /* Dead (?) */
      |                      ^                                  
      |                       (                                 )
xtra3.c:437:8: note: add parentheses around left hand side expression to silence this warning
  437 |                     (!mon_list[p_ptr->health_who].hp < 0)) /* Dead (?) */
      |                      ^
      |                      (                              )
xtra3.c:437:40: warning: result of comparison of constant 0 with boolean expression is always false [-Wtautological-constant-compare]
  437 |                     (!mon_list[p_ptr->health_who].hp < 0)) /* Dead (?) */
      |                      ~~~~~~~~~~~~~~~~~~~~~~~~~~~~~~~ ^ ~
4 warnings generated.
clang -Wall -std=gnu99 -O2 -I. -DUSE_GCU -DUSE_TRANSPARENCY -DHAVE_MKSTEMP -DPRIVATE_USER_PATH=\"~/Library/Preferences\" -DUSE_PRIVATE_PATHS -DALLOW_WIZARD -DNCURSES_OPAQUE=0 -Wno-error=implicit-function-declaration -Wno-error=implicit-int -Wno-error=int-conversion -Wno-error=incompatible-function-pointer-types -Wno-error=incompatible-pointer-types -Wno-error=return-type -isysroot /Applications/Xcode.app/Contents/Developer/Platforms/MacOSX.platform/Developer/SDKs/MacOSX.sdk -arch arm64 -c -o z-file.o z-file.c
clang -Wall -std=gnu99 -O2 -I. -DUSE_GCU -DUSE_TRANSPARENCY -DHAVE_MKSTEMP -DPRIVATE_USER_PATH=\"~/Library/Preferences\" -DUSE_PRIVATE_PATHS -DALLOW_WIZARD -DNCURSES_OPAQUE=0 -Wno-error=implicit-function-declaration -Wno-error=implicit-int -Wno-error=int-conversion -Wno-error=incompatible-function-pointer-types -Wno-error=incompatible-pointer-types -Wno-error=return-type -isysroot /Applications/Xcode.app/Contents/Developer/Platforms/MacOSX.platform/Developer/SDKs/MacOSX.sdk -arch arm64 -c -o z-form.o z-form.c
clang -Wall -std=gnu99 -O2 -I. -DUSE_GCU -DUSE_TRANSPARENCY -DHAVE_MKSTEMP -DPRIVATE_USER_PATH=\"~/Library/Preferences\" -DUSE_PRIVATE_PATHS -DALLOW_WIZARD -DNCURSES_OPAQUE=0 -Wno-error=implicit-function-declaration -Wno-error=implicit-int -Wno-error=int-conversion -Wno-error=incompatible-function-pointer-types -Wno-error=incompatible-pointer-types -Wno-error=return-type -isysroot /Applications/Xcode.app/Contents/Developer/Platforms/MacOSX.platform/Developer/SDKs/MacOSX.sdk -arch arm64 -c -o z-msg.o z-msg.c
clang -Wall -std=gnu99 -O2 -I. -DUSE_GCU -DUSE_TRANSPARENCY -DHAVE_MKSTEMP -DPRIVATE_USER_PATH=\"~/Library/Preferences\" -DUSE_PRIVATE_PATHS -DALLOW_WIZARD -DNCURSES_OPAQUE=0 -Wno-error=implicit-function-declaration -Wno-error=implicit-int -Wno-error=int-conversion -Wno-error=incompatible-function-pointer-types -Wno-error=incompatible-pointer-types -Wno-error=return-type -isysroot /Applications/Xcode.app/Contents/Developer/Platforms/MacOSX.platform/Developer/SDKs/MacOSX.sdk -arch arm64 -c -o z-quark.o z-quark.c
clang -Wall -std=gnu99 -O2 -I. -DUSE_GCU -DUSE_TRANSPARENCY -DHAVE_MKSTEMP -DPRIVATE_USER_PATH=\"~/Library/Preferences\" -DUSE_PRIVATE_PATHS -DALLOW_WIZARD -DNCURSES_OPAQUE=0 -Wno-error=implicit-function-declaration -Wno-error=implicit-int -Wno-error=int-conversion -Wno-error=incompatible-function-pointer-types -Wno-error=incompatible-pointer-types -Wno-error=return-type -isysroot /Applications/Xcode.app/Contents/Developer/Platforms/MacOSX.platform/Developer/SDKs/MacOSX.sdk -arch arm64 -c -o z-rand.o z-rand.c
clang -Wall -std=gnu99 -O2 -I. -DUSE_GCU -DUSE_TRANSPARENCY -DHAVE_MKSTEMP -DPRIVATE_USER_PATH=\"~/Library/Preferences\" -DUSE_PRIVATE_PATHS -DALLOW_WIZARD -DNCURSES_OPAQUE=0 -Wno-error=implicit-function-declaration -Wno-error=implicit-int -Wno-error=int-conversion -Wno-error=incompatible-function-pointer-types -Wno-error=incompatible-pointer-types -Wno-error=return-type -isysroot /Applications/Xcode.app/Contents/Developer/Platforms/MacOSX.platform/Developer/SDKs/MacOSX.sdk -arch arm64 -c -o z-term.o z-term.c
clang -Wall -std=gnu99 -O2 -I. -DUSE_GCU -DUSE_TRANSPARENCY -DHAVE_MKSTEMP -DPRIVATE_USER_PATH=\"~/Library/Preferences\" -DUSE_PRIVATE_PATHS -DALLOW_WIZARD -DNCURSES_OPAQUE=0 -Wno-error=implicit-function-declaration -Wno-error=implicit-int -Wno-error=int-conversion -Wno-error=incompatible-function-pointer-types -Wno-error=incompatible-pointer-types -Wno-error=return-type -isysroot /Applications/Xcode.app/Contents/Developer/Platforms/MacOSX.platform/Developer/SDKs/MacOSX.sdk -arch arm64 -c -o z-type.o z-type.c
clang -Wall -std=gnu99 -O2 -I. -DUSE_GCU -DUSE_TRANSPARENCY -DHAVE_MKSTEMP -DPRIVATE_USER_PATH=\"~/Library/Preferences\" -DUSE_PRIVATE_PATHS -DALLOW_WIZARD -DNCURSES_OPAQUE=0 -Wno-error=implicit-function-declaration -Wno-error=implicit-int -Wno-error=int-conversion -Wno-error=incompatible-function-pointer-types -Wno-error=incompatible-pointer-types -Wno-error=return-type -isysroot /Applications/Xcode.app/Contents/Developer/Platforms/MacOSX.platform/Developer/SDKs/MacOSX.sdk -arch arm64 -c -o z-util.o z-util.c
clang -Wall -std=gnu99 -O2 -I. -DUSE_GCU -DUSE_TRANSPARENCY -DHAVE_MKSTEMP -DPRIVATE_USER_PATH=\"~/Library/Preferences\" -DUSE_PRIVATE_PATHS -DALLOW_WIZARD -DNCURSES_OPAQUE=0 -Wno-error=implicit-function-declaration -Wno-error=implicit-int -Wno-error=int-conversion -Wno-error=incompatible-function-pointer-types -Wno-error=incompatible-pointer-types -Wno-error=return-type -isysroot /Applications/Xcode.app/Contents/Developer/Platforms/MacOSX.platform/Developer/SDKs/MacOSX.sdk -arch arm64 -c -o z-virt.o z-virt.c
clang -Wall -std=gnu99 -O2 -I. -DUSE_GCU -DUSE_TRANSPARENCY -DHAVE_MKSTEMP -DPRIVATE_USER_PATH=\"~/Library/Preferences\" -DUSE_PRIVATE_PATHS -DALLOW_WIZARD -DNCURSES_OPAQUE=0 -Wno-error=implicit-function-declaration -Wno-error=implicit-int -Wno-error=int-conversion -Wno-error=incompatible-function-pointer-types -Wno-error=incompatible-pointer-types -Wno-error=return-type -isysroot /Applications/Xcode.app/Contents/Developer/Platforms/MacOSX.platform/Developer/SDKs/MacOSX.sdk -arch arm64 -c -o main.o main.c
clang -Wall -std=gnu99 -O2 -I. -DUSE_GCU -DUSE_TRANSPARENCY -DHAVE_MKSTEMP -DPRIVATE_USER_PATH=\"~/Library/Preferences\" -DUSE_PRIVATE_PATHS -DALLOW_WIZARD -DNCURSES_OPAQUE=0 -Wno-error=implicit-function-declaration -Wno-error=implicit-int -Wno-error=int-conversion -Wno-error=incompatible-function-pointer-types -Wno-error=incompatible-pointer-types -Wno-error=return-type -isysroot /Applications/Xcode.app/Contents/Developer/Platforms/MacOSX.platform/Developer/SDKs/MacOSX.sdk -arch arm64 -c -o main-gcu.o main-gcu.c
clang -Wall -std=gnu99 -O2 -I. -DUSE_GCU -DUSE_TRANSPARENCY -DHAVE_MKSTEMP -DPRIVATE_USER_PATH=\"~/Library/Preferences\" -DUSE_PRIVATE_PATHS -DALLOW_WIZARD -DNCURSES_OPAQUE=0 -Wno-error=implicit-function-declaration -Wno-error=implicit-int -Wno-error=int-conversion -Wno-error=incompatible-function-pointer-types -Wno-error=incompatible-pointer-types -Wno-error=return-type -isysroot /Applications/Xcode.app/Contents/Developer/Platforms/MacOSX.platform/Developer/SDKs/MacOSX.sdk -arch arm64 -Wl,-syslibroot,/Applications/Xcode.app/Contents/Developer/Platforms/MacOSX.platform/Developer/SDKs/MacOSX.sdk -arch arm64 -o craftband attack.o birth.o button.o cave.o cmd0.o cmd1.o cmd2.o cmd3.o cmd4.o cmd5.o cmd6.o cmd-obj.o crafting.o death.o debug.o dungeon.o effects.o files.o game-cmd.o game-event.o generate.o history.o init1.o init2.o load.o monster/melee1.o monster/melee2.o monster/monster1.o monster/monster2.o object/identify.o object/obj-desc.o object/obj-info.o object/obj-make.o object/obj-ui.o object/obj-util.o object/randart.o option.o randname.o pathfind.o player/calcs.o player/timed.o player/util.o score.o signals.o save.o spells1.o spells2.o squelch.o store.o tables.o target.o trap.o ui.o ui-birth.o ui-event.o ui-menu.o util.o variable.o wiz-spoil.o wiz-stats.o wizard.o x-spell.o xtra2.o xtra3.o z-file.o z-form.o z-msg.o z-quark.o z-rand.o z-term.o z-type.o z-util.o z-virt.o main.o main-gcu.o -lncurses
Installing terminal version...
Terminal version installed as ../craftband-terminal
Run with: ./craftband-terminal
