clang -Wall -std=gnu99 -O2 -I. -DUSE_GCU -DUSE_TRANSPARENCY -DHAVE_MKSTEMP -DPRIVATE_USER_PATH=\"~/Library/Preferences\" -DUSE_PRIVATE_PATHS -DALLOW_WIZARD -DNCURSES_OPAQUE=0 -Wno-error=implicit-function-declaration -Wno-error=implicit-int -Wno-error=int-conversion -Wno-error=incompatible-function-pointer-types -Wno-error=incompatible-pointer-types -Wno-error=return-type -isysroot /Applications/Xcode.app/Contents/Developer/Platforms/MacOSX.platform/Developer/SDKs/MacOSX.sdk -arch arm64 -c -o variable.o variable.c
In file included from variable.c:11:
In file included from ./angband.h:31:
./config.h:312:11: warning: 'PRIVATE_USER_PATH' macro redefined [-Wmacro-redefined]
  312 | #  define PRIVATE_USER_PATH "~/.sil"
      |           ^
<command line>:4:9: note: previous definition is here
    4 | #define PRIVATE_USER_PATH "~/Library/Preferences"
      |         ^
1 warning generated.
clang -Wall -std=gnu99 -O2 -I. -DUSE_GCU -DUSE_TRANSPARENCY -DHAVE_MKSTEMP -DPRIVATE_USER_PATH=\"~/Library/Preferences\" -DUSE_PRIVATE_PATHS -DALLOW_WIZARD -DNCURSES_OPAQUE=0 -Wno-error=implicit-function-declaration -Wno-error=implicit-int -Wno-error=int-conversion -Wno-error=incompatible-function-pointer-types -Wno-error=incompatible-pointer-types -Wno-error=return-type -isysroot /Applications/Xcode.app/Contents/Developer/Platforms/MacOSX.platform/Developer/SDKs/MacOSX.sdk -arch arm64 -c -o tables.o tables.c
In file included from tables.c:11:
In file included from ./angband.h:31:
./config.h:312:11: warning: 'PRIVATE_USER_PATH' macro redefined [-Wmacro-redefined]
  312 | #  define PRIVATE_USER_PATH "~/.sil"
      |           ^
<command line>:4:9: note: previous definition is here
    4 | #define PRIVATE_USER_PATH "~/Library/Preferences"
      |         ^
1 warning generated.
clang -Wall -std=gnu99 -O2 -I. -DUSE_GCU -DUSE_TRANSPARENCY -DHAVE_MKSTEMP -DPRIVATE_USER_PATH=\"~/Library/Preferences\" -DUSE_PRIVATE_PATHS -DALLOW_WIZARD -DNCURSES_OPAQUE=0 -Wno-error=implicit-function-declaration -Wno-error=implicit-int -Wno-error=int-conversion -Wno-error=incompatible-function-pointer-types -Wno-error=incompatible-pointer-types -Wno-error=return-type -isysroot /Applications/Xcode.app/Contents/Developer/Platforms/MacOSX.platform/Developer/SDKs/MacOSX.sdk -arch arm64 -c -o util.o util.c
In file included from util.c:11:
In file included from ./angband.h:31:
./config.h:312:11: warning: 'PRIVATE_USER_PATH' macro redefined [-Wmacro-redefined]
  312 | #  define PRIVATE_USER_PATH "~/.sil"
      |           ^
<command line>:4:9: note: previous definition is here
    4 | #define PRIVATE_USER_PATH "~/Library/Preferences"
      |         ^
1 warning generated.
clang -Wall -std=gnu99 -O2 -I. -DUSE_GCU -DUSE_TRANSPARENCY -DHAVE_MKSTEMP -DPRIVATE_USER_PATH=\"~/Library/Preferences\" -DUSE_PRIVATE_PATHS -DALLOW_WIZARD -DNCURSES_OPAQUE=0 -Wno-error=implicit-function-declaration -Wno-error=implicit-int -Wno-error=int-conversion -Wno-error=incompatible-function-pointer-types -Wno-error=incompatible-pointer-types -Wno-error=return-type -isysroot /Applications/Xcode.app/Contents/Developer/Platforms/MacOSX.platform/Developer/SDKs/MacOSX.sdk -arch arm64 -c -o cave.o cave.c
In file included from cave.c:11:
In file included from ./angband.h:31:
./config.h:312:11: warning: 'PRIVATE_USER_PATH' macro redefined [-Wmacro-redefined]
  312 | #  define PRIVATE_USER_PATH "~/.sil"
      |           ^
<command line>:4:9: note: previous definition is here
    4 | #define PRIVATE_USER_PATH "~/Library/Preferences"
      |         ^
1 warning generated.
clang -Wall -std=gnu99 -O2 -I. -DUSE_GCU -DUSE_TRANSPARENCY -DHAVE_MKSTEMP -DPRIVATE_USER_PATH=\"~/Library/Preferences\" -DUSE_PRIVATE_PATHS -DALLOW_WIZARD -DNCURSES_OPAQUE=0 -Wno-error=implicit-function-declaration -Wno-error=implicit-int -Wno-error=int-conversion -Wno-error=incompatible-function-pointer-types -Wno-error=incompatible-pointer-types -Wno-error=return-type -isysroot /Applications/Xcode.app/Contents/Developer/Platforms/MacOSX.platform/Developer/SDKs/MacOSX.sdk -arch arm64 -c -o object1.o object1.c
In file included from object1.c:11:
In file included from ./angband.h:31:
./config.h:312:11: warning: 'PRIVATE_USER_PATH' macro redefined [-Wmacro-redefined]
  312 | #  define PRIVATE_USER_PATH "~/.sil"
      |           ^
<command line>:4:9: note: previous definition is here
    4 | #define PRIVATE_USER_PATH "~/Library/Preferences"
      |         ^
object1.c:2574:7: warning: variable 'allow_list' set but not used [-Wunused-but-set-variable]
 2574 |         bool allow_list;
      |              ^
2 warnings generated.
clang -Wall -std=gnu99 -O2 -I. -DUSE_GCU -DUSE_TRANSPARENCY -DHAVE_MKSTEMP -DPRIVATE_USER_PATH=\"~/Library/Preferences\" -DUSE_PRIVATE_PATHS -DALLOW_WIZARD -DNCURSES_OPAQUE=0 -Wno-error=implicit-function-declaration -Wno-error=implicit-int -Wno-error=int-conversion -Wno-error=incompatible-function-pointer-types -Wno-error=incompatible-pointer-types -Wno-error=return-type -isysroot /Applications/Xcode.app/Contents/Developer/Platforms/MacOSX.platform/Developer/SDKs/MacOSX.sdk -arch arm64 -c -o object2.o object2.c
In file included from object2.c:11:
In file included from ./angband.h:31:
./config.h:312:11: warning: 'PRIVATE_USER_PATH' macro redefined [-Wmacro-redefined]
  312 | #  define PRIVATE_USER_PATH "~/.sil"
      |           ^
<command line>:4:9: note: previous definition is here
    4 | #define PRIVATE_USER_PATH "~/Library/Preferences"
      |         ^
object2.c:2628:9: warning: variable 'ego_power' set but not used [-Wunused-but-set-variable]
 2628 |                                 int ego_power;
      |                                     ^
2 warnings generated.
clang -Wall -std=gnu99 -O2 -I. -DUSE_GCU -DUSE_TRANSPARENCY -DHAVE_MKSTEMP -DPRIVATE_USER_PATH=\"~/Library/Preferences\" -DUSE_PRIVATE_PATHS -DALLOW_WIZARD -DNCURSES_OPAQUE=0 -Wno-error=implicit-function-declaration -Wno-error=implicit-int -Wno-error=int-conversion -Wno-error=incompatible-function-pointer-types -Wno-error=incompatible-pointer-types -Wno-error=return-type -isysroot /Applications/Xcode.app/Contents/Developer/Platforms/MacOSX.platform/Developer/SDKs/MacOSX.sdk -arch arm64 -c -o monster1.o monster1.c
In file included from monster1.c:11:
In file included from ./angband.h:31:
./config.h:312:11: warning: 'PRIVATE_USER_PATH' macro redefined [-Wmacro-redefined]
  312 | #  define PRIVATE_USER_PATH "~/.sil"
      |           ^
<command line>:4:9: note: previous definition is here
    4 | #define PRIVATE_USER_PATH "~/Library/Preferences"
      |         ^
monster1.c:83:7: warning: variable 'breath' set but not used [-Wunused-but-set-variable]
   83 |         bool breath = FALSE;
      |              ^
monster1.c:84:7: warning: variable 'magic' set but not used [-Wunused-but-set-variable]
   84 |         bool magic = FALSE;
      |              ^
monster1.c:1433:11: warning: variable 'a2' set but not used [-Wunused-but-set-variable]
 1433 |         byte a1, a2;
      |                  ^
monster1.c:1434:11: warning: variable 'c2' set but not used [-Wunused-but-set-variable]
 1434 |         char c1, c2;
      |                  ^
5 warnings generated.
clang -Wall -std=gnu99 -O2 -I. -DUSE_GCU -DUSE_TRANSPARENCY -DHAVE_MKSTEMP -DPRIVATE_USER_PATH=\"~/Library/Preferences\" -DUSE_PRIVATE_PATHS -DALLOW_WIZARD -DNCURSES_OPAQUE=0 -Wno-error=implicit-function-declaration -Wno-error=implicit-int -Wno-error=int-conversion -Wno-error=incompatible-function-pointer-types -Wno-error=incompatible-pointer-types -Wno-error=return-type -isysroot /Applications/Xcode.app/Contents/Developer/Platforms/MacOSX.platform/Developer/SDKs/MacOSX.sdk -arch arm64 -c -o monster2.o monster2.c
In file included from monster2.c:11:
In file included from ./angband.h:31:
./config.h:312:11: warning: 'PRIVATE_USER_PATH' macro redefined [-Wmacro-redefined]
  312 | #  define PRIVATE_USER_PATH "~/.sil"
      |           ^
<command line>:4:9: note: previous definition is here
    4 | #define PRIVATE_USER_PATH "~/Library/Preferences"
      |         ^
1 warning generated.
clang -Wall -std=gnu99 -O2 -I. -DUSE_GCU -DUSE_TRANSPARENCY -DHAVE_MKSTEMP -DPRIVATE_USER_PATH=\"~/Library/Preferences\" -DUSE_PRIVATE_PATHS -DALLOW_WIZARD -DNCURSES_OPAQUE=0 -Wno-error=implicit-function-declaration -Wno-error=implicit-int -Wno-error=int-conversion -Wno-error=incompatible-function-pointer-types -Wno-error=incompatible-pointer-types -Wno-error=return-type -isysroot /Applications/Xcode.app/Contents/Developer/Platforms/MacOSX.platform/Developer/SDKs/MacOSX.sdk -arch arm64 -c -o xtra1.o xtra1.c
In file included from xtra1.c:11:
In file included from ./angband.h:31:
./config.h:312:11: warning: 'PRIVATE_USER_PATH' macro redefined [-Wmacro-redefined]
  312 | #  define PRIVATE_USER_PATH "~/.sil"
      |           ^
<command line>:4:9: note: previous definition is here
    4 | #define PRIVATE_USER_PATH "~/Library/Preferences"
      |         ^
1 warning generated.
clang -Wall -std=gnu99 -O2 -I. -DUSE_GCU -DUSE_TRANSPARENCY -DHAVE_MKSTEMP -DPRIVATE_USER_PATH=\"~/Library/Preferences\" -DUSE_PRIVATE_PATHS -DALLOW_WIZARD -DNCURSES_OPAQUE=0 -Wno-error=implicit-function-declaration -Wno-error=implicit-int -Wno-error=int-conversion -Wno-error=incompatible-function-pointer-types -Wno-error=incompatible-pointer-types -Wno-error=return-type -isysroot /Applications/Xcode.app/Contents/Developer/Platforms/MacOSX.platform/Developer/SDKs/MacOSX.sdk -arch arm64 -c -o xtra2.o xtra2.c
In file included from xtra2.c:11:
In file included from ./angband.h:31:
./config.h:312:11: warning: 'PRIVATE_USER_PATH' macro redefined [-Wmacro-redefined]
  312 | #  define PRIVATE_USER_PATH "~/.sil"
      |           ^
<command line>:4:9: note: previous definition is here
    4 | #define PRIVATE_USER_PATH "~/Library/Preferences"
      |         ^
xtra2.c:1712:16: warning: variable 'r_ptr' set but not used [-Wunused-but-set-variable]
 1712 |         monster_race *r_ptr;
      |                       ^
xtra2.c:2608:7: warning: variable 'living' set but not used [-Wunused-but-set-variable]
 2608 |         bool living = TRUE;
      |              ^
3 warnings generated.
clang -Wall -std=gnu99 -O2 -I. -DUSE_GCU -DUSE_TRANSPARENCY -DHAVE_MKSTEMP -DPRIVATE_USER_PATH=\"~/Library/Preferences\" -DUSE_PRIVATE_PATHS -DALLOW_WIZARD -DNCURSES_OPAQUE=0 -Wno-error=implicit-function-declaration -Wno-error=implicit-int -Wno-error=int-conversion -Wno-error=incompatible-function-pointer-types -Wno-error=incompatible-pointer-types -Wno-error=return-type -isysroot /Applications/Xcode.app/Contents/Developer/Platforms/MacOSX.platform/Developer/SDKs/MacOSX.sdk -arch arm64 -c -o spells1.o spells1.c
In file included from spells1.c:11:
In file included from ./angband.h:31:
./config.h:312:11: warning: 'PRIVATE_USER_PATH' macro redefined [-Wmacro-redefined]
  312 | #  define PRIVATE_USER_PATH "~/.sil"
      |           ^
<command line>:4:9: note: previous definition is here
    4 | #define PRIVATE_USER_PATH "~/Library/Preferences"
      |         ^
spells1.c:2236:7: warning: variable 'name' set but not used [-Wunused-but-set-variable]
 2236 |         cptr name;
      |              ^
2 warnings generated.
clang -Wall -std=gnu99 -O2 -I. -DUSE_GCU -DUSE_TRANSPARENCY -DHAVE_MKSTEMP -DPRIVATE_USER_PATH=\"~/Library/Preferences\" -DUSE_PRIVATE_PATHS -DALLOW_WIZARD -DNCURSES_OPAQUE=0 -Wno-error=implicit-function-declaration -Wno-error=implicit-int -Wno-error=int-conversion -Wno-error=incompatible-function-pointer-types -Wno-error=incompatible-pointer-types -Wno-error=return-type -isysroot /Applications/Xcode.app/Contents/Developer/Platforms/MacOSX.platform/Developer/SDKs/MacOSX.sdk -arch arm64 -c -o spells2.o spells2.c
In file included from spells2.c:11:
In file included from ./angband.h:31:
./config.h:312:11: warning: 'PRIVATE_USER_PATH' macro redefined [-Wmacro-redefined]
  312 | #  define PRIVATE_USER_PATH "~/.sil"
      |           ^
<command line>:4:9: note: previous definition is here
    4 | #define PRIVATE_USER_PATH "~/Library/Preferences"
      |         ^
spells2.c:1287:7: warning: variable 'detect_trap' set but not used [-Wunused-but-set-variable]
 1287 |         bool detect_trap = FALSE;
      |              ^
spells2.c:1288:7: warning: variable 'detect_door' set but not used [-Wunused-but-set-variable]
 1288 |         bool detect_door = FALSE;
      |              ^
spells2.c:1603:9: warning: variable 'y' set but not used [-Wunused-but-set-variable]
 1603 |         int i, y, x;
      |                ^
spells2.c:1603:12: warning: variable 'x' set but not used [-Wunused-but-set-variable]
 1603 |         int i, y, x;
      |                   ^
spells2.c:1650:9: warning: variable 'y' set but not used [-Wunused-but-set-variable]
 1650 |         int i, y, x;
      |                ^
spells2.c:1650:12: warning: variable 'x' set but not used [-Wunused-but-set-variable]
 1650 |         int i, y, x;
      |                   ^
7 warnings generated.
clang -Wall -std=gnu99 -O2 -I. -DUSE_GCU -DUSE_TRANSPARENCY -DHAVE_MKSTEMP -DPRIVATE_USER_PATH=\"~/Library/Preferences\" -DUSE_PRIVATE_PATHS -DALLOW_WIZARD -DNCURSES_OPAQUE=0 -Wno-error=implicit-function-declaration -Wno-error=implicit-int -Wno-error=int-conversion -Wno-error=incompatible-function-pointer-types -Wno-error=incompatible-pointer-types -Wno-error=return-type -isysroot /Applications/Xcode.app/Contents/Developer/Platforms/MacOSX.platform/Developer/SDKs/MacOSX.sdk -arch arm64 -c -o melee1.o melee1.c
In file included from melee1.c:11:
In file included from ./angband.h:31:
./config.h:312:11: warning: 'PRIVATE_USER_PATH' macro redefined [-Wmacro-redefined]
  312 | #  define PRIVATE_USER_PATH "~/.sil"
      |           ^
<command line>:4:9: note: previous definition is here
    4 | #define PRIVATE_USER_PATH "~/Library/Preferences"
      |         ^
melee1.c:408:8: warning: variable 'pure_dam' set but not used [-Wunused-but-set-variable]
  408 |                 bool pure_dam = FALSE;
      |                      ^
melee1.c:1755:7: warning: variable 'notice' set but not used [-Wunused-but-set-variable]
 1755 |         bool notice;
      |              ^
melee1.c:1882:6: warning: variable 'summon_lev' set but not used [-Wunused-but-set-variable]
 1882 |         int summon_lev;
      |             ^
4 warnings generated.
clang -Wall -std=gnu99 -O2 -I. -DUSE_GCU -DUSE_TRANSPARENCY -DHAVE_MKSTEMP -DPRIVATE_USER_PATH=\"~/Library/Preferences\" -DUSE_PRIVATE_PATHS -DALLOW_WIZARD -DNCURSES_OPAQUE=0 -Wno-error=implicit-function-declaration -Wno-error=implicit-int -Wno-error=int-conversion -Wno-error=incompatible-function-pointer-types -Wno-error=incompatible-pointer-types -Wno-error=return-type -isysroot /Applications/Xcode.app/Contents/Developer/Platforms/MacOSX.platform/Developer/SDKs/MacOSX.sdk -arch arm64 -c -o melee2.o melee2.c
In file included from melee2.c:15:
In file included from ./angband.h:31:
./config.h:312:11: warning: 'PRIVATE_USER_PATH' macro redefined [-Wmacro-redefined]
  312 | #  define PRIVATE_USER_PATH "~/.sil"
      |           ^
<command line>:4:9: note: previous definition is here
    4 | #define PRIVATE_USER_PATH "~/Library/Preferences"
      |         ^
melee2.c:1909:16: warning: variable 'n_ptr' set but not used [-Wunused-but-set-variable]
 1909 |         monster_type *n_ptr;
      |                       ^
melee2.c:4045:9: warning: variable 'flg3' set but not used [-Wunused-but-set-variable]
 4045 |                         u32b flg3 = 0L;
      |                              ^
melee2.c:3522:6: warning: variable 'feat' set but not used [-Wunused-but-set-variable]
 3522 |         int feat;
      |             ^
melee2.c:5509:8: warning: variable 'attr' set but not used [-Wunused-but-set-variable]
 5509 |                 byte attr;
      |                      ^
5 warnings generated.
clang -Wall -std=gnu99 -O2 -I. -DUSE_GCU -DUSE_TRANSPARENCY -DHAVE_MKSTEMP -DPRIVATE_USER_PATH=\"~/Library/Preferences\" -DUSE_PRIVATE_PATHS -DALLOW_WIZARD -DNCURSES_OPAQUE=0 -Wno-error=implicit-function-declaration -Wno-error=implicit-int -Wno-error=int-conversion -Wno-error=incompatible-function-pointer-types -Wno-error=incompatible-pointer-types -Wno-error=return-type -isysroot /Applications/Xcode.app/Contents/Developer/Platforms/MacOSX.platform/Developer/SDKs/MacOSX.sdk -arch arm64 -c -o save.o save.c
In file included from save.c:11:
In file included from ./angband.h:31:
./config.h:312:11: warning: 'PRIVATE_USER_PATH' macro redefined [-Wmacro-redefined]
  312 | #  define PRIVATE_USER_PATH "~/.sil"
      |           ^
<command line>:4:9: note: previous definition is here
    4 | #define PRIVATE_USER_PATH "~/Library/Preferences"
      |         ^
1 warning generated.
clang -Wall -std=gnu99 -O2 -I. -DUSE_GCU -DUSE_TRANSPARENCY -DHAVE_MKSTEMP -DPRIVATE_USER_PATH=\"~/Library/Preferences\" -DUSE_PRIVATE_PATHS -DALLOW_WIZARD -DNCURSES_OPAQUE=0 -Wno-error=implicit-function-declaration -Wno-error=implicit-int -Wno-error=int-conversion -Wno-error=incompatible-function-pointer-types -Wno-error=incompatible-pointer-types -Wno-error=return-type -isysroot /Applications/Xcode.app/Contents/Developer/Platforms/MacOSX.platform/Developer/SDKs/MacOSX.sdk -arch arm64 -c -o files.o files.c
In file included from files.c:11:
In file included from ./angband.h:31:
./config.h:312:11: warning: 'PRIVATE_USER_PATH' macro redefined [-Wmacro-redefined]
  312 | #  define PRIVATE_USER_PATH "~/.sil"
      |           ^
<command line>:4:9: note: previous definition is here
    4 | #define PRIVATE_USER_PATH "~/Library/Preferences"
      |         ^
files.c:1221:15: warning: variable 'o_ptr' set but not used [-Wunused-but-set-variable]
 1221 |         object_type *o_ptr;
      |                      ^
files.c:3668:6: warning: variable 'pr' set but not used [-Wunused-but-set-variable]
 3668 |         int pr, ph, clev, cdun, mdun;
      |             ^
files.c:3668:14: warning: variable 'clev' set but not used [-Wunused-but-set-variable]
 3668 |         int pr, ph, clev, cdun, mdun;
      |                     ^
files.c:3668:20: warning: variable 'cdun' set but not used [-Wunused-but-set-variable]
 3668 |         int pr, ph, clev, cdun, mdun;
      |                           ^
files.c:3668:26: warning: variable 'mdun' set but not used [-Wunused-but-set-variable]
 3668 |         int pr, ph, clev, cdun, mdun;
      |                                 ^
6 warnings generated.
clang -Wall -std=gnu99 -O2 -I. -DUSE_GCU -DUSE_TRANSPARENCY -DHAVE_MKSTEMP -DPRIVATE_USER_PATH=\"~/Library/Preferences\" -DUSE_PRIVATE_PATHS -DALLOW_WIZARD -DNCURSES_OPAQUE=0 -Wno-error=implicit-function-declaration -Wno-error=implicit-int -Wno-error=int-conversion -Wno-error=incompatible-function-pointer-types -Wno-error=incompatible-pointer-types -Wno-error=return-type -isysroot /Applications/Xcode.app/Contents/Developer/Platforms/MacOSX.platform/Developer/SDKs/MacOSX.sdk -arch arm64 -c -o cmd1.o cmd1.c
In file included from cmd1.c:11:
In file included from ./angband.h:31:
./config.h:312:11: warning: 'PRIVATE_USER_PATH' macro redefined [-Wmacro-redefined]
  312 | #  define PRIVATE_USER_PATH "~/.sil"
      |           ^
<command line>:4:9: note: previous definition is here
    4 | #define PRIVATE_USER_PATH "~/Library/Preferences"
      |         ^
cmd1.c:2556:8: warning: variable 'do_not_pickup' set but not used [-Wunused-but-set-variable]
 2556 |                 bool do_not_pickup = FALSE;
      |                      ^
cmd1.c:3477:6: warning: variable 'hits' set but not used [-Wunused-but-set-variable]
 3477 |         int hits = 0;
      |             ^
cmd1.c:3488:16: warning: variable 'l_ptr' set but not used [-Wunused-but-set-variable]
 3488 |         monster_lore *l_ptr;
      |                       ^
cmd1.c:4089:9: warning: variable 'a' set but not used [-Wunused-but-set-variable]
 4089 |     int a = y1 + x1 + y2 + x2;  // Sil-y: soothing complilation warnings
      |         ^
cmd1.c:4891:6: warning: variable 'check_dir' set but not used [-Wunused-but-set-variable]
 4891 |         int check_dir = 0;
      |             ^
6 warnings generated.
clang -Wall -std=gnu99 -O2 -I. -DUSE_GCU -DUSE_TRANSPARENCY -DHAVE_MKSTEMP -DPRIVATE_USER_PATH=\"~/Library/Preferences\" -DUSE_PRIVATE_PATHS -DALLOW_WIZARD -DNCURSES_OPAQUE=0 -Wno-error=implicit-function-declaration -Wno-error=implicit-int -Wno-error=int-conversion -Wno-error=incompatible-function-pointer-types -Wno-error=incompatible-pointer-types -Wno-error=return-type -isysroot /Applications/Xcode.app/Contents/Developer/Platforms/MacOSX.platform/Developer/SDKs/MacOSX.sdk -arch arm64 -c -o cmd2.o cmd2.c
In file included from cmd2.c:11:
In file included from ./angband.h:31:
./config.h:312:11: warning: 'PRIVATE_USER_PATH' macro redefined [-Wmacro-redefined]
  312 | #  define PRIVATE_USER_PATH "~/.sil"
      |           ^
<command line>:4:9: note: previous definition is here
    4 | #define PRIVATE_USER_PATH "~/Library/Preferences"
      |         ^
1 warning generated.
clang -Wall -std=gnu99 -O2 -I. -DUSE_GCU -DUSE_TRANSPARENCY -DHAVE_MKSTEMP -DPRIVATE_USER_PATH=\"~/Library/Preferences\" -DUSE_PRIVATE_PATHS -DALLOW_WIZARD -DNCURSES_OPAQUE=0 -Wno-error=implicit-function-declaration -Wno-error=implicit-int -Wno-error=int-conversion -Wno-error=incompatible-function-pointer-types -Wno-error=incompatible-pointer-types -Wno-error=return-type -isysroot /Applications/Xcode.app/Contents/Developer/Platforms/MacOSX.platform/Developer/SDKs/MacOSX.sdk -arch arm64 -c -o cmd3.o cmd3.c
In file included from cmd3.c:11:
In file included from ./angband.h:31:
./config.h:312:11: warning: 'PRIVATE_USER_PATH' macro redefined [-Wmacro-redefined]
  312 | #  define PRIVATE_USER_PATH "~/.sil"
      |           ^
<command line>:4:9: note: previous definition is here
    4 | #define PRIVATE_USER_PATH "~/Library/Preferences"
      |         ^
1 warning generated.
clang -Wall -std=gnu99 -O2 -I. -DUSE_GCU -DUSE_TRANSPARENCY -DHAVE_MKSTEMP -DPRIVATE_USER_PATH=\"~/Library/Preferences\" -DUSE_PRIVATE_PATHS -DALLOW_WIZARD -DNCURSES_OPAQUE=0 -Wno-error=implicit-function-declaration -Wno-error=implicit-int -Wno-error=int-conversion -Wno-error=incompatible-function-pointer-types -Wno-error=incompatible-pointer-types -Wno-error=return-type -isysroot /Applications/Xcode.app/Contents/Developer/Platforms/MacOSX.platform/Developer/SDKs/MacOSX.sdk -arch arm64 -c -o cmd4.o cmd4.c
In file included from cmd4.c:11:
In file included from ./angband.h:31:
./config.h:312:11: warning: 'PRIVATE_USER_PATH' macro redefined [-Wmacro-redefined]
  312 | #  define PRIVATE_USER_PATH "~/.sil"
      |           ^
<command line>:4:9: note: previous definition is here
    4 | #define PRIVATE_USER_PATH "~/Library/Preferences"
      |         ^
cmd4.c:523:7: warning: variable 'allow_list' set but not used [-Wunused-but-set-variable]
  523 |         bool allow_list;
      |              ^
cmd4.c:526:6: warning: variable 'final_song' set but not used [-Wunused-but-set-variable]
  526 |         int final_song = 0;
      |             ^
cmd4.c:1056:16: warning: variable 'b_ptr_hi' set but not used [-Wunused-but-set-variable]
 1056 |         ability_type *b_ptr_hi;
      |                       ^
cmd4.c:8891:6: warning: variable 'norm' set but not used [-Wunused-but-set-variable]
 8891 |         int norm = 0;
      |             ^
5 warnings generated.
clang -Wall -std=gnu99 -O2 -I. -DUSE_GCU -DUSE_TRANSPARENCY -DHAVE_MKSTEMP -DPRIVATE_USER_PATH=\"~/Library/Preferences\" -DUSE_PRIVATE_PATHS -DALLOW_WIZARD -DNCURSES_OPAQUE=0 -Wno-error=implicit-function-declaration -Wno-error=implicit-int -Wno-error=int-conversion -Wno-error=incompatible-function-pointer-types -Wno-error=incompatible-pointer-types -Wno-error=return-type -isysroot /Applications/Xcode.app/Contents/Developer/Platforms/MacOSX.platform/Developer/SDKs/MacOSX.sdk -arch arm64 -c -o cmd5.o cmd5.c
In file included from cmd5.c:11:
In file included from ./angband.h:31:
./config.h:312:11: warning: 'PRIVATE_USER_PATH' macro redefined [-Wmacro-redefined]
  312 | #  define PRIVATE_USER_PATH "~/.sil"
      |           ^
<command line>:4:9: note: previous definition is here
    4 | #define PRIVATE_USER_PATH "~/Library/Preferences"
      |         ^
1 warning generated.
clang -Wall -std=gnu99 -O2 -I. -DUSE_GCU -DUSE_TRANSPARENCY -DHAVE_MKSTEMP -DPRIVATE_USER_PATH=\"~/Library/Preferences\" -DUSE_PRIVATE_PATHS -DALLOW_WIZARD -DNCURSES_OPAQUE=0 -Wno-error=implicit-function-declaration -Wno-error=implicit-int -Wno-error=int-conversion -Wno-error=incompatible-function-pointer-types -Wno-error=incompatible-pointer-types -Wno-error=return-type -isysroot /Applications/Xcode.app/Contents/Developer/Platforms/MacOSX.platform/Developer/SDKs/MacOSX.sdk -arch arm64 -c -o cmd6.o cmd6.c
In file included from cmd6.c:11:
In file included from ./angband.h:31:
./config.h:312:11: warning: 'PRIVATE_USER_PATH' macro redefined [-Wmacro-redefined]
  312 | #  define PRIVATE_USER_PATH "~/.sil"
      |           ^
<command line>:4:9: note: previous definition is here
    4 | #define PRIVATE_USER_PATH "~/Library/Preferences"
      |         ^
cmd6.c:58:12: warning: variable 'lev' set but not used [-Wunused-but-set-variable]
   58 |         int item, lev;
      |                   ^
cmd6.c:186:12: warning: variable 'lev' set but not used [-Wunused-but-set-variable]
  186 |         int item, lev;
      |                   ^
3 warnings generated.
clang -Wall -std=gnu99 -O2 -I. -DUSE_GCU -DUSE_TRANSPARENCY -DHAVE_MKSTEMP -DPRIVATE_USER_PATH=\"~/Library/Preferences\" -DUSE_PRIVATE_PATHS -DALLOW_WIZARD -DNCURSES_OPAQUE=0 -Wno-error=implicit-function-declaration -Wno-error=implicit-int -Wno-error=int-conversion -Wno-error=incompatible-function-pointer-types -Wno-error=incompatible-pointer-types -Wno-error=return-type -isysroot /Applications/Xcode.app/Contents/Developer/Platforms/MacOSX.platform/Developer/SDKs/MacOSX.sdk -arch arm64 -c -o birth.o birth.c
In file included from birth.c:11:
In file included from ./angband.h:31:
./config.h:312:11: warning: 'PRIVATE_USER_PATH' macro redefined [-Wmacro-redefined]
  312 | #  define PRIVATE_USER_PATH "~/.sil"
      |           ^
<command line>:4:9: note: previous definition is here
    4 | #define PRIVATE_USER_PATH "~/Library/Preferences"
      |         ^
1 warning generated.
clang -Wall -std=gnu99 -O2 -I. -DUSE_GCU -DUSE_TRANSPARENCY -DHAVE_MKSTEMP -DPRIVATE_USER_PATH=\"~/Library/Preferences\" -DUSE_PRIVATE_PATHS -DALLOW_WIZARD -DNCURSES_OPAQUE=0 -Wno-error=implicit-function-declaration -Wno-error=implicit-int -Wno-error=int-conversion -Wno-error=incompatible-function-pointer-types -Wno-error=incompatible-pointer-types -Wno-error=return-type -isysroot /Applications/Xcode.app/Contents/Developer/Platforms/MacOSX.platform/Developer/SDKs/MacOSX.sdk -arch arm64 -c -o load.o load.c
In file included from load.c:11:
In file included from ./angband.h:31:
./config.h:312:11: warning: 'PRIVATE_USER_PATH' macro redefined [-Wmacro-redefined]
  312 | #  define PRIVATE_USER_PATH "~/.sil"
      |           ^
<command line>:4:9: note: previous definition is here
    4 | #define PRIVATE_USER_PATH "~/Library/Preferences"
      |         ^
load.c:1485:17: warning: variable 'r_ptr' set but not used [-Wunused-but-set-variable]
 1485 |                 monster_race *r_ptr;
      |                               ^
2 warnings generated.
clang -Wall -std=gnu99 -O2 -I. -DUSE_GCU -DUSE_TRANSPARENCY -DHAVE_MKSTEMP -DPRIVATE_USER_PATH=\"~/Library/Preferences\" -DUSE_PRIVATE_PATHS -DALLOW_WIZARD -DNCURSES_OPAQUE=0 -Wno-error=implicit-function-declaration -Wno-error=implicit-int -Wno-error=int-conversion -Wno-error=incompatible-function-pointer-types -Wno-error=incompatible-pointer-types -Wno-error=return-type -isysroot /Applications/Xcode.app/Contents/Developer/Platforms/MacOSX.platform/Developer/SDKs/MacOSX.sdk -arch arm64 -c -o squelch.o squelch.c
In file included from squelch.c:11:
In file included from ./angband.h:31:
./config.h:312:11: warning: 'PRIVATE_USER_PATH' macro redefined [-Wmacro-redefined]
  312 | #  define PRIVATE_USER_PATH "~/.sil"
      |           ^
<command line>:4:9: note: previous definition is here
    4 | #define PRIVATE_USER_PATH "~/Library/Preferences"
      |         ^
1 warning generated.
clang -Wall -std=gnu99 -O2 -I. -DUSE_GCU -DUSE_TRANSPARENCY -DHAVE_MKSTEMP -DPRIVATE_USER_PATH=\"~/Library/Preferences\" -DUSE_PRIVATE_PATHS -DALLOW_WIZARD -DNCURSES_OPAQUE=0 -Wno-error=implicit-function-declaration -Wno-error=implicit-int -Wno-error=int-conversion -Wno-error=incompatible-function-pointer-types -Wno-error=incompatible-pointer-types -Wno-error=return-type -isysroot /Applications/Xcode.app/Contents/Developer/Platforms/MacOSX.platform/Developer/SDKs/MacOSX.sdk -arch arm64 -c -o wizard1.o wizard1.c
In file included from wizard1.c:11:
In file included from ./angband.h:31:
./config.h:312:11: warning: 'PRIVATE_USER_PATH' macro redefined [-Wmacro-redefined]
  312 | #  define PRIVATE_USER_PATH "~/.sil"
      |           ^
<command line>:4:9: note: previous definition is here
    4 | #define PRIVATE_USER_PATH "~/Library/Preferences"
      |         ^
1 warning generated.
clang -Wall -std=gnu99 -O2 -I. -DUSE_GCU -DUSE_TRANSPARENCY -DHAVE_MKSTEMP -DPRIVATE_USER_PATH=\"~/Library/Preferences\" -DUSE_PRIVATE_PATHS -DALLOW_WIZARD -DNCURSES_OPAQUE=0 -Wno-error=implicit-function-declaration -Wno-error=implicit-int -Wno-error=int-conversion -Wno-error=incompatible-function-pointer-types -Wno-error=incompatible-pointer-types -Wno-error=return-type -isysroot /Applications/Xcode.app/Contents/Developer/Platforms/MacOSX.platform/Developer/SDKs/MacOSX.sdk -arch arm64 -c -o wizard2.o wizard2.c
In file included from wizard2.c:11:
In file included from ./angband.h:31:
./config.h:312:11: warning: 'PRIVATE_USER_PATH' macro redefined [-Wmacro-redefined]
  312 | #  define PRIVATE_USER_PATH "~/.sil"
      |           ^
<command line>:4:9: note: previous definition is here
    4 | #define PRIVATE_USER_PATH "~/Library/Preferences"
      |         ^
1 warning generated.
clang -Wall -std=gnu99 -O2 -I. -DUSE_GCU -DUSE_TRANSPARENCY -DHAVE_MKSTEMP -DPRIVATE_USER_PATH=\"~/Library/Preferences\" -DUSE_PRIVATE_PATHS -DALLOW_WIZARD -DNCURSES_OPAQUE=0 -Wno-error=implicit-function-declaration -Wno-error=implicit-int -Wno-error=int-conversion -Wno-error=incompatible-function-pointer-types -Wno-error=incompatible-pointer-types -Wno-error=return-type -isysroot /Applications/Xcode.app/Contents/Developer/Platforms/MacOSX.platform/Developer/SDKs/MacOSX.sdk -arch arm64 -c -o obj-info.o obj-info.c
In file included from obj-info.c:11:
In file included from ./angband.h:31:
./config.h:312:11: warning: 'PRIVATE_USER_PATH' macro redefined [-Wmacro-redefined]
  312 | #  define PRIVATE_USER_PATH "~/.sil"
      |           ^
<command line>:4:9: note: previous definition is here
    4 | #define PRIVATE_USER_PATH "~/Library/Preferences"
      |         ^
1 warning generated.
clang -Wall -std=gnu99 -O2 -I. -DUSE_GCU -DUSE_TRANSPARENCY -DHAVE_MKSTEMP -DPRIVATE_USER_PATH=\"~/Library/Preferences\" -DUSE_PRIVATE_PATHS -DALLOW_WIZARD -DNCURSES_OPAQUE=0 -Wno-error=implicit-function-declaration -Wno-error=implicit-int -Wno-error=int-conversion -Wno-error=incompatible-function-pointer-types -Wno-error=incompatible-pointer-types -Wno-error=return-type -isysroot /Applications/Xcode.app/Contents/Developer/Platforms/MacOSX.platform/Developer/SDKs/MacOSX.sdk -arch arm64 -c -o generate.o generate.c
In file included from generate.c:11:
In file included from ./angband.h:31:
./config.h:312:11: warning: 'PRIVATE_USER_PATH' macro redefined [-Wmacro-redefined]
  312 | #  define PRIVATE_USER_PATH "~/.sil"
      |           ^
<command line>:4:9: note: previous definition is here
    4 | #define PRIVATE_USER_PATH "~/Library/Preferences"
      |         ^
generate.c:3072:14: warning: variable 'y2' set but not used [-Wunused-but-set-variable]
 3072 |         int y1, x1, y2, x2;
      |                     ^
generate.c:3072:18: warning: variable 'x2' set but not used [-Wunused-but-set-variable]
 3072 |         int y1, x1, y2, x2;
      |                         ^
generate.c:3122:14: warning: variable 'y2' set but not used [-Wunused-but-set-variable]
 3122 |         int y1, x1, y2, x2;
      |                     ^
generate.c:3122:18: warning: variable 'x2' set but not used [-Wunused-but-set-variable]
 3122 |         int y1, x1, y2, x2;
      |                         ^
generate.c:3490:7: warning: variable 'daytime' set but not used [-Wunused-but-set-variable]
 3490 |         bool daytime;
      |              ^
generate.c:3700:12: warning: variable 'num' set but not used [-Wunused-but-set-variable]
 3700 |         int y, x, num, i;
      |                   ^
7 warnings generated.
clang -Wall -std=gnu99 -O2 -I. -DUSE_GCU -DUSE_TRANSPARENCY -DHAVE_MKSTEMP -DPRIVATE_USER_PATH=\"~/Library/Preferences\" -DUSE_PRIVATE_PATHS -DALLOW_WIZARD -DNCURSES_OPAQUE=0 -Wno-error=implicit-function-declaration -Wno-error=implicit-int -Wno-error=int-conversion -Wno-error=incompatible-function-pointer-types -Wno-error=incompatible-pointer-types -Wno-error=return-type -isysroot /Applications/Xcode.app/Contents/Developer/Platforms/MacOSX.platform/Developer/SDKs/MacOSX.sdk -arch arm64 -c -o dungeon.o dungeon.c
In file included from dungeon.c:11:
In file included from ./angband.h:31:
./config.h:312:11: warning: 'PRIVATE_USER_PATH' macro redefined [-Wmacro-redefined]
  312 | #  define PRIVATE_USER_PATH "~/.sil"
      |           ^
<command line>:4:9: note: previous definition is here
    4 | #define PRIVATE_USER_PATH "~/Library/Preferences"
      |         ^
1 warning generated.
clang -Wall -std=gnu99 -O2 -I. -DUSE_GCU -DUSE_TRANSPARENCY -DHAVE_MKSTEMP -DPRIVATE_USER_PATH=\"~/Library/Preferences\" -DUSE_PRIVATE_PATHS -DALLOW_WIZARD -DNCURSES_OPAQUE=0 -Wno-error=implicit-function-declaration -Wno-error=implicit-int -Wno-error=int-conversion -Wno-error=incompatible-function-pointer-types -Wno-error=incompatible-pointer-types -Wno-error=return-type -isysroot /Applications/Xcode.app/Contents/Developer/Platforms/MacOSX.platform/Developer/SDKs/MacOSX.sdk -arch arm64 -c -o init1.o init1.c
In file included from init1.c:11:
In file included from ./angband.h:31:
./config.h:312:11: warning: 'PRIVATE_USER_PATH' macro redefined [-Wmacro-redefined]
  312 | #  define PRIVATE_USER_PATH "~/.sil"
      |           ^
<command line>:4:9: note: previous definition is here
    4 | #define PRIVATE_USER_PATH "~/Library/Preferences"
      |         ^
init1.c:3007:13: warning: variable 'cur_title' set but not used [-Wunused-but-set-variable]
 3007 |         static int cur_title = 0;
      |                    ^
init1.c:3008:13: warning: variable 'cur_equip' set but not used [-Wunused-but-set-variable]
 3008 |         static int cur_equip = 0;
      |                    ^
3 warnings generated.
clang -Wall -std=gnu99 -O2 -I. -DUSE_GCU -DUSE_TRANSPARENCY -DHAVE_MKSTEMP -DPRIVATE_USER_PATH=\"~/Library/Preferences\" -DUSE_PRIVATE_PATHS -DALLOW_WIZARD -DNCURSES_OPAQUE=0 -Wno-error=implicit-function-declaration -Wno-error=implicit-int -Wno-error=int-conversion -Wno-error=incompatible-function-pointer-types -Wno-error=incompatible-pointer-types -Wno-error=return-type -isysroot /Applications/Xcode.app/Contents/Developer/Platforms/MacOSX.platform/Developer/SDKs/MacOSX.sdk -arch arm64 -c -o init2.o init2.c
In file included from init2.c:12:
In file included from ./angband.h:31:
./config.h:312:11: warning: 'PRIVATE_USER_PATH' macro redefined [-Wmacro-redefined]
  312 | #  define PRIVATE_USER_PATH "~/.sil"
      |           ^
<command line>:4:9: note: previous definition is here
    4 | #define PRIVATE_USER_PATH "~/Library/Preferences"
      |         ^
1 warning generated.
clang -Wall -std=gnu99 -O2 -I. -DUSE_GCU -DUSE_TRANSPARENCY -DHAVE_MKSTEMP -DPRIVATE_USER_PATH=\"~/Library/Preferences\" -DUSE_PRIVATE_PATHS -DALLOW_WIZARD -DNCURSES_OPAQUE=0 -Wno-error=implicit-function-declaration -Wno-error=implicit-int -Wno-error=int-conversion -Wno-error=incompatible-function-pointer-types -Wno-error=incompatible-pointer-types -Wno-error=return-type -isysroot /Applications/Xcode.app/Contents/Developer/Platforms/MacOSX.platform/Developer/SDKs/MacOSX.sdk -arch arm64 -c -o randart.o randart.c
In file included from randart.c:11:
In file included from ./angband.h:31:
./config.h:312:11: warning: 'PRIVATE_USER_PATH' macro redefined [-Wmacro-redefined]
  312 | #  define PRIVATE_USER_PATH "~/.sil"
      |           ^
<command line>:4:9: note: previous definition is here
    4 | #define PRIVATE_USER_PATH "~/Library/Preferences"
      |         ^
randart.c:425:7: warning: variable 'hp' set but not used [-Wunused-but-set-variable]
  425 |         u32b hp;
      |              ^
randart.c:427:7: warning: variable 'rlev' set but not used [-Wunused-but-set-variable]
  427 |         byte rlev;
      |              ^
randart.c:1252:8: warning: variable 'resists' set but not used [-Wunused-but-set-variable]
 1252 |                 byte resists = 0;
      |                      ^
4 warnings generated.
clang -Wall -std=gnu99 -O2 -I. -DUSE_GCU -DUSE_TRANSPARENCY -DHAVE_MKSTEMP -DPRIVATE_USER_PATH=\"~/Library/Preferences\" -DUSE_PRIVATE_PATHS -DALLOW_WIZARD -DNCURSES_OPAQUE=0 -Wno-error=implicit-function-declaration -Wno-error=implicit-int -Wno-error=int-conversion -Wno-error=incompatible-function-pointer-types -Wno-error=incompatible-pointer-types -Wno-error=return-type -isysroot /Applications/Xcode.app/Contents/Developer/Platforms/MacOSX.platform/Developer/SDKs/MacOSX.sdk -arch arm64 -c -o use-obj.o use-obj.c
In file included from use-obj.c:11:
In file included from ./angband.h:31:
./config.h:312:11: warning: 'PRIVATE_USER_PATH' macro redefined [-Wmacro-redefined]
  312 | #  define PRIVATE_USER_PATH "~/.sil"
      |           ^
<command line>:4:9: note: previous definition is here
    4 | #define PRIVATE_USER_PATH "~/Library/Preferences"
      |         ^
1 warning generated.
clang -Wall -std=gnu99 -O2 -I. -DUSE_GCU -DUSE_TRANSPARENCY -DHAVE_MKSTEMP -DPRIVATE_USER_PATH=\"~/Library/Preferences\" -DUSE_PRIVATE_PATHS -DALLOW_WIZARD -DNCURSES_OPAQUE=0 -Wno-error=implicit-function-declaration -Wno-error=implicit-int -Wno-error=int-conversion -Wno-error=incompatible-function-pointer-types -Wno-error=incompatible-pointer-types -Wno-error=return-type -isysroot /Applications/Xcode.app/Contents/Developer/Platforms/MacOSX.platform/Developer/SDKs/MacOSX.sdk -arch arm64 -c -o automaton.o automaton.c
In file included from automaton.c:11:
In file included from ./angband.h:31:
./config.h:312:11: warning: 'PRIVATE_USER_PATH' macro redefined [-Wmacro-redefined]
  312 | #  define PRIVATE_USER_PATH "~/.sil"
      |           ^
<command line>:4:9: note: previous definition is here
    4 | #define PRIVATE_USER_PATH "~/Library/Preferences"
      |         ^
1 warning generated.
clang -Wall -std=gnu99 -O2 -I. -DUSE_GCU -DUSE_TRANSPARENCY -DHAVE_MKSTEMP -DPRIVATE_USER_PATH=\"~/Library/Preferences\" -DUSE_PRIVATE_PATHS -DALLOW_WIZARD -DNCURSES_OPAQUE=0 -Wno-error=implicit-function-declaration -Wno-error=implicit-int -Wno-error=int-conversion -Wno-error=incompatible-function-pointer-types -Wno-error=incompatible-pointer-types -Wno-error=return-type -isysroot /Applications/Xcode.app/Contents/Developer/Platforms/MacOSX.platform/Developer/SDKs/MacOSX.sdk -arch arm64 -c -o z-util.o z-util.c
clang -Wall -std=gnu99 -O2 -I. -DUSE_GCU -DUSE_TRANSPARENCY -DHAVE_MKSTEMP -DPRIVATE_USER_PATH=\"~/Library/Preferences\" -DUSE_PRIVATE_PATHS -DALLOW_WIZARD -DNCURSES_OPAQUE=0 -Wno-error=implicit-function-declaration -Wno-error=implicit-int -Wno-error=int-conversion -Wno-error=incompatible-function-pointer-types -Wno-error=incompatible-pointer-types -Wno-error=return-type -isysroot /Applications/Xcode.app/Contents/Developer/Platforms/MacOSX.platform/Developer/SDKs/MacOSX.sdk -arch arm64 -c -o z-virt.o z-virt.c
clang -Wall -std=gnu99 -O2 -I. -DUSE_GCU -DUSE_TRANSPARENCY -DHAVE_MKSTEMP -DPRIVATE_USER_PATH=\"~/Library/Preferences\" -DUSE_PRIVATE_PATHS -DALLOW_WIZARD -DNCURSES_OPAQUE=0 -Wno-error=implicit-function-declaration -Wno-error=implicit-int -Wno-error=int-conversion -Wno-error=incompatible-function-pointer-types -Wno-error=incompatible-pointer-types -Wno-error=return-type -isysroot /Applications/Xcode.app/Contents/Developer/Platforms/MacOSX.platform/Developer/SDKs/MacOSX.sdk -arch arm64 -c -o z-form.o z-form.c
clang -Wall -std=gnu99 -O2 -I. -DUSE_GCU -DUSE_TRANSPARENCY -DHAVE_MKSTEMP -DPRIVATE_USER_PATH=\"~/Library/Preferences\" -DUSE_PRIVATE_PATHS -DALLOW_WIZARD -DNCURSES_OPAQUE=0 -Wno-error=implicit-function-declaration -Wno-error=implicit-int -Wno-error=int-conversion -Wno-error=incompatible-function-pointer-types -Wno-error=incompatible-pointer-types -Wno-error=return-type -isysroot /Applications/Xcode.app/Contents/Developer/Platforms/MacOSX.platform/Developer/SDKs/MacOSX.sdk -arch arm64 -c -o z-rand.o z-rand.c
clang -Wall -std=gnu99 -O2 -I. -DUSE_GCU -DUSE_TRANSPARENCY -DHAVE_MKSTEMP -DPRIVATE_USER_PATH=\"~/Library/Preferences\" -DUSE_PRIVATE_PATHS -DALLOW_WIZARD -DNCURSES_OPAQUE=0 -Wno-error=implicit-function-declaration -Wno-error=implicit-int -Wno-error=int-conversion -Wno-error=incompatible-function-pointer-types -Wno-error=incompatible-pointer-types -Wno-error=return-type -isysroot /Applications/Xcode.app/Contents/Developer/Platforms/MacOSX.platform/Developer/SDKs/MacOSX.sdk -arch arm64 -c -o z-term.o z-term.c
clang -Wall -std=gnu99 -O2 -I. -DUSE_GCU -DUSE_TRANSPARENCY -DHAVE_MKSTEMP -DPRIVATE_USER_PATH=\"~/Library/Preferences\" -DUSE_PRIVATE_PATHS -DALLOW_WIZARD -DNCURSES_OPAQUE=0 -Wno-error=implicit-function-declaration -Wno-error=implicit-int -Wno-error=int-conversion -Wno-error=incompatible-function-pointer-types -Wno-error=incompatible-pointer-types -Wno-error=return-type -isysroot /Applications/Xcode.app/Contents/Developer/Platforms/MacOSX.platform/Developer/SDKs/MacOSX.sdk -arch arm64 -c -o main.o main.c
In file included from main.c:11:
In file included from ./angband.h:31:
./config.h:312:11: warning: 'PRIVATE_USER_PATH' macro redefined [-Wmacro-redefined]
  312 | #  define PRIVATE_USER_PATH "~/.sil"
      |           ^
<command line>:4:9: note: previous definition is here
    4 | #define PRIVATE_USER_PATH "~/Library/Preferences"
      |         ^
1 warning generated.
clang -Wall -std=gnu99 -O2 -I. -DUSE_GCU -DUSE_TRANSPARENCY -DHAVE_MKSTEMP -DPRIVATE_USER_PATH=\"~/Library/Preferences\" -DUSE_PRIVATE_PATHS -DALLOW_WIZARD -DNCURSES_OPAQUE=0 -Wno-error=implicit-function-declaration -Wno-error=implicit-int -Wno-error=int-conversion -Wno-error=incompatible-function-pointer-types -Wno-error=incompatible-pointer-types -Wno-error=return-type -isysroot /Applications/Xcode.app/Contents/Developer/Platforms/MacOSX.platform/Developer/SDKs/MacOSX.sdk -arch arm64 -c -o main-gcu.o main-gcu.c
In file included from main-gcu.c:46:
In file included from ./angband.h:31:
./config.h:312:11: warning: 'PRIVATE_USER_PATH' macro redefined [-Wmacro-redefined]
  312 | #  define PRIVATE_USER_PATH "~/.sil"
      |           ^
<command line>:4:9: note: previous definition is here
    4 | #define PRIVATE_USER_PATH "~/Library/Preferences"
      |         ^
1 warning generated.
clang -Wall -std=gnu99 -O2 -I. -DUSE_GCU -DUSE_TRANSPARENCY -DHAVE_MKSTEMP -DPRIVATE_USER_PATH=\"~/Library/Preferences\" -DUSE_PRIVATE_PATHS -DALLOW_WIZARD -DNCURSES_OPAQUE=0 -Wno-error=implicit-function-declaration -Wno-error=implicit-int -Wno-error=int-conversion -Wno-error=incompatible-function-pointer-types -Wno-error=incompatible-pointer-types -Wno-error=return-type -isysroot /Applications/Xcode.app/Contents/Developer/Platforms/MacOSX.platform/Developer/SDKs/MacOSX.sdk -arch arm64 -Wl,-syslibroot,/Applications/Xcode.app/Contents/Developer/Platforms/MacOSX.platform/Developer/SDKs/MacOSX.sdk -arch arm64 -o sil variable.o tables.o util.o cave.o object1.o object2.o monster1.o monster2.o xtra1.o xtra2.o spells1.o spells2.o melee1.o melee2.o save.o files.o cmd1.o cmd2.o cmd3.o cmd4.o cmd5.o cmd6.o birth.o load.o squelch.o wizard1.o wizard2.o obj-info.o generate.o dungeon.o init1.o init2.o randart.o use-obj.o automaton.o z-util.o z-virt.o z-form.o z-rand.o z-term.o  main.o main-gcu.o -lncurses
Installing terminal version...
Terminal version installed as ../sil-terminal
Run with: ./sil-terminal
