clang -Wall -std=gnu99 -O2 -I. -DUSE_GCU -DUSE_TRANSPARENCY -DHAVE_MKSTEMP -DPRIVATE_USER_PATH=\"~/Library/Preferences\" -DUSE_PRIVATE_PATHS -DALLOW_WIZARD -DNCURSES_OPAQUE=0 -Wno-error=implicit-function-declaration -Wno-error=implicit-int -Wno-error=int-conversion -Wno-error=incompatible-function-pointer-types -Wno-error=incompatible-pointer-types -Wno-error=return-type -isysroot /Applications/Xcode.app/Contents/Developer/Platforms/MacOSX.platform/Developer/SDKs/MacOSX.sdk -arch arm64 -DDEFAULT_CONFIG_PATH=\"./lib\" -DDEFAULT_LIB_PATH=\"./lib\" -DDEFAULT_DATA_PATH=\"./lib/data\" -c -o attack.o attack.c
clang -Wall -std=gnu99 -O2 -I. -DUSE_GCU -DUSE_TRANSPARENCY -DHAVE_MKSTEMP -DPRIVATE_USER_PATH=\"~/Library/Preferences\" -DUSE_PRIVATE_PATHS -DALLOW_WIZARD -DNCURSES_OPAQUE=0 -Wno-error=implicit-function-declaration -Wno-error=implicit-int -Wno-error=int-conversion -Wno-error=incompatible-function-pointer-types -Wno-error=incompatible-pointer-types -Wno-error=return-type -isysroot /Applications/Xcode.app/Contents/Developer/Platforms/MacOSX.platform/Developer/SDKs/MacOSX.sdk -arch arm64 -DDEFAULT_CONFIG_PATH=\"./lib\" -DDEFAULT_LIB_PATH=\"./lib\" -DDEFAULT_DATA_PATH=\"./lib/data\" -c -o birth.o birth.c
clang -Wall -std=gnu99 -O2 -I. -DUSE_GCU -DUSE_TRANSPARENCY -DHAVE_MKSTEMP -DPRIVATE_USER_PATH=\"~/Library/Preferences\" -DUSE_PRIVATE_PATHS -DALLOW_WIZARD -DNCURSES_OPAQUE=0 -Wno-error=implicit-function-declaration -Wno-error=implicit-int -Wno-error=int-conversion -Wno-error=incompatible-function-pointer-types -Wno-error=incompatible-pointer-types -Wno-error=return-type -isysroot /Applications/Xcode.app/Contents/Developer/Platforms/MacOSX.platform/Developer/SDKs/MacOSX.sdk -arch arm64 -DDEFAULT_CONFIG_PATH=\"./lib\" -DDEFAULT_LIB_PATH=\"./lib\" -DDEFAULT_DATA_PATH=\"./lib/data\" -c -o button.o button.c
clang -Wall -std=gnu99 -O2 -I. -DUSE_GCU -DUSE_TRANSPARENCY -DHAVE_MKSTEMP -DPRIVATE_USER_PATH=\"~/Library/Preferences\" -DUSE_PRIVATE_PATHS -DALLOW_WIZARD -DNCURSES_OPAQUE=0 -Wno-error=implicit-function-declaration -Wno-error=implicit-int -Wno-error=int-conversion -Wno-error=incompatible-function-pointer-types -Wno-error=incompatible-pointer-types -Wno-error=return-type -isysroot /Applications/Xcode.app/Contents/Developer/Platforms/MacOSX.platform/Developer/SDKs/MacOSX.sdk -arch arm64 -DDEFAULT_CONFIG_PATH=\"./lib\" -DDEFAULT_LIB_PATH=\"./lib\" -DDEFAULT_DATA_PATH=\"./lib/data\" -c -o calcs.o calcs.c
clang -Wall -std=gnu99 -O2 -I. -DUSE_GCU -DUSE_TRANSPARENCY -DHAVE_MKSTEMP -DPRIVATE_USER_PATH=\"~/Library/Preferences\" -DUSE_PRIVATE_PATHS -DALLOW_WIZARD -DNCURSES_OPAQUE=0 -Wno-error=implicit-function-declaration -Wno-error=implicit-int -Wno-error=int-conversion -Wno-error=incompatible-function-pointer-types -Wno-error=incompatible-pointer-types -Wno-error=return-type -isysroot /Applications/Xcode.app/Contents/Developer/Platforms/MacOSX.platform/Developer/SDKs/MacOSX.sdk -arch arm64 -DDEFAULT_CONFIG_PATH=\"./lib\" -DDEFAULT_LIB_PATH=\"./lib\" -DDEFAULT_DATA_PATH=\"./lib/data\" -c -o cave.o cave.c
clang -Wall -std=gnu99 -O2 -I. -DUSE_GCU -DUSE_TRANSPARENCY -DHAVE_MKSTEMP -DPRIVATE_USER_PATH=\"~/Library/Preferences\" -DUSE_PRIVATE_PATHS -DALLOW_WIZARD -DNCURSES_OPAQUE=0 -Wno-error=implicit-function-declaration -Wno-error=implicit-int -Wno-error=int-conversion -Wno-error=incompatible-function-pointer-types -Wno-error=incompatible-pointer-types -Wno-error=return-type -isysroot /Applications/Xcode.app/Contents/Developer/Platforms/MacOSX.platform/Developer/SDKs/MacOSX.sdk -arch arm64 -DDEFAULT_CONFIG_PATH=\"./lib\" -DDEFAULT_LIB_PATH=\"./lib\" -DDEFAULT_DATA_PATH=\"./lib/data\" -c -o cmd0.o cmd0.c
clang -Wall -std=gnu99 -O2 -I. -DUSE_GCU -DUSE_TRANSPARENCY -DHAVE_MKSTEMP -DPRIVATE_USER_PATH=\"~/Library/Preferences\" -DUSE_PRIVATE_PATHS -DALLOW_WIZARD -DNCURSES_OPAQUE=0 -Wno-error=implicit-function-declaration -Wno-error=implicit-int -Wno-error=int-conversion -Wno-error=incompatible-function-pointer-types -Wno-error=incompatible-pointer-types -Wno-error=return-type -isysroot /Applications/Xcode.app/Contents/Developer/Platforms/MacOSX.platform/Developer/SDKs/MacOSX.sdk -arch arm64 -DDEFAULT_CONFIG_PATH=\"./lib\" -DDEFAULT_LIB_PATH=\"./lib\" -DDEFAULT_DATA_PATH=\"./lib/data\" -c -o cmd1.o cmd1.c
clang -Wall -std=gnu99 -O2 -I. -DUSE_GCU -DUSE_TRANSPARENCY -DHAVE_MKSTEMP -DPRIVATE_USER_PATH=\"~/Library/Preferences\" -DUSE_PRIVATE_PATHS -DALLOW_WIZARD -DNCURSES_OPAQUE=0 -Wno-error=implicit-function-declaration -Wno-error=implicit-int -Wno-error=int-conversion -Wno-error=incompatible-function-pointer-types -Wno-error=incompatible-pointer-types -Wno-error=return-type -isysroot /Applications/Xcode.app/Contents/Developer/Platforms/MacOSX.platform/Developer/SDKs/MacOSX.sdk -arch arm64 -DDEFAULT_CONFIG_PATH=\"./lib\" -DDEFAULT_LIB_PATH=\"./lib\" -DDEFAULT_DATA_PATH=\"./lib/data\" -c -o cmd2.o cmd2.c
clang -Wall -std=gnu99 -O2 -I. -DUSE_GCU -DUSE_TRANSPARENCY -DHAVE_MKSTEMP -DPRIVATE_USER_PATH=\"~/Library/Preferences\" -DUSE_PRIVATE_PATHS -DALLOW_WIZARD -DNCURSES_OPAQUE=0 -Wno-error=implicit-function-declaration -Wno-error=implicit-int -Wno-error=int-conversion -Wno-error=incompatible-function-pointer-types -Wno-error=incompatible-pointer-types -Wno-error=return-type -isysroot /Applications/Xcode.app/Contents/Developer/Platforms/MacOSX.platform/Developer/SDKs/MacOSX.sdk -arch arm64 -DDEFAULT_CONFIG_PATH=\"./lib\" -DDEFAULT_LIB_PATH=\"./lib\" -DDEFAULT_DATA_PATH=\"./lib/data\" -c -o cmd3.o cmd3.c
clang -Wall -std=gnu99 -O2 -I. -DUSE_GCU -DUSE_TRANSPARENCY -DHAVE_MKSTEMP -DPRIVATE_USER_PATH=\"~/Library/Preferences\" -DUSE_PRIVATE_PATHS -DALLOW_WIZARD -DNCURSES_OPAQUE=0 -Wno-error=implicit-function-declaration -Wno-error=implicit-int -Wno-error=int-conversion -Wno-error=incompatible-function-pointer-types -Wno-error=incompatible-pointer-types -Wno-error=return-type -isysroot /Applications/Xcode.app/Contents/Developer/Platforms/MacOSX.platform/Developer/SDKs/MacOSX.sdk -arch arm64 -DDEFAULT_CONFIG_PATH=\"./lib\" -DDEFAULT_LIB_PATH=\"./lib\" -DDEFAULT_DATA_PATH=\"./lib/data\" -c -o cmd4.o cmd4.c
cmd4.c:657:13: warning: cast to smaller integer type 'int' from 'void *' [-Wvoid-pointer-to-int-cast]
  657 |         int page = (int)vpage;
      |                    ^~~~~~~~~~
1 warning generated.
clang -Wall -std=gnu99 -O2 -I. -DUSE_GCU -DUSE_TRANSPARENCY -DHAVE_MKSTEMP -DPRIVATE_USER_PATH=\"~/Library/Preferences\" -DUSE_PRIVATE_PATHS -DALLOW_WIZARD -DNCURSES_OPAQUE=0 -Wno-error=implicit-function-declaration -Wno-error=implicit-int -Wno-error=int-conversion -Wno-error=incompatible-function-pointer-types -Wno-error=incompatible-pointer-types -Wno-error=return-type -isysroot /Applications/Xcode.app/Contents/Developer/Platforms/MacOSX.platform/Developer/SDKs/MacOSX.sdk -arch arm64 -DDEFAULT_CONFIG_PATH=\"./lib\" -DDEFAULT_LIB_PATH=\"./lib\" -DDEFAULT_DATA_PATH=\"./lib/data\" -c -o cmd5.o cmd5.c
cmd5.c:808:8: warning: unused variable 'e' [-Wunused-variable]
  808 |                         int e = s_ptr->sexp;
      |                             ^
1 warning generated.
clang -Wall -std=gnu99 -O2 -I. -DUSE_GCU -DUSE_TRANSPARENCY -DHAVE_MKSTEMP -DPRIVATE_USER_PATH=\"~/Library/Preferences\" -DUSE_PRIVATE_PATHS -DALLOW_WIZARD -DNCURSES_OPAQUE=0 -Wno-error=implicit-function-declaration -Wno-error=implicit-int -Wno-error=int-conversion -Wno-error=incompatible-function-pointer-types -Wno-error=incompatible-pointer-types -Wno-error=return-type -isysroot /Applications/Xcode.app/Contents/Developer/Platforms/MacOSX.platform/Developer/SDKs/MacOSX.sdk -arch arm64 -DDEFAULT_CONFIG_PATH=\"./lib\" -DDEFAULT_LIB_PATH=\"./lib\" -DDEFAULT_DATA_PATH=\"./lib/data\" -c -o cmd-know.o cmd-know.c
cmd-know.c:1471:18: warning: address of array 'a_info[j].name' will always evaluate to 'true' [-Wpointer-bool-conversion]
 1471 |                 if (!a_info[j].name) continue;
      |                     ~~~~~~~~~~~^~~~
1 warning generated.
clang -Wall -std=gnu99 -O2 -I. -DUSE_GCU -DUSE_TRANSPARENCY -DHAVE_MKSTEMP -DPRIVATE_USER_PATH=\"~/Library/Preferences\" -DUSE_PRIVATE_PATHS -DALLOW_WIZARD -DNCURSES_OPAQUE=0 -Wno-error=implicit-function-declaration -Wno-error=implicit-int -Wno-error=int-conversion -Wno-error=incompatible-function-pointer-types -Wno-error=incompatible-pointer-types -Wno-error=return-type -isysroot /Applications/Xcode.app/Contents/Developer/Platforms/MacOSX.platform/Developer/SDKs/MacOSX.sdk -arch arm64 -DDEFAULT_CONFIG_PATH=\"./lib\" -DDEFAULT_LIB_PATH=\"./lib\" -DDEFAULT_DATA_PATH=\"./lib/data\" -c -o cmd-obj.o cmd-obj.c
clang -Wall -std=gnu99 -O2 -I. -DUSE_GCU -DUSE_TRANSPARENCY -DHAVE_MKSTEMP -DPRIVATE_USER_PATH=\"~/Library/Preferences\" -DUSE_PRIVATE_PATHS -DALLOW_WIZARD -DNCURSES_OPAQUE=0 -Wno-error=implicit-function-declaration -Wno-error=implicit-int -Wno-error=int-conversion -Wno-error=incompatible-function-pointer-types -Wno-error=incompatible-pointer-types -Wno-error=return-type -isysroot /Applications/Xcode.app/Contents/Developer/Platforms/MacOSX.platform/Developer/SDKs/MacOSX.sdk -arch arm64 -DDEFAULT_CONFIG_PATH=\"./lib\" -DDEFAULT_LIB_PATH=\"./lib\" -DDEFAULT_DATA_PATH=\"./lib/data\" -c -o death.o death.c
clang -Wall -std=gnu99 -O2 -I. -DUSE_GCU -DUSE_TRANSPARENCY -DHAVE_MKSTEMP -DPRIVATE_USER_PATH=\"~/Library/Preferences\" -DUSE_PRIVATE_PATHS -DALLOW_WIZARD -DNCURSES_OPAQUE=0 -Wno-error=implicit-function-declaration -Wno-error=implicit-int -Wno-error=int-conversion -Wno-error=incompatible-function-pointer-types -Wno-error=incompatible-pointer-types -Wno-error=return-type -isysroot /Applications/Xcode.app/Contents/Developer/Platforms/MacOSX.platform/Developer/SDKs/MacOSX.sdk -arch arm64 -DDEFAULT_CONFIG_PATH=\"./lib\" -DDEFAULT_LIB_PATH=\"./lib\" -DDEFAULT_DATA_PATH=\"./lib/data\" -c -o dump_items.o dump_items.c
clang -Wall -std=gnu99 -O2 -I. -DUSE_GCU -DUSE_TRANSPARENCY -DHAVE_MKSTEMP -DPRIVATE_USER_PATH=\"~/Library/Preferences\" -DUSE_PRIVATE_PATHS -DALLOW_WIZARD -DNCURSES_OPAQUE=0 -Wno-error=implicit-function-declaration -Wno-error=implicit-int -Wno-error=int-conversion -Wno-error=incompatible-function-pointer-types -Wno-error=incompatible-pointer-types -Wno-error=return-type -isysroot /Applications/Xcode.app/Contents/Developer/Platforms/MacOSX.platform/Developer/SDKs/MacOSX.sdk -arch arm64 -DDEFAULT_CONFIG_PATH=\"./lib\" -DDEFAULT_LIB_PATH=\"./lib\" -DDEFAULT_DATA_PATH=\"./lib/data\" -c -o dungeon.o dungeon.c
clang -Wall -std=gnu99 -O2 -I. -DUSE_GCU -DUSE_TRANSPARENCY -DHAVE_MKSTEMP -DPRIVATE_USER_PATH=\"~/Library/Preferences\" -DUSE_PRIVATE_PATHS -DALLOW_WIZARD -DNCURSES_OPAQUE=0 -Wno-error=implicit-function-declaration -Wno-error=implicit-int -Wno-error=int-conversion -Wno-error=incompatible-function-pointer-types -Wno-error=incompatible-pointer-types -Wno-error=return-type -isysroot /Applications/Xcode.app/Contents/Developer/Platforms/MacOSX.platform/Developer/SDKs/MacOSX.sdk -arch arm64 -DDEFAULT_CONFIG_PATH=\"./lib\" -DDEFAULT_LIB_PATH=\"./lib\" -DDEFAULT_DATA_PATH=\"./lib/data\" -c -o effect.o effect.c
clang -Wall -std=gnu99 -O2 -I. -DUSE_GCU -DUSE_TRANSPARENCY -DHAVE_MKSTEMP -DPRIVATE_USER_PATH=\"~/Library/Preferences\" -DUSE_PRIVATE_PATHS -DALLOW_WIZARD -DNCURSES_OPAQUE=0 -Wno-error=implicit-function-declaration -Wno-error=implicit-int -Wno-error=int-conversion -Wno-error=incompatible-function-pointer-types -Wno-error=incompatible-pointer-types -Wno-error=return-type -isysroot /Applications/Xcode.app/Contents/Developer/Platforms/MacOSX.platform/Developer/SDKs/MacOSX.sdk -arch arm64 -DDEFAULT_CONFIG_PATH=\"./lib\" -DDEFAULT_LIB_PATH=\"./lib\" -DDEFAULT_DATA_PATH=\"./lib/data\" -c -o feature.o feature.c
clang -Wall -std=gnu99 -O2 -I. -DUSE_GCU -DUSE_TRANSPARENCY -DHAVE_MKSTEMP -DPRIVATE_USER_PATH=\"~/Library/Preferences\" -DUSE_PRIVATE_PATHS -DALLOW_WIZARD -DNCURSES_OPAQUE=0 -Wno-error=implicit-function-declaration -Wno-error=implicit-int -Wno-error=int-conversion -Wno-error=incompatible-function-pointer-types -Wno-error=incompatible-pointer-types -Wno-error=return-type -isysroot /Applications/Xcode.app/Contents/Developer/Platforms/MacOSX.platform/Developer/SDKs/MacOSX.sdk -arch arm64 -DDEFAULT_CONFIG_PATH=\"./lib\" -DDEFAULT_LIB_PATH=\"./lib\" -DDEFAULT_DATA_PATH=\"./lib/data\" -c -o files.o files.c
files.c:584:40: warning: unused variable 'player_flag_table' [-Wunused-const-variable]
  584 | static const struct player_flag_record player_flag_table[RES_ROWS*4] =
      |                                        ^~~~~~~~~~~~~~~~~
1 warning generated.
clang -Wall -std=gnu99 -O2 -I. -DUSE_GCU -DUSE_TRANSPARENCY -DHAVE_MKSTEMP -DPRIVATE_USER_PATH=\"~/Library/Preferences\" -DUSE_PRIVATE_PATHS -DALLOW_WIZARD -DNCURSES_OPAQUE=0 -Wno-error=implicit-function-declaration -Wno-error=implicit-int -Wno-error=int-conversion -Wno-error=incompatible-function-pointer-types -Wno-error=incompatible-pointer-types -Wno-error=return-type -isysroot /Applications/Xcode.app/Contents/Developer/Platforms/MacOSX.platform/Developer/SDKs/MacOSX.sdk -arch arm64 -DDEFAULT_CONFIG_PATH=\"./lib\" -DDEFAULT_LIB_PATH=\"./lib\" -DDEFAULT_DATA_PATH=\"./lib/data\" -c -o game-cmd.o game-cmd.c
clang -Wall -std=gnu99 -O2 -I. -DUSE_GCU -DUSE_TRANSPARENCY -DHAVE_MKSTEMP -DPRIVATE_USER_PATH=\"~/Library/Preferences\" -DUSE_PRIVATE_PATHS -DALLOW_WIZARD -DNCURSES_OPAQUE=0 -Wno-error=implicit-function-declaration -Wno-error=implicit-int -Wno-error=int-conversion -Wno-error=incompatible-function-pointer-types -Wno-error=incompatible-pointer-types -Wno-error=return-type -isysroot /Applications/Xcode.app/Contents/Developer/Platforms/MacOSX.platform/Developer/SDKs/MacOSX.sdk -arch arm64 -DDEFAULT_CONFIG_PATH=\"./lib\" -DDEFAULT_LIB_PATH=\"./lib\" -DDEFAULT_DATA_PATH=\"./lib/data\" -c -o game-event.o game-event.c
clang -Wall -std=gnu99 -O2 -I. -DUSE_GCU -DUSE_TRANSPARENCY -DHAVE_MKSTEMP -DPRIVATE_USER_PATH=\"~/Library/Preferences\" -DUSE_PRIVATE_PATHS -DALLOW_WIZARD -DNCURSES_OPAQUE=0 -Wno-error=implicit-function-declaration -Wno-error=implicit-int -Wno-error=int-conversion -Wno-error=incompatible-function-pointer-types -Wno-error=incompatible-pointer-types -Wno-error=return-type -isysroot /Applications/Xcode.app/Contents/Developer/Platforms/MacOSX.platform/Developer/SDKs/MacOSX.sdk -arch arm64 -DDEFAULT_CONFIG_PATH=\"./lib\" -DDEFAULT_LIB_PATH=\"./lib\" -DDEFAULT_DATA_PATH=\"./lib/data\" -c -o generate.o generate.c
generate.c:7548:23: warning: converting the result of '?:' with integer constants to a boolean always evaluates to 'true' [-Wtautological-constant-compare]
 7548 |                         bool large_room = ((dun->cent_n < 1) ? 11 : 10);
      |                                            ^
generate.c:8372:17: warning: equality comparison with extraneous parentheses [-Wparentheses-equality]
 8372 |                                         if ((floor == FEAT_FLOOR_WET))
      |                                              ~~~~~~^~~~~~~~~~~~~~~~~
generate.c:8372:17: note: remove extraneous parentheses around the comparison to silence this warning
 8372 |                                         if ((floor == FEAT_FLOOR_WET))
      |                                             ~      ^                ~
generate.c:8372:17: note: use '=' to turn this equality comparison into an assignment
 8372 |                                         if ((floor == FEAT_FLOOR_WET))
      |                                                    ^~
      |                                                    =
generate.c:8378:22: warning: equality comparison with extraneous parentheses [-Wparentheses-equality]
 8378 |                                         else if ((floor == FEAT_FSOIL))
      |                                                   ~~~~~~^~~~~~~~~~~~~
generate.c:8378:22: note: remove extraneous parentheses around the comparison to silence this warning
 8378 |                                         else if ((floor == FEAT_FSOIL))
      |                                                  ~      ^            ~
generate.c:8378:22: note: use '=' to turn this equality comparison into an assignment
 8378 |                                         else if ((floor == FEAT_FSOIL))
      |                                                         ^~
      |                                                         =
generate.c:8388:22: warning: equality comparison with extraneous parentheses [-Wparentheses-equality]
 8388 |                                         else if ((floor == FEAT_SAND))
      |                                                   ~~~~~~^~~~~~~~~~~~
generate.c:8388:22: note: remove extraneous parentheses around the comparison to silence this warning
 8388 |                                         else if ((floor == FEAT_SAND))
      |                                                  ~      ^           ~
generate.c:8388:22: note: use '=' to turn this equality comparison into an assignment
 8388 |                                         else if ((floor == FEAT_SAND))
      |                                                         ^~
      |                                                         =
generate.c:8394:22: warning: equality comparison with extraneous parentheses [-Wparentheses-equality]
 8394 |                                         else if ((floor == FEAT_FLOOR_MUD))
      |                                                   ~~~~~~^~~~~~~~~~~~~~~~~
generate.c:8394:22: note: remove extraneous parentheses around the comparison to silence this warning
 8394 |                                         else if ((floor == FEAT_FLOOR_MUD))
      |                                                  ~      ^                ~
generate.c:8394:22: note: use '=' to turn this equality comparison into an assignment
 8394 |                                         else if ((floor == FEAT_FLOOR_MUD))
      |                                                         ^~
      |                                                         =
5 warnings generated.
clang -Wall -std=gnu99 -O2 -I. -DUSE_GCU -DUSE_TRANSPARENCY -DHAVE_MKSTEMP -DPRIVATE_USER_PATH=\"~/Library/Preferences\" -DUSE_PRIVATE_PATHS -DALLOW_WIZARD -DNCURSES_OPAQUE=0 -Wno-error=implicit-function-declaration -Wno-error=implicit-int -Wno-error=int-conversion -Wno-error=incompatible-function-pointer-types -Wno-error=incompatible-pointer-types -Wno-error=return-type -isysroot /Applications/Xcode.app/Contents/Developer/Platforms/MacOSX.platform/Developer/SDKs/MacOSX.sdk -arch arm64 -DDEFAULT_CONFIG_PATH=\"./lib\" -DDEFAULT_LIB_PATH=\"./lib\" -DDEFAULT_DATA_PATH=\"./lib/data\" -c -o identify.o identify.c
clang -Wall -std=gnu99 -O2 -I. -DUSE_GCU -DUSE_TRANSPARENCY -DHAVE_MKSTEMP -DPRIVATE_USER_PATH=\"~/Library/Preferences\" -DUSE_PRIVATE_PATHS -DALLOW_WIZARD -DNCURSES_OPAQUE=0 -Wno-error=implicit-function-declaration -Wno-error=implicit-int -Wno-error=int-conversion -Wno-error=incompatible-function-pointer-types -Wno-error=incompatible-pointer-types -Wno-error=return-type -isysroot /Applications/Xcode.app/Contents/Developer/Platforms/MacOSX.platform/Developer/SDKs/MacOSX.sdk -arch arm64 -DDEFAULT_CONFIG_PATH=\"./lib\" -DDEFAULT_LIB_PATH=\"./lib\" -DDEFAULT_DATA_PATH=\"./lib/data\" -c -o init1.o init1.c
clang -Wall -std=gnu99 -O2 -I. -DUSE_GCU -DUSE_TRANSPARENCY -DHAVE_MKSTEMP -DPRIVATE_USER_PATH=\"~/Library/Preferences\" -DUSE_PRIVATE_PATHS -DALLOW_WIZARD -DNCURSES_OPAQUE=0 -Wno-error=implicit-function-declaration -Wno-error=implicit-int -Wno-error=int-conversion -Wno-error=incompatible-function-pointer-types -Wno-error=incompatible-pointer-types -Wno-error=return-type -isysroot /Applications/Xcode.app/Contents/Developer/Platforms/MacOSX.platform/Developer/SDKs/MacOSX.sdk -arch arm64 -DDEFAULT_CONFIG_PATH=\"./lib\" -DDEFAULT_LIB_PATH=\"./lib\" -DDEFAULT_DATA_PATH=\"./lib/data\" -c -o init2.o init2.c
clang -Wall -std=gnu99 -O2 -I. -DUSE_GCU -DUSE_TRANSPARENCY -DHAVE_MKSTEMP -DPRIVATE_USER_PATH=\"~/Library/Preferences\" -DUSE_PRIVATE_PATHS -DALLOW_WIZARD -DNCURSES_OPAQUE=0 -Wno-error=implicit-function-declaration -Wno-error=implicit-int -Wno-error=int-conversion -Wno-error=incompatible-function-pointer-types -Wno-error=incompatible-pointer-types -Wno-error=return-type -isysroot /Applications/Xcode.app/Contents/Developer/Platforms/MacOSX.platform/Developer/SDKs/MacOSX.sdk -arch arm64 -DDEFAULT_CONFIG_PATH=\"./lib\" -DDEFAULT_LIB_PATH=\"./lib\" -DDEFAULT_DATA_PATH=\"./lib/data\" -c -o load.o load.c
clang -Wall -std=gnu99 -O2 -I. -DUSE_GCU -DUSE_TRANSPARENCY -DHAVE_MKSTEMP -DPRIVATE_USER_PATH=\"~/Library/Preferences\" -DUSE_PRIVATE_PATHS -DALLOW_WIZARD -DNCURSES_OPAQUE=0 -Wno-error=implicit-function-declaration -Wno-error=implicit-int -Wno-error=int-conversion -Wno-error=incompatible-function-pointer-types -Wno-error=incompatible-pointer-types -Wno-error=return-type -isysroot /Applications/Xcode.app/Contents/Developer/Platforms/MacOSX.platform/Developer/SDKs/MacOSX.sdk -arch arm64 -DDEFAULT_CONFIG_PATH=\"./lib\" -DDEFAULT_LIB_PATH=\"./lib\" -DDEFAULT_DATA_PATH=\"./lib/data\" -c -o melee1.o melee1.c
clang -Wall -std=gnu99 -O2 -I. -DUSE_GCU -DUSE_TRANSPARENCY -DHAVE_MKSTEMP -DPRIVATE_USER_PATH=\"~/Library/Preferences\" -DUSE_PRIVATE_PATHS -DALLOW_WIZARD -DNCURSES_OPAQUE=0 -Wno-error=implicit-function-declaration -Wno-error=implicit-int -Wno-error=int-conversion -Wno-error=incompatible-function-pointer-types -Wno-error=incompatible-pointer-types -Wno-error=return-type -isysroot /Applications/Xcode.app/Contents/Developer/Platforms/MacOSX.platform/Developer/SDKs/MacOSX.sdk -arch arm64 -DDEFAULT_CONFIG_PATH=\"./lib\" -DDEFAULT_LIB_PATH=\"./lib\" -DDEFAULT_DATA_PATH=\"./lib/data\" -c -o melee2.o melee2.c
melee2.c:1904:23: warning: self-comparison always evaluates to true [-Wtautological-compare]
 1904 |         else if (m_ptr->mana == m_ptr->mana) f6 &= ~(RF6_ADD_MANA);
      |                              ^
1 warning generated.
clang -Wall -std=gnu99 -O2 -I. -DUSE_GCU -DUSE_TRANSPARENCY -DHAVE_MKSTEMP -DPRIVATE_USER_PATH=\"~/Library/Preferences\" -DUSE_PRIVATE_PATHS -DALLOW_WIZARD -DNCURSES_OPAQUE=0 -Wno-error=implicit-function-declaration -Wno-error=implicit-int -Wno-error=int-conversion -Wno-error=incompatible-function-pointer-types -Wno-error=incompatible-pointer-types -Wno-error=return-type -isysroot /Applications/Xcode.app/Contents/Developer/Platforms/MacOSX.platform/Developer/SDKs/MacOSX.sdk -arch arm64 -DDEFAULT_CONFIG_PATH=\"./lib\" -DDEFAULT_LIB_PATH=\"./lib\" -DDEFAULT_DATA_PATH=\"./lib/data\" -c -o monster1.o monster1.c
clang -Wall -std=gnu99 -O2 -I. -DUSE_GCU -DUSE_TRANSPARENCY -DHAVE_MKSTEMP -DPRIVATE_USER_PATH=\"~/Library/Preferences\" -DUSE_PRIVATE_PATHS -DALLOW_WIZARD -DNCURSES_OPAQUE=0 -Wno-error=implicit-function-declaration -Wno-error=implicit-int -Wno-error=int-conversion -Wno-error=incompatible-function-pointer-types -Wno-error=incompatible-pointer-types -Wno-error=return-type -isysroot /Applications/Xcode.app/Contents/Developer/Platforms/MacOSX.platform/Developer/SDKs/MacOSX.sdk -arch arm64 -DDEFAULT_CONFIG_PATH=\"./lib\" -DDEFAULT_LIB_PATH=\"./lib\" -DDEFAULT_DATA_PATH=\"./lib/data\" -c -o monster2.o monster2.c
clang -Wall -std=gnu99 -O2 -I. -DUSE_GCU -DUSE_TRANSPARENCY -DHAVE_MKSTEMP -DPRIVATE_USER_PATH=\"~/Library/Preferences\" -DUSE_PRIVATE_PATHS -DALLOW_WIZARD -DNCURSES_OPAQUE=0 -Wno-error=implicit-function-declaration -Wno-error=implicit-int -Wno-error=int-conversion -Wno-error=incompatible-function-pointer-types -Wno-error=incompatible-pointer-types -Wno-error=return-type -isysroot /Applications/Xcode.app/Contents/Developer/Platforms/MacOSX.platform/Developer/SDKs/MacOSX.sdk -arch arm64 -DDEFAULT_CONFIG_PATH=\"./lib\" -DDEFAULT_LIB_PATH=\"./lib\" -DDEFAULT_DATA_PATH=\"./lib/data\" -c -o object1.o object1.c
clang -Wall -std=gnu99 -O2 -I. -DUSE_GCU -DUSE_TRANSPARENCY -DHAVE_MKSTEMP -DPRIVATE_USER_PATH=\"~/Library/Preferences\" -DUSE_PRIVATE_PATHS -DALLOW_WIZARD -DNCURSES_OPAQUE=0 -Wno-error=implicit-function-declaration -Wno-error=implicit-int -Wno-error=int-conversion -Wno-error=incompatible-function-pointer-types -Wno-error=incompatible-pointer-types -Wno-error=return-type -isysroot /Applications/Xcode.app/Contents/Developer/Platforms/MacOSX.platform/Developer/SDKs/MacOSX.sdk -arch arm64 -DDEFAULT_CONFIG_PATH=\"./lib\" -DDEFAULT_LIB_PATH=\"./lib\" -DDEFAULT_DATA_PATH=\"./lib/data\" -c -o object2.o object2.c
object2.c:1423:46: warning: result of comparison of constant 50 with boolean expression is always true [-Wtautological-constant-out-of-range-compare]
 1423 |                         if (!power && !interesting && (one_in_(2) < 50)) power = -1;
      |                                                        ~~~~~~~~~~ ^ ~~
object2.c:2747:21: warning: equality comparison with extraneous parentheses [-Wparentheses-equality]
 2747 |                         if ((k_ptr->sval == SV_WAND_TELEPORT_AWAY)) return (TRUE);
      |                              ~~~~~~~~~~~~^~~~~~~~~~~~~~~~~~~~~~~~
object2.c:2747:21: note: remove extraneous parentheses around the comparison to silence this warning
 2747 |                         if ((k_ptr->sval == SV_WAND_TELEPORT_AWAY)) return (TRUE);
      |                             ~            ^                       ~
object2.c:2747:21: note: use '=' to turn this equality comparison into an assignment
 2747 |                         if ((k_ptr->sval == SV_WAND_TELEPORT_AWAY)) return (TRUE);
      |                                          ^~
      |                                          =
object2.c:2748:21: warning: equality comparison with extraneous parentheses [-Wparentheses-equality]
 2748 |                         if ((k_ptr->sval == SV_WAND_STONE_TO_MUD)) return (TRUE);
      |                              ~~~~~~~~~~~~^~~~~~~~~~~~~~~~~~~~~~~
object2.c:2748:21: note: remove extraneous parentheses around the comparison to silence this warning
 2748 |                         if ((k_ptr->sval == SV_WAND_STONE_TO_MUD)) return (TRUE);
      |                             ~            ^                      ~
object2.c:2748:21: note: use '=' to turn this equality comparison into an assignment
 2748 |                         if ((k_ptr->sval == SV_WAND_STONE_TO_MUD)) return (TRUE);
      |                                          ^~
      |                                          =
3 warnings generated.
clang -Wall -std=gnu99 -O2 -I. -DUSE_GCU -DUSE_TRANSPARENCY -DHAVE_MKSTEMP -DPRIVATE_USER_PATH=\"~/Library/Preferences\" -DUSE_PRIVATE_PATHS -DALLOW_WIZARD -DNCURSES_OPAQUE=0 -Wno-error=implicit-function-declaration -Wno-error=implicit-int -Wno-error=int-conversion -Wno-error=incompatible-function-pointer-types -Wno-error=incompatible-pointer-types -Wno-error=return-type -isysroot /Applications/Xcode.app/Contents/Developer/Platforms/MacOSX.platform/Developer/SDKs/MacOSX.sdk -arch arm64 -DDEFAULT_CONFIG_PATH=\"./lib\" -DDEFAULT_LIB_PATH=\"./lib\" -DDEFAULT_DATA_PATH=\"./lib/data\" -c -o obj-info.o obj-info.c
clang -Wall -std=gnu99 -O2 -I. -DUSE_GCU -DUSE_TRANSPARENCY -DHAVE_MKSTEMP -DPRIVATE_USER_PATH=\"~/Library/Preferences\" -DUSE_PRIVATE_PATHS -DALLOW_WIZARD -DNCURSES_OPAQUE=0 -Wno-error=implicit-function-declaration -Wno-error=implicit-int -Wno-error=int-conversion -Wno-error=incompatible-function-pointer-types -Wno-error=incompatible-pointer-types -Wno-error=return-type -isysroot /Applications/Xcode.app/Contents/Developer/Platforms/MacOSX.platform/Developer/SDKs/MacOSX.sdk -arch arm64 -DDEFAULT_CONFIG_PATH=\"./lib\" -DDEFAULT_LIB_PATH=\"./lib\" -DDEFAULT_DATA_PATH=\"./lib/data\" -c -o obj-ui.o obj-ui.c
clang -Wall -std=gnu99 -O2 -I. -DUSE_GCU -DUSE_TRANSPARENCY -DHAVE_MKSTEMP -DPRIVATE_USER_PATH=\"~/Library/Preferences\" -DUSE_PRIVATE_PATHS -DALLOW_WIZARD -DNCURSES_OPAQUE=0 -Wno-error=implicit-function-declaration -Wno-error=implicit-int -Wno-error=int-conversion -Wno-error=incompatible-function-pointer-types -Wno-error=incompatible-pointer-types -Wno-error=return-type -isysroot /Applications/Xcode.app/Contents/Developer/Platforms/MacOSX.platform/Developer/SDKs/MacOSX.sdk -arch arm64 -DDEFAULT_CONFIG_PATH=\"./lib\" -DDEFAULT_LIB_PATH=\"./lib\" -DDEFAULT_DATA_PATH=\"./lib/data\" -c -o obj-util.o obj-util.c
clang -Wall -std=gnu99 -O2 -I. -DUSE_GCU -DUSE_TRANSPARENCY -DHAVE_MKSTEMP -DPRIVATE_USER_PATH=\"~/Library/Preferences\" -DUSE_PRIVATE_PATHS -DALLOW_WIZARD -DNCURSES_OPAQUE=0 -Wno-error=implicit-function-declaration -Wno-error=implicit-int -Wno-error=int-conversion -Wno-error=incompatible-function-pointer-types -Wno-error=incompatible-pointer-types -Wno-error=return-type -isysroot /Applications/Xcode.app/Contents/Developer/Platforms/MacOSX.platform/Developer/SDKs/MacOSX.sdk -arch arm64 -DDEFAULT_CONFIG_PATH=\"./lib\" -DDEFAULT_LIB_PATH=\"./lib\" -DDEFAULT_DATA_PATH=\"./lib/data\" -c -o pathfind.o pathfind.c
clang -Wall -std=gnu99 -O2 -I. -DUSE_GCU -DUSE_TRANSPARENCY -DHAVE_MKSTEMP -DPRIVATE_USER_PATH=\"~/Library/Preferences\" -DUSE_PRIVATE_PATHS -DALLOW_WIZARD -DNCURSES_OPAQUE=0 -Wno-error=implicit-function-declaration -Wno-error=implicit-int -Wno-error=int-conversion -Wno-error=incompatible-function-pointer-types -Wno-error=incompatible-pointer-types -Wno-error=return-type -isysroot /Applications/Xcode.app/Contents/Developer/Platforms/MacOSX.platform/Developer/SDKs/MacOSX.sdk -arch arm64 -DDEFAULT_CONFIG_PATH=\"./lib\" -DDEFAULT_LIB_PATH=\"./lib\" -DDEFAULT_DATA_PATH=\"./lib/data\" -c -o prefs.o prefs.c
clang -Wall -std=gnu99 -O2 -I. -DUSE_GCU -DUSE_TRANSPARENCY -DHAVE_MKSTEMP -DPRIVATE_USER_PATH=\"~/Library/Preferences\" -DUSE_PRIVATE_PATHS -DALLOW_WIZARD -DNCURSES_OPAQUE=0 -Wno-error=implicit-function-declaration -Wno-error=implicit-int -Wno-error=int-conversion -Wno-error=incompatible-function-pointer-types -Wno-error=incompatible-pointer-types -Wno-error=return-type -isysroot /Applications/Xcode.app/Contents/Developer/Platforms/MacOSX.platform/Developer/SDKs/MacOSX.sdk -arch arm64 -DDEFAULT_CONFIG_PATH=\"./lib\" -DDEFAULT_LIB_PATH=\"./lib\" -DDEFAULT_DATA_PATH=\"./lib/data\" -c -o quest.o quest.c
clang -Wall -std=gnu99 -O2 -I. -DUSE_GCU -DUSE_TRANSPARENCY -DHAVE_MKSTEMP -DPRIVATE_USER_PATH=\"~/Library/Preferences\" -DUSE_PRIVATE_PATHS -DALLOW_WIZARD -DNCURSES_OPAQUE=0 -Wno-error=implicit-function-declaration -Wno-error=implicit-int -Wno-error=int-conversion -Wno-error=incompatible-function-pointer-types -Wno-error=incompatible-pointer-types -Wno-error=return-type -isysroot /Applications/Xcode.app/Contents/Developer/Platforms/MacOSX.platform/Developer/SDKs/MacOSX.sdk -arch arm64 -DDEFAULT_CONFIG_PATH=\"./lib\" -DDEFAULT_LIB_PATH=\"./lib\" -DDEFAULT_DATA_PATH=\"./lib/data\" -c -o randart.o randart.c
randart.c:2130:24: warning: use of logical '&&' with constant operand [-Wconstant-logical-operand]
 2130 |                 if ((a_ptr->a_flags1 && TR1_KILL_UNDEAD) &&
      |                                      ^  ~~~~~~~~~~~~~~~
randart.c:2130:24: note: use '&' for a bitwise operation
 2130 |                 if ((a_ptr->a_flags1 && TR1_KILL_UNDEAD) &&
      |                                      ^~
      |                                      &
randart.c:2130:24: note: remove constant to silence this warning
 2130 |                 if ((a_ptr->a_flags1 && TR1_KILL_UNDEAD) &&
      |                                      ^~~~~~~~~~~~~~~~~~
randart.c:2132:29: warning: use of logical '&&' with constant operand [-Wconstant-logical-operand]
 2132 |                 else if ((a_ptr->a_flags1 && TR1_KILL_DEMON) &&
      |                                           ^  ~~~~~~~~~~~~~~
randart.c:2132:29: note: use '&' for a bitwise operation
 2132 |                 else if ((a_ptr->a_flags1 && TR1_KILL_DEMON) &&
      |                                           ^~
      |                                           &
randart.c:2132:29: note: remove constant to silence this warning
 2132 |                 else if ((a_ptr->a_flags1 && TR1_KILL_DEMON) &&
      |                                           ^~~~~~~~~~~~~~~~~
randart.c:2134:29: warning: use of logical '&&' with constant operand [-Wconstant-logical-operand]
 2134 |                 else if ((a_ptr->a_flags1 && TR1_KILL_DRAGON) &&
      |                                           ^  ~~~~~~~~~~~~~~~
randart.c:2134:29: note: use '&' for a bitwise operation
 2134 |                 else if ((a_ptr->a_flags1 && TR1_KILL_DRAGON) &&
      |                                           ^~
      |                                           &
randart.c:2134:29: note: remove constant to silence this warning
 2134 |                 else if ((a_ptr->a_flags1 && TR1_KILL_DRAGON) &&
      |                                           ^~~~~~~~~~~~~~~~~~
3 warnings generated.
clang -Wall -std=gnu99 -O2 -I. -DUSE_GCU -DUSE_TRANSPARENCY -DHAVE_MKSTEMP -DPRIVATE_USER_PATH=\"~/Library/Preferences\" -DUSE_PRIVATE_PATHS -DALLOW_WIZARD -DNCURSES_OPAQUE=0 -Wno-error=implicit-function-declaration -Wno-error=implicit-int -Wno-error=int-conversion -Wno-error=incompatible-function-pointer-types -Wno-error=incompatible-pointer-types -Wno-error=return-type -isysroot /Applications/Xcode.app/Contents/Developer/Platforms/MacOSX.platform/Developer/SDKs/MacOSX.sdk -arch arm64 -DDEFAULT_CONFIG_PATH=\"./lib\" -DDEFAULT_LIB_PATH=\"./lib\" -DDEFAULT_DATA_PATH=\"./lib/data\" -c -o save.o save.c
clang -Wall -std=gnu99 -O2 -I. -DUSE_GCU -DUSE_TRANSPARENCY -DHAVE_MKSTEMP -DPRIVATE_USER_PATH=\"~/Library/Preferences\" -DUSE_PRIVATE_PATHS -DALLOW_WIZARD -DNCURSES_OPAQUE=0 -Wno-error=implicit-function-declaration -Wno-error=implicit-int -Wno-error=int-conversion -Wno-error=incompatible-function-pointer-types -Wno-error=incompatible-pointer-types -Wno-error=return-type -isysroot /Applications/Xcode.app/Contents/Developer/Platforms/MacOSX.platform/Developer/SDKs/MacOSX.sdk -arch arm64 -DDEFAULT_CONFIG_PATH=\"./lib\" -DDEFAULT_LIB_PATH=\"./lib\" -DDEFAULT_DATA_PATH=\"./lib/data\" -c -o score.o score.c
clang -Wall -std=gnu99 -O2 -I. -DUSE_GCU -DUSE_TRANSPARENCY -DHAVE_MKSTEMP -DPRIVATE_USER_PATH=\"~/Library/Preferences\" -DUSE_PRIVATE_PATHS -DALLOW_WIZARD -DNCURSES_OPAQUE=0 -Wno-error=implicit-function-declaration -Wno-error=implicit-int -Wno-error=int-conversion -Wno-error=incompatible-function-pointer-types -Wno-error=incompatible-pointer-types -Wno-error=return-type -isysroot /Applications/Xcode.app/Contents/Developer/Platforms/MacOSX.platform/Developer/SDKs/MacOSX.sdk -arch arm64 -DDEFAULT_CONFIG_PATH=\"./lib\" -DDEFAULT_LIB_PATH=\"./lib\" -DDEFAULT_DATA_PATH=\"./lib/data\" -c -o signals.o signals.c
clang -Wall -std=gnu99 -O2 -I. -DUSE_GCU -DUSE_TRANSPARENCY -DHAVE_MKSTEMP -DPRIVATE_USER_PATH=\"~/Library/Preferences\" -DUSE_PRIVATE_PATHS -DALLOW_WIZARD -DNCURSES_OPAQUE=0 -Wno-error=implicit-function-declaration -Wno-error=implicit-int -Wno-error=int-conversion -Wno-error=incompatible-function-pointer-types -Wno-error=incompatible-pointer-types -Wno-error=return-type -isysroot /Applications/Xcode.app/Contents/Developer/Platforms/MacOSX.platform/Developer/SDKs/MacOSX.sdk -arch arm64 -DDEFAULT_CONFIG_PATH=\"./lib\" -DDEFAULT_LIB_PATH=\"./lib\" -DDEFAULT_DATA_PATH=\"./lib/data\" -c -o spells1.o spells1.c
spells1.c:6167:70: warning: operator '?:' has lower precedence than '+'; '+' will be evaluated first [-Wparentheses]
 6167 |                                 else dam -= (dam * ((p_ptr->state.ac + (p_ptr->state.to_a < 150) ?
      |                                                      ~~~~~~~~~~~~~~~~~~~~~~~~~~~~~~~~~~~~~~~~~~~ ^
spells1.c:6167:70: note: place parentheses around the '+' expression to silence this warning
 6167 |                                 else dam -= (dam * ((p_ptr->state.ac + (p_ptr->state.to_a < 150) ?
      |                                                                                                  ^
      |                                                      (                                          )
spells1.c:6167:70: note: place parentheses around the '?:' expression to evaluate it first
 6167 |                                 else dam -= (dam * ((p_ptr->state.ac + (p_ptr->state.to_a < 150) ?
      |                                                                                                  ^
      |                                                                        (
 6168 |                                                  p_ptr->state.ac + p_ptr->state.to_a : 150)) / 250);
      |                                                                                           
      |                                                                                           )
1 warning generated.
clang -Wall -std=gnu99 -O2 -I. -DUSE_GCU -DUSE_TRANSPARENCY -DHAVE_MKSTEMP -DPRIVATE_USER_PATH=\"~/Library/Preferences\" -DUSE_PRIVATE_PATHS -DALLOW_WIZARD -DNCURSES_OPAQUE=0 -Wno-error=implicit-function-declaration -Wno-error=implicit-int -Wno-error=int-conversion -Wno-error=incompatible-function-pointer-types -Wno-error=incompatible-pointer-types -Wno-error=return-type -isysroot /Applications/Xcode.app/Contents/Developer/Platforms/MacOSX.platform/Developer/SDKs/MacOSX.sdk -arch arm64 -DDEFAULT_CONFIG_PATH=\"./lib\" -DDEFAULT_LIB_PATH=\"./lib\" -DDEFAULT_DATA_PATH=\"./lib/data\" -c -o spells2.o spells2.c
spells2.c:640:16: warning: variable 'f2' set but not used [-Wunused-but-set-variable]
  640 |         u32b f1 = 0L, f2 = 0L, f3 = 0L, fn = 0L;
      |                       ^
spells2.c:640:34: warning: variable 'fn' set but not used [-Wunused-but-set-variable]
  640 |         u32b f1 = 0L, f2 = 0L, f3 = 0L, fn = 0L;
      |                                         ^
2 warnings generated.
clang -Wall -std=gnu99 -O2 -I. -DUSE_GCU -DUSE_TRANSPARENCY -DHAVE_MKSTEMP -DPRIVATE_USER_PATH=\"~/Library/Preferences\" -DUSE_PRIVATE_PATHS -DALLOW_WIZARD -DNCURSES_OPAQUE=0 -Wno-error=implicit-function-declaration -Wno-error=implicit-int -Wno-error=int-conversion -Wno-error=incompatible-function-pointer-types -Wno-error=incompatible-pointer-types -Wno-error=return-type -isysroot /Applications/Xcode.app/Contents/Developer/Platforms/MacOSX.platform/Developer/SDKs/MacOSX.sdk -arch arm64 -DDEFAULT_CONFIG_PATH=\"./lib\" -DDEFAULT_LIB_PATH=\"./lib\" -DDEFAULT_DATA_PATH=\"./lib/data\" -c -o squelch.o squelch.c
clang -Wall -std=gnu99 -O2 -I. -DUSE_GCU -DUSE_TRANSPARENCY -DHAVE_MKSTEMP -DPRIVATE_USER_PATH=\"~/Library/Preferences\" -DUSE_PRIVATE_PATHS -DALLOW_WIZARD -DNCURSES_OPAQUE=0 -Wno-error=implicit-function-declaration -Wno-error=implicit-int -Wno-error=int-conversion -Wno-error=incompatible-function-pointer-types -Wno-error=incompatible-pointer-types -Wno-error=return-type -isysroot /Applications/Xcode.app/Contents/Developer/Platforms/MacOSX.platform/Developer/SDKs/MacOSX.sdk -arch arm64 -DDEFAULT_CONFIG_PATH=\"./lib\" -DDEFAULT_LIB_PATH=\"./lib\" -DDEFAULT_DATA_PATH=\"./lib/data\" -c -o store.o store.c
clang -Wall -std=gnu99 -O2 -I. -DUSE_GCU -DUSE_TRANSPARENCY -DHAVE_MKSTEMP -DPRIVATE_USER_PATH=\"~/Library/Preferences\" -DUSE_PRIVATE_PATHS -DALLOW_WIZARD -DNCURSES_OPAQUE=0 -Wno-error=implicit-function-declaration -Wno-error=implicit-int -Wno-error=int-conversion -Wno-error=incompatible-function-pointer-types -Wno-error=incompatible-pointer-types -Wno-error=return-type -isysroot /Applications/Xcode.app/Contents/Developer/Platforms/MacOSX.platform/Developer/SDKs/MacOSX.sdk -arch arm64 -DDEFAULT_CONFIG_PATH=\"./lib\" -DDEFAULT_LIB_PATH=\"./lib\" -DDEFAULT_DATA_PATH=\"./lib/data\" -c -o tables.o tables.c
clang -Wall -std=gnu99 -O2 -I. -DUSE_GCU -DUSE_TRANSPARENCY -DHAVE_MKSTEMP -DPRIVATE_USER_PATH=\"~/Library/Preferences\" -DUSE_PRIVATE_PATHS -DALLOW_WIZARD -DNCURSES_OPAQUE=0 -Wno-error=implicit-function-declaration -Wno-error=implicit-int -Wno-error=int-conversion -Wno-error=incompatible-function-pointer-types -Wno-error=incompatible-pointer-types -Wno-error=return-type -isysroot /Applications/Xcode.app/Contents/Developer/Platforms/MacOSX.platform/Developer/SDKs/MacOSX.sdk -arch arm64 -DDEFAULT_CONFIG_PATH=\"./lib\" -DDEFAULT_LIB_PATH=\"./lib\" -DDEFAULT_DATA_PATH=\"./lib/data\" -c -o target.o target.c
clang -Wall -std=gnu99 -O2 -I. -DUSE_GCU -DUSE_TRANSPARENCY -DHAVE_MKSTEMP -DPRIVATE_USER_PATH=\"~/Library/Preferences\" -DUSE_PRIVATE_PATHS -DALLOW_WIZARD -DNCURSES_OPAQUE=0 -Wno-error=implicit-function-declaration -Wno-error=implicit-int -Wno-error=int-conversion -Wno-error=incompatible-function-pointer-types -Wno-error=incompatible-pointer-types -Wno-error=return-type -isysroot /Applications/Xcode.app/Contents/Developer/Platforms/MacOSX.platform/Developer/SDKs/MacOSX.sdk -arch arm64 -DDEFAULT_CONFIG_PATH=\"./lib\" -DDEFAULT_LIB_PATH=\"./lib\" -DDEFAULT_DATA_PATH=\"./lib/data\" -c -o timed.o timed.c
clang -Wall -std=gnu99 -O2 -I. -DUSE_GCU -DUSE_TRANSPARENCY -DHAVE_MKSTEMP -DPRIVATE_USER_PATH=\"~/Library/Preferences\" -DUSE_PRIVATE_PATHS -DALLOW_WIZARD -DNCURSES_OPAQUE=0 -Wno-error=implicit-function-declaration -Wno-error=implicit-int -Wno-error=int-conversion -Wno-error=incompatible-function-pointer-types -Wno-error=incompatible-pointer-types -Wno-error=return-type -isysroot /Applications/Xcode.app/Contents/Developer/Platforms/MacOSX.platform/Developer/SDKs/MacOSX.sdk -arch arm64 -DDEFAULT_CONFIG_PATH=\"./lib\" -DDEFAULT_LIB_PATH=\"./lib\" -DDEFAULT_DATA_PATH=\"./lib/data\" -c -o ui.o ui.c
clang -Wall -std=gnu99 -O2 -I. -DUSE_GCU -DUSE_TRANSPARENCY -DHAVE_MKSTEMP -DPRIVATE_USER_PATH=\"~/Library/Preferences\" -DUSE_PRIVATE_PATHS -DALLOW_WIZARD -DNCURSES_OPAQUE=0 -Wno-error=implicit-function-declaration -Wno-error=implicit-int -Wno-error=int-conversion -Wno-error=incompatible-function-pointer-types -Wno-error=incompatible-pointer-types -Wno-error=return-type -isysroot /Applications/Xcode.app/Contents/Developer/Platforms/MacOSX.platform/Developer/SDKs/MacOSX.sdk -arch arm64 -DDEFAULT_CONFIG_PATH=\"./lib\" -DDEFAULT_LIB_PATH=\"./lib\" -DDEFAULT_DATA_PATH=\"./lib/data\" -c -o ui-birth.o ui-birth.c
clang -Wall -std=gnu99 -O2 -I. -DUSE_GCU -DUSE_TRANSPARENCY -DHAVE_MKSTEMP -DPRIVATE_USER_PATH=\"~/Library/Preferences\" -DUSE_PRIVATE_PATHS -DALLOW_WIZARD -DNCURSES_OPAQUE=0 -Wno-error=implicit-function-declaration -Wno-error=implicit-int -Wno-error=int-conversion -Wno-error=incompatible-function-pointer-types -Wno-error=incompatible-pointer-types -Wno-error=return-type -isysroot /Applications/Xcode.app/Contents/Developer/Platforms/MacOSX.platform/Developer/SDKs/MacOSX.sdk -arch arm64 -DDEFAULT_CONFIG_PATH=\"./lib\" -DDEFAULT_LIB_PATH=\"./lib\" -DDEFAULT_DATA_PATH=\"./lib/data\" -c -o ui-event.o ui-event.c
clang -Wall -std=gnu99 -O2 -I. -DUSE_GCU -DUSE_TRANSPARENCY -DHAVE_MKSTEMP -DPRIVATE_USER_PATH=\"~/Library/Preferences\" -DUSE_PRIVATE_PATHS -DALLOW_WIZARD -DNCURSES_OPAQUE=0 -Wno-error=implicit-function-declaration -Wno-error=implicit-int -Wno-error=int-conversion -Wno-error=incompatible-function-pointer-types -Wno-error=incompatible-pointer-types -Wno-error=return-type -isysroot /Applications/Xcode.app/Contents/Developer/Platforms/MacOSX.platform/Developer/SDKs/MacOSX.sdk -arch arm64 -DDEFAULT_CONFIG_PATH=\"./lib\" -DDEFAULT_LIB_PATH=\"./lib\" -DDEFAULT_DATA_PATH=\"./lib/data\" -c -o ui-menu.o ui-menu.c
ui-menu.c:748:19: warning: passing arguments to a function without a prototype is deprecated in all versions of C and is not supported in C2x [-Wdeprecated-non-prototype]
  748 |                                         menu->refresh(menu);
      |                                                      ^
1 warning generated.
clang -Wall -std=gnu99 -O2 -I. -DUSE_GCU -DUSE_TRANSPARENCY -DHAVE_MKSTEMP -DPRIVATE_USER_PATH=\"~/Library/Preferences\" -DUSE_PRIVATE_PATHS -DALLOW_WIZARD -DNCURSES_OPAQUE=0 -Wno-error=implicit-function-declaration -Wno-error=implicit-int -Wno-error=int-conversion -Wno-error=incompatible-function-pointer-types -Wno-error=incompatible-pointer-types -Wno-error=return-type -isysroot /Applications/Xcode.app/Contents/Developer/Platforms/MacOSX.platform/Developer/SDKs/MacOSX.sdk -arch arm64 -DDEFAULT_CONFIG_PATH=\"./lib\" -DDEFAULT_LIB_PATH=\"./lib\" -DDEFAULT_DATA_PATH=\"./lib/data\" -c -o util.o util.c
clang -Wall -std=gnu99 -O2 -I. -DUSE_GCU -DUSE_TRANSPARENCY -DHAVE_MKSTEMP -DPRIVATE_USER_PATH=\"~/Library/Preferences\" -DUSE_PRIVATE_PATHS -DALLOW_WIZARD -DNCURSES_OPAQUE=0 -Wno-error=implicit-function-declaration -Wno-error=implicit-int -Wno-error=int-conversion -Wno-error=incompatible-function-pointer-types -Wno-error=incompatible-pointer-types -Wno-error=return-type -isysroot /Applications/Xcode.app/Contents/Developer/Platforms/MacOSX.platform/Developer/SDKs/MacOSX.sdk -arch arm64 -DDEFAULT_CONFIG_PATH=\"./lib\" -DDEFAULT_LIB_PATH=\"./lib\" -DDEFAULT_DATA_PATH=\"./lib/data\" -c -o variable.o variable.c
clang -Wall -std=gnu99 -O2 -I. -DUSE_GCU -DUSE_TRANSPARENCY -DHAVE_MKSTEMP -DPRIVATE_USER_PATH=\"~/Library/Preferences\" -DUSE_PRIVATE_PATHS -DALLOW_WIZARD -DNCURSES_OPAQUE=0 -Wno-error=implicit-function-declaration -Wno-error=implicit-int -Wno-error=int-conversion -Wno-error=incompatible-function-pointer-types -Wno-error=incompatible-pointer-types -Wno-error=return-type -isysroot /Applications/Xcode.app/Contents/Developer/Platforms/MacOSX.platform/Developer/SDKs/MacOSX.sdk -arch arm64 -DDEFAULT_CONFIG_PATH=\"./lib\" -DDEFAULT_LIB_PATH=\"./lib\" -DDEFAULT_DATA_PATH=\"./lib/data\" -c -o wizard1.o wizard1.c
clang -Wall -std=gnu99 -O2 -I. -DUSE_GCU -DUSE_TRANSPARENCY -DHAVE_MKSTEMP -DPRIVATE_USER_PATH=\"~/Library/Preferences\" -DUSE_PRIVATE_PATHS -DALLOW_WIZARD -DNCURSES_OPAQUE=0 -Wno-error=implicit-function-declaration -Wno-error=implicit-int -Wno-error=int-conversion -Wno-error=incompatible-function-pointer-types -Wno-error=incompatible-pointer-types -Wno-error=return-type -isysroot /Applications/Xcode.app/Contents/Developer/Platforms/MacOSX.platform/Developer/SDKs/MacOSX.sdk -arch arm64 -DDEFAULT_CONFIG_PATH=\"./lib\" -DDEFAULT_LIB_PATH=\"./lib\" -DDEFAULT_DATA_PATH=\"./lib/data\" -c -o wizard2.o wizard2.c
clang -Wall -std=gnu99 -O2 -I. -DUSE_GCU -DUSE_TRANSPARENCY -DHAVE_MKSTEMP -DPRIVATE_USER_PATH=\"~/Library/Preferences\" -DUSE_PRIVATE_PATHS -DALLOW_WIZARD -DNCURSES_OPAQUE=0 -Wno-error=implicit-function-declaration -Wno-error=implicit-int -Wno-error=int-conversion -Wno-error=incompatible-function-pointer-types -Wno-error=incompatible-pointer-types -Wno-error=return-type -isysroot /Applications/Xcode.app/Contents/Developer/Platforms/MacOSX.platform/Developer/SDKs/MacOSX.sdk -arch arm64 -DDEFAULT_CONFIG_PATH=\"./lib\" -DDEFAULT_LIB_PATH=\"./lib\" -DDEFAULT_DATA_PATH=\"./lib/data\" -c -o x-char.o x-char.c
clang -Wall -std=gnu99 -O2 -I. -DUSE_GCU -DUSE_TRANSPARENCY -DHAVE_MKSTEMP -DPRIVATE_USER_PATH=\"~/Library/Preferences\" -DUSE_PRIVATE_PATHS -DALLOW_WIZARD -DNCURSES_OPAQUE=0 -Wno-error=implicit-function-declaration -Wno-error=implicit-int -Wno-error=int-conversion -Wno-error=incompatible-function-pointer-types -Wno-error=incompatible-pointer-types -Wno-error=return-type -isysroot /Applications/Xcode.app/Contents/Developer/Platforms/MacOSX.platform/Developer/SDKs/MacOSX.sdk -arch arm64 -DDEFAULT_CONFIG_PATH=\"./lib\" -DDEFAULT_LIB_PATH=\"./lib\" -DDEFAULT_DATA_PATH=\"./lib/data\" -c -o x-spell.o x-spell.c
clang -Wall -std=gnu99 -O2 -I. -DUSE_GCU -DUSE_TRANSPARENCY -DHAVE_MKSTEMP -DPRIVATE_USER_PATH=\"~/Library/Preferences\" -DUSE_PRIVATE_PATHS -DALLOW_WIZARD -DNCURSES_OPAQUE=0 -Wno-error=implicit-function-declaration -Wno-error=implicit-int -Wno-error=int-conversion -Wno-error=incompatible-function-pointer-types -Wno-error=incompatible-pointer-types -Wno-error=return-type -isysroot /Applications/Xcode.app/Contents/Developer/Platforms/MacOSX.platform/Developer/SDKs/MacOSX.sdk -arch arm64 -DDEFAULT_CONFIG_PATH=\"./lib\" -DDEFAULT_LIB_PATH=\"./lib\" -DDEFAULT_DATA_PATH=\"./lib/data\" -c -o xtra1.o xtra1.c
clang -Wall -std=gnu99 -O2 -I. -DUSE_GCU -DUSE_TRANSPARENCY -DHAVE_MKSTEMP -DPRIVATE_USER_PATH=\"~/Library/Preferences\" -DUSE_PRIVATE_PATHS -DALLOW_WIZARD -DNCURSES_OPAQUE=0 -Wno-error=implicit-function-declaration -Wno-error=implicit-int -Wno-error=int-conversion -Wno-error=incompatible-function-pointer-types -Wno-error=incompatible-pointer-types -Wno-error=return-type -isysroot /Applications/Xcode.app/Contents/Developer/Platforms/MacOSX.platform/Developer/SDKs/MacOSX.sdk -arch arm64 -DDEFAULT_CONFIG_PATH=\"./lib\" -DDEFAULT_LIB_PATH=\"./lib\" -DDEFAULT_DATA_PATH=\"./lib/data\" -c -o xtra2.o xtra2.c
clang -Wall -std=gnu99 -O2 -I. -DUSE_GCU -DUSE_TRANSPARENCY -DHAVE_MKSTEMP -DPRIVATE_USER_PATH=\"~/Library/Preferences\" -DUSE_PRIVATE_PATHS -DALLOW_WIZARD -DNCURSES_OPAQUE=0 -Wno-error=implicit-function-declaration -Wno-error=implicit-int -Wno-error=int-conversion -Wno-error=incompatible-function-pointer-types -Wno-error=incompatible-pointer-types -Wno-error=return-type -isysroot /Applications/Xcode.app/Contents/Developer/Platforms/MacOSX.platform/Developer/SDKs/MacOSX.sdk -arch arm64 -DDEFAULT_CONFIG_PATH=\"./lib\" -DDEFAULT_LIB_PATH=\"./lib\" -DDEFAULT_DATA_PATH=\"./lib/data\" -c -o xtra3.o xtra3.c
xtra3.c:632:11: warning: logical not is only applied to the left hand side of this comparison [-Wlogical-not-parentheses]
  632 |         else if (!mon_list[p_ptr->health_who].hp < 0)
      |                  ^                               ~
xtra3.c:632:11: note: add parentheses after the '!' to evaluate the comparison first
  632 |         else if (!mon_list[p_ptr->health_who].hp < 0)
      |                  ^                                  
      |                   (                                 )
xtra3.c:632:11: note: add parentheses around left hand side expression to silence this warning
  632 |         else if (!mon_list[p_ptr->health_who].hp < 0)
      |                  ^
      |                  (                              )
xtra3.c:632:43: warning: result of comparison of constant 0 with boolean expression is always false [-Wtautological-constant-compare]
  632 |         else if (!mon_list[p_ptr->health_who].hp < 0)
      |                  ~~~~~~~~~~~~~~~~~~~~~~~~~~~~~~~ ^ ~
2 warnings generated.
clang -Wall -std=gnu99 -O2 -I. -DUSE_GCU -DUSE_TRANSPARENCY -DHAVE_MKSTEMP -DPRIVATE_USER_PATH=\"~/Library/Preferences\" -DUSE_PRIVATE_PATHS -DALLOW_WIZARD -DNCURSES_OPAQUE=0 -Wno-error=implicit-function-declaration -Wno-error=implicit-int -Wno-error=int-conversion -Wno-error=incompatible-function-pointer-types -Wno-error=incompatible-pointer-types -Wno-error=return-type -isysroot /Applications/Xcode.app/Contents/Developer/Platforms/MacOSX.platform/Developer/SDKs/MacOSX.sdk -arch arm64 -DDEFAULT_CONFIG_PATH=\"./lib\" -DDEFAULT_LIB_PATH=\"./lib\" -DDEFAULT_DATA_PATH=\"./lib/data\" -c -o z-file.o z-file.c
clang -Wall -std=gnu99 -O2 -I. -DUSE_GCU -DUSE_TRANSPARENCY -DHAVE_MKSTEMP -DPRIVATE_USER_PATH=\"~/Library/Preferences\" -DUSE_PRIVATE_PATHS -DALLOW_WIZARD -DNCURSES_OPAQUE=0 -Wno-error=implicit-function-declaration -Wno-error=implicit-int -Wno-error=int-conversion -Wno-error=incompatible-function-pointer-types -Wno-error=incompatible-pointer-types -Wno-error=return-type -isysroot /Applications/Xcode.app/Contents/Developer/Platforms/MacOSX.platform/Developer/SDKs/MacOSX.sdk -arch arm64 -DDEFAULT_CONFIG_PATH=\"./lib\" -DDEFAULT_LIB_PATH=\"./lib\" -DDEFAULT_DATA_PATH=\"./lib/data\" -c -o z-form.o z-form.c
clang -Wall -std=gnu99 -O2 -I. -DUSE_GCU -DUSE_TRANSPARENCY -DHAVE_MKSTEMP -DPRIVATE_USER_PATH=\"~/Library/Preferences\" -DUSE_PRIVATE_PATHS -DALLOW_WIZARD -DNCURSES_OPAQUE=0 -Wno-error=implicit-function-declaration -Wno-error=implicit-int -Wno-error=int-conversion -Wno-error=incompatible-function-pointer-types -Wno-error=incompatible-pointer-types -Wno-error=return-type -isysroot /Applications/Xcode.app/Contents/Developer/Platforms/MacOSX.platform/Developer/SDKs/MacOSX.sdk -arch arm64 -DDEFAULT_CONFIG_PATH=\"./lib\" -DDEFAULT_LIB_PATH=\"./lib\" -DDEFAULT_DATA_PATH=\"./lib/data\" -c -o z-msg.o z-msg.c
clang -Wall -std=gnu99 -O2 -I. -DUSE_GCU -DUSE_TRANSPARENCY -DHAVE_MKSTEMP -DPRIVATE_USER_PATH=\"~/Library/Preferences\" -DUSE_PRIVATE_PATHS -DALLOW_WIZARD -DNCURSES_OPAQUE=0 -Wno-error=implicit-function-declaration -Wno-error=implicit-int -Wno-error=int-conversion -Wno-error=incompatible-function-pointer-types -Wno-error=incompatible-pointer-types -Wno-error=return-type -isysroot /Applications/Xcode.app/Contents/Developer/Platforms/MacOSX.platform/Developer/SDKs/MacOSX.sdk -arch arm64 -DDEFAULT_CONFIG_PATH=\"./lib\" -DDEFAULT_LIB_PATH=\"./lib\" -DDEFAULT_DATA_PATH=\"./lib/data\" -c -o z-quark.o z-quark.c
clang -Wall -std=gnu99 -O2 -I. -DUSE_GCU -DUSE_TRANSPARENCY -DHAVE_MKSTEMP -DPRIVATE_USER_PATH=\"~/Library/Preferences\" -DUSE_PRIVATE_PATHS -DALLOW_WIZARD -DNCURSES_OPAQUE=0 -Wno-error=implicit-function-declaration -Wno-error=implicit-int -Wno-error=int-conversion -Wno-error=incompatible-function-pointer-types -Wno-error=incompatible-pointer-types -Wno-error=return-type -isysroot /Applications/Xcode.app/Contents/Developer/Platforms/MacOSX.platform/Developer/SDKs/MacOSX.sdk -arch arm64 -DDEFAULT_CONFIG_PATH=\"./lib\" -DDEFAULT_LIB_PATH=\"./lib\" -DDEFAULT_DATA_PATH=\"./lib/data\" -c -o z-rand.o z-rand.c
clang -Wall -std=gnu99 -O2 -I. -DUSE_GCU -DUSE_TRANSPARENCY -DHAVE_MKSTEMP -DPRIVATE_USER_PATH=\"~/Library/Preferences\" -DUSE_PRIVATE_PATHS -DALLOW_WIZARD -DNCURSES_OPAQUE=0 -Wno-error=implicit-function-declaration -Wno-error=implicit-int -Wno-error=int-conversion -Wno-error=incompatible-function-pointer-types -Wno-error=incompatible-pointer-types -Wno-error=return-type -isysroot /Applications/Xcode.app/Contents/Developer/Platforms/MacOSX.platform/Developer/SDKs/MacOSX.sdk -arch arm64 -DDEFAULT_CONFIG_PATH=\"./lib\" -DDEFAULT_LIB_PATH=\"./lib\" -DDEFAULT_DATA_PATH=\"./lib/data\" -c -o z-term.o z-term.c
clang -Wall -std=gnu99 -O2 -I. -DUSE_GCU -DUSE_TRANSPARENCY -DHAVE_MKSTEMP -DPRIVATE_USER_PATH=\"~/Library/Preferences\" -DUSE_PRIVATE_PATHS -DALLOW_WIZARD -DNCURSES_OPAQUE=0 -Wno-error=implicit-function-declaration -Wno-error=implicit-int -Wno-error=int-conversion -Wno-error=incompatible-function-pointer-types -Wno-error=incompatible-pointer-types -Wno-error=return-type -isysroot /Applications/Xcode.app/Contents/Developer/Platforms/MacOSX.platform/Developer/SDKs/MacOSX.sdk -arch arm64 -DDEFAULT_CONFIG_PATH=\"./lib\" -DDEFAULT_LIB_PATH=\"./lib\" -DDEFAULT_DATA_PATH=\"./lib/data\" -c -o z-type.o z-type.c
clang -Wall -std=gnu99 -O2 -I. -DUSE_GCU -DUSE_TRANSPARENCY -DHAVE_MKSTEMP -DPRIVATE_USER_PATH=\"~/Library/Preferences\" -DUSE_PRIVATE_PATHS -DALLOW_WIZARD -DNCURSES_OPAQUE=0 -Wno-error=implicit-function-declaration -Wno-error=implicit-int -Wno-error=int-conversion -Wno-error=incompatible-function-pointer-types -Wno-error=incompatible-pointer-types -Wno-error=return-type -isysroot /Applications/Xcode.app/Contents/Developer/Platforms/MacOSX.platform/Developer/SDKs/MacOSX.sdk -arch arm64 -DDEFAULT_CONFIG_PATH=\"./lib\" -DDEFAULT_LIB_PATH=\"./lib\" -DDEFAULT_DATA_PATH=\"./lib/data\" -c -o z-util.o z-util.c
clang -Wall -std=gnu99 -O2 -I. -DUSE_GCU -DUSE_TRANSPARENCY -DHAVE_MKSTEMP -DPRIVATE_USER_PATH=\"~/Library/Preferences\" -DUSE_PRIVATE_PATHS -DALLOW_WIZARD -DNCURSES_OPAQUE=0 -Wno-error=implicit-function-declaration -Wno-error=implicit-int -Wno-error=int-conversion -Wno-error=incompatible-function-pointer-types -Wno-error=incompatible-pointer-types -Wno-error=return-type -isysroot /Applications/Xcode.app/Contents/Developer/Platforms/MacOSX.platform/Developer/SDKs/MacOSX.sdk -arch arm64 -DDEFAULT_CONFIG_PATH=\"./lib\" -DDEFAULT_LIB_PATH=\"./lib\" -DDEFAULT_DATA_PATH=\"./lib/data\" -c -o z-virt.o z-virt.c
clang -Wall -std=gnu99 -O2 -I. -DUSE_GCU -DUSE_TRANSPARENCY -DHAVE_MKSTEMP -DPRIVATE_USER_PATH=\"~/Library/Preferences\" -DUSE_PRIVATE_PATHS -DALLOW_WIZARD -DNCURSES_OPAQUE=0 -Wno-error=implicit-function-declaration -Wno-error=implicit-int -Wno-error=int-conversion -Wno-error=incompatible-function-pointer-types -Wno-error=incompatible-pointer-types -Wno-error=return-type -isysroot /Applications/Xcode.app/Contents/Developer/Platforms/MacOSX.platform/Developer/SDKs/MacOSX.sdk -arch arm64 -DDEFAULT_CONFIG_PATH=\"./lib\" -DDEFAULT_LIB_PATH=\"./lib\" -DDEFAULT_DATA_PATH=\"./lib/data\" -c -o main.o main.c
clang -Wall -std=gnu99 -O2 -I. -DUSE_GCU -DUSE_TRANSPARENCY -DHAVE_MKSTEMP -DPRIVATE_USER_PATH=\"~/Library/Preferences\" -DUSE_PRIVATE_PATHS -DALLOW_WIZARD -DNCURSES_OPAQUE=0 -Wno-error=implicit-function-declaration -Wno-error=implicit-int -Wno-error=int-conversion -Wno-error=incompatible-function-pointer-types -Wno-error=incompatible-pointer-types -Wno-error=return-type -isysroot /Applications/Xcode.app/Contents/Developer/Platforms/MacOSX.platform/Developer/SDKs/MacOSX.sdk -arch arm64 -DDEFAULT_CONFIG_PATH=\"./lib\" -DDEFAULT_LIB_PATH=\"./lib\" -DDEFAULT_DATA_PATH=\"./lib/data\" -c -o main-gcu.o main-gcu.c
clang -Wall -std=gnu99 -O2 -I. -DUSE_GCU -DUSE_TRANSPARENCY -DHAVE_MKSTEMP -DPRIVATE_USER_PATH=\"~/Library/Preferences\" -DUSE_PRIVATE_PATHS -DALLOW_WIZARD -DNCURSES_OPAQUE=0 -Wno-error=implicit-function-declaration -Wno-error=implicit-int -Wno-error=int-conversion -Wno-error=incompatible-function-pointer-types -Wno-error=incompatible-pointer-types -Wno-error=return-type -isysroot /Applications/Xcode.app/Contents/Developer/Platforms/MacOSX.platform/Developer/SDKs/MacOSX.sdk -arch arm64 -DDEFAULT_CONFIG_PATH=\"./lib\" -DDEFAULT_LIB_PATH=\"./lib\" -DDEFAULT_DATA_PATH=\"./lib/data\" -Wl,-syslibroot,/Applications/Xcode.app/Contents/Developer/Platforms/MacOSX.platform/Developer/SDKs/MacOSX.sdk -arch arm64 -o minimal attack.o birth.o button.o calcs.o cave.o cmd0.o cmd1.o cmd2.o cmd3.o cmd4.o cmd5.o cmd-know.o cmd-obj.o death.o dump_items.o dungeon.o effect.o feature.o files.o game-cmd.o game-event.o generate.o identify.o init1.o init2.o load.o melee1.o melee2.o monster1.o monster2.o object1.o object2.o obj-info.o obj-ui.o obj-util.o pathfind.o prefs.o quest.o randart.o save.o score.o signals.o spells1.o spells2.o squelch.o store.o tables.o target.o timed.o ui.o ui-birth.o ui-event.o ui-menu.o util.o variable.o wizard1.o wizard2.o x-char.o x-spell.o xtra1.o xtra2.o xtra3.o z-file.o z-form.o z-msg.o z-quark.o z-rand.o z-term.o z-type.o z-util.o z-virt.o main.o main-gcu.o -lncurses
Installing terminal version...
Terminal version installed as ../minimal-terminal
Run with: ./minimal-terminal
