clang -Wall -std=gnu99 -O2 -I. -DUSE_GCU -DUSE_TRANSPARENCY -DHAVE_MKSTEMP -DPRIVATE_USER_PATH=\"~/Library/Preferences\" -DUSE_PRIVATE_PATHS -DALLOW_WIZARD -DNCURSES_OPAQUE=0 -Wno-error=implicit-function-declaration -Wno-error=implicit-int -Wno-error=int-conversion -Wno-error=incompatible-function-pointer-types -Wno-error=incompatible-pointer-types -Wno-error=return-type -isysroot /Applications/Xcode.app/Contents/Developer/Platforms/MacOSX.platform/Developer/SDKs/MacOSX.sdk -arch arm64 -DDEFAULT_CONFIG_PATH=\"./lib\" -DDEFAULT_LIB_PATH=\"./lib\" -DDEFAULT_DATA_PATH=\"./lib/data\" -c -o attack.o attack.c
attack.c:418:9: warning: assigning to 'char *' from 'const char *const' discards qualifiers [-Wincompatible-pointer-types-discards-qualifiers]
  418 |                                                 p = best_s_ptr->melee_verb;
      |                                                   ^ ~~~~~~~~~~~~~~~~~~~~~~
1 warning generated.
clang -Wall -std=gnu99 -O2 -I. -DUSE_GCU -DUSE_TRANSPARENCY -DHAVE_MKSTEMP -DPRIVATE_USER_PATH=\"~/Library/Preferences\" -DUSE_PRIVATE_PATHS -DALLOW_WIZARD -DNCURSES_OPAQUE=0 -Wno-error=implicit-function-declaration -Wno-error=implicit-int -Wno-error=int-conversion -Wno-error=incompatible-function-pointer-types -Wno-error=incompatible-pointer-types -Wno-error=return-type -isysroot /Applications/Xcode.app/Contents/Developer/Platforms/MacOSX.platform/Developer/SDKs/MacOSX.sdk -arch arm64 -DDEFAULT_CONFIG_PATH=\"./lib\" -DDEFAULT_LIB_PATH=\"./lib\" -DDEFAULT_DATA_PATH=\"./lib/data\" -c -o birth.o birth.c
clang -Wall -std=gnu99 -O2 -I. -DUSE_GCU -DUSE_TRANSPARENCY -DHAVE_MKSTEMP -DPRIVATE_USER_PATH=\"~/Library/Preferences\" -DUSE_PRIVATE_PATHS -DALLOW_WIZARD -DNCURSES_OPAQUE=0 -Wno-error=implicit-function-declaration -Wno-error=implicit-int -Wno-error=int-conversion -Wno-error=incompatible-function-pointer-types -Wno-error=incompatible-pointer-types -Wno-error=return-type -isysroot /Applications/Xcode.app/Contents/Developer/Platforms/MacOSX.platform/Developer/SDKs/MacOSX.sdk -arch arm64 -DDEFAULT_CONFIG_PATH=\"./lib\" -DDEFAULT_LIB_PATH=\"./lib\" -DDEFAULT_DATA_PATH=\"./lib/data\" -c -o button.o button.c
clang -Wall -std=gnu99 -O2 -I. -DUSE_GCU -DUSE_TRANSPARENCY -DHAVE_MKSTEMP -DPRIVATE_USER_PATH=\"~/Library/Preferences\" -DUSE_PRIVATE_PATHS -DALLOW_WIZARD -DNCURSES_OPAQUE=0 -Wno-error=implicit-function-declaration -Wno-error=implicit-int -Wno-error=int-conversion -Wno-error=incompatible-function-pointer-types -Wno-error=incompatible-pointer-types -Wno-error=return-type -isysroot /Applications/Xcode.app/Contents/Developer/Platforms/MacOSX.platform/Developer/SDKs/MacOSX.sdk -arch arm64 -DDEFAULT_CONFIG_PATH=\"./lib\" -DDEFAULT_LIB_PATH=\"./lib\" -DDEFAULT_DATA_PATH=\"./lib/data\" -c -o cave.o cave.c
cave.c:607:7: warning: logical not is only applied to the left hand side of this bitwise operator [-Wlogical-not-parentheses]
  607 |         if (!cave_info2[y][x] & CAVE2_DTRAP) return FALSE; 
      |             ^                 ~
cave.c:607:7: note: add parentheses after the '!' to evaluate the bitwise operator first
  607 |         if (!cave_info2[y][x] & CAVE2_DTRAP) return FALSE; 
      |             ^                              
      |              (                             )
cave.c:607:7: note: add parentheses around left hand side expression to silence this warning
  607 |         if (!cave_info2[y][x] & CAVE2_DTRAP) return FALSE; 
      |             ^
      |             (                )
cave.c:610:41: warning: logical not is only applied to the left hand side of this bitwise operator [-Wlogical-not-parentheses]
  610 |         if (in_bounds_fully(y + 1, x    ) && (!cave_info2[y + 1][x    ] & CAVE2_DTRAP)) return TRUE; 
      |                                               ^                         ~
cave.c:610:41: note: add parentheses after the '!' to evaluate the bitwise operator first
  610 |         if (in_bounds_fully(y + 1, x    ) && (!cave_info2[y + 1][x    ] & CAVE2_DTRAP)) return TRUE; 
      |                                               ^                                      
      |                                                (                                     )
cave.c:610:41: note: add parentheses around left hand side expression to silence this warning
  610 |         if (in_bounds_fully(y + 1, x    ) && (!cave_info2[y + 1][x    ] & CAVE2_DTRAP)) return TRUE; 
      |                                               ^
      |                                               (                        )
cave.c:611:41: warning: logical not is only applied to the left hand side of this bitwise operator [-Wlogical-not-parentheses]
  611 |         if (in_bounds_fully(y    , x + 1) && (!cave_info2[y    ][x + 1] & CAVE2_DTRAP)) return TRUE; 
      |                                               ^                         ~
cave.c:611:41: note: add parentheses after the '!' to evaluate the bitwise operator first
  611 |         if (in_bounds_fully(y    , x + 1) && (!cave_info2[y    ][x + 1] & CAVE2_DTRAP)) return TRUE; 
      |                                               ^                                      
      |                                                (                                     )
cave.c:611:41: note: add parentheses around left hand side expression to silence this warning
  611 |         if (in_bounds_fully(y    , x + 1) && (!cave_info2[y    ][x + 1] & CAVE2_DTRAP)) return TRUE; 
      |                                               ^
      |                                               (                        )
cave.c:612:41: warning: logical not is only applied to the left hand side of this bitwise operator [-Wlogical-not-parentheses]
  612 |         if (in_bounds_fully(y - 1, x    ) && (!cave_info2[y - 1][x    ] & CAVE2_DTRAP)) return TRUE; 
      |                                               ^                         ~
cave.c:612:41: note: add parentheses after the '!' to evaluate the bitwise operator first
  612 |         if (in_bounds_fully(y - 1, x    ) && (!cave_info2[y - 1][x    ] & CAVE2_DTRAP)) return TRUE; 
      |                                               ^                                      
      |                                                (                                     )
cave.c:612:41: note: add parentheses around left hand side expression to silence this warning
  612 |         if (in_bounds_fully(y - 1, x    ) && (!cave_info2[y - 1][x    ] & CAVE2_DTRAP)) return TRUE; 
      |                                               ^
      |                                               (                        )
cave.c:613:41: warning: logical not is only applied to the left hand side of this bitwise operator [-Wlogical-not-parentheses]
  613 |         if (in_bounds_fully(y    , x - 1) && (!cave_info2[y    ][x - 1] & CAVE2_DTRAP)) return TRUE; 
      |                                               ^                         ~
cave.c:613:41: note: add parentheses after the '!' to evaluate the bitwise operator first
  613 |         if (in_bounds_fully(y    , x - 1) && (!cave_info2[y    ][x - 1] & CAVE2_DTRAP)) return TRUE; 
      |                                               ^                                      
      |                                                (                                     )
cave.c:613:41: note: add parentheses around left hand side expression to silence this warning
  613 |         if (in_bounds_fully(y    , x - 1) && (!cave_info2[y    ][x - 1] & CAVE2_DTRAP)) return TRUE; 
      |                                               ^
      |                                               (                        )
cave.c:936:13: warning: variable 'info2' set but not used [-Wunused-but-set-variable]
  936 |         byte info, info2;
      |                    ^
6 warnings generated.
clang -Wall -std=gnu99 -O2 -I. -DUSE_GCU -DUSE_TRANSPARENCY -DHAVE_MKSTEMP -DPRIVATE_USER_PATH=\"~/Library/Preferences\" -DUSE_PRIVATE_PATHS -DALLOW_WIZARD -DNCURSES_OPAQUE=0 -Wno-error=implicit-function-declaration -Wno-error=implicit-int -Wno-error=int-conversion -Wno-error=incompatible-function-pointer-types -Wno-error=incompatible-pointer-types -Wno-error=return-type -isysroot /Applications/Xcode.app/Contents/Developer/Platforms/MacOSX.platform/Developer/SDKs/MacOSX.sdk -arch arm64 -DDEFAULT_CONFIG_PATH=\"./lib\" -DDEFAULT_LIB_PATH=\"./lib\" -DDEFAULT_DATA_PATH=\"./lib/data\" -c -o cmd0.o cmd0.c
In file included from cmd0.c:28:
In file included from ./powers.c:18:
./powers_code.c:188:35: warning: converting the enum constant to a boolean [-Wint-in-bool-context]
  188 |                                 if (monster_is_unusual(r_ptr) || RF_QUESTOR)
      |                                                               ^
./powers_code.c:1849:9: warning: call to undeclared function 'summon_specific_pet'; ISO C99 and later do not support implicit function declarations [-Wimplicit-function-declaration]
 1849 |                                 if (summon_specific_pet(py, px, p_ptr->depth, SUMMON_BALROG))
      |                                     ^
./powers_code.c:1858:9: warning: call to undeclared function 'summon_specific_pet'; ISO C99 and later do not support implicit function declarations [-Wimplicit-function-declaration]
 1858 |                                 if (summon_specific_pet(py, px, p_ptr->depth, SUMMON_DARK_ELF))
      |                                     ^
./powers_code.c:1867:9: warning: call to undeclared function 'summon_specific_pet'; ISO C99 and later do not support implicit function declarations [-Wimplicit-function-declaration]
 1867 |                                 if (summon_specific_pet(py, px, p_ptr->depth, SUMMON_DEMON))
      |                                     ^
./powers_code.c:1885:9: warning: call to undeclared function 'summon_specific_pet'; ISO C99 and later do not support implicit function declarations [-Wimplicit-function-declaration]
 1885 |                                 if (summon_specific_pet(py, px, p_ptr->depth, SUMMON_DRAGON))
      |                                     ^
./powers_code.c:1894:9: warning: call to undeclared function 'summon_specific_pet'; ISO C99 and later do not support implicit function declarations [-Wimplicit-function-declaration]
 1894 |                                 if (summon_specific_pet(py, px, p_ptr->depth, SUMMON_HI_DRAGON))
      |                                     ^
./powers_code.c:1904:38: warning: call to undeclared function 'summon_specific_pet'; ISO C99 and later do not support implicit function declarations [-Wimplicit-function-declaration]
 1904 |                                 for (i = 0; i < 5; i++) count += summon_specific_pet(py, px, p_ptr->depth, SUMMON_MATURE_DRAGON);
      |                                                                  ^
./powers_code.c:1924:38: warning: call to undeclared function 'summon_specific_pet'; ISO C99 and later do not support implicit function declarations [-Wimplicit-function-declaration]
 1924 |                                 for (i = 0; i < 5; i++) count += summon_specific_pet(py, px, p_ptr->depth, SUMMON_ELEMENTAL);
      |                                                                  ^
./powers_code.c:1934:9: warning: call to undeclared function 'summon_specific_pet'; ISO C99 and later do not support implicit function declarations [-Wimplicit-function-declaration]
 1934 |                                 if (summon_specific_pet(py, px, p_ptr->depth, SUMMON_GOLEM))
      |                                     ^
./powers_code.c:1944:38: warning: call to undeclared function 'summon_specific_pet'; ISO C99 and later do not support implicit function declarations [-Wimplicit-function-declaration]
 1944 |                                 for (i = 0; i < 8; i++) count += summon_specific_pet(py, px, p_ptr->depth, SUMMON_HI_DEMON);
      |                                                                  ^
./powers_code.c:1955:38: warning: call to undeclared function 'summon_specific_pet'; ISO C99 and later do not support implicit function declarations [-Wimplicit-function-declaration]
 1955 |                                 for (i = 0; i < 8; i++) count += summon_specific_pet(py, px, p_ptr->depth, SUMMON_HI_DRAGON);
      |                                                                  ^
./powers_code.c:1966:38: warning: call to undeclared function 'summon_specific_pet'; ISO C99 and later do not support implicit function declarations [-Wimplicit-function-declaration]
 1966 |                                 for (i = 0; i < 8; i++) count += summon_specific_pet(py, px, p_ptr->depth, SUMMON_HI_UNDEAD);
      |                                                                  ^
./powers_code.c:1977:38: warning: call to undeclared function 'summon_specific_pet'; ISO C99 and later do not support implicit function declarations [-Wimplicit-function-declaration]
 1977 |                                 for (i = 0; i < 5; i++) count += summon_specific_pet(py, px, p_ptr->depth, SUMMON_HYDRA);
      |                                                                  ^
./powers_code.c:1988:38: warning: call to undeclared function 'summon_specific_pet'; ISO C99 and later do not support implicit function declarations [-Wimplicit-function-declaration]
 1988 |                                 for (i = 0; i < 3; i++) count += summon_specific_pet(py, px, p_ptr->depth, SUMMON_LAWFUL);
      |                                                                  ^
./powers_code.c:1998:9: warning: call to undeclared function 'summon_specific_pet'; ISO C99 and later do not support implicit function declarations [-Wimplicit-function-declaration]
 1998 |                                 if (summon_specific_pet(py, px, p_ptr->depth, SUMMON_LICH))
      |                                     ^
./powers_code.c:2028:9: warning: call to undeclared function 'summon_specific_pet'; ISO C99 and later do not support implicit function declarations [-Wimplicit-function-declaration]
 2028 |                                 if (summon_specific_pet(py, px, p_ptr->depth, SUMMON_OGRE))
      |                                     ^
./powers_code.c:2037:9: warning: call to undeclared function 'summon_specific_pet'; ISO C99 and later do not support implicit function declarations [-Wimplicit-function-declaration]
 2037 |                                 if (summon_specific_pet(py, px, p_ptr->depth, SUMMON_ORC))
      |                                     ^
./powers_code.c:2047:38: warning: call to undeclared function 'summon_specific_pet'; ISO C99 and later do not support implicit function declarations [-Wimplicit-function-declaration]
 2047 |                                 for (i = 0; i < 8; i++) count += summon_specific_pet(py, px, p_ptr->depth, SUMMON_SPIDER);
      |                                                                  ^
./powers_code.c:2058:38: warning: call to undeclared function 'summon_specific_pet'; ISO C99 and later do not support implicit function declarations [-Wimplicit-function-declaration]
 2058 |                                 for (i = 0; i < 5; i++) count += summon_specific_pet(py, px, p_ptr->depth, SUMMON_TROLL);
      |                                                                  ^
./powers_code.c:2069:38: warning: call to undeclared function 'summon_specific_pet'; ISO C99 and later do not support implicit function declarations [-Wimplicit-function-declaration]
 2069 |                                 for (i = 0; i < 4; i++) count += summon_specific_pet(py, px, p_ptr->depth, SUMMON_ULTIMATE);
      |                                                                  ^
./powers_code.c:2079:9: warning: call to undeclared function 'summon_specific_pet'; ISO C99 and later do not support implicit function declarations [-Wimplicit-function-declaration]
 2079 |                                 if (summon_specific_pet(py, px, p_ptr->depth, SUMMON_UNDEAD))
      |                                     ^
./powers_code.c:2109:38: warning: call to undeclared function 'summon_specific_pet'; ISO C99 and later do not support implicit function declarations [-Wimplicit-function-declaration]
 2109 |                                 for (i = 0; i < 5; i++) count += summon_specific_pet(py, px, p_ptr->depth, SUMMON_VORTEX);
      |                                                                  ^
./powers_code.c:2119:9: warning: call to undeclared function 'summon_specific_pet'; ISO C99 and later do not support implicit function declarations [-Wimplicit-function-declaration]
 2119 |                                 if (summon_specific_pet(py, px, p_ptr->depth, SUMMON_VROCK))
      |                                     ^
./powers_code.c:2128:9: warning: call to undeclared function 'summon_specific_pet'; ISO C99 and later do not support implicit function declarations [-Wimplicit-function-declaration]
 2128 |                                 if (summon_specific_pet(py, px, p_ptr->depth, SUMMON_WIGHT_WRAITH))
      |                                     ^
./powers_code.c:2138:38: warning: call to undeclared function 'summon_specific_pet'; ISO C99 and later do not support implicit function declarations [-Wimplicit-function-declaration]
 2138 |                                 for (i = 0; i < 5; i++) count += summon_specific_pet(py, px, p_ptr->depth, SUMMON_YEEK);
      |                                                                  ^
In file included from cmd0.c:28:
In file included from ./powers.c:19:
./powers_info.c:520:23: warning: incomplete format specifier [-Wformat]
  520 |                         sprintf(s, "heal 25%");
      |                                            ^
/Applications/Xcode.app/Contents/Developer/Platforms/MacOSX.platform/Developer/SDKs/MacOSX.sdk/usr/include/secure/_stdio.h:47:56: note: expanded from macro 'sprintf'
   47 |   __builtin___sprintf_chk (str, 0, __darwin_obsz(str), __VA_ARGS__)
      |                                                        ^~~~~~~~~~~
In file included from cmd0.c:28:
In file included from ./powers.c:19:
./powers_info.c:526:23: warning: incomplete format specifier [-Wformat]
  526 |                         sprintf(s, "heal 15%");
      |                                            ^
/Applications/Xcode.app/Contents/Developer/Platforms/MacOSX.platform/Developer/SDKs/MacOSX.sdk/usr/include/secure/_stdio.h:47:56: note: expanded from macro 'sprintf'
   47 |   __builtin___sprintf_chk (str, 0, __darwin_obsz(str), __VA_ARGS__)
      |                                                        ^~~~~~~~~~~
In file included from cmd0.c:28:
In file included from ./powers.c:19:
./powers_info.c:532:23: warning: incomplete format specifier [-Wformat]
  532 |                         sprintf(s, "heal 20%");
      |                                            ^
/Applications/Xcode.app/Contents/Developer/Platforms/MacOSX.platform/Developer/SDKs/MacOSX.sdk/usr/include/secure/_stdio.h:47:56: note: expanded from macro 'sprintf'
   47 |   __builtin___sprintf_chk (str, 0, __darwin_obsz(str), __VA_ARGS__)
      |                                                        ^~~~~~~~~~~
28 warnings generated.
clang -Wall -std=gnu99 -O2 -I. -DUSE_GCU -DUSE_TRANSPARENCY -DHAVE_MKSTEMP -DPRIVATE_USER_PATH=\"~/Library/Preferences\" -DUSE_PRIVATE_PATHS -DALLOW_WIZARD -DNCURSES_OPAQUE=0 -Wno-error=implicit-function-declaration -Wno-error=implicit-int -Wno-error=int-conversion -Wno-error=incompatible-function-pointer-types -Wno-error=incompatible-pointer-types -Wno-error=return-type -isysroot /Applications/Xcode.app/Contents/Developer/Platforms/MacOSX.platform/Developer/SDKs/MacOSX.sdk -arch arm64 -DDEFAULT_CONFIG_PATH=\"./lib\" -DDEFAULT_LIB_PATH=\"./lib\" -DDEFAULT_DATA_PATH=\"./lib/data\" -c -o cmd1.o cmd1.c
clang -Wall -std=gnu99 -O2 -I. -DUSE_GCU -DUSE_TRANSPARENCY -DHAVE_MKSTEMP -DPRIVATE_USER_PATH=\"~/Library/Preferences\" -DUSE_PRIVATE_PATHS -DALLOW_WIZARD -DNCURSES_OPAQUE=0 -Wno-error=implicit-function-declaration -Wno-error=implicit-int -Wno-error=int-conversion -Wno-error=incompatible-function-pointer-types -Wno-error=incompatible-pointer-types -Wno-error=return-type -isysroot /Applications/Xcode.app/Contents/Developer/Platforms/MacOSX.platform/Developer/SDKs/MacOSX.sdk -arch arm64 -DDEFAULT_CONFIG_PATH=\"./lib\" -DDEFAULT_LIB_PATH=\"./lib\" -DDEFAULT_DATA_PATH=\"./lib/data\" -c -o cmd2.o cmd2.c
clang -Wall -std=gnu99 -O2 -I. -DUSE_GCU -DUSE_TRANSPARENCY -DHAVE_MKSTEMP -DPRIVATE_USER_PATH=\"~/Library/Preferences\" -DUSE_PRIVATE_PATHS -DALLOW_WIZARD -DNCURSES_OPAQUE=0 -Wno-error=implicit-function-declaration -Wno-error=implicit-int -Wno-error=int-conversion -Wno-error=incompatible-function-pointer-types -Wno-error=incompatible-pointer-types -Wno-error=return-type -isysroot /Applications/Xcode.app/Contents/Developer/Platforms/MacOSX.platform/Developer/SDKs/MacOSX.sdk -arch arm64 -DDEFAULT_CONFIG_PATH=\"./lib\" -DDEFAULT_LIB_PATH=\"./lib\" -DDEFAULT_DATA_PATH=\"./lib/data\" -c -o cmd3.o cmd3.c
clang -Wall -std=gnu99 -O2 -I. -DUSE_GCU -DUSE_TRANSPARENCY -DHAVE_MKSTEMP -DPRIVATE_USER_PATH=\"~/Library/Preferences\" -DUSE_PRIVATE_PATHS -DALLOW_WIZARD -DNCURSES_OPAQUE=0 -Wno-error=implicit-function-declaration -Wno-error=implicit-int -Wno-error=int-conversion -Wno-error=incompatible-function-pointer-types -Wno-error=incompatible-pointer-types -Wno-error=return-type -isysroot /Applications/Xcode.app/Contents/Developer/Platforms/MacOSX.platform/Developer/SDKs/MacOSX.sdk -arch arm64 -DDEFAULT_CONFIG_PATH=\"./lib\" -DDEFAULT_LIB_PATH=\"./lib\" -DDEFAULT_DATA_PATH=\"./lib/data\" -c -o cmd4.o cmd4.c
clang -Wall -std=gnu99 -O2 -I. -DUSE_GCU -DUSE_TRANSPARENCY -DHAVE_MKSTEMP -DPRIVATE_USER_PATH=\"~/Library/Preferences\" -DUSE_PRIVATE_PATHS -DALLOW_WIZARD -DNCURSES_OPAQUE=0 -Wno-error=implicit-function-declaration -Wno-error=implicit-int -Wno-error=int-conversion -Wno-error=incompatible-function-pointer-types -Wno-error=incompatible-pointer-types -Wno-error=return-type -isysroot /Applications/Xcode.app/Contents/Developer/Platforms/MacOSX.platform/Developer/SDKs/MacOSX.sdk -arch arm64 -DDEFAULT_CONFIG_PATH=\"./lib\" -DDEFAULT_LIB_PATH=\"./lib\" -DDEFAULT_DATA_PATH=\"./lib/data\" -c -o cmd-misc.o cmd-misc.c
clang -Wall -std=gnu99 -O2 -I. -DUSE_GCU -DUSE_TRANSPARENCY -DHAVE_MKSTEMP -DPRIVATE_USER_PATH=\"~/Library/Preferences\" -DUSE_PRIVATE_PATHS -DALLOW_WIZARD -DNCURSES_OPAQUE=0 -Wno-error=implicit-function-declaration -Wno-error=implicit-int -Wno-error=int-conversion -Wno-error=incompatible-function-pointer-types -Wno-error=incompatible-pointer-types -Wno-error=return-type -isysroot /Applications/Xcode.app/Contents/Developer/Platforms/MacOSX.platform/Developer/SDKs/MacOSX.sdk -arch arm64 -DDEFAULT_CONFIG_PATH=\"./lib\" -DDEFAULT_LIB_PATH=\"./lib\" -DDEFAULT_DATA_PATH=\"./lib/data\" -c -o cmd-obj.o cmd-obj.c
clang -Wall -std=gnu99 -O2 -I. -DUSE_GCU -DUSE_TRANSPARENCY -DHAVE_MKSTEMP -DPRIVATE_USER_PATH=\"~/Library/Preferences\" -DUSE_PRIVATE_PATHS -DALLOW_WIZARD -DNCURSES_OPAQUE=0 -Wno-error=implicit-function-declaration -Wno-error=implicit-int -Wno-error=int-conversion -Wno-error=incompatible-function-pointer-types -Wno-error=incompatible-pointer-types -Wno-error=return-type -isysroot /Applications/Xcode.app/Contents/Developer/Platforms/MacOSX.platform/Developer/SDKs/MacOSX.sdk -arch arm64 -DDEFAULT_CONFIG_PATH=\"./lib\" -DDEFAULT_LIB_PATH=\"./lib\" -DDEFAULT_DATA_PATH=\"./lib/data\" -c -o death.o death.c
clang -Wall -std=gnu99 -O2 -I. -DUSE_GCU -DUSE_TRANSPARENCY -DHAVE_MKSTEMP -DPRIVATE_USER_PATH=\"~/Library/Preferences\" -DUSE_PRIVATE_PATHS -DALLOW_WIZARD -DNCURSES_OPAQUE=0 -Wno-error=implicit-function-declaration -Wno-error=implicit-int -Wno-error=int-conversion -Wno-error=incompatible-function-pointer-types -Wno-error=incompatible-pointer-types -Wno-error=return-type -isysroot /Applications/Xcode.app/Contents/Developer/Platforms/MacOSX.platform/Developer/SDKs/MacOSX.sdk -arch arm64 -DDEFAULT_CONFIG_PATH=\"./lib\" -DDEFAULT_LIB_PATH=\"./lib\" -DDEFAULT_DATA_PATH=\"./lib/data\" -c -o debug.o debug.c
clang -Wall -std=gnu99 -O2 -I. -DUSE_GCU -DUSE_TRANSPARENCY -DHAVE_MKSTEMP -DPRIVATE_USER_PATH=\"~/Library/Preferences\" -DUSE_PRIVATE_PATHS -DALLOW_WIZARD -DNCURSES_OPAQUE=0 -Wno-error=implicit-function-declaration -Wno-error=implicit-int -Wno-error=int-conversion -Wno-error=incompatible-function-pointer-types -Wno-error=incompatible-pointer-types -Wno-error=return-type -isysroot /Applications/Xcode.app/Contents/Developer/Platforms/MacOSX.platform/Developer/SDKs/MacOSX.sdk -arch arm64 -DDEFAULT_CONFIG_PATH=\"./lib\" -DDEFAULT_LIB_PATH=\"./lib\" -DDEFAULT_DATA_PATH=\"./lib/data\" -c -o dungeon.o dungeon.c
dungeon.c:305:15: warning: variable 'k_ptr' set but not used [-Wunused-but-set-variable]
  305 |         object_kind *k_ptr;
      |                      ^
dungeon.c:1664:7: warning: variable 'existing_dead_save' set but not used [-Wunused-but-set-variable]
 1664 |         bool existing_dead_save = FALSE;
      |              ^
2 warnings generated.
clang -Wall -std=gnu99 -O2 -I. -DUSE_GCU -DUSE_TRANSPARENCY -DHAVE_MKSTEMP -DPRIVATE_USER_PATH=\"~/Library/Preferences\" -DUSE_PRIVATE_PATHS -DALLOW_WIZARD -DNCURSES_OPAQUE=0 -Wno-error=implicit-function-declaration -Wno-error=implicit-int -Wno-error=int-conversion -Wno-error=incompatible-function-pointer-types -Wno-error=incompatible-pointer-types -Wno-error=return-type -isysroot /Applications/Xcode.app/Contents/Developer/Platforms/MacOSX.platform/Developer/SDKs/MacOSX.sdk -arch arm64 -DDEFAULT_CONFIG_PATH=\"./lib\" -DDEFAULT_LIB_PATH=\"./lib\" -DDEFAULT_DATA_PATH=\"./lib/data\" -c -o effects.o effects.c
clang -Wall -std=gnu99 -O2 -I. -DUSE_GCU -DUSE_TRANSPARENCY -DHAVE_MKSTEMP -DPRIVATE_USER_PATH=\"~/Library/Preferences\" -DUSE_PRIVATE_PATHS -DALLOW_WIZARD -DNCURSES_OPAQUE=0 -Wno-error=implicit-function-declaration -Wno-error=implicit-int -Wno-error=int-conversion -Wno-error=incompatible-function-pointer-types -Wno-error=incompatible-pointer-types -Wno-error=return-type -isysroot /Applications/Xcode.app/Contents/Developer/Platforms/MacOSX.platform/Developer/SDKs/MacOSX.sdk -arch arm64 -DDEFAULT_CONFIG_PATH=\"./lib\" -DDEFAULT_LIB_PATH=\"./lib\" -DDEFAULT_DATA_PATH=\"./lib/data\" -c -o files.o files.c
clang -Wall -std=gnu99 -O2 -I. -DUSE_GCU -DUSE_TRANSPARENCY -DHAVE_MKSTEMP -DPRIVATE_USER_PATH=\"~/Library/Preferences\" -DUSE_PRIVATE_PATHS -DALLOW_WIZARD -DNCURSES_OPAQUE=0 -Wno-error=implicit-function-declaration -Wno-error=implicit-int -Wno-error=int-conversion -Wno-error=incompatible-function-pointer-types -Wno-error=incompatible-pointer-types -Wno-error=return-type -isysroot /Applications/Xcode.app/Contents/Developer/Platforms/MacOSX.platform/Developer/SDKs/MacOSX.sdk -arch arm64 -DDEFAULT_CONFIG_PATH=\"./lib\" -DDEFAULT_LIB_PATH=\"./lib\" -DDEFAULT_DATA_PATH=\"./lib/data\" -c -o game-cmd.o game-cmd.c
clang -Wall -std=gnu99 -O2 -I. -DUSE_GCU -DUSE_TRANSPARENCY -DHAVE_MKSTEMP -DPRIVATE_USER_PATH=\"~/Library/Preferences\" -DUSE_PRIVATE_PATHS -DALLOW_WIZARD -DNCURSES_OPAQUE=0 -Wno-error=implicit-function-declaration -Wno-error=implicit-int -Wno-error=int-conversion -Wno-error=incompatible-function-pointer-types -Wno-error=incompatible-pointer-types -Wno-error=return-type -isysroot /Applications/Xcode.app/Contents/Developer/Platforms/MacOSX.platform/Developer/SDKs/MacOSX.sdk -arch arm64 -DDEFAULT_CONFIG_PATH=\"./lib\" -DDEFAULT_LIB_PATH=\"./lib\" -DDEFAULT_DATA_PATH=\"./lib/data\" -c -o game-event.o game-event.c
clang -Wall -std=gnu99 -O2 -I. -DUSE_GCU -DUSE_TRANSPARENCY -DHAVE_MKSTEMP -DPRIVATE_USER_PATH=\"~/Library/Preferences\" -DUSE_PRIVATE_PATHS -DALLOW_WIZARD -DNCURSES_OPAQUE=0 -Wno-error=implicit-function-declaration -Wno-error=implicit-int -Wno-error=int-conversion -Wno-error=incompatible-function-pointer-types -Wno-error=incompatible-pointer-types -Wno-error=return-type -isysroot /Applications/Xcode.app/Contents/Developer/Platforms/MacOSX.platform/Developer/SDKs/MacOSX.sdk -arch arm64 -DDEFAULT_CONFIG_PATH=\"./lib\" -DDEFAULT_LIB_PATH=\"./lib\" -DDEFAULT_DATA_PATH=\"./lib/data\" -c -o generate.o generate.c
clang -Wall -std=gnu99 -O2 -I. -DUSE_GCU -DUSE_TRANSPARENCY -DHAVE_MKSTEMP -DPRIVATE_USER_PATH=\"~/Library/Preferences\" -DUSE_PRIVATE_PATHS -DALLOW_WIZARD -DNCURSES_OPAQUE=0 -Wno-error=implicit-function-declaration -Wno-error=implicit-int -Wno-error=int-conversion -Wno-error=incompatible-function-pointer-types -Wno-error=incompatible-pointer-types -Wno-error=return-type -isysroot /Applications/Xcode.app/Contents/Developer/Platforms/MacOSX.platform/Developer/SDKs/MacOSX.sdk -arch arm64 -DDEFAULT_CONFIG_PATH=\"./lib\" -DDEFAULT_LIB_PATH=\"./lib\" -DDEFAULT_DATA_PATH=\"./lib/data\" -c -o history.o history.c
clang -Wall -std=gnu99 -O2 -I. -DUSE_GCU -DUSE_TRANSPARENCY -DHAVE_MKSTEMP -DPRIVATE_USER_PATH=\"~/Library/Preferences\" -DUSE_PRIVATE_PATHS -DALLOW_WIZARD -DNCURSES_OPAQUE=0 -Wno-error=implicit-function-declaration -Wno-error=implicit-int -Wno-error=int-conversion -Wno-error=incompatible-function-pointer-types -Wno-error=incompatible-pointer-types -Wno-error=return-type -isysroot /Applications/Xcode.app/Contents/Developer/Platforms/MacOSX.platform/Developer/SDKs/MacOSX.sdk -arch arm64 -DDEFAULT_CONFIG_PATH=\"./lib\" -DDEFAULT_LIB_PATH=\"./lib\" -DDEFAULT_DATA_PATH=\"./lib/data\" -c -o init2.o init2.c
init2.c:2691:6: warning: assigning to 'char *' from 'const char *' discards qualifiers [-Wincompatible-pointer-types-discards-qualifiers]
 2691 |         tmp = parser_getsym(p, "name");
      |             ^ ~~~~~~~~~~~~~~~~~~~~~~~~
1 warning generated.
clang -Wall -std=gnu99 -O2 -I. -DUSE_GCU -DUSE_TRANSPARENCY -DHAVE_MKSTEMP -DPRIVATE_USER_PATH=\"~/Library/Preferences\" -DUSE_PRIVATE_PATHS -DALLOW_WIZARD -DNCURSES_OPAQUE=0 -Wno-error=implicit-function-declaration -Wno-error=implicit-int -Wno-error=int-conversion -Wno-error=incompatible-function-pointer-types -Wno-error=incompatible-pointer-types -Wno-error=return-type -isysroot /Applications/Xcode.app/Contents/Developer/Platforms/MacOSX.platform/Developer/SDKs/MacOSX.sdk -arch arm64 -DDEFAULT_CONFIG_PATH=\"./lib\" -DDEFAULT_LIB_PATH=\"./lib\" -DDEFAULT_DATA_PATH=\"./lib/data\" -c -o load.o load.c
clang -Wall -std=gnu99 -O2 -I. -DUSE_GCU -DUSE_TRANSPARENCY -DHAVE_MKSTEMP -DPRIVATE_USER_PATH=\"~/Library/Preferences\" -DUSE_PRIVATE_PATHS -DALLOW_WIZARD -DNCURSES_OPAQUE=0 -Wno-error=implicit-function-declaration -Wno-error=implicit-int -Wno-error=int-conversion -Wno-error=incompatible-function-pointer-types -Wno-error=incompatible-pointer-types -Wno-error=return-type -isysroot /Applications/Xcode.app/Contents/Developer/Platforms/MacOSX.platform/Developer/SDKs/MacOSX.sdk -arch arm64 -DDEFAULT_CONFIG_PATH=\"./lib\" -DDEFAULT_LIB_PATH=\"./lib\" -DDEFAULT_DATA_PATH=\"./lib/data\" -c -o macro.o macro.c
clang -Wall -std=gnu99 -O2 -I. -DUSE_GCU -DUSE_TRANSPARENCY -DHAVE_MKSTEMP -DPRIVATE_USER_PATH=\"~/Library/Preferences\" -DUSE_PRIVATE_PATHS -DALLOW_WIZARD -DNCURSES_OPAQUE=0 -Wno-error=implicit-function-declaration -Wno-error=implicit-int -Wno-error=int-conversion -Wno-error=incompatible-function-pointer-types -Wno-error=incompatible-pointer-types -Wno-error=return-type -isysroot /Applications/Xcode.app/Contents/Developer/Platforms/MacOSX.platform/Developer/SDKs/MacOSX.sdk -arch arm64 -DDEFAULT_CONFIG_PATH=\"./lib\" -DDEFAULT_LIB_PATH=\"./lib\" -DDEFAULT_DATA_PATH=\"./lib/data\" -c -o option.o option.c
clang -Wall -std=gnu99 -O2 -I. -DUSE_GCU -DUSE_TRANSPARENCY -DHAVE_MKSTEMP -DPRIVATE_USER_PATH=\"~/Library/Preferences\" -DUSE_PRIVATE_PATHS -DALLOW_WIZARD -DNCURSES_OPAQUE=0 -Wno-error=implicit-function-declaration -Wno-error=implicit-int -Wno-error=int-conversion -Wno-error=incompatible-function-pointer-types -Wno-error=incompatible-pointer-types -Wno-error=return-type -isysroot /Applications/Xcode.app/Contents/Developer/Platforms/MacOSX.platform/Developer/SDKs/MacOSX.sdk -arch arm64 -DDEFAULT_CONFIG_PATH=\"./lib\" -DDEFAULT_LIB_PATH=\"./lib\" -DDEFAULT_DATA_PATH=\"./lib/data\" -c -o parser.o parser.c
parser.c:228:8: warning: variable 'iline' set but not used [-Wunused-but-set-variable]
  228 |         char *iline;
      |               ^
1 warning generated.
clang -Wall -std=gnu99 -O2 -I. -DUSE_GCU -DUSE_TRANSPARENCY -DHAVE_MKSTEMP -DPRIVATE_USER_PATH=\"~/Library/Preferences\" -DUSE_PRIVATE_PATHS -DALLOW_WIZARD -DNCURSES_OPAQUE=0 -Wno-error=implicit-function-declaration -Wno-error=implicit-int -Wno-error=int-conversion -Wno-error=incompatible-function-pointer-types -Wno-error=incompatible-pointer-types -Wno-error=return-type -isysroot /Applications/Xcode.app/Contents/Developer/Platforms/MacOSX.platform/Developer/SDKs/MacOSX.sdk -arch arm64 -DDEFAULT_CONFIG_PATH=\"./lib\" -DDEFAULT_LIB_PATH=\"./lib\" -DDEFAULT_DATA_PATH=\"./lib/data\" -c -o randname.o randname.c
clang -Wall -std=gnu99 -O2 -I. -DUSE_GCU -DUSE_TRANSPARENCY -DHAVE_MKSTEMP -DPRIVATE_USER_PATH=\"~/Library/Preferences\" -DUSE_PRIVATE_PATHS -DALLOW_WIZARD -DNCURSES_OPAQUE=0 -Wno-error=implicit-function-declaration -Wno-error=implicit-int -Wno-error=int-conversion -Wno-error=incompatible-function-pointer-types -Wno-error=incompatible-pointer-types -Wno-error=return-type -isysroot /Applications/Xcode.app/Contents/Developer/Platforms/MacOSX.platform/Developer/SDKs/MacOSX.sdk -arch arm64 -DDEFAULT_CONFIG_PATH=\"./lib\" -DDEFAULT_LIB_PATH=\"./lib\" -DDEFAULT_DATA_PATH=\"./lib/data\" -c -o pathfind.o pathfind.c
pathfind.c:707:6: warning: variable 'check_dir' set but not used [-Wunused-but-set-variable]
  707 |         int check_dir = 0;
      |             ^
1 warning generated.
clang -Wall -std=gnu99 -O2 -I. -DUSE_GCU -DUSE_TRANSPARENCY -DHAVE_MKSTEMP -DPRIVATE_USER_PATH=\"~/Library/Preferences\" -DUSE_PRIVATE_PATHS -DALLOW_WIZARD -DNCURSES_OPAQUE=0 -Wno-error=implicit-function-declaration -Wno-error=implicit-int -Wno-error=int-conversion -Wno-error=incompatible-function-pointer-types -Wno-error=incompatible-pointer-types -Wno-error=return-type -isysroot /Applications/Xcode.app/Contents/Developer/Platforms/MacOSX.platform/Developer/SDKs/MacOSX.sdk -arch arm64 -DDEFAULT_CONFIG_PATH=\"./lib\" -DDEFAULT_LIB_PATH=\"./lib\" -DDEFAULT_DATA_PATH=\"./lib/data\" -c -o prefs.o prefs.c
prefs.c:1232:6: warning: variable 'line_no' set but not used [-Wunused-but-set-variable]
 1232 |         int line_no = 0;
      |             ^
1 warning generated.
clang -Wall -std=gnu99 -O2 -I. -DUSE_GCU -DUSE_TRANSPARENCY -DHAVE_MKSTEMP -DPRIVATE_USER_PATH=\"~/Library/Preferences\" -DUSE_PRIVATE_PATHS -DALLOW_WIZARD -DNCURSES_OPAQUE=0 -Wno-error=implicit-function-declaration -Wno-error=implicit-int -Wno-error=int-conversion -Wno-error=incompatible-function-pointer-types -Wno-error=incompatible-pointer-types -Wno-error=return-type -isysroot /Applications/Xcode.app/Contents/Developer/Platforms/MacOSX.platform/Developer/SDKs/MacOSX.sdk -arch arm64 -DDEFAULT_CONFIG_PATH=\"./lib\" -DDEFAULT_LIB_PATH=\"./lib\" -DDEFAULT_DATA_PATH=\"./lib/data\" -c -o score.o score.c
clang -Wall -std=gnu99 -O2 -I. -DUSE_GCU -DUSE_TRANSPARENCY -DHAVE_MKSTEMP -DPRIVATE_USER_PATH=\"~/Library/Preferences\" -DUSE_PRIVATE_PATHS -DALLOW_WIZARD -DNCURSES_OPAQUE=0 -Wno-error=implicit-function-declaration -Wno-error=implicit-int -Wno-error=int-conversion -Wno-error=incompatible-function-pointer-types -Wno-error=incompatible-pointer-types -Wno-error=return-type -isysroot /Applications/Xcode.app/Contents/Developer/Platforms/MacOSX.platform/Developer/SDKs/MacOSX.sdk -arch arm64 -DDEFAULT_CONFIG_PATH=\"./lib\" -DDEFAULT_LIB_PATH=\"./lib\" -DDEFAULT_DATA_PATH=\"./lib/data\" -c -o signals.o signals.c
clang -Wall -std=gnu99 -O2 -I. -DUSE_GCU -DUSE_TRANSPARENCY -DHAVE_MKSTEMP -DPRIVATE_USER_PATH=\"~/Library/Preferences\" -DUSE_PRIVATE_PATHS -DALLOW_WIZARD -DNCURSES_OPAQUE=0 -Wno-error=implicit-function-declaration -Wno-error=implicit-int -Wno-error=int-conversion -Wno-error=incompatible-function-pointer-types -Wno-error=incompatible-pointer-types -Wno-error=return-type -isysroot /Applications/Xcode.app/Contents/Developer/Platforms/MacOSX.platform/Developer/SDKs/MacOSX.sdk -arch arm64 -DDEFAULT_CONFIG_PATH=\"./lib\" -DDEFAULT_LIB_PATH=\"./lib\" -DDEFAULT_DATA_PATH=\"./lib/data\" -c -o save.o save.c
clang -Wall -std=gnu99 -O2 -I. -DUSE_GCU -DUSE_TRANSPARENCY -DHAVE_MKSTEMP -DPRIVATE_USER_PATH=\"~/Library/Preferences\" -DUSE_PRIVATE_PATHS -DALLOW_WIZARD -DNCURSES_OPAQUE=0 -Wno-error=implicit-function-declaration -Wno-error=implicit-int -Wno-error=int-conversion -Wno-error=incompatible-function-pointer-types -Wno-error=incompatible-pointer-types -Wno-error=return-type -isysroot /Applications/Xcode.app/Contents/Developer/Platforms/MacOSX.platform/Developer/SDKs/MacOSX.sdk -arch arm64 -DDEFAULT_CONFIG_PATH=\"./lib\" -DDEFAULT_LIB_PATH=\"./lib\" -DDEFAULT_DATA_PATH=\"./lib/data\" -c -o savefile.o savefile.c
savefile.c:422:34: warning: variable 'block_checksum' set but not used [-Wunused-but-set-variable]
  422 |         u32b block_version, block_size, block_checksum;
      |                                         ^
1 warning generated.
clang -Wall -std=gnu99 -O2 -I. -DUSE_GCU -DUSE_TRANSPARENCY -DHAVE_MKSTEMP -DPRIVATE_USER_PATH=\"~/Library/Preferences\" -DUSE_PRIVATE_PATHS -DALLOW_WIZARD -DNCURSES_OPAQUE=0 -Wno-error=implicit-function-declaration -Wno-error=implicit-int -Wno-error=int-conversion -Wno-error=incompatible-function-pointer-types -Wno-error=incompatible-pointer-types -Wno-error=return-type -isysroot /Applications/Xcode.app/Contents/Developer/Platforms/MacOSX.platform/Developer/SDKs/MacOSX.sdk -arch arm64 -DDEFAULT_CONFIG_PATH=\"./lib\" -DDEFAULT_LIB_PATH=\"./lib\" -DDEFAULT_DATA_PATH=\"./lib/data\" -c -o spells1.o spells1.c
spells1.c:2060:7: warning: variable 'name' set but not used [-Wunused-but-set-variable]
 2060 |         cptr name;
      |              ^
1 warning generated.
clang -Wall -std=gnu99 -O2 -I. -DUSE_GCU -DUSE_TRANSPARENCY -DHAVE_MKSTEMP -DPRIVATE_USER_PATH=\"~/Library/Preferences\" -DUSE_PRIVATE_PATHS -DALLOW_WIZARD -DNCURSES_OPAQUE=0 -Wno-error=implicit-function-declaration -Wno-error=implicit-int -Wno-error=int-conversion -Wno-error=incompatible-function-pointer-types -Wno-error=incompatible-pointer-types -Wno-error=return-type -isysroot /Applications/Xcode.app/Contents/Developer/Platforms/MacOSX.platform/Developer/SDKs/MacOSX.sdk -arch arm64 -DDEFAULT_CONFIG_PATH=\"./lib\" -DDEFAULT_LIB_PATH=\"./lib\" -DDEFAULT_DATA_PATH=\"./lib/data\" -c -o spells2.o spells2.c
clang -Wall -std=gnu99 -O2 -I. -DUSE_GCU -DUSE_TRANSPARENCY -DHAVE_MKSTEMP -DPRIVATE_USER_PATH=\"~/Library/Preferences\" -DUSE_PRIVATE_PATHS -DALLOW_WIZARD -DNCURSES_OPAQUE=0 -Wno-error=implicit-function-declaration -Wno-error=implicit-int -Wno-error=int-conversion -Wno-error=incompatible-function-pointer-types -Wno-error=incompatible-pointer-types -Wno-error=return-type -isysroot /Applications/Xcode.app/Contents/Developer/Platforms/MacOSX.platform/Developer/SDKs/MacOSX.sdk -arch arm64 -DDEFAULT_CONFIG_PATH=\"./lib\" -DDEFAULT_LIB_PATH=\"./lib\" -DDEFAULT_DATA_PATH=\"./lib/data\" -c -o squelch.o squelch.c
clang -Wall -std=gnu99 -O2 -I. -DUSE_GCU -DUSE_TRANSPARENCY -DHAVE_MKSTEMP -DPRIVATE_USER_PATH=\"~/Library/Preferences\" -DUSE_PRIVATE_PATHS -DALLOW_WIZARD -DNCURSES_OPAQUE=0 -Wno-error=implicit-function-declaration -Wno-error=implicit-int -Wno-error=int-conversion -Wno-error=incompatible-function-pointer-types -Wno-error=incompatible-pointer-types -Wno-error=return-type -isysroot /Applications/Xcode.app/Contents/Developer/Platforms/MacOSX.platform/Developer/SDKs/MacOSX.sdk -arch arm64 -DDEFAULT_CONFIG_PATH=\"./lib\" -DDEFAULT_LIB_PATH=\"./lib\" -DDEFAULT_DATA_PATH=\"./lib/data\" -c -o store.o store.c
store.c:3074:24: warning: unused variable 'store_know_menu' [-Wunused-const-variable]
 3074 | static const menu_iter store_know_menu =
      |                        ^~~~~~~~~~~~~~~
1 warning generated.
clang -Wall -std=gnu99 -O2 -I. -DUSE_GCU -DUSE_TRANSPARENCY -DHAVE_MKSTEMP -DPRIVATE_USER_PATH=\"~/Library/Preferences\" -DUSE_PRIVATE_PATHS -DALLOW_WIZARD -DNCURSES_OPAQUE=0 -Wno-error=implicit-function-declaration -Wno-error=implicit-int -Wno-error=int-conversion -Wno-error=incompatible-function-pointer-types -Wno-error=incompatible-pointer-types -Wno-error=return-type -isysroot /Applications/Xcode.app/Contents/Developer/Platforms/MacOSX.platform/Developer/SDKs/MacOSX.sdk -arch arm64 -DDEFAULT_CONFIG_PATH=\"./lib\" -DDEFAULT_LIB_PATH=\"./lib\" -DDEFAULT_DATA_PATH=\"./lib/data\" -c -o tables.o tables.c
clang -Wall -std=gnu99 -O2 -I. -DUSE_GCU -DUSE_TRANSPARENCY -DHAVE_MKSTEMP -DPRIVATE_USER_PATH=\"~/Library/Preferences\" -DUSE_PRIVATE_PATHS -DALLOW_WIZARD -DNCURSES_OPAQUE=0 -Wno-error=implicit-function-declaration -Wno-error=implicit-int -Wno-error=int-conversion -Wno-error=incompatible-function-pointer-types -Wno-error=incompatible-pointer-types -Wno-error=return-type -isysroot /Applications/Xcode.app/Contents/Developer/Platforms/MacOSX.platform/Developer/SDKs/MacOSX.sdk -arch arm64 -DDEFAULT_CONFIG_PATH=\"./lib\" -DDEFAULT_LIB_PATH=\"./lib\" -DDEFAULT_DATA_PATH=\"./lib/data\" -c -o target.o target.c
target.c:613:7: warning: variable 'floored' set but not used [-Wunused-but-set-variable]
  613 |         bool floored;
      |              ^
1 warning generated.
clang -Wall -std=gnu99 -O2 -I. -DUSE_GCU -DUSE_TRANSPARENCY -DHAVE_MKSTEMP -DPRIVATE_USER_PATH=\"~/Library/Preferences\" -DUSE_PRIVATE_PATHS -DALLOW_WIZARD -DNCURSES_OPAQUE=0 -Wno-error=implicit-function-declaration -Wno-error=implicit-int -Wno-error=int-conversion -Wno-error=incompatible-function-pointer-types -Wno-error=incompatible-pointer-types -Wno-error=return-type -isysroot /Applications/Xcode.app/Contents/Developer/Platforms/MacOSX.platform/Developer/SDKs/MacOSX.sdk -arch arm64 -DDEFAULT_CONFIG_PATH=\"./lib\" -DDEFAULT_LIB_PATH=\"./lib\" -DDEFAULT_DATA_PATH=\"./lib/data\" -c -o trap.o trap.c
clang -Wall -std=gnu99 -O2 -I. -DUSE_GCU -DUSE_TRANSPARENCY -DHAVE_MKSTEMP -DPRIVATE_USER_PATH=\"~/Library/Preferences\" -DUSE_PRIVATE_PATHS -DALLOW_WIZARD -DNCURSES_OPAQUE=0 -Wno-error=implicit-function-declaration -Wno-error=implicit-int -Wno-error=int-conversion -Wno-error=incompatible-function-pointer-types -Wno-error=incompatible-pointer-types -Wno-error=return-type -isysroot /Applications/Xcode.app/Contents/Developer/Platforms/MacOSX.platform/Developer/SDKs/MacOSX.sdk -arch arm64 -DDEFAULT_CONFIG_PATH=\"./lib\" -DDEFAULT_LIB_PATH=\"./lib\" -DDEFAULT_DATA_PATH=\"./lib/data\" -c -o ui.o ui.c
clang -Wall -std=gnu99 -O2 -I. -DUSE_GCU -DUSE_TRANSPARENCY -DHAVE_MKSTEMP -DPRIVATE_USER_PATH=\"~/Library/Preferences\" -DUSE_PRIVATE_PATHS -DALLOW_WIZARD -DNCURSES_OPAQUE=0 -Wno-error=implicit-function-declaration -Wno-error=implicit-int -Wno-error=int-conversion -Wno-error=incompatible-function-pointer-types -Wno-error=incompatible-pointer-types -Wno-error=return-type -isysroot /Applications/Xcode.app/Contents/Developer/Platforms/MacOSX.platform/Developer/SDKs/MacOSX.sdk -arch arm64 -DDEFAULT_CONFIG_PATH=\"./lib\" -DDEFAULT_LIB_PATH=\"./lib\" -DDEFAULT_DATA_PATH=\"./lib/data\" -c -o ui-birth.o ui-birth.c
clang -Wall -std=gnu99 -O2 -I. -DUSE_GCU -DUSE_TRANSPARENCY -DHAVE_MKSTEMP -DPRIVATE_USER_PATH=\"~/Library/Preferences\" -DUSE_PRIVATE_PATHS -DALLOW_WIZARD -DNCURSES_OPAQUE=0 -Wno-error=implicit-function-declaration -Wno-error=implicit-int -Wno-error=int-conversion -Wno-error=incompatible-function-pointer-types -Wno-error=incompatible-pointer-types -Wno-error=return-type -isysroot /Applications/Xcode.app/Contents/Developer/Platforms/MacOSX.platform/Developer/SDKs/MacOSX.sdk -arch arm64 -DDEFAULT_CONFIG_PATH=\"./lib\" -DDEFAULT_LIB_PATH=\"./lib\" -DDEFAULT_DATA_PATH=\"./lib/data\" -c -o ui-knowledge.o ui-knowledge.c
clang -Wall -std=gnu99 -O2 -I. -DUSE_GCU -DUSE_TRANSPARENCY -DHAVE_MKSTEMP -DPRIVATE_USER_PATH=\"~/Library/Preferences\" -DUSE_PRIVATE_PATHS -DALLOW_WIZARD -DNCURSES_OPAQUE=0 -Wno-error=implicit-function-declaration -Wno-error=implicit-int -Wno-error=int-conversion -Wno-error=incompatible-function-pointer-types -Wno-error=incompatible-pointer-types -Wno-error=return-type -isysroot /Applications/Xcode.app/Contents/Developer/Platforms/MacOSX.platform/Developer/SDKs/MacOSX.sdk -arch arm64 -DDEFAULT_CONFIG_PATH=\"./lib\" -DDEFAULT_LIB_PATH=\"./lib\" -DDEFAULT_DATA_PATH=\"./lib/data\" -c -o ui-menu.o ui-menu.c
ui-menu.c:630:8: warning: variable 'ignore' set but not used [-Wunused-but-set-variable]
  630 |                 bool ignore;
      |                      ^
1 warning generated.
clang -Wall -std=gnu99 -O2 -I. -DUSE_GCU -DUSE_TRANSPARENCY -DHAVE_MKSTEMP -DPRIVATE_USER_PATH=\"~/Library/Preferences\" -DUSE_PRIVATE_PATHS -DALLOW_WIZARD -DNCURSES_OPAQUE=0 -Wno-error=implicit-function-declaration -Wno-error=implicit-int -Wno-error=int-conversion -Wno-error=incompatible-function-pointer-types -Wno-error=incompatible-pointer-types -Wno-error=return-type -isysroot /Applications/Xcode.app/Contents/Developer/Platforms/MacOSX.platform/Developer/SDKs/MacOSX.sdk -arch arm64 -DDEFAULT_CONFIG_PATH=\"./lib\" -DDEFAULT_LIB_PATH=\"./lib\" -DDEFAULT_DATA_PATH=\"./lib/data\" -c -o ui-options.o ui-options.c
ui-options.c:1265:6: warning: variable 'cursor' set but not used [-Wunused-but-set-variable]
 1265 |         int cursor;
      |             ^
1 warning generated.
clang -Wall -std=gnu99 -O2 -I. -DUSE_GCU -DUSE_TRANSPARENCY -DHAVE_MKSTEMP -DPRIVATE_USER_PATH=\"~/Library/Preferences\" -DUSE_PRIVATE_PATHS -DALLOW_WIZARD -DNCURSES_OPAQUE=0 -Wno-error=implicit-function-declaration -Wno-error=implicit-int -Wno-error=int-conversion -Wno-error=incompatible-function-pointer-types -Wno-error=incompatible-pointer-types -Wno-error=return-type -isysroot /Applications/Xcode.app/Contents/Developer/Platforms/MacOSX.platform/Developer/SDKs/MacOSX.sdk -arch arm64 -DDEFAULT_CONFIG_PATH=\"./lib\" -DDEFAULT_LIB_PATH=\"./lib\" -DDEFAULT_DATA_PATH=\"./lib/data\" -c -o ui-spell.o ui-spell.c
clang -Wall -std=gnu99 -O2 -I. -DUSE_GCU -DUSE_TRANSPARENCY -DHAVE_MKSTEMP -DPRIVATE_USER_PATH=\"~/Library/Preferences\" -DUSE_PRIVATE_PATHS -DALLOW_WIZARD -DNCURSES_OPAQUE=0 -Wno-error=implicit-function-declaration -Wno-error=implicit-int -Wno-error=int-conversion -Wno-error=incompatible-function-pointer-types -Wno-error=incompatible-pointer-types -Wno-error=return-type -isysroot /Applications/Xcode.app/Contents/Developer/Platforms/MacOSX.platform/Developer/SDKs/MacOSX.sdk -arch arm64 -DDEFAULT_CONFIG_PATH=\"./lib\" -DDEFAULT_LIB_PATH=\"./lib\" -DDEFAULT_DATA_PATH=\"./lib/data\" -c -o util.o util.c
util.c:692:7: warning: variable 'ch' set but not used [-Wunused-but-set-variable]
  692 |         char ch;
      |              ^
1 warning generated.
clang -Wall -std=gnu99 -O2 -I. -DUSE_GCU -DUSE_TRANSPARENCY -DHAVE_MKSTEMP -DPRIVATE_USER_PATH=\"~/Library/Preferences\" -DUSE_PRIVATE_PATHS -DALLOW_WIZARD -DNCURSES_OPAQUE=0 -Wno-error=implicit-function-declaration -Wno-error=implicit-int -Wno-error=int-conversion -Wno-error=incompatible-function-pointer-types -Wno-error=incompatible-pointer-types -Wno-error=return-type -isysroot /Applications/Xcode.app/Contents/Developer/Platforms/MacOSX.platform/Developer/SDKs/MacOSX.sdk -arch arm64 -DDEFAULT_CONFIG_PATH=\"./lib\" -DDEFAULT_LIB_PATH=\"./lib\" -DDEFAULT_DATA_PATH=\"./lib/data\" -c -o variable.o variable.c
clang -Wall -std=gnu99 -O2 -I. -DUSE_GCU -DUSE_TRANSPARENCY -DHAVE_MKSTEMP -DPRIVATE_USER_PATH=\"~/Library/Preferences\" -DUSE_PRIVATE_PATHS -DALLOW_WIZARD -DNCURSES_OPAQUE=0 -Wno-error=implicit-function-declaration -Wno-error=implicit-int -Wno-error=int-conversion -Wno-error=incompatible-function-pointer-types -Wno-error=incompatible-pointer-types -Wno-error=return-type -isysroot /Applications/Xcode.app/Contents/Developer/Platforms/MacOSX.platform/Developer/SDKs/MacOSX.sdk -arch arm64 -DDEFAULT_CONFIG_PATH=\"./lib\" -DDEFAULT_LIB_PATH=\"./lib\" -DDEFAULT_DATA_PATH=\"./lib/data\" -c -o wiz-spoil.o wiz-spoil.c
clang -Wall -std=gnu99 -O2 -I. -DUSE_GCU -DUSE_TRANSPARENCY -DHAVE_MKSTEMP -DPRIVATE_USER_PATH=\"~/Library/Preferences\" -DUSE_PRIVATE_PATHS -DALLOW_WIZARD -DNCURSES_OPAQUE=0 -Wno-error=implicit-function-declaration -Wno-error=implicit-int -Wno-error=int-conversion -Wno-error=incompatible-function-pointer-types -Wno-error=incompatible-pointer-types -Wno-error=return-type -isysroot /Applications/Xcode.app/Contents/Developer/Platforms/MacOSX.platform/Developer/SDKs/MacOSX.sdk -arch arm64 -DDEFAULT_CONFIG_PATH=\"./lib\" -DDEFAULT_LIB_PATH=\"./lib\" -DDEFAULT_DATA_PATH=\"./lib/data\" -c -o wiz-stats.o wiz-stats.c
clang -Wall -std=gnu99 -O2 -I. -DUSE_GCU -DUSE_TRANSPARENCY -DHAVE_MKSTEMP -DPRIVATE_USER_PATH=\"~/Library/Preferences\" -DUSE_PRIVATE_PATHS -DALLOW_WIZARD -DNCURSES_OPAQUE=0 -Wno-error=implicit-function-declaration -Wno-error=implicit-int -Wno-error=int-conversion -Wno-error=incompatible-function-pointer-types -Wno-error=incompatible-pointer-types -Wno-error=return-type -isysroot /Applications/Xcode.app/Contents/Developer/Platforms/MacOSX.platform/Developer/SDKs/MacOSX.sdk -arch arm64 -DDEFAULT_CONFIG_PATH=\"./lib\" -DDEFAULT_LIB_PATH=\"./lib\" -DDEFAULT_DATA_PATH=\"./lib/data\" -c -o wizard.o wizard.c
clang -Wall -std=gnu99 -O2 -I. -DUSE_GCU -DUSE_TRANSPARENCY -DHAVE_MKSTEMP -DPRIVATE_USER_PATH=\"~/Library/Preferences\" -DUSE_PRIVATE_PATHS -DALLOW_WIZARD -DNCURSES_OPAQUE=0 -Wno-error=implicit-function-declaration -Wno-error=implicit-int -Wno-error=int-conversion -Wno-error=incompatible-function-pointer-types -Wno-error=incompatible-pointer-types -Wno-error=return-type -isysroot /Applications/Xcode.app/Contents/Developer/Platforms/MacOSX.platform/Developer/SDKs/MacOSX.sdk -arch arm64 -DDEFAULT_CONFIG_PATH=\"./lib\" -DDEFAULT_LIB_PATH=\"./lib\" -DDEFAULT_DATA_PATH=\"./lib/data\" -c -o x-char.o x-char.c
clang -Wall -std=gnu99 -O2 -I. -DUSE_GCU -DUSE_TRANSPARENCY -DHAVE_MKSTEMP -DPRIVATE_USER_PATH=\"~/Library/Preferences\" -DUSE_PRIVATE_PATHS -DALLOW_WIZARD -DNCURSES_OPAQUE=0 -Wno-error=implicit-function-declaration -Wno-error=implicit-int -Wno-error=int-conversion -Wno-error=incompatible-function-pointer-types -Wno-error=incompatible-pointer-types -Wno-error=return-type -isysroot /Applications/Xcode.app/Contents/Developer/Platforms/MacOSX.platform/Developer/SDKs/MacOSX.sdk -arch arm64 -DDEFAULT_CONFIG_PATH=\"./lib\" -DDEFAULT_LIB_PATH=\"./lib\" -DDEFAULT_DATA_PATH=\"./lib/data\" -c -o x-spell.o x-spell.c
clang -Wall -std=gnu99 -O2 -I. -DUSE_GCU -DUSE_TRANSPARENCY -DHAVE_MKSTEMP -DPRIVATE_USER_PATH=\"~/Library/Preferences\" -DUSE_PRIVATE_PATHS -DALLOW_WIZARD -DNCURSES_OPAQUE=0 -Wno-error=implicit-function-declaration -Wno-error=implicit-int -Wno-error=int-conversion -Wno-error=incompatible-function-pointer-types -Wno-error=incompatible-pointer-types -Wno-error=return-type -isysroot /Applications/Xcode.app/Contents/Developer/Platforms/MacOSX.platform/Developer/SDKs/MacOSX.sdk -arch arm64 -DDEFAULT_CONFIG_PATH=\"./lib\" -DDEFAULT_LIB_PATH=\"./lib\" -DDEFAULT_DATA_PATH=\"./lib/data\" -c -o xtra2.o xtra2.c
xtra2.c:133:7: warning: call to undeclared function 'show_file'; ISO C99 and later do not support implicit function declarations [-Wimplicit-function-declaration]
  133 |                                                 show_file(buf, NULL, 0, 0);
      |                                                 ^
1 warning generated.
clang -Wall -std=gnu99 -O2 -I. -DUSE_GCU -DUSE_TRANSPARENCY -DHAVE_MKSTEMP -DPRIVATE_USER_PATH=\"~/Library/Preferences\" -DUSE_PRIVATE_PATHS -DALLOW_WIZARD -DNCURSES_OPAQUE=0 -Wno-error=implicit-function-declaration -Wno-error=implicit-int -Wno-error=int-conversion -Wno-error=incompatible-function-pointer-types -Wno-error=incompatible-pointer-types -Wno-error=return-type -isysroot /Applications/Xcode.app/Contents/Developer/Platforms/MacOSX.platform/Developer/SDKs/MacOSX.sdk -arch arm64 -DDEFAULT_CONFIG_PATH=\"./lib\" -DDEFAULT_LIB_PATH=\"./lib\" -DDEFAULT_DATA_PATH=\"./lib/data\" -c -o xtra3.o xtra3.c
clang -Wall -std=gnu99 -O2 -I. -DUSE_GCU -DUSE_TRANSPARENCY -DHAVE_MKSTEMP -DPRIVATE_USER_PATH=\"~/Library/Preferences\" -DUSE_PRIVATE_PATHS -DALLOW_WIZARD -DNCURSES_OPAQUE=0 -Wno-error=implicit-function-declaration -Wno-error=implicit-int -Wno-error=int-conversion -Wno-error=incompatible-function-pointer-types -Wno-error=incompatible-pointer-types -Wno-error=return-type -isysroot /Applications/Xcode.app/Contents/Developer/Platforms/MacOSX.platform/Developer/SDKs/MacOSX.sdk -arch arm64 -DDEFAULT_CONFIG_PATH=\"./lib\" -DDEFAULT_LIB_PATH=\"./lib\" -DDEFAULT_DATA_PATH=\"./lib/data\" -c -o z-bitflag.o z-bitflag.c
clang -Wall -std=gnu99 -O2 -I. -DUSE_GCU -DUSE_TRANSPARENCY -DHAVE_MKSTEMP -DPRIVATE_USER_PATH=\"~/Library/Preferences\" -DUSE_PRIVATE_PATHS -DALLOW_WIZARD -DNCURSES_OPAQUE=0 -Wno-error=implicit-function-declaration -Wno-error=implicit-int -Wno-error=int-conversion -Wno-error=incompatible-function-pointer-types -Wno-error=incompatible-pointer-types -Wno-error=return-type -isysroot /Applications/Xcode.app/Contents/Developer/Platforms/MacOSX.platform/Developer/SDKs/MacOSX.sdk -arch arm64 -DDEFAULT_CONFIG_PATH=\"./lib\" -DDEFAULT_LIB_PATH=\"./lib\" -DDEFAULT_DATA_PATH=\"./lib/data\" -c -o z-file.o z-file.c
clang -Wall -std=gnu99 -O2 -I. -DUSE_GCU -DUSE_TRANSPARENCY -DHAVE_MKSTEMP -DPRIVATE_USER_PATH=\"~/Library/Preferences\" -DUSE_PRIVATE_PATHS -DALLOW_WIZARD -DNCURSES_OPAQUE=0 -Wno-error=implicit-function-declaration -Wno-error=implicit-int -Wno-error=int-conversion -Wno-error=incompatible-function-pointer-types -Wno-error=incompatible-pointer-types -Wno-error=return-type -isysroot /Applications/Xcode.app/Contents/Developer/Platforms/MacOSX.platform/Developer/SDKs/MacOSX.sdk -arch arm64 -DDEFAULT_CONFIG_PATH=\"./lib\" -DDEFAULT_LIB_PATH=\"./lib\" -DDEFAULT_DATA_PATH=\"./lib/data\" -c -o z-form.o z-form.c
clang -Wall -std=gnu99 -O2 -I. -DUSE_GCU -DUSE_TRANSPARENCY -DHAVE_MKSTEMP -DPRIVATE_USER_PATH=\"~/Library/Preferences\" -DUSE_PRIVATE_PATHS -DALLOW_WIZARD -DNCURSES_OPAQUE=0 -Wno-error=implicit-function-declaration -Wno-error=implicit-int -Wno-error=int-conversion -Wno-error=incompatible-function-pointer-types -Wno-error=incompatible-pointer-types -Wno-error=return-type -isysroot /Applications/Xcode.app/Contents/Developer/Platforms/MacOSX.platform/Developer/SDKs/MacOSX.sdk -arch arm64 -DDEFAULT_CONFIG_PATH=\"./lib\" -DDEFAULT_LIB_PATH=\"./lib\" -DDEFAULT_DATA_PATH=\"./lib/data\" -c -o z-msg.o z-msg.c
clang -Wall -std=gnu99 -O2 -I. -DUSE_GCU -DUSE_TRANSPARENCY -DHAVE_MKSTEMP -DPRIVATE_USER_PATH=\"~/Library/Preferences\" -DUSE_PRIVATE_PATHS -DALLOW_WIZARD -DNCURSES_OPAQUE=0 -Wno-error=implicit-function-declaration -Wno-error=implicit-int -Wno-error=int-conversion -Wno-error=incompatible-function-pointer-types -Wno-error=incompatible-pointer-types -Wno-error=return-type -isysroot /Applications/Xcode.app/Contents/Developer/Platforms/MacOSX.platform/Developer/SDKs/MacOSX.sdk -arch arm64 -DDEFAULT_CONFIG_PATH=\"./lib\" -DDEFAULT_LIB_PATH=\"./lib\" -DDEFAULT_DATA_PATH=\"./lib/data\" -c -o z-quark.o z-quark.c
clang -Wall -std=gnu99 -O2 -I. -DUSE_GCU -DUSE_TRANSPARENCY -DHAVE_MKSTEMP -DPRIVATE_USER_PATH=\"~/Library/Preferences\" -DUSE_PRIVATE_PATHS -DALLOW_WIZARD -DNCURSES_OPAQUE=0 -Wno-error=implicit-function-declaration -Wno-error=implicit-int -Wno-error=int-conversion -Wno-error=incompatible-function-pointer-types -Wno-error=incompatible-pointer-types -Wno-error=return-type -isysroot /Applications/Xcode.app/Contents/Developer/Platforms/MacOSX.platform/Developer/SDKs/MacOSX.sdk -arch arm64 -DDEFAULT_CONFIG_PATH=\"./lib\" -DDEFAULT_LIB_PATH=\"./lib\" -DDEFAULT_DATA_PATH=\"./lib/data\" -c -o z-rand.o z-rand.c
clang -Wall -std=gnu99 -O2 -I. -DUSE_GCU -DUSE_TRANSPARENCY -DHAVE_MKSTEMP -DPRIVATE_USER_PATH=\"~/Library/Preferences\" -DUSE_PRIVATE_PATHS -DALLOW_WIZARD -DNCURSES_OPAQUE=0 -Wno-error=implicit-function-declaration -Wno-error=implicit-int -Wno-error=int-conversion -Wno-error=incompatible-function-pointer-types -Wno-error=incompatible-pointer-types -Wno-error=return-type -isysroot /Applications/Xcode.app/Contents/Developer/Platforms/MacOSX.platform/Developer/SDKs/MacOSX.sdk -arch arm64 -DDEFAULT_CONFIG_PATH=\"./lib\" -DDEFAULT_LIB_PATH=\"./lib\" -DDEFAULT_DATA_PATH=\"./lib/data\" -c -o z-term.o z-term.c
clang -Wall -std=gnu99 -O2 -I. -DUSE_GCU -DUSE_TRANSPARENCY -DHAVE_MKSTEMP -DPRIVATE_USER_PATH=\"~/Library/Preferences\" -DUSE_PRIVATE_PATHS -DALLOW_WIZARD -DNCURSES_OPAQUE=0 -Wno-error=implicit-function-declaration -Wno-error=implicit-int -Wno-error=int-conversion -Wno-error=incompatible-function-pointer-types -Wno-error=incompatible-pointer-types -Wno-error=return-type -isysroot /Applications/Xcode.app/Contents/Developer/Platforms/MacOSX.platform/Developer/SDKs/MacOSX.sdk -arch arm64 -DDEFAULT_CONFIG_PATH=\"./lib\" -DDEFAULT_LIB_PATH=\"./lib\" -DDEFAULT_DATA_PATH=\"./lib/data\" -c -o z-type.o z-type.c
clang -Wall -std=gnu99 -O2 -I. -DUSE_GCU -DUSE_TRANSPARENCY -DHAVE_MKSTEMP -DPRIVATE_USER_PATH=\"~/Library/Preferences\" -DUSE_PRIVATE_PATHS -DALLOW_WIZARD -DNCURSES_OPAQUE=0 -Wno-error=implicit-function-declaration -Wno-error=implicit-int -Wno-error=int-conversion -Wno-error=incompatible-function-pointer-types -Wno-error=incompatible-pointer-types -Wno-error=return-type -isysroot /Applications/Xcode.app/Contents/Developer/Platforms/MacOSX.platform/Developer/SDKs/MacOSX.sdk -arch arm64 -DDEFAULT_CONFIG_PATH=\"./lib\" -DDEFAULT_LIB_PATH=\"./lib\" -DDEFAULT_DATA_PATH=\"./lib/data\" -c -o z-util.o z-util.c
clang -Wall -std=gnu99 -O2 -I. -DUSE_GCU -DUSE_TRANSPARENCY -DHAVE_MKSTEMP -DPRIVATE_USER_PATH=\"~/Library/Preferences\" -DUSE_PRIVATE_PATHS -DALLOW_WIZARD -DNCURSES_OPAQUE=0 -Wno-error=implicit-function-declaration -Wno-error=implicit-int -Wno-error=int-conversion -Wno-error=incompatible-function-pointer-types -Wno-error=incompatible-pointer-types -Wno-error=return-type -isysroot /Applications/Xcode.app/Contents/Developer/Platforms/MacOSX.platform/Developer/SDKs/MacOSX.sdk -arch arm64 -DDEFAULT_CONFIG_PATH=\"./lib\" -DDEFAULT_LIB_PATH=\"./lib\" -DDEFAULT_DATA_PATH=\"./lib/data\" -c -o z-virt.o z-virt.c
clang -Wall -std=gnu99 -O2 -I. -DUSE_GCU -DUSE_TRANSPARENCY -DHAVE_MKSTEMP -DPRIVATE_USER_PATH=\"~/Library/Preferences\" -DUSE_PRIVATE_PATHS -DALLOW_WIZARD -DNCURSES_OPAQUE=0 -Wno-error=implicit-function-declaration -Wno-error=implicit-int -Wno-error=int-conversion -Wno-error=incompatible-function-pointer-types -Wno-error=incompatible-pointer-types -Wno-error=return-type -isysroot /Applications/Xcode.app/Contents/Developer/Platforms/MacOSX.platform/Developer/SDKs/MacOSX.sdk -arch arm64 -DDEFAULT_CONFIG_PATH=\"./lib\" -DDEFAULT_LIB_PATH=\"./lib\" -DDEFAULT_DATA_PATH=\"./lib/data\" -c -o z-textblock.o z-textblock.c
clang -Wall -std=gnu99 -O2 -I. -DUSE_GCU -DUSE_TRANSPARENCY -DHAVE_MKSTEMP -DPRIVATE_USER_PATH=\"~/Library/Preferences\" -DUSE_PRIVATE_PATHS -DALLOW_WIZARD -DNCURSES_OPAQUE=0 -Wno-error=implicit-function-declaration -Wno-error=implicit-int -Wno-error=int-conversion -Wno-error=incompatible-function-pointer-types -Wno-error=incompatible-pointer-types -Wno-error=return-type -isysroot /Applications/Xcode.app/Contents/Developer/Platforms/MacOSX.platform/Developer/SDKs/MacOSX.sdk -arch arm64 -DDEFAULT_CONFIG_PATH=\"./lib\" -DDEFAULT_LIB_PATH=\"./lib\" -DDEFAULT_DATA_PATH=\"./lib/data\" -c -o main.o main.c
clang -Wall -std=gnu99 -O2 -I. -DUSE_GCU -DUSE_TRANSPARENCY -DHAVE_MKSTEMP -DPRIVATE_USER_PATH=\"~/Library/Preferences\" -DUSE_PRIVATE_PATHS -DALLOW_WIZARD -DNCURSES_OPAQUE=0 -Wno-error=implicit-function-declaration -Wno-error=implicit-int -Wno-error=int-conversion -Wno-error=incompatible-function-pointer-types -Wno-error=incompatible-pointer-types -Wno-error=return-type -isysroot /Applications/Xcode.app/Contents/Developer/Platforms/MacOSX.platform/Developer/SDKs/MacOSX.sdk -arch arm64 -DDEFAULT_CONFIG_PATH=\"./lib\" -DDEFAULT_LIB_PATH=\"./lib\" -DDEFAULT_DATA_PATH=\"./lib/data\" -c -o main-gcu.o main-gcu.c
clang -Wall -std=gnu99 -O2 -I. -DUSE_GCU -DUSE_TRANSPARENCY -DHAVE_MKSTEMP -DPRIVATE_USER_PATH=\"~/Library/Preferences\" -DUSE_PRIVATE_PATHS -DALLOW_WIZARD -DNCURSES_OPAQUE=0 -Wno-error=implicit-function-declaration -Wno-error=implicit-int -Wno-error=int-conversion -Wno-error=incompatible-function-pointer-types -Wno-error=incompatible-pointer-types -Wno-error=return-type -isysroot /Applications/Xcode.app/Contents/Developer/Platforms/MacOSX.platform/Developer/SDKs/MacOSX.sdk -arch arm64 -DDEFAULT_CONFIG_PATH=\"./lib\" -DDEFAULT_LIB_PATH=\"./lib\" -DDEFAULT_DATA_PATH=\"./lib/data\" -Wl,-syslibroot,/Applications/Xcode.app/Contents/Developer/Platforms/MacOSX.platform/Developer/SDKs/MacOSX.sdk -arch arm64 -o reposband attack.o birth.o button.o cave.o cmd0.o cmd1.o cmd2.o cmd3.o cmd4.o cmd-misc.o cmd-obj.o death.o debug.o dungeon.o effects.o files.o game-cmd.o game-event.o generate.o history.o init2.o load.o macro.o monster/melee1.o monster/melee2.o monster/monster1.o monster/monster2.o object/identify.o object/obj-desc.o object/obj-info.o object/obj-make.o object/obj-power.o object/obj-ui.o object/obj-util.o object/randart.o option.o parser.o randname.o pathfind.o prefs.o player/calcs.o player/player.o player/spell.o player/timed.o player/util.o score.o signals.o save.o savefile.o spells1.o spells2.o squelch.o store.o tables.o target.o trap.o ui.o ui-birth.o ui-knowledge.o ui-menu.o ui-options.o ui-spell.o util.o variable.o wiz-spoil.o wiz-stats.o wizard.o x-char.o x-spell.o xtra2.o xtra3.o z-bitflag.o z-file.o z-form.o z-msg.o z-quark.o z-rand.o z-term.o z-type.o z-util.o z-virt.o z-textblock.o main.o main-gcu.o -lncurses
Installing terminal version...
Terminal version installed as ../reposband-terminal
Run with: ./reposband-terminal
