clang -Wall -std=gnu99 -O2 -I. -DUSE_GCU -DUSE_TRANSPARENCY -DHAVE_MKSTEMP -DPRIVATE_USER_PATH=\"~/Library/Preferences\" -DUSE_PRIVATE_PATHS -DALLOW_WIZARD -DNCURSES_OPAQUE=0 -Wno-error=implicit-function-declaration -Wno-error=implicit-int -Wno-error=int-conversion -Wno-error=incompatible-function-pointer-types -Wno-error=incompatible-pointer-types -Wno-error=return-type -isysroot /Applications/Xcode.app/Contents/Developer/Platforms/MacOSX.platform/Developer/SDKs/MacOSX.sdk -arch arm64 -c -o birth.o birth.c
In file included from birth.c:11:
In file included from ./angband.h:17:
In file included from ./h-basic.h:16:
./h-system.h:115:14: warning: a function declaration without a prototype is deprecated in all versions of C and is treated as a zero-parameter prototype in C2x, conflicting with a previous declaration [-Wdeprecated-non-prototype]
  115 | extern char *strstr();
      |              ^
./h-system.h:118:14: warning: a function declaration without a prototype is deprecated in all versions of C and is treated as a zero-parameter prototype in C2x, conflicting with a previous declaration [-Wdeprecated-non-prototype]
  118 | extern char *strchr();
      |              ^
./h-system.h:121:14: warning: a function declaration without a prototype is deprecated in all versions of C and is treated as a zero-parameter prototype in C2x, conflicting with a previous declaration [-Wdeprecated-non-prototype]
  121 | extern char *strrchr();
      |              ^
./h-system.h:134:13: warning: a function declaration without a prototype is deprecated in all versions of C and is treated as a zero-parameter prototype in C2x, conflicting with a previous declaration [-Wdeprecated-non-prototype]
  134 | extern long atol();
      |             ^
/Applications/Xcode.app/Contents/Developer/Platforms/MacOSX.platform/Developer/SDKs/MacOSX.sdk/usr/include/_stdlib.h:132:7: note: conflicting prototype is here
  132 | long     atol(const char *);
      |          ^
4 warnings generated.
clang -Wall -std=gnu99 -O2 -I. -DUSE_GCU -DUSE_TRANSPARENCY -DHAVE_MKSTEMP -DPRIVATE_USER_PATH=\"~/Library/Preferences\" -DUSE_PRIVATE_PATHS -DALLOW_WIZARD -DNCURSES_OPAQUE=0 -Wno-error=implicit-function-declaration -Wno-error=implicit-int -Wno-error=int-conversion -Wno-error=incompatible-function-pointer-types -Wno-error=incompatible-pointer-types -Wno-error=return-type -isysroot /Applications/Xcode.app/Contents/Developer/Platforms/MacOSX.platform/Developer/SDKs/MacOSX.sdk -arch arm64 -c -o cave.o cave.c
In file included from cave.c:11:
In file included from ./angband.h:17:
In file included from ./h-basic.h:16:
./h-system.h:115:14: warning: a function declaration without a prototype is deprecated in all versions of C and is treated as a zero-parameter prototype in C2x, conflicting with a previous declaration [-Wdeprecated-non-prototype]
  115 | extern char *strstr();
      |              ^
./h-system.h:118:14: warning: a function declaration without a prototype is deprecated in all versions of C and is treated as a zero-parameter prototype in C2x, conflicting with a previous declaration [-Wdeprecated-non-prototype]
  118 | extern char *strchr();
      |              ^
./h-system.h:121:14: warning: a function declaration without a prototype is deprecated in all versions of C and is treated as a zero-parameter prototype in C2x, conflicting with a previous declaration [-Wdeprecated-non-prototype]
  121 | extern char *strrchr();
      |              ^
./h-system.h:134:13: warning: a function declaration without a prototype is deprecated in all versions of C and is treated as a zero-parameter prototype in C2x, conflicting with a previous declaration [-Wdeprecated-non-prototype]
  134 | extern long atol();
      |             ^
/Applications/Xcode.app/Contents/Developer/Platforms/MacOSX.platform/Developer/SDKs/MacOSX.sdk/usr/include/_stdlib.h:132:7: note: conflicting prototype is here
  132 | long     atol(const char *);
      |          ^
cave.c:1041:27: warning: array subscript is of type 'char' [-Wchar-subscripts]
 1041 |                   f_ptr = &f_info[c_byte];
      |                                  ^~~~~~~
cave.c:2406:15: warning: variable 'p' set but not used [-Wunused-but-set-variable]
 2406 |                 vinfo_type *p;
      |                             ^
cave.c:3839:4: warning: explicitly assigning value of variable of type 'int' to itself [-Wself-assign]
 3839 |         m = m;
      |         ~ ^ ~
7 warnings generated.
clang -Wall -std=gnu99 -O2 -I. -DUSE_GCU -DUSE_TRANSPARENCY -DHAVE_MKSTEMP -DPRIVATE_USER_PATH=\"~/Library/Preferences\" -DUSE_PRIVATE_PATHS -DALLOW_WIZARD -DNCURSES_OPAQUE=0 -Wno-error=implicit-function-declaration -Wno-error=implicit-int -Wno-error=int-conversion -Wno-error=incompatible-function-pointer-types -Wno-error=incompatible-pointer-types -Wno-error=return-type -isysroot /Applications/Xcode.app/Contents/Developer/Platforms/MacOSX.platform/Developer/SDKs/MacOSX.sdk -arch arm64 -c -o dungeon.o dungeon.c
In file included from dungeon.c:11:
In file included from ./angband.h:17:
In file included from ./h-basic.h:16:
./h-system.h:115:14: warning: a function declaration without a prototype is deprecated in all versions of C and is treated as a zero-parameter prototype in C2x, conflicting with a previous declaration [-Wdeprecated-non-prototype]
  115 | extern char *strstr();
      |              ^
./h-system.h:118:14: warning: a function declaration without a prototype is deprecated in all versions of C and is treated as a zero-parameter prototype in C2x, conflicting with a previous declaration [-Wdeprecated-non-prototype]
  118 | extern char *strchr();
      |              ^
./h-system.h:121:14: warning: a function declaration without a prototype is deprecated in all versions of C and is treated as a zero-parameter prototype in C2x, conflicting with a previous declaration [-Wdeprecated-non-prototype]
  121 | extern char *strrchr();
      |              ^
./h-system.h:134:13: warning: a function declaration without a prototype is deprecated in all versions of C and is treated as a zero-parameter prototype in C2x, conflicting with a previous declaration [-Wdeprecated-non-prototype]
  134 | extern long atol();
      |             ^
/Applications/Xcode.app/Contents/Developer/Platforms/MacOSX.platform/Developer/SDKs/MacOSX.sdk/usr/include/_stdlib.h:132:7: note: conflicting prototype is here
  132 | long     atol(const char *);
      |          ^
dungeon.c:1313:6: warning: variable 'num' set but not used [-Wunused-but-set-variable]
 1313 |         int num = 0;
      |             ^
dungeon.c:2874:7: warning: variable 'cheat_death' set but not used [-Wunused-but-set-variable]
 2874 |         bool cheat_death=FALSE;
      |              ^
6 warnings generated.
clang -Wall -std=gnu99 -O2 -I. -DUSE_GCU -DUSE_TRANSPARENCY -DHAVE_MKSTEMP -DPRIVATE_USER_PATH=\"~/Library/Preferences\" -DUSE_PRIVATE_PATHS -DALLOW_WIZARD -DNCURSES_OPAQUE=0 -Wno-error=implicit-function-declaration -Wno-error=implicit-int -Wno-error=int-conversion -Wno-error=incompatible-function-pointer-types -Wno-error=incompatible-pointer-types -Wno-error=return-type -isysroot /Applications/Xcode.app/Contents/Developer/Platforms/MacOSX.platform/Developer/SDKs/MacOSX.sdk -arch arm64 -c -o files.o files.c
In file included from files.c:11:
In file included from ./angband.h:17:
In file included from ./h-basic.h:16:
./h-system.h:115:14: warning: a function declaration without a prototype is deprecated in all versions of C and is treated as a zero-parameter prototype in C2x, conflicting with a previous declaration [-Wdeprecated-non-prototype]
  115 | extern char *strstr();
      |              ^
./h-system.h:118:14: warning: a function declaration without a prototype is deprecated in all versions of C and is treated as a zero-parameter prototype in C2x, conflicting with a previous declaration [-Wdeprecated-non-prototype]
  118 | extern char *strchr();
      |              ^
./h-system.h:121:14: warning: a function declaration without a prototype is deprecated in all versions of C and is treated as a zero-parameter prototype in C2x, conflicting with a previous declaration [-Wdeprecated-non-prototype]
  121 | extern char *strrchr();
      |              ^
./h-system.h:134:13: warning: a function declaration without a prototype is deprecated in all versions of C and is treated as a zero-parameter prototype in C2x, conflicting with a previous declaration [-Wdeprecated-non-prototype]
  134 | extern long atol();
      |             ^
/Applications/Xcode.app/Contents/Developer/Platforms/MacOSX.platform/Developer/SDKs/MacOSX.sdk/usr/include/_stdlib.h:132:7: note: conflicting prototype is here
  132 | long     atol(const char *);
      |          ^
4 warnings generated.
clang -Wall -std=gnu99 -O2 -I. -DUSE_GCU -DUSE_TRANSPARENCY -DHAVE_MKSTEMP -DPRIVATE_USER_PATH=\"~/Library/Preferences\" -DUSE_PRIVATE_PATHS -DALLOW_WIZARD -DNCURSES_OPAQUE=0 -Wno-error=implicit-function-declaration -Wno-error=implicit-int -Wno-error=int-conversion -Wno-error=incompatible-function-pointer-types -Wno-error=incompatible-pointer-types -Wno-error=return-type -isysroot /Applications/Xcode.app/Contents/Developer/Platforms/MacOSX.platform/Developer/SDKs/MacOSX.sdk -arch arm64 -c -o generate.o generate.c
In file included from generate.c:11:
In file included from ./angband.h:17:
In file included from ./h-basic.h:16:
./h-system.h:115:14: warning: a function declaration without a prototype is deprecated in all versions of C and is treated as a zero-parameter prototype in C2x, conflicting with a previous declaration [-Wdeprecated-non-prototype]
  115 | extern char *strstr();
      |              ^
./h-system.h:118:14: warning: a function declaration without a prototype is deprecated in all versions of C and is treated as a zero-parameter prototype in C2x, conflicting with a previous declaration [-Wdeprecated-non-prototype]
  118 | extern char *strchr();
      |              ^
./h-system.h:121:14: warning: a function declaration without a prototype is deprecated in all versions of C and is treated as a zero-parameter prototype in C2x, conflicting with a previous declaration [-Wdeprecated-non-prototype]
  121 | extern char *strrchr();
      |              ^
./h-system.h:134:13: warning: a function declaration without a prototype is deprecated in all versions of C and is treated as a zero-parameter prototype in C2x, conflicting with a previous declaration [-Wdeprecated-non-prototype]
  134 | extern long atol();
      |             ^
/Applications/Xcode.app/Contents/Developer/Platforms/MacOSX.platform/Developer/SDKs/MacOSX.sdk/usr/include/_stdlib.h:132:7: note: conflicting prototype is here
  132 | long     atol(const char *);
      |          ^
4 warnings generated.
clang -Wall -std=gnu99 -O2 -I. -DUSE_GCU -DUSE_TRANSPARENCY -DHAVE_MKSTEMP -DPRIVATE_USER_PATH=\"~/Library/Preferences\" -DUSE_PRIVATE_PATHS -DALLOW_WIZARD -DNCURSES_OPAQUE=0 -Wno-error=implicit-function-declaration -Wno-error=implicit-int -Wno-error=int-conversion -Wno-error=incompatible-function-pointer-types -Wno-error=incompatible-pointer-types -Wno-error=return-type -isysroot /Applications/Xcode.app/Contents/Developer/Platforms/MacOSX.platform/Developer/SDKs/MacOSX.sdk -arch arm64 -c -o init1.o init1.c
In file included from init1.c:11:
In file included from ./angband.h:17:
In file included from ./h-basic.h:16:
./h-system.h:115:14: warning: a function declaration without a prototype is deprecated in all versions of C and is treated as a zero-parameter prototype in C2x, conflicting with a previous declaration [-Wdeprecated-non-prototype]
  115 | extern char *strstr();
      |              ^
./h-system.h:118:14: warning: a function declaration without a prototype is deprecated in all versions of C and is treated as a zero-parameter prototype in C2x, conflicting with a previous declaration [-Wdeprecated-non-prototype]
  118 | extern char *strchr();
      |              ^
./h-system.h:121:14: warning: a function declaration without a prototype is deprecated in all versions of C and is treated as a zero-parameter prototype in C2x, conflicting with a previous declaration [-Wdeprecated-non-prototype]
  121 | extern char *strrchr();
      |              ^
./h-system.h:134:13: warning: a function declaration without a prototype is deprecated in all versions of C and is treated as a zero-parameter prototype in C2x, conflicting with a previous declaration [-Wdeprecated-non-prototype]
  134 | extern long atol();
      |             ^
/Applications/Xcode.app/Contents/Developer/Platforms/MacOSX.platform/Developer/SDKs/MacOSX.sdk/usr/include/_stdlib.h:132:7: note: conflicting prototype is here
  132 | long     atol(const char *);
      |          ^
4 warnings generated.
clang -Wall -std=gnu99 -O2 -I. -DUSE_GCU -DUSE_TRANSPARENCY -DHAVE_MKSTEMP -DPRIVATE_USER_PATH=\"~/Library/Preferences\" -DUSE_PRIVATE_PATHS -DALLOW_WIZARD -DNCURSES_OPAQUE=0 -Wno-error=implicit-function-declaration -Wno-error=implicit-int -Wno-error=int-conversion -Wno-error=incompatible-function-pointer-types -Wno-error=incompatible-pointer-types -Wno-error=return-type -isysroot /Applications/Xcode.app/Contents/Developer/Platforms/MacOSX.platform/Developer/SDKs/MacOSX.sdk -arch arm64 -c -o init2.o init2.c
In file included from init2.c:12:
In file included from ./angband.h:17:
In file included from ./h-basic.h:16:
./h-system.h:115:14: warning: a function declaration without a prototype is deprecated in all versions of C and is treated as a zero-parameter prototype in C2x, conflicting with a previous declaration [-Wdeprecated-non-prototype]
  115 | extern char *strstr();
      |              ^
./h-system.h:118:14: warning: a function declaration without a prototype is deprecated in all versions of C and is treated as a zero-parameter prototype in C2x, conflicting with a previous declaration [-Wdeprecated-non-prototype]
  118 | extern char *strchr();
      |              ^
./h-system.h:121:14: warning: a function declaration without a prototype is deprecated in all versions of C and is treated as a zero-parameter prototype in C2x, conflicting with a previous declaration [-Wdeprecated-non-prototype]
  121 | extern char *strrchr();
      |              ^
./h-system.h:134:13: warning: a function declaration without a prototype is deprecated in all versions of C and is treated as a zero-parameter prototype in C2x, conflicting with a previous declaration [-Wdeprecated-non-prototype]
  134 | extern long atol();
      |             ^
/Applications/Xcode.app/Contents/Developer/Platforms/MacOSX.platform/Developer/SDKs/MacOSX.sdk/usr/include/_stdlib.h:132:7: note: conflicting prototype is here
  132 | long     atol(const char *);
      |          ^
4 warnings generated.
clang -Wall -std=gnu99 -O2 -I. -DUSE_GCU -DUSE_TRANSPARENCY -DHAVE_MKSTEMP -DPRIVATE_USER_PATH=\"~/Library/Preferences\" -DUSE_PRIVATE_PATHS -DALLOW_WIZARD -DNCURSES_OPAQUE=0 -Wno-error=implicit-function-declaration -Wno-error=implicit-int -Wno-error=int-conversion -Wno-error=incompatible-function-pointer-types -Wno-error=incompatible-pointer-types -Wno-error=return-type -isysroot /Applications/Xcode.app/Contents/Developer/Platforms/MacOSX.platform/Developer/SDKs/MacOSX.sdk -arch arm64 -c -o main-gcu.o main-gcu.c
In file included from main-gcu.c:49:
In file included from ./angband.h:17:
In file included from ./h-basic.h:16:
./h-system.h:115:14: warning: a function declaration without a prototype is deprecated in all versions of C and is treated as a zero-parameter prototype in C2x, conflicting with a previous declaration [-Wdeprecated-non-prototype]
  115 | extern char *strstr();
      |              ^
./h-system.h:118:14: warning: a function declaration without a prototype is deprecated in all versions of C and is treated as a zero-parameter prototype in C2x, conflicting with a previous declaration [-Wdeprecated-non-prototype]
  118 | extern char *strchr();
      |              ^
./h-system.h:121:14: warning: a function declaration without a prototype is deprecated in all versions of C and is treated as a zero-parameter prototype in C2x, conflicting with a previous declaration [-Wdeprecated-non-prototype]
  121 | extern char *strrchr();
      |              ^
./h-system.h:134:13: warning: a function declaration without a prototype is deprecated in all versions of C and is treated as a zero-parameter prototype in C2x, conflicting with a previous declaration [-Wdeprecated-non-prototype]
  134 | extern long atol();
      |             ^
/Applications/Xcode.app/Contents/Developer/Platforms/MacOSX.platform/Developer/SDKs/MacOSX.sdk/usr/include/_stdlib.h:132:7: note: conflicting prototype is here
  132 | long     atol(const char *);
      |          ^
4 warnings generated.
clang -Wall -std=gnu99 -O2 -I. -DUSE_GCU -DUSE_TRANSPARENCY -DHAVE_MKSTEMP -DPRIVATE_USER_PATH=\"~/Library/Preferences\" -DUSE_PRIVATE_PATHS -DALLOW_WIZARD -DNCURSES_OPAQUE=0 -Wno-error=implicit-function-declaration -Wno-error=implicit-int -Wno-error=int-conversion -Wno-error=incompatible-function-pointer-types -Wno-error=incompatible-pointer-types -Wno-error=return-type -isysroot /Applications/Xcode.app/Contents/Developer/Platforms/MacOSX.platform/Developer/SDKs/MacOSX.sdk -arch arm64 -c -o main.o main.c
In file included from main.c:11:
In file included from ./angband.h:17:
In file included from ./h-basic.h:16:
./h-system.h:115:14: warning: a function declaration without a prototype is deprecated in all versions of C and is treated as a zero-parameter prototype in C2x, conflicting with a previous declaration [-Wdeprecated-non-prototype]
  115 | extern char *strstr();
      |              ^
./h-system.h:118:14: warning: a function declaration without a prototype is deprecated in all versions of C and is treated as a zero-parameter prototype in C2x, conflicting with a previous declaration [-Wdeprecated-non-prototype]
  118 | extern char *strchr();
      |              ^
./h-system.h:121:14: warning: a function declaration without a prototype is deprecated in all versions of C and is treated as a zero-parameter prototype in C2x, conflicting with a previous declaration [-Wdeprecated-non-prototype]
  121 | extern char *strrchr();
      |              ^
./h-system.h:134:13: warning: a function declaration without a prototype is deprecated in all versions of C and is treated as a zero-parameter prototype in C2x, conflicting with a previous declaration [-Wdeprecated-non-prototype]
  134 | extern long atol();
      |             ^
/Applications/Xcode.app/Contents/Developer/Platforms/MacOSX.platform/Developer/SDKs/MacOSX.sdk/usr/include/_stdlib.h:132:7: note: conflicting prototype is here
  132 | long     atol(const char *);
      |          ^
4 warnings generated.
clang -Wall -std=gnu99 -O2 -I. -DUSE_GCU -DUSE_TRANSPARENCY -DHAVE_MKSTEMP -DPRIVATE_USER_PATH=\"~/Library/Preferences\" -DUSE_PRIVATE_PATHS -DALLOW_WIZARD -DNCURSES_OPAQUE=0 -Wno-error=implicit-function-declaration -Wno-error=implicit-int -Wno-error=int-conversion -Wno-error=incompatible-function-pointer-types -Wno-error=incompatible-pointer-types -Wno-error=return-type -isysroot /Applications/Xcode.app/Contents/Developer/Platforms/MacOSX.platform/Developer/SDKs/MacOSX.sdk -arch arm64 -c -o melee1.o melee1.c
In file included from melee1.c:11:
In file included from ./angband.h:17:
In file included from ./h-basic.h:16:
./h-system.h:115:14: warning: a function declaration without a prototype is deprecated in all versions of C and is treated as a zero-parameter prototype in C2x, conflicting with a previous declaration [-Wdeprecated-non-prototype]
  115 | extern char *strstr();
      |              ^
./h-system.h:118:14: warning: a function declaration without a prototype is deprecated in all versions of C and is treated as a zero-parameter prototype in C2x, conflicting with a previous declaration [-Wdeprecated-non-prototype]
  118 | extern char *strchr();
      |              ^
./h-system.h:121:14: warning: a function declaration without a prototype is deprecated in all versions of C and is treated as a zero-parameter prototype in C2x, conflicting with a previous declaration [-Wdeprecated-non-prototype]
  121 | extern char *strrchr();
      |              ^
./h-system.h:134:13: warning: a function declaration without a prototype is deprecated in all versions of C and is treated as a zero-parameter prototype in C2x, conflicting with a previous declaration [-Wdeprecated-non-prototype]
  134 | extern long atol();
      |             ^
/Applications/Xcode.app/Contents/Developer/Platforms/MacOSX.platform/Developer/SDKs/MacOSX.sdk/usr/include/_stdlib.h:132:7: note: conflicting prototype is here
  132 | long     atol(const char *);
      |          ^
4 warnings generated.
clang -Wall -std=gnu99 -O2 -I. -DUSE_GCU -DUSE_TRANSPARENCY -DHAVE_MKSTEMP -DPRIVATE_USER_PATH=\"~/Library/Preferences\" -DUSE_PRIVATE_PATHS -DALLOW_WIZARD -DNCURSES_OPAQUE=0 -Wno-error=implicit-function-declaration -Wno-error=implicit-int -Wno-error=int-conversion -Wno-error=incompatible-function-pointer-types -Wno-error=incompatible-pointer-types -Wno-error=return-type -isysroot /Applications/Xcode.app/Contents/Developer/Platforms/MacOSX.platform/Developer/SDKs/MacOSX.sdk -arch arm64 -c -o melee2.o melee2.c
In file included from melee2.c:11:
In file included from ./angband.h:17:
In file included from ./h-basic.h:16:
./h-system.h:115:14: warning: a function declaration without a prototype is deprecated in all versions of C and is treated as a zero-parameter prototype in C2x, conflicting with a previous declaration [-Wdeprecated-non-prototype]
  115 | extern char *strstr();
      |              ^
./h-system.h:118:14: warning: a function declaration without a prototype is deprecated in all versions of C and is treated as a zero-parameter prototype in C2x, conflicting with a previous declaration [-Wdeprecated-non-prototype]
  118 | extern char *strchr();
      |              ^
./h-system.h:121:14: warning: a function declaration without a prototype is deprecated in all versions of C and is treated as a zero-parameter prototype in C2x, conflicting with a previous declaration [-Wdeprecated-non-prototype]
  121 | extern char *strrchr();
      |              ^
./h-system.h:134:13: warning: a function declaration without a prototype is deprecated in all versions of C and is treated as a zero-parameter prototype in C2x, conflicting with a previous declaration [-Wdeprecated-non-prototype]
  134 | extern long atol();
      |             ^
/Applications/Xcode.app/Contents/Developer/Platforms/MacOSX.platform/Developer/SDKs/MacOSX.sdk/usr/include/_stdlib.h:132:7: note: conflicting prototype is here
  132 | long     atol(const char *);
      |          ^
4 warnings generated.
clang -Wall -std=gnu99 -O2 -I. -DUSE_GCU -DUSE_TRANSPARENCY -DHAVE_MKSTEMP -DPRIVATE_USER_PATH=\"~/Library/Preferences\" -DUSE_PRIVATE_PATHS -DALLOW_WIZARD -DNCURSES_OPAQUE=0 -Wno-error=implicit-function-declaration -Wno-error=implicit-int -Wno-error=int-conversion -Wno-error=incompatible-function-pointer-types -Wno-error=incompatible-pointer-types -Wno-error=return-type -isysroot /Applications/Xcode.app/Contents/Developer/Platforms/MacOSX.platform/Developer/SDKs/MacOSX.sdk -arch arm64 -c -o monster1.o monster1.c
In file included from monster1.c:11:
In file included from ./angband.h:17:
In file included from ./h-basic.h:16:
./h-system.h:115:14: warning: a function declaration without a prototype is deprecated in all versions of C and is treated as a zero-parameter prototype in C2x, conflicting with a previous declaration [-Wdeprecated-non-prototype]
  115 | extern char *strstr();
      |              ^
./h-system.h:118:14: warning: a function declaration without a prototype is deprecated in all versions of C and is treated as a zero-parameter prototype in C2x, conflicting with a previous declaration [-Wdeprecated-non-prototype]
  118 | extern char *strchr();
      |              ^
./h-system.h:121:14: warning: a function declaration without a prototype is deprecated in all versions of C and is treated as a zero-parameter prototype in C2x, conflicting with a previous declaration [-Wdeprecated-non-prototype]
  121 | extern char *strrchr();
      |              ^
./h-system.h:134:13: warning: a function declaration without a prototype is deprecated in all versions of C and is treated as a zero-parameter prototype in C2x, conflicting with a previous declaration [-Wdeprecated-non-prototype]
  134 | extern long atol();
      |             ^
/Applications/Xcode.app/Contents/Developer/Platforms/MacOSX.platform/Developer/SDKs/MacOSX.sdk/usr/include/_stdlib.h:132:7: note: conflicting prototype is here
  132 | long     atol(const char *);
      |          ^
4 warnings generated.
clang -Wall -std=gnu99 -O2 -I. -DUSE_GCU -DUSE_TRANSPARENCY -DHAVE_MKSTEMP -DPRIVATE_USER_PATH=\"~/Library/Preferences\" -DUSE_PRIVATE_PATHS -DALLOW_WIZARD -DNCURSES_OPAQUE=0 -Wno-error=implicit-function-declaration -Wno-error=implicit-int -Wno-error=int-conversion -Wno-error=incompatible-function-pointer-types -Wno-error=incompatible-pointer-types -Wno-error=return-type -isysroot /Applications/Xcode.app/Contents/Developer/Platforms/MacOSX.platform/Developer/SDKs/MacOSX.sdk -arch arm64 -c -o monster2.o monster2.c
In file included from monster2.c:11:
In file included from ./angband.h:17:
In file included from ./h-basic.h:16:
./h-system.h:115:14: warning: a function declaration without a prototype is deprecated in all versions of C and is treated as a zero-parameter prototype in C2x, conflicting with a previous declaration [-Wdeprecated-non-prototype]
  115 | extern char *strstr();
      |              ^
./h-system.h:118:14: warning: a function declaration without a prototype is deprecated in all versions of C and is treated as a zero-parameter prototype in C2x, conflicting with a previous declaration [-Wdeprecated-non-prototype]
  118 | extern char *strchr();
      |              ^
./h-system.h:121:14: warning: a function declaration without a prototype is deprecated in all versions of C and is treated as a zero-parameter prototype in C2x, conflicting with a previous declaration [-Wdeprecated-non-prototype]
  121 | extern char *strrchr();
      |              ^
./h-system.h:134:13: warning: a function declaration without a prototype is deprecated in all versions of C and is treated as a zero-parameter prototype in C2x, conflicting with a previous declaration [-Wdeprecated-non-prototype]
  134 | extern long atol();
      |             ^
/Applications/Xcode.app/Contents/Developer/Platforms/MacOSX.platform/Developer/SDKs/MacOSX.sdk/usr/include/_stdlib.h:132:7: note: conflicting prototype is here
  132 | long     atol(const char *);
      |          ^
4 warnings generated.
clang -Wall -std=gnu99 -O2 -I. -DUSE_GCU -DUSE_TRANSPARENCY -DHAVE_MKSTEMP -DPRIVATE_USER_PATH=\"~/Library/Preferences\" -DUSE_PRIVATE_PATHS -DALLOW_WIZARD -DNCURSES_OPAQUE=0 -Wno-error=implicit-function-declaration -Wno-error=implicit-int -Wno-error=int-conversion -Wno-error=incompatible-function-pointer-types -Wno-error=incompatible-pointer-types -Wno-error=return-type -isysroot /Applications/Xcode.app/Contents/Developer/Platforms/MacOSX.platform/Developer/SDKs/MacOSX.sdk -arch arm64 -c -o object1.o object1.c
In file included from object1.c:11:
In file included from ./angband.h:17:
In file included from ./h-basic.h:16:
./h-system.h:115:14: warning: a function declaration without a prototype is deprecated in all versions of C and is treated as a zero-parameter prototype in C2x, conflicting with a previous declaration [-Wdeprecated-non-prototype]
  115 | extern char *strstr();
      |              ^
./h-system.h:118:14: warning: a function declaration without a prototype is deprecated in all versions of C and is treated as a zero-parameter prototype in C2x, conflicting with a previous declaration [-Wdeprecated-non-prototype]
  118 | extern char *strchr();
      |              ^
./h-system.h:121:14: warning: a function declaration without a prototype is deprecated in all versions of C and is treated as a zero-parameter prototype in C2x, conflicting with a previous declaration [-Wdeprecated-non-prototype]
  121 | extern char *strrchr();
      |              ^
./h-system.h:134:13: warning: a function declaration without a prototype is deprecated in all versions of C and is treated as a zero-parameter prototype in C2x, conflicting with a previous declaration [-Wdeprecated-non-prototype]
  134 | extern long atol();
      |             ^
/Applications/Xcode.app/Contents/Developer/Platforms/MacOSX.platform/Developer/SDKs/MacOSX.sdk/usr/include/_stdlib.h:132:7: note: conflicting prototype is here
  132 | long     atol(const char *);
      |          ^
4 warnings generated.
clang -Wall -std=gnu99 -O2 -I. -DUSE_GCU -DUSE_TRANSPARENCY -DHAVE_MKSTEMP -DPRIVATE_USER_PATH=\"~/Library/Preferences\" -DUSE_PRIVATE_PATHS -DALLOW_WIZARD -DNCURSES_OPAQUE=0 -Wno-error=implicit-function-declaration -Wno-error=implicit-int -Wno-error=int-conversion -Wno-error=incompatible-function-pointer-types -Wno-error=incompatible-pointer-types -Wno-error=return-type -isysroot /Applications/Xcode.app/Contents/Developer/Platforms/MacOSX.platform/Developer/SDKs/MacOSX.sdk -arch arm64 -c -o object2.o object2.c
In file included from object2.c:11:
In file included from ./angband.h:17:
In file included from ./h-basic.h:16:
./h-system.h:115:14: warning: a function declaration without a prototype is deprecated in all versions of C and is treated as a zero-parameter prototype in C2x, conflicting with a previous declaration [-Wdeprecated-non-prototype]
  115 | extern char *strstr();
      |              ^
./h-system.h:118:14: warning: a function declaration without a prototype is deprecated in all versions of C and is treated as a zero-parameter prototype in C2x, conflicting with a previous declaration [-Wdeprecated-non-prototype]
  118 | extern char *strchr();
      |              ^
./h-system.h:121:14: warning: a function declaration without a prototype is deprecated in all versions of C and is treated as a zero-parameter prototype in C2x, conflicting with a previous declaration [-Wdeprecated-non-prototype]
  121 | extern char *strrchr();
      |              ^
./h-system.h:134:13: warning: a function declaration without a prototype is deprecated in all versions of C and is treated as a zero-parameter prototype in C2x, conflicting with a previous declaration [-Wdeprecated-non-prototype]
  134 | extern long atol();
      |             ^
/Applications/Xcode.app/Contents/Developer/Platforms/MacOSX.platform/Developer/SDKs/MacOSX.sdk/usr/include/_stdlib.h:132:7: note: conflicting prototype is here
  132 | long     atol(const char *);
      |          ^
4 warnings generated.
clang -Wall -std=gnu99 -O2 -I. -DUSE_GCU -DUSE_TRANSPARENCY -DHAVE_MKSTEMP -DPRIVATE_USER_PATH=\"~/Library/Preferences\" -DUSE_PRIVATE_PATHS -DALLOW_WIZARD -DNCURSES_OPAQUE=0 -Wno-error=implicit-function-declaration -Wno-error=implicit-int -Wno-error=int-conversion -Wno-error=incompatible-function-pointer-types -Wno-error=incompatible-pointer-types -Wno-error=return-type -isysroot /Applications/Xcode.app/Contents/Developer/Platforms/MacOSX.platform/Developer/SDKs/MacOSX.sdk -arch arm64 -c -o randart.o randart.c
In file included from randart.c:12:
In file included from ./angband.h:17:
In file included from ./h-basic.h:16:
./h-system.h:115:14: warning: a function declaration without a prototype is deprecated in all versions of C and is treated as a zero-parameter prototype in C2x, conflicting with a previous declaration [-Wdeprecated-non-prototype]
  115 | extern char *strstr();
      |              ^
./h-system.h:118:14: warning: a function declaration without a prototype is deprecated in all versions of C and is treated as a zero-parameter prototype in C2x, conflicting with a previous declaration [-Wdeprecated-non-prototype]
  118 | extern char *strchr();
      |              ^
./h-system.h:121:14: warning: a function declaration without a prototype is deprecated in all versions of C and is treated as a zero-parameter prototype in C2x, conflicting with a previous declaration [-Wdeprecated-non-prototype]
  121 | extern char *strrchr();
      |              ^
./h-system.h:134:13: warning: a function declaration without a prototype is deprecated in all versions of C and is treated as a zero-parameter prototype in C2x, conflicting with a previous declaration [-Wdeprecated-non-prototype]
  134 | extern long atol();
      |             ^
/Applications/Xcode.app/Contents/Developer/Platforms/MacOSX.platform/Developer/SDKs/MacOSX.sdk/usr/include/_stdlib.h:132:7: note: conflicting prototype is here
  132 | long     atol(const char *);
      |          ^
4 warnings generated.
clang -Wall -std=gnu99 -O2 -I. -DUSE_GCU -DUSE_TRANSPARENCY -DHAVE_MKSTEMP -DPRIVATE_USER_PATH=\"~/Library/Preferences\" -DUSE_PRIVATE_PATHS -DALLOW_WIZARD -DNCURSES_OPAQUE=0 -Wno-error=implicit-function-declaration -Wno-error=implicit-int -Wno-error=int-conversion -Wno-error=incompatible-function-pointer-types -Wno-error=incompatible-pointer-types -Wno-error=return-type -isysroot /Applications/Xcode.app/Contents/Developer/Platforms/MacOSX.platform/Developer/SDKs/MacOSX.sdk -arch arm64 -c -o save.o save.c
In file included from save.c:11:
In file included from ./angband.h:17:
In file included from ./h-basic.h:16:
./h-system.h:115:14: warning: a function declaration without a prototype is deprecated in all versions of C and is treated as a zero-parameter prototype in C2x, conflicting with a previous declaration [-Wdeprecated-non-prototype]
  115 | extern char *strstr();
      |              ^
./h-system.h:118:14: warning: a function declaration without a prototype is deprecated in all versions of C and is treated as a zero-parameter prototype in C2x, conflicting with a previous declaration [-Wdeprecated-non-prototype]
  118 | extern char *strchr();
      |              ^
./h-system.h:121:14: warning: a function declaration without a prototype is deprecated in all versions of C and is treated as a zero-parameter prototype in C2x, conflicting with a previous declaration [-Wdeprecated-non-prototype]
  121 | extern char *strrchr();
      |              ^
./h-system.h:134:13: warning: a function declaration without a prototype is deprecated in all versions of C and is treated as a zero-parameter prototype in C2x, conflicting with a previous declaration [-Wdeprecated-non-prototype]
  134 | extern long atol();
      |             ^
/Applications/Xcode.app/Contents/Developer/Platforms/MacOSX.platform/Developer/SDKs/MacOSX.sdk/usr/include/_stdlib.h:132:7: note: conflicting prototype is here
  132 | long     atol(const char *);
      |          ^
4 warnings generated.
clang -Wall -std=gnu99 -O2 -I. -DUSE_GCU -DUSE_TRANSPARENCY -DHAVE_MKSTEMP -DPRIVATE_USER_PATH=\"~/Library/Preferences\" -DUSE_PRIVATE_PATHS -DALLOW_WIZARD -DNCURSES_OPAQUE=0 -Wno-error=implicit-function-declaration -Wno-error=implicit-int -Wno-error=int-conversion -Wno-error=incompatible-function-pointer-types -Wno-error=incompatible-pointer-types -Wno-error=return-type -isysroot /Applications/Xcode.app/Contents/Developer/Platforms/MacOSX.platform/Developer/SDKs/MacOSX.sdk -arch arm64 -c -o spells1.o spells1.c
In file included from spells1.c:11:
In file included from ./angband.h:17:
In file included from ./h-basic.h:16:
./h-system.h:115:14: warning: a function declaration without a prototype is deprecated in all versions of C and is treated as a zero-parameter prototype in C2x, conflicting with a previous declaration [-Wdeprecated-non-prototype]
  115 | extern char *strstr();
      |              ^
./h-system.h:118:14: warning: a function declaration without a prototype is deprecated in all versions of C and is treated as a zero-parameter prototype in C2x, conflicting with a previous declaration [-Wdeprecated-non-prototype]
  118 | extern char *strchr();
      |              ^
./h-system.h:121:14: warning: a function declaration without a prototype is deprecated in all versions of C and is treated as a zero-parameter prototype in C2x, conflicting with a previous declaration [-Wdeprecated-non-prototype]
  121 | extern char *strrchr();
      |              ^
./h-system.h:134:13: warning: a function declaration without a prototype is deprecated in all versions of C and is treated as a zero-parameter prototype in C2x, conflicting with a previous declaration [-Wdeprecated-non-prototype]
  134 | extern long atol();
      |             ^
/Applications/Xcode.app/Contents/Developer/Platforms/MacOSX.platform/Developer/SDKs/MacOSX.sdk/usr/include/_stdlib.h:132:7: note: conflicting prototype is here
  132 | long     atol(const char *);
      |          ^
4 warnings generated.
clang -Wall -std=gnu99 -O2 -I. -DUSE_GCU -DUSE_TRANSPARENCY -DHAVE_MKSTEMP -DPRIVATE_USER_PATH=\"~/Library/Preferences\" -DUSE_PRIVATE_PATHS -DALLOW_WIZARD -DNCURSES_OPAQUE=0 -Wno-error=implicit-function-declaration -Wno-error=implicit-int -Wno-error=int-conversion -Wno-error=incompatible-function-pointer-types -Wno-error=incompatible-pointer-types -Wno-error=return-type -isysroot /Applications/Xcode.app/Contents/Developer/Platforms/MacOSX.platform/Developer/SDKs/MacOSX.sdk -arch arm64 -c -o spells2.o spells2.c
In file included from spells2.c:11:
In file included from ./angband.h:17:
In file included from ./h-basic.h:16:
./h-system.h:115:14: warning: a function declaration without a prototype is deprecated in all versions of C and is treated as a zero-parameter prototype in C2x, conflicting with a previous declaration [-Wdeprecated-non-prototype]
  115 | extern char *strstr();
      |              ^
./h-system.h:118:14: warning: a function declaration without a prototype is deprecated in all versions of C and is treated as a zero-parameter prototype in C2x, conflicting with a previous declaration [-Wdeprecated-non-prototype]
  118 | extern char *strchr();
      |              ^
./h-system.h:121:14: warning: a function declaration without a prototype is deprecated in all versions of C and is treated as a zero-parameter prototype in C2x, conflicting with a previous declaration [-Wdeprecated-non-prototype]
  121 | extern char *strrchr();
      |              ^
./h-system.h:134:13: warning: a function declaration without a prototype is deprecated in all versions of C and is treated as a zero-parameter prototype in C2x, conflicting with a previous declaration [-Wdeprecated-non-prototype]
  134 | extern long atol();
      |             ^
/Applications/Xcode.app/Contents/Developer/Platforms/MacOSX.platform/Developer/SDKs/MacOSX.sdk/usr/include/_stdlib.h:132:7: note: conflicting prototype is here
  132 | long     atol(const char *);
      |          ^
spells2.c:17:18: warning: unused variable 'f1' [-Wunused-variable]
   17 |         u32b            f1, f2, f3;
      |                         ^~
spells2.c:17:22: warning: unused variable 'f2' [-Wunused-variable]
   17 |         u32b            f1, f2, f3;
      |                             ^~
spells2.c:30:9: warning: variable 'item' is uninitialized when used here [-Wuninitialized]
   30 |                     ((item>=0)? "your" : "the"), o_name);
      |                       ^~~~
spells2.c:16:22: note: initialize the variable 'item' to silence this warning
   16 |         int             item;
      |                             ^
      |                              = 0
spells2.c:56:6: warning: variable 'f3' is uninitialized when used here [-Wuninitialized]
   56 |         if (f3 & TR3_BLESSED)
      |             ^~
spells2.c:17:28: note: initialize the variable 'f3' to silence this warning
   17 |         u32b            f1, f2, f3;
      |                                   ^
      |                                    = 0
8 warnings generated.
clang -Wall -std=gnu99 -O2 -I. -DUSE_GCU -DUSE_TRANSPARENCY -DHAVE_MKSTEMP -DPRIVATE_USER_PATH=\"~/Library/Preferences\" -DUSE_PRIVATE_PATHS -DALLOW_WIZARD -DNCURSES_OPAQUE=0 -Wno-error=implicit-function-declaration -Wno-error=implicit-int -Wno-error=int-conversion -Wno-error=incompatible-function-pointer-types -Wno-error=incompatible-pointer-types -Wno-error=return-type -isysroot /Applications/Xcode.app/Contents/Developer/Platforms/MacOSX.platform/Developer/SDKs/MacOSX.sdk -arch arm64 -c -o squelch.o squelch.c
In file included from squelch.c:2:
In file included from ./angband.h:17:
In file included from ./h-basic.h:16:
./h-system.h:115:14: warning: a function declaration without a prototype is deprecated in all versions of C and is treated as a zero-parameter prototype in C2x, conflicting with a previous declaration [-Wdeprecated-non-prototype]
  115 | extern char *strstr();
      |              ^
./h-system.h:118:14: warning: a function declaration without a prototype is deprecated in all versions of C and is treated as a zero-parameter prototype in C2x, conflicting with a previous declaration [-Wdeprecated-non-prototype]
  118 | extern char *strchr();
      |              ^
./h-system.h:121:14: warning: a function declaration without a prototype is deprecated in all versions of C and is treated as a zero-parameter prototype in C2x, conflicting with a previous declaration [-Wdeprecated-non-prototype]
  121 | extern char *strrchr();
      |              ^
./h-system.h:134:13: warning: a function declaration without a prototype is deprecated in all versions of C and is treated as a zero-parameter prototype in C2x, conflicting with a previous declaration [-Wdeprecated-non-prototype]
  134 | extern long atol();
      |             ^
/Applications/Xcode.app/Contents/Developer/Platforms/MacOSX.platform/Developer/SDKs/MacOSX.sdk/usr/include/_stdlib.h:132:7: note: conflicting prototype is here
  132 | long     atol(const char *);
      |          ^
4 warnings generated.
clang -Wall -std=gnu99 -O2 -I. -DUSE_GCU -DUSE_TRANSPARENCY -DHAVE_MKSTEMP -DPRIVATE_USER_PATH=\"~/Library/Preferences\" -DUSE_PRIVATE_PATHS -DALLOW_WIZARD -DNCURSES_OPAQUE=0 -Wno-error=implicit-function-declaration -Wno-error=implicit-int -Wno-error=int-conversion -Wno-error=incompatible-function-pointer-types -Wno-error=incompatible-pointer-types -Wno-error=return-type -isysroot /Applications/Xcode.app/Contents/Developer/Platforms/MacOSX.platform/Developer/SDKs/MacOSX.sdk -arch arm64 -c -o store.o store.c
In file included from store.c:11:
In file included from ./angband.h:17:
In file included from ./h-basic.h:16:
./h-system.h:115:14: warning: a function declaration without a prototype is deprecated in all versions of C and is treated as a zero-parameter prototype in C2x, conflicting with a previous declaration [-Wdeprecated-non-prototype]
  115 | extern char *strstr();
      |              ^
./h-system.h:118:14: warning: a function declaration without a prototype is deprecated in all versions of C and is treated as a zero-parameter prototype in C2x, conflicting with a previous declaration [-Wdeprecated-non-prototype]
  118 | extern char *strchr();
      |              ^
./h-system.h:121:14: warning: a function declaration without a prototype is deprecated in all versions of C and is treated as a zero-parameter prototype in C2x, conflicting with a previous declaration [-Wdeprecated-non-prototype]
  121 | extern char *strrchr();
      |              ^
./h-system.h:134:13: warning: a function declaration without a prototype is deprecated in all versions of C and is treated as a zero-parameter prototype in C2x, conflicting with a previous declaration [-Wdeprecated-non-prototype]
  134 | extern long atol();
      |             ^
/Applications/Xcode.app/Contents/Developer/Platforms/MacOSX.platform/Developer/SDKs/MacOSX.sdk/usr/include/_stdlib.h:132:7: note: conflicting prototype is here
  132 | long     atol(const char *);
      |          ^
store.c:2893:20: warning: variable 'lev' set but not used [-Wunused-but-set-variable]
 2893 |         int         item, lev,t;
      |                           ^
store.c:2893:24: warning: unused variable 't' [-Wunused-variable]
 2893 |         int         item, lev,t;
      |                               ^
store.c:2895:15: warning: variable 'k_ptr' set but not used [-Wunused-but-set-variable]
 2895 |         object_kind *k_ptr;
      |                      ^
store.c:3028:7: warning: variable 'max_charges' is used uninitialized whenever 'if' condition is false [-Wsometimes-uninitialized]
 3028 |                 if (o_ptr->tval == TV_STAFF)
      |                     ^~~~~~~~~~~~~~~~~~~~~~~
store.c:3034:48: note: uninitialized use occurs here
 3034 |                               price), MIN(p_ptr->au / price, max_charges));
      |                                                              ^~~~~~~~~~~
./h-define.h:86:27: note: expanded from macro 'MIN'
   86 | #define MIN(a,b)        (((a) > (b)) ? (b)  : (a))
      |                                  ^
store.c:3028:3: note: remove the 'if' if its condition is always true
 3028 |                 if (o_ptr->tval == TV_STAFF)
      |                 ^~~~~~~~~~~~~~~~~~~~~~~~~~~~
 3029 |                         max_charges = 99;
store.c:2899:25: note: initialize the variable 'max_charges' to silence this warning
 2899 |         int         max_charges;
      |                                ^
      |                                 = 0
8 warnings generated.
clang -Wall -std=gnu99 -O2 -I. -DUSE_GCU -DUSE_TRANSPARENCY -DHAVE_MKSTEMP -DPRIVATE_USER_PATH=\"~/Library/Preferences\" -DUSE_PRIVATE_PATHS -DALLOW_WIZARD -DNCURSES_OPAQUE=0 -Wno-error=implicit-function-declaration -Wno-error=implicit-int -Wno-error=int-conversion -Wno-error=incompatible-function-pointer-types -Wno-error=incompatible-pointer-types -Wno-error=return-type -isysroot /Applications/Xcode.app/Contents/Developer/Platforms/MacOSX.platform/Developer/SDKs/MacOSX.sdk -arch arm64 -c -o tables.o tables.c
In file included from tables.c:11:
In file included from ./angband.h:17:
In file included from ./h-basic.h:16:
./h-system.h:115:14: warning: a function declaration without a prototype is deprecated in all versions of C and is treated as a zero-parameter prototype in C2x, conflicting with a previous declaration [-Wdeprecated-non-prototype]
  115 | extern char *strstr();
      |              ^
./h-system.h:118:14: warning: a function declaration without a prototype is deprecated in all versions of C and is treated as a zero-parameter prototype in C2x, conflicting with a previous declaration [-Wdeprecated-non-prototype]
  118 | extern char *strchr();
      |              ^
./h-system.h:121:14: warning: a function declaration without a prototype is deprecated in all versions of C and is treated as a zero-parameter prototype in C2x, conflicting with a previous declaration [-Wdeprecated-non-prototype]
  121 | extern char *strrchr();
      |              ^
./h-system.h:134:13: warning: a function declaration without a prototype is deprecated in all versions of C and is treated as a zero-parameter prototype in C2x, conflicting with a previous declaration [-Wdeprecated-non-prototype]
  134 | extern long atol();
      |             ^
/Applications/Xcode.app/Contents/Developer/Platforms/MacOSX.platform/Developer/SDKs/MacOSX.sdk/usr/include/_stdlib.h:132:7: note: conflicting prototype is here
  132 | long     atol(const char *);
      |          ^
4 warnings generated.
clang -Wall -std=gnu99 -O2 -I. -DUSE_GCU -DUSE_TRANSPARENCY -DHAVE_MKSTEMP -DPRIVATE_USER_PATH=\"~/Library/Preferences\" -DUSE_PRIVATE_PATHS -DALLOW_WIZARD -DNCURSES_OPAQUE=0 -Wno-error=implicit-function-declaration -Wno-error=implicit-int -Wno-error=int-conversion -Wno-error=incompatible-function-pointer-types -Wno-error=incompatible-pointer-types -Wno-error=return-type -isysroot /Applications/Xcode.app/Contents/Developer/Platforms/MacOSX.platform/Developer/SDKs/MacOSX.sdk -arch arm64 -c -o util.o util.c
In file included from util.c:11:
In file included from ./angband.h:17:
In file included from ./h-basic.h:16:
./h-system.h:115:14: warning: a function declaration without a prototype is deprecated in all versions of C and is treated as a zero-parameter prototype in C2x, conflicting with a previous declaration [-Wdeprecated-non-prototype]
  115 | extern char *strstr();
      |              ^
./h-system.h:118:14: warning: a function declaration without a prototype is deprecated in all versions of C and is treated as a zero-parameter prototype in C2x, conflicting with a previous declaration [-Wdeprecated-non-prototype]
  118 | extern char *strchr();
      |              ^
./h-system.h:121:14: warning: a function declaration without a prototype is deprecated in all versions of C and is treated as a zero-parameter prototype in C2x, conflicting with a previous declaration [-Wdeprecated-non-prototype]
  121 | extern char *strrchr();
      |              ^
./h-system.h:134:13: warning: a function declaration without a prototype is deprecated in all versions of C and is treated as a zero-parameter prototype in C2x, conflicting with a previous declaration [-Wdeprecated-non-prototype]
  134 | extern long atol();
      |             ^
/Applications/Xcode.app/Contents/Developer/Platforms/MacOSX.platform/Developer/SDKs/MacOSX.sdk/usr/include/_stdlib.h:132:7: note: conflicting prototype is here
  132 | long     atol(const char *);
      |          ^
util.c:112:23: warning: a function declaration without a prototype is deprecated in all versions of C and is treated as a zero-parameter prototype in C2x, conflicting with a previous declaration [-Wdeprecated-non-prototype]
  112 | extern struct passwd *getpwuid();
      |                       ^
/Applications/Xcode.app/Contents/Developer/Platforms/MacOSX.platform/Developer/SDKs/MacOSX.sdk/usr/include/pwd.h:100:16: note: conflicting prototype is here
  100 | struct passwd   *getpwuid(uid_t);
      |                  ^
util.c:113:23: warning: a function declaration without a prototype is deprecated in all versions of C and is treated as a zero-parameter prototype in C2x, conflicting with a previous declaration [-Wdeprecated-non-prototype]
  113 | extern struct passwd *getpwnam();
      |                       ^
/Applications/Xcode.app/Contents/Developer/Platforms/MacOSX.platform/Developer/SDKs/MacOSX.sdk/usr/include/pwd.h:101:16: note: conflicting prototype is here
  101 | struct passwd   *getpwnam(const char *);
      |                  ^
util.c:287:6: warning: 'tmpnam' is deprecated: This function is provided for compatibility reasons only.  Due to security concerns inherent in the design of tmpnam(3), it is highly recommended that you use mkstemp(3) instead. [-Wdeprecated-declarations]
  287 |         s = tmpnam(NULL);
      |             ^
/Applications/Xcode.app/Contents/Developer/Platforms/MacOSX.platform/Developer/SDKs/MacOSX.sdk/usr/include/_stdio.h:283:1: note: 'tmpnam' has been explicitly marked deprecated here
  283 | __deprecated_msg("This function is provided for compatibility reasons only.  Due to security concerns inherent in the design of tmpnam(3), it is highly recommended that you use mkstemp(3) instead.")
      | ^
/Applications/Xcode.app/Contents/Developer/Platforms/MacOSX.platform/Developer/SDKs/MacOSX.sdk/usr/include/sys/cdefs.h:218:48: note: expanded from macro '__deprecated_msg'
  218 |         #define __deprecated_msg(_msg) __attribute__((__deprecated__(_msg)))
      |                                                       ^
util.c:2320:6: warning: address of array 'message__color' will always evaluate to 'true' [-Wpointer-bool-conversion]
 2320 |         if (message__color)
      |         ~~  ^~~~~~~~~~~~~~
8 warnings generated.
clang -Wall -std=gnu99 -O2 -I. -DUSE_GCU -DUSE_TRANSPARENCY -DHAVE_MKSTEMP -DPRIVATE_USER_PATH=\"~/Library/Preferences\" -DUSE_PRIVATE_PATHS -DALLOW_WIZARD -DNCURSES_OPAQUE=0 -Wno-error=implicit-function-declaration -Wno-error=implicit-int -Wno-error=int-conversion -Wno-error=incompatible-function-pointer-types -Wno-error=incompatible-pointer-types -Wno-error=return-type -isysroot /Applications/Xcode.app/Contents/Developer/Platforms/MacOSX.platform/Developer/SDKs/MacOSX.sdk -arch arm64 -c -o variable.o variable.c
In file included from variable.c:11:
In file included from ./angband.h:17:
In file included from ./h-basic.h:16:
./h-system.h:115:14: warning: a function declaration without a prototype is deprecated in all versions of C and is treated as a zero-parameter prototype in C2x, conflicting with a previous declaration [-Wdeprecated-non-prototype]
  115 | extern char *strstr();
      |              ^
./h-system.h:118:14: warning: a function declaration without a prototype is deprecated in all versions of C and is treated as a zero-parameter prototype in C2x, conflicting with a previous declaration [-Wdeprecated-non-prototype]
  118 | extern char *strchr();
      |              ^
./h-system.h:121:14: warning: a function declaration without a prototype is deprecated in all versions of C and is treated as a zero-parameter prototype in C2x, conflicting with a previous declaration [-Wdeprecated-non-prototype]
  121 | extern char *strrchr();
      |              ^
./h-system.h:134:13: warning: a function declaration without a prototype is deprecated in all versions of C and is treated as a zero-parameter prototype in C2x, conflicting with a previous declaration [-Wdeprecated-non-prototype]
  134 | extern long atol();
      |             ^
/Applications/Xcode.app/Contents/Developer/Platforms/MacOSX.platform/Developer/SDKs/MacOSX.sdk/usr/include/_stdlib.h:132:7: note: conflicting prototype is here
  132 | long     atol(const char *);
      |          ^
4 warnings generated.
clang -Wall -std=gnu99 -O2 -I. -DUSE_GCU -DUSE_TRANSPARENCY -DHAVE_MKSTEMP -DPRIVATE_USER_PATH=\"~/Library/Preferences\" -DUSE_PRIVATE_PATHS -DALLOW_WIZARD -DNCURSES_OPAQUE=0 -Wno-error=implicit-function-declaration -Wno-error=implicit-int -Wno-error=int-conversion -Wno-error=incompatible-function-pointer-types -Wno-error=incompatible-pointer-types -Wno-error=return-type -isysroot /Applications/Xcode.app/Contents/Developer/Platforms/MacOSX.platform/Developer/SDKs/MacOSX.sdk -arch arm64 -c -o wizard1.o wizard1.c
In file included from wizard1.c:11:
In file included from ./angband.h:17:
In file included from ./h-basic.h:16:
./h-system.h:115:14: warning: a function declaration without a prototype is deprecated in all versions of C and is treated as a zero-parameter prototype in C2x, conflicting with a previous declaration [-Wdeprecated-non-prototype]
  115 | extern char *strstr();
      |              ^
./h-system.h:118:14: warning: a function declaration without a prototype is deprecated in all versions of C and is treated as a zero-parameter prototype in C2x, conflicting with a previous declaration [-Wdeprecated-non-prototype]
  118 | extern char *strchr();
      |              ^
./h-system.h:121:14: warning: a function declaration without a prototype is deprecated in all versions of C and is treated as a zero-parameter prototype in C2x, conflicting with a previous declaration [-Wdeprecated-non-prototype]
  121 | extern char *strrchr();
      |              ^
./h-system.h:134:13: warning: a function declaration without a prototype is deprecated in all versions of C and is treated as a zero-parameter prototype in C2x, conflicting with a previous declaration [-Wdeprecated-non-prototype]
  134 | extern long atol();
      |             ^
/Applications/Xcode.app/Contents/Developer/Platforms/MacOSX.platform/Developer/SDKs/MacOSX.sdk/usr/include/_stdlib.h:132:7: note: conflicting prototype is here
  132 | long     atol(const char *);
      |          ^
4 warnings generated.
clang -Wall -std=gnu99 -O2 -I. -DUSE_GCU -DUSE_TRANSPARENCY -DHAVE_MKSTEMP -DPRIVATE_USER_PATH=\"~/Library/Preferences\" -DUSE_PRIVATE_PATHS -DALLOW_WIZARD -DNCURSES_OPAQUE=0 -Wno-error=implicit-function-declaration -Wno-error=implicit-int -Wno-error=int-conversion -Wno-error=incompatible-function-pointer-types -Wno-error=incompatible-pointer-types -Wno-error=return-type -isysroot /Applications/Xcode.app/Contents/Developer/Platforms/MacOSX.platform/Developer/SDKs/MacOSX.sdk -arch arm64 -c -o wizard2.o wizard2.c
In file included from wizard2.c:11:
In file included from ./angband.h:17:
In file included from ./h-basic.h:16:
./h-system.h:115:14: warning: a function declaration without a prototype is deprecated in all versions of C and is treated as a zero-parameter prototype in C2x, conflicting with a previous declaration [-Wdeprecated-non-prototype]
  115 | extern char *strstr();
      |              ^
./h-system.h:118:14: warning: a function declaration without a prototype is deprecated in all versions of C and is treated as a zero-parameter prototype in C2x, conflicting with a previous declaration [-Wdeprecated-non-prototype]
  118 | extern char *strchr();
      |              ^
./h-system.h:121:14: warning: a function declaration without a prototype is deprecated in all versions of C and is treated as a zero-parameter prototype in C2x, conflicting with a previous declaration [-Wdeprecated-non-prototype]
  121 | extern char *strrchr();
      |              ^
./h-system.h:134:13: warning: a function declaration without a prototype is deprecated in all versions of C and is treated as a zero-parameter prototype in C2x, conflicting with a previous declaration [-Wdeprecated-non-prototype]
  134 | extern long atol();
      |             ^
/Applications/Xcode.app/Contents/Developer/Platforms/MacOSX.platform/Developer/SDKs/MacOSX.sdk/usr/include/_stdlib.h:132:7: note: conflicting prototype is here
  132 | long     atol(const char *);
      |          ^
4 warnings generated.
clang -Wall -std=gnu99 -O2 -I. -DUSE_GCU -DUSE_TRANSPARENCY -DHAVE_MKSTEMP -DPRIVATE_USER_PATH=\"~/Library/Preferences\" -DUSE_PRIVATE_PATHS -DALLOW_WIZARD -DNCURSES_OPAQUE=0 -Wno-error=implicit-function-declaration -Wno-error=implicit-int -Wno-error=int-conversion -Wno-error=incompatible-function-pointer-types -Wno-error=incompatible-pointer-types -Wno-error=return-type -isysroot /Applications/Xcode.app/Contents/Developer/Platforms/MacOSX.platform/Developer/SDKs/MacOSX.sdk -arch arm64 -c -o xtra1.o xtra1.c
In file included from xtra1.c:11:
In file included from ./angband.h:17:
In file included from ./h-basic.h:16:
./h-system.h:115:14: warning: a function declaration without a prototype is deprecated in all versions of C and is treated as a zero-parameter prototype in C2x, conflicting with a previous declaration [-Wdeprecated-non-prototype]
  115 | extern char *strstr();
      |              ^
./h-system.h:118:14: warning: a function declaration without a prototype is deprecated in all versions of C and is treated as a zero-parameter prototype in C2x, conflicting with a previous declaration [-Wdeprecated-non-prototype]
  118 | extern char *strchr();
      |              ^
./h-system.h:121:14: warning: a function declaration without a prototype is deprecated in all versions of C and is treated as a zero-parameter prototype in C2x, conflicting with a previous declaration [-Wdeprecated-non-prototype]
  121 | extern char *strrchr();
      |              ^
./h-system.h:134:13: warning: a function declaration without a prototype is deprecated in all versions of C and is treated as a zero-parameter prototype in C2x, conflicting with a previous declaration [-Wdeprecated-non-prototype]
  134 | extern long atol();
      |             ^
/Applications/Xcode.app/Contents/Developer/Platforms/MacOSX.platform/Developer/SDKs/MacOSX.sdk/usr/include/_stdlib.h:132:7: note: conflicting prototype is here
  132 | long     atol(const char *);
      |          ^
xtra1.c:466:7: warning: variable 'attr' set but not used [-Wunused-but-set-variable]
  466 |         byte attr = TERM_WHITE;
      |              ^
xtra1.c:783:11: warning: logical not is only applied to the left hand side of this comparison [-Wlogical-not-parentheses]
  783 |         else if (!m_list[p_ptr->health_who].hp < 0)
      |                  ^                             ~
xtra1.c:783:11: note: add parentheses after the '!' to evaluate the comparison first
  783 |         else if (!m_list[p_ptr->health_who].hp < 0)
      |                  ^                                
      |                   (                               )
xtra1.c:783:11: note: add parentheses around left hand side expression to silence this warning
  783 |         else if (!m_list[p_ptr->health_who].hp < 0)
      |                  ^
      |                  (                            )
xtra1.c:783:41: warning: result of comparison of constant 0 with boolean expression is always false [-Wtautological-constant-compare]
  783 |         else if (!m_list[p_ptr->health_who].hp < 0)
      |                  ~~~~~~~~~~~~~~~~~~~~~~~~~~~~~ ^ ~
7 warnings generated.
clang -Wall -std=gnu99 -O2 -I. -DUSE_GCU -DUSE_TRANSPARENCY -DHAVE_MKSTEMP -DPRIVATE_USER_PATH=\"~/Library/Preferences\" -DUSE_PRIVATE_PATHS -DALLOW_WIZARD -DNCURSES_OPAQUE=0 -Wno-error=implicit-function-declaration -Wno-error=implicit-int -Wno-error=int-conversion -Wno-error=incompatible-function-pointer-types -Wno-error=incompatible-pointer-types -Wno-error=return-type -isysroot /Applications/Xcode.app/Contents/Developer/Platforms/MacOSX.platform/Developer/SDKs/MacOSX.sdk -arch arm64 -c -o xtra2.o xtra2.c
In file included from xtra2.c:11:
In file included from ./angband.h:17:
In file included from ./h-basic.h:16:
./h-system.h:115:14: warning: a function declaration without a prototype is deprecated in all versions of C and is treated as a zero-parameter prototype in C2x, conflicting with a previous declaration [-Wdeprecated-non-prototype]
  115 | extern char *strstr();
      |              ^
./h-system.h:118:14: warning: a function declaration without a prototype is deprecated in all versions of C and is treated as a zero-parameter prototype in C2x, conflicting with a previous declaration [-Wdeprecated-non-prototype]
  118 | extern char *strchr();
      |              ^
./h-system.h:121:14: warning: a function declaration without a prototype is deprecated in all versions of C and is treated as a zero-parameter prototype in C2x, conflicting with a previous declaration [-Wdeprecated-non-prototype]
  121 | extern char *strrchr();
      |              ^
./h-system.h:134:13: warning: a function declaration without a prototype is deprecated in all versions of C and is treated as a zero-parameter prototype in C2x, conflicting with a previous declaration [-Wdeprecated-non-prototype]
  134 | extern long atol();
      |             ^
/Applications/Xcode.app/Contents/Developer/Platforms/MacOSX.platform/Developer/SDKs/MacOSX.sdk/usr/include/_stdlib.h:132:7: note: conflicting prototype is here
  132 | long     atol(const char *);
      |          ^
4 warnings generated.
clang -Wall -std=gnu99 -O2 -I. -DUSE_GCU -DUSE_TRANSPARENCY -DHAVE_MKSTEMP -DPRIVATE_USER_PATH=\"~/Library/Preferences\" -DUSE_PRIVATE_PATHS -DALLOW_WIZARD -DNCURSES_OPAQUE=0 -Wno-error=implicit-function-declaration -Wno-error=implicit-int -Wno-error=int-conversion -Wno-error=incompatible-function-pointer-types -Wno-error=incompatible-pointer-types -Wno-error=return-type -isysroot /Applications/Xcode.app/Contents/Developer/Platforms/MacOSX.platform/Developer/SDKs/MacOSX.sdk -arch arm64 -c -o z-form.o z-form.c
In file included from z-form.c:13:
In file included from ./z-form.h:14:
In file included from ./h-basic.h:16:
./h-system.h:115:14: warning: a function declaration without a prototype is deprecated in all versions of C and is treated as a zero-parameter prototype in C2x, conflicting with a previous declaration [-Wdeprecated-non-prototype]
  115 | extern char *strstr();
      |              ^
./h-system.h:118:14: warning: a function declaration without a prototype is deprecated in all versions of C and is treated as a zero-parameter prototype in C2x, conflicting with a previous declaration [-Wdeprecated-non-prototype]
  118 | extern char *strchr();
      |              ^
./h-system.h:121:14: warning: a function declaration without a prototype is deprecated in all versions of C and is treated as a zero-parameter prototype in C2x, conflicting with a previous declaration [-Wdeprecated-non-prototype]
  121 | extern char *strrchr();
      |              ^
./h-system.h:134:13: warning: a function declaration without a prototype is deprecated in all versions of C and is treated as a zero-parameter prototype in C2x, conflicting with a previous declaration [-Wdeprecated-non-prototype]
  134 | extern long atol();
      |             ^
/Applications/Xcode.app/Contents/Developer/Platforms/MacOSX.platform/Developer/SDKs/MacOSX.sdk/usr/include/_stdlib.h:132:7: note: conflicting prototype is here
  132 | long     atol(const char *);
      |          ^
4 warnings generated.
clang -Wall -std=gnu99 -O2 -I. -DUSE_GCU -DUSE_TRANSPARENCY -DHAVE_MKSTEMP -DPRIVATE_USER_PATH=\"~/Library/Preferences\" -DUSE_PRIVATE_PATHS -DALLOW_WIZARD -DNCURSES_OPAQUE=0 -Wno-error=implicit-function-declaration -Wno-error=implicit-int -Wno-error=int-conversion -Wno-error=incompatible-function-pointer-types -Wno-error=incompatible-pointer-types -Wno-error=return-type -isysroot /Applications/Xcode.app/Contents/Developer/Platforms/MacOSX.platform/Developer/SDKs/MacOSX.sdk -arch arm64 -c -o z-rand.o z-rand.c
In file included from z-rand.c:43:
In file included from ./z-rand.h:14:
In file included from ./h-basic.h:16:
./h-system.h:115:14: warning: a function declaration without a prototype is deprecated in all versions of C and is treated as a zero-parameter prototype in C2x, conflicting with a previous declaration [-Wdeprecated-non-prototype]
  115 | extern char *strstr();
      |              ^
./h-system.h:118:14: warning: a function declaration without a prototype is deprecated in all versions of C and is treated as a zero-parameter prototype in C2x, conflicting with a previous declaration [-Wdeprecated-non-prototype]
  118 | extern char *strchr();
      |              ^
./h-system.h:121:14: warning: a function declaration without a prototype is deprecated in all versions of C and is treated as a zero-parameter prototype in C2x, conflicting with a previous declaration [-Wdeprecated-non-prototype]
  121 | extern char *strrchr();
      |              ^
./h-system.h:134:13: warning: a function declaration without a prototype is deprecated in all versions of C and is treated as a zero-parameter prototype in C2x, conflicting with a previous declaration [-Wdeprecated-non-prototype]
  134 | extern long atol();
      |             ^
/Applications/Xcode.app/Contents/Developer/Platforms/MacOSX.platform/Developer/SDKs/MacOSX.sdk/usr/include/_stdlib.h:132:7: note: conflicting prototype is here
  132 | long     atol(const char *);
      |          ^
4 warnings generated.
clang -Wall -std=gnu99 -O2 -I. -DUSE_GCU -DUSE_TRANSPARENCY -DHAVE_MKSTEMP -DPRIVATE_USER_PATH=\"~/Library/Preferences\" -DUSE_PRIVATE_PATHS -DALLOW_WIZARD -DNCURSES_OPAQUE=0 -Wno-error=implicit-function-declaration -Wno-error=implicit-int -Wno-error=int-conversion -Wno-error=incompatible-function-pointer-types -Wno-error=incompatible-pointer-types -Wno-error=return-type -isysroot /Applications/Xcode.app/Contents/Developer/Platforms/MacOSX.platform/Developer/SDKs/MacOSX.sdk -arch arm64 -c -o z-term.o z-term.c
In file included from z-term.c:13:
In file included from ./angband.h:17:
In file included from ./h-basic.h:16:
./h-system.h:115:14: warning: a function declaration without a prototype is deprecated in all versions of C and is treated as a zero-parameter prototype in C2x, conflicting with a previous declaration [-Wdeprecated-non-prototype]
  115 | extern char *strstr();
      |              ^
./h-system.h:118:14: warning: a function declaration without a prototype is deprecated in all versions of C and is treated as a zero-parameter prototype in C2x, conflicting with a previous declaration [-Wdeprecated-non-prototype]
  118 | extern char *strchr();
      |              ^
./h-system.h:121:14: warning: a function declaration without a prototype is deprecated in all versions of C and is treated as a zero-parameter prototype in C2x, conflicting with a previous declaration [-Wdeprecated-non-prototype]
  121 | extern char *strrchr();
      |              ^
./h-system.h:134:13: warning: a function declaration without a prototype is deprecated in all versions of C and is treated as a zero-parameter prototype in C2x, conflicting with a previous declaration [-Wdeprecated-non-prototype]
  134 | extern long atol();
      |             ^
/Applications/Xcode.app/Contents/Developer/Platforms/MacOSX.platform/Developer/SDKs/MacOSX.sdk/usr/include/_stdlib.h:132:7: note: conflicting prototype is here
  132 | long     atol(const char *);
      |          ^
4 warnings generated.
clang -Wall -std=gnu99 -O2 -I. -DUSE_GCU -DUSE_TRANSPARENCY -DHAVE_MKSTEMP -DPRIVATE_USER_PATH=\"~/Library/Preferences\" -DUSE_PRIVATE_PATHS -DALLOW_WIZARD -DNCURSES_OPAQUE=0 -Wno-error=implicit-function-declaration -Wno-error=implicit-int -Wno-error=int-conversion -Wno-error=incompatible-function-pointer-types -Wno-error=incompatible-pointer-types -Wno-error=return-type -isysroot /Applications/Xcode.app/Contents/Developer/Platforms/MacOSX.platform/Developer/SDKs/MacOSX.sdk -arch arm64 -c -o z-util.o z-util.c
In file included from z-util.c:13:
In file included from ./z-util.h:14:
In file included from ./h-basic.h:16:
./h-system.h:115:14: warning: a function declaration without a prototype is deprecated in all versions of C and is treated as a zero-parameter prototype in C2x, conflicting with a previous declaration [-Wdeprecated-non-prototype]
  115 | extern char *strstr();
      |              ^
./h-system.h:118:14: warning: a function declaration without a prototype is deprecated in all versions of C and is treated as a zero-parameter prototype in C2x, conflicting with a previous declaration [-Wdeprecated-non-prototype]
  118 | extern char *strchr();
      |              ^
./h-system.h:121:14: warning: a function declaration without a prototype is deprecated in all versions of C and is treated as a zero-parameter prototype in C2x, conflicting with a previous declaration [-Wdeprecated-non-prototype]
  121 | extern char *strrchr();
      |              ^
./h-system.h:134:13: warning: a function declaration without a prototype is deprecated in all versions of C and is treated as a zero-parameter prototype in C2x, conflicting with a previous declaration [-Wdeprecated-non-prototype]
  134 | extern long atol();
      |             ^
/Applications/Xcode.app/Contents/Developer/Platforms/MacOSX.platform/Developer/SDKs/MacOSX.sdk/usr/include/_stdlib.h:132:7: note: conflicting prototype is here
  132 | long     atol(const char *);
      |          ^
4 warnings generated.
clang -Wall -std=gnu99 -O2 -I. -DUSE_GCU -DUSE_TRANSPARENCY -DHAVE_MKSTEMP -DPRIVATE_USER_PATH=\"~/Library/Preferences\" -DUSE_PRIVATE_PATHS -DALLOW_WIZARD -DNCURSES_OPAQUE=0 -Wno-error=implicit-function-declaration -Wno-error=implicit-int -Wno-error=int-conversion -Wno-error=incompatible-function-pointer-types -Wno-error=incompatible-pointer-types -Wno-error=return-type -isysroot /Applications/Xcode.app/Contents/Developer/Platforms/MacOSX.platform/Developer/SDKs/MacOSX.sdk -arch arm64 -c -o z-virt.o z-virt.c
In file included from z-virt.c:13:
In file included from ./z-virt.h:14:
In file included from ./h-basic.h:16:
./h-system.h:115:14: warning: a function declaration without a prototype is deprecated in all versions of C and is treated as a zero-parameter prototype in C2x, conflicting with a previous declaration [-Wdeprecated-non-prototype]
  115 | extern char *strstr();
      |              ^
./h-system.h:118:14: warning: a function declaration without a prototype is deprecated in all versions of C and is treated as a zero-parameter prototype in C2x, conflicting with a previous declaration [-Wdeprecated-non-prototype]
  118 | extern char *strchr();
      |              ^
./h-system.h:121:14: warning: a function declaration without a prototype is deprecated in all versions of C and is treated as a zero-parameter prototype in C2x, conflicting with a previous declaration [-Wdeprecated-non-prototype]
  121 | extern char *strrchr();
      |              ^
./h-system.h:134:13: warning: a function declaration without a prototype is deprecated in all versions of C and is treated as a zero-parameter prototype in C2x, conflicting with a previous declaration [-Wdeprecated-non-prototype]
  134 | extern long atol();
      |             ^
/Applications/Xcode.app/Contents/Developer/Platforms/MacOSX.platform/Developer/SDKs/MacOSX.sdk/usr/include/_stdlib.h:132:7: note: conflicting prototype is here
  132 | long     atol(const char *);
      |          ^
4 warnings generated.
clang -Wall -std=gnu99 -O2 -I. -DUSE_GCU -DUSE_TRANSPARENCY -DHAVE_MKSTEMP -DPRIVATE_USER_PATH=\"~/Library/Preferences\" -DUSE_PRIVATE_PATHS -DALLOW_WIZARD -DNCURSES_OPAQUE=0 -Wno-error=implicit-function-declaration -Wno-error=implicit-int -Wno-error=int-conversion -Wno-error=incompatible-function-pointer-types -Wno-error=incompatible-pointer-types -Wno-error=return-type -isysroot /Applications/Xcode.app/Contents/Developer/Platforms/MacOSX.platform/Developer/SDKs/MacOSX.sdk -arch arm64 -Wl,-syslibroot,/Applications/Xcode.app/Contents/Developer/Platforms/MacOSX.platform/Developer/SDKs/MacOSX.sdk -arch arm64 -o easyband birth.o cave.o dungeon.o files.o generate.o init1.o init2.o main-gcu.o main.o melee1.o melee2.o monster1.o monster2.o object1.o object2.o randart.o save.o spells1.o spells2.o squelch.o store.o tables.o util.o variable.o wizard1.o wizard2.o xtra1.o xtra2.o z-form.o z-rand.o z-term.o z-util.o z-virt.o -lncurses
Undefined symbols for architecture arm64:
  "_ang_sort_comp_hook", referenced from:
      _do_cmd_spoilers in wizard1.o
      _do_cmd_spoilers in wizard1.o
  "_ang_sort_swap_hook", referenced from:
      _do_cmd_spoilers in wizard1.o
      _do_cmd_spoilers in wizard1.o
  "_do_cmd_activate", referenced from:
      _process_command in dungeon.o
  "_do_cmd_aim_wand", referenced from:
      _process_command in dungeon.o
  "_do_cmd_alter", referenced from:
      _process_command in dungeon.o
  "_do_cmd_bash", referenced from:
      _process_command in dungeon.o
  "_do_cmd_browse", referenced from:
      _process_command in dungeon.o
      _do_cmd_store in store.o
  "_do_cmd_cast", referenced from:
      _process_command in dungeon.o
  "_do_cmd_change_name", referenced from:
      _process_command in dungeon.o
      _do_cmd_store in store.o
  "_do_cmd_close", referenced from:
      _process_command in dungeon.o
  "_do_cmd_colors", referenced from:
      _process_command in dungeon.o
      _do_cmd_store in store.o
  "_do_cmd_destroy", referenced from:
      _process_command in dungeon.o
      _do_cmd_store in store.o
  "_do_cmd_disarm", referenced from:
      _process_command in dungeon.o
  "_do_cmd_drop", referenced from:
      _process_command in dungeon.o
  "_do_cmd_eat_food", referenced from:
      _process_command in dungeon.o
  "_do_cmd_equip", referenced from:
      _process_command in dungeon.o
      _do_cmd_store in store.o
  "_do_cmd_feeling", referenced from:
      _play_game in dungeon.o
      _process_command in dungeon.o
      _do_cmd_store in store.o
  "_do_cmd_fire", referenced from:
      _process_command in dungeon.o
  "_do_cmd_go_down", referenced from:
      _process_command in dungeon.o
  "_do_cmd_go_up", referenced from:
      _process_command in dungeon.o
  "_do_cmd_hold", referenced from:
      _process_command in dungeon.o
  "_do_cmd_inscribe", referenced from:
      _process_command in dungeon.o
      _do_cmd_store in store.o
  "_do_cmd_inven", referenced from:
      _process_command in dungeon.o
      _do_cmd_store in store.o
  "_do_cmd_jump", referenced from:
      _process_command in dungeon.o
  "_do_cmd_knowledge", referenced from:
      _process_command in dungeon.o
      _do_cmd_store in store.o
  "_do_cmd_load_screen", referenced from:
      _process_command in dungeon.o
      _do_cmd_store in store.o
  "_do_cmd_locate", referenced from:
      _process_command in dungeon.o
  "_do_cmd_look", referenced from:
      _process_command in dungeon.o
  "_do_cmd_macros", referenced from:
      _process_command in dungeon.o
      _do_cmd_store in store.o
  "_do_cmd_message_one", referenced from:
      _process_command in dungeon.o
      _do_cmd_store in store.o
  "_do_cmd_messages", referenced from:
      _process_command in dungeon.o
      _do_cmd_store in store.o
  "_do_cmd_note", referenced from:
      _process_command in dungeon.o
      _do_cmd_store in store.o
  "_do_cmd_observe", referenced from:
      _process_command in dungeon.o
      _do_cmd_store in store.o
  "_do_cmd_open", referenced from:
      _process_command in dungeon.o
  "_do_cmd_options", referenced from:
      _player_birth in birth.o
      _process_command in dungeon.o
      _do_cmd_store in store.o
  "_do_cmd_pray", referenced from:
      _process_command in dungeon.o
  "_do_cmd_pref", referenced from:
      _process_command in dungeon.o
      _do_cmd_store in store.o
  "_do_cmd_quaff_potion", referenced from:
      _process_command in dungeon.o
  "_do_cmd_query_symbol", referenced from:
      _process_command in dungeon.o
      _do_cmd_store in store.o
  "_do_cmd_read_scroll", referenced from:
      _process_command in dungeon.o
  "_do_cmd_redraw", referenced from:
      _process_command in dungeon.o
      _cure_all in dungeon.o
      _do_cmd_store in store.o
      _do_cmd_wiz_cure_all in wizard2.o
      _do_cmd_wiz_change in wizard2.o
  "_do_cmd_refill", referenced from:
      _process_command in dungeon.o
  "_do_cmd_rest", referenced from:
      _process_command in dungeon.o
  "_do_cmd_run", referenced from:
      _process_command in dungeon.o
  "_do_cmd_save_screen", referenced from:
      _process_command in dungeon.o
      _do_cmd_store in store.o
  "_do_cmd_search", referenced from:
      _process_command in dungeon.o
  "_do_cmd_spike", referenced from:
      _process_command in dungeon.o
  "_do_cmd_stay", referenced from:
      _process_command in dungeon.o
  "_do_cmd_study", referenced from:
      _process_command in dungeon.o
  "_do_cmd_takeoff", referenced from:
      _process_command in dungeon.o
      _do_cmd_store in store.o
  "_do_cmd_target", referenced from:
      _process_command in dungeon.o
  "_do_cmd_throw", referenced from:
      _process_command in dungeon.o
  "_do_cmd_toggle_search", referenced from:
      _process_command in dungeon.o
  "_do_cmd_tunnel", referenced from:
      _process_command in dungeon.o
  "_do_cmd_uninscribe", referenced from:
      _process_command in dungeon.o
      _do_cmd_store in store.o
  "_do_cmd_use_staff", referenced from:
      _process_command in dungeon.o
  "_do_cmd_version", referenced from:
      _process_command in dungeon.o
      _do_cmd_store in store.o
  "_do_cmd_visuals", referenced from:
      _process_command in dungeon.o
      _do_cmd_store in store.o
  "_do_cmd_walk", referenced from:
      _process_command in dungeon.o
  "_do_cmd_wield", referenced from:
      _process_command in dungeon.o
      _do_cmd_store in store.o
  "_do_cmd_zap_rod", referenced from:
      _process_command in dungeon.o
  "_rd_savefile_new", referenced from:
      _load_player in save.o
  "_rd_savefile_old", referenced from:
      _load_player in save.o
  "_run_step", referenced from:
      _play_game in dungeon.o
ld: symbol(s) not found for architecture arm64
clang: error: linker command failed with exit code 1 (use -v to see invocation)
make: *** [easyband] Error 1
